Tai-e starts ...
Output directory: /home/byx/testSpace/javaprjs/jasml-0.10/cs1call-output
Writing options to /home/byx/testSpace/javaprjs/jasml-0.10/cs1call-output/options.yml
Writing log to /home/byx/testSpace/javaprjs/jasml-0.10/cs1call-output/tai-e.log
java.version: 17.0.14
java.version.date: 2025-01-21
java.runtime.version: 17.0.14+7-LTS
java.vendor: Amazon.com Inc.
java.vendor.version: Corretto-17.0.14.7.1
os.name: Linux
os.version: 5.15.167.4-microsoft-standard-WSL2
os.arch: amd64
Tai-e Version: 0.5.2-SNAPSHOT
Tai-e Commit: f4f1c5d3c96f68ac1bf30f8a35a3b8baefe40761
Writing analysis plan to /home/byx/testSpace/javaprjs/jasml-0.10/cs1call-output/tai-e-plan.yml
WorldBuilder starts ...
Scanning /home/byx/testSpace/javaprjs/jasml-0.10/bin ... 50 classes
3550 classes with 35412 methods in the world
WorldBuilder finishes, elapsed time: 2.18s
pta starts ...
[Pointer analysis] elapsed time: 0.38s
-------------- Pointer analysis statistics: --------------
#var pointers:                3738 (insens) / 1,5752 (sens)
#objects:                     530 (insens) / 530 (sens)
#var points-to:               5303 (insens) / 2,0031 (sens)
#static field points-to:      30 (sens)
#instance field points-to:    409 (sens)
#array points-to:             215 (sens)
#reachable methods:           351 (insens) / 2662 (sens)
#call graph edges:            2639 (insens) / 2,4290 (sens)
----------------------------------------
pta finishes, elapsed time: 0.77s
cg starts ...
Call graph has 351 reachable methods and 2639 edges
Dumping call graph to /home/byx/testSpace/javaprjs/jasml-0.10/cs1call-output/call-graph.dot
Dumping reachable methods to /home/byx/testSpace/javaprjs/jasml-0.10/cs1call-output/reachable-methods.txt
Dumping call edges to /home/byx/testSpace/javaprjs/jasml-0.10/cs1call-output/call-edges.txt
cg finishes, elapsed time: 0.14s
Tai-e finishes, elapsed time: 3.25s
[Task Info]
Task Name: cs1call
Java Path: /home/byx/.jdks/corretto-17.0.14/bin/java
JAR Path: /home/byx/projects/Tai-e/build/tai-e-all-0.5.2-SNAPSHOT.jar
Config File: cs1call-config.yml
Project Dir: /home/byx/testSpace/javaprjs/jasml-0.10
Work Dir: /home/byx/projects/Tai-e
Log File: /home/byx/testSpace/javaprjs/jasml-0.10/cs1call_logs/run_20250520-215136.log

[Command]
/home/byx/.jdks/corretto-17.0.14/bin/java -jar /home/byx/projects/Tai-e/build/tai-e-all-0.5.2-SNAPSHOT.jar --options-file /home/byx/testSpace/javaprjs/jasml-0.10/cs1call-config.yml

[Output]

[Performance]
Start Time: 2025-05-20 21:51:36
Duration: 3.81s
Peak Memory: 693.12 MB
Exit Code: 0
