Tai-e starts ...
Output directory: /home/byx/testSpace/javaprjs/jasml-0.10/cs1call-output
Writing options to /home/byx/testSpace/javaprjs/jasml-0.10/cs1call-output/options.yml
Writing log to /home/byx/testSpace/javaprjs/jasml-0.10/cs1call-output/tai-e.log
java.version: 17.0.14
java.version.date: 2025-01-21
java.runtime.version: 17.0.14+7-LTS
java.vendor: Amazon.com Inc.
java.vendor.version: Corretto-17.0.14.7.1
os.name: Linux
os.version: 5.15.167.4-microsoft-standard-WSL2
os.arch: amd64
Tai-e Version: 0.5.2-SNAPSHOT
Tai-e Commit: f4f1c5d3c96f68ac1bf30f8a35a3b8baefe40761
Writing analysis plan to /home/byx/testSpace/javaprjs/jasml-0.10/cs1call-output/tai-e-plan.yml
WorldBuilder starts ...
Scanning /home/byx/testSpace/javaprjs/jasml-0.10/bin ... 50 classes
3550 classes with 35412 methods in the world
WorldBuilder finishes, elapsed time: 2.68s
pta starts ...
[Pointer analysis] elapsed time: 4.53s
-------------- Pointer analysis statistics: --------------
#var pointers:                3,2958 (insens) / 13,0048 (sens)
#objects:                     3354 (insens) / 3364 (sens)
#var points-to:               91,7957 (insens) / 613,0115 (sens)
#static field points-to:      2072 (sens)
#instance field points-to:    14,5050 (sens)
#array points-to:             1,4564 (sens)
#reachable methods:           4330 (insens) / 2,3874 (sens)
#call graph edges:            2,3681 (insens) / 11,8513 (sens)
----------------------------------------
pta finishes, elapsed time: 5.12s
cg starts ...
Call graph has 4330 reachable methods and 23681 edges
Dumping call graph to /home/byx/testSpace/javaprjs/jasml-0.10/cs1call-output/call-graph.dot
Dumping reachable methods to /home/byx/testSpace/javaprjs/jasml-0.10/cs1call-output/reachable-methods.txt
Dumping call edges to /home/byx/testSpace/javaprjs/jasml-0.10/cs1call-output/call-edges.txt
cg finishes, elapsed time: 0.51s
Tai-e finishes, elapsed time: 8.51s
[Task Info]
Task Name: cs1call
Java Path: /home/byx/.jdks/corretto-17.0.14/bin/java
JAR Path: /home/byx/projects/Tai-e/build/tai-e-all-0.5.2-SNAPSHOT.jar
Config File: cs1call-config.yml
Project Dir: /home/byx/testSpace/javaprjs/jasml-0.10
Work Dir: /home/byx/projects/Tai-e
Log File: /home/byx/testSpace/javaprjs/jasml-0.10/cs1call_logs/run_20250523-123007.log

[Command]
/home/byx/.jdks/corretto-17.0.14/bin/java -jar /home/byx/projects/Tai-e/build/tai-e-all-0.5.2-SNAPSHOT.jar --options-file /home/byx/testSpace/javaprjs/jasml-0.10/cs1call-config.yml

[Output]

[Performance]
Start Time: 2025-05-23 12:30:07
Duration: 9.03s
Peak Memory: 1128.42 MB
Exit Code: 0
