Tai-e starts ...
Output directory: /home/byx/testSpace/javaprjs/jspwiki-2.8.4/cs1call-output
Writing options to /home/byx/testSpace/javaprjs/jspwiki-2.8.4/cs1call-output/options.yml
Writing log to /home/byx/testSpace/javaprjs/jspwiki-2.8.4/cs1call-output/tai-e.log
java.version: 17.0.14
java.version.date: 2025-01-21
java.runtime.version: 17.0.14+7-LTS
java.vendor: Amazon.com Inc.
java.vendor.version: Corretto-17.0.14.7.1
os.name: Linux
os.version: 5.15.167.4-microsoft-standard-WSL2
os.arch: amd64
Tai-e Version: 0.5.2-SNAPSHOT
Tai-e Commit: f4f1c5d3c96f68ac1bf30f8a35a3b8baefe40761
Writing analysis plan to /home/byx/testSpace/javaprjs/jspwiki-2.8.4/cs1call-output/tai-e-plan.yml
WorldBuilder starts ...
Scanning /home/byx/testSpace/javaprjs/jspwiki-2.8.4/bin ... 456 classes
8339 classes with 78336 methods in the world
WorldBuilder finishes, elapsed time: 5.90s
pta starts ...
[Pointer analysis] elapsed time: 8.53s
-------------- Pointer analysis statistics: --------------
#var pointers:                5,7082 (insens) / 20,4126 (sens)
#objects:                     6295 (insens) / 6300 (sens)
#var points-to:               267,5317 (insens) / 1446,7742 (sens)
#static field points-to:      2273 (sens)
#instance field points-to:    51,5889 (sens)
#array points-to:             12,7959 (sens)
#reachable methods:           8102 (insens) / 4,3030 (sens)
#call graph edges:            4,2391 (insens) / 31,4139 (sens)
----------------------------------------
pta finishes, elapsed time: 9.75s
cg starts ...
Call graph has 8102 reachable methods and 42391 edges
Dumping call graph to /home/byx/testSpace/javaprjs/jspwiki-2.8.4/cs1call-output/call-graph.dot
Dumping reachable methods to /home/byx/testSpace/javaprjs/jspwiki-2.8.4/cs1call-output/reachable-methods.txt
Dumping call edges to /home/byx/testSpace/javaprjs/jspwiki-2.8.4/cs1call-output/call-edges.txt
cg finishes, elapsed time: 0.93s
Tai-e finishes, elapsed time: 16.80s
[Task Info]
Task Name: cs1call
Java Path: /home/byx/.jdks/corretto-17.0.14/bin/java
JAR Path: /home/byx/projects/Tai-e/build/tai-e-all-0.5.2-SNAPSHOT.jar
Config File: cs1call-config.yml
Project Dir: /home/byx/testSpace/javaprjs/jspwiki-2.8.4
Work Dir: /home/byx/projects/Tai-e
Log File: /home/byx/testSpace/javaprjs/jspwiki-2.8.4/cs1call_logs/run_20250522-173415.log

[Command]
/home/byx/.jdks/corretto-17.0.14/bin/java -jar /home/byx/projects/Tai-e/build/tai-e-all-0.5.2-SNAPSHOT.jar --options-file /home/byx/testSpace/javaprjs/jspwiki-2.8.4/cs1call-config.yml

[Output]

[Performance]
Start Time: 2025-05-22 17:34:15
Duration: 17.35s
Peak Memory: 2296.17 MB
Exit Code: 0
