Writing log to /home/byx/testSpace/javaprjs/axion-1.0-M2/ci_app-output/tai-e.log
java.version: 17.0.14
java.version.date: 2025-01-21
java.runtime.version: 17.0.14+7-LTS
java.vendor: Amazon.com Inc.
java.vendor.version: Corretto-17.0.14.7.1
os.name: Linux
os.version: 5.15.167.4-microsoft-standard-WSL2
os.arch: amd64
Tai-e Version: 0.5.2-SNAPSHOT
Tai-e Commit: f4f1c5d3c96f68ac1bf30f8a35a3b8baefe40761
Writing analysis plan to /home/byx/testSpace/javaprjs/axion-1.0-M2/ci_app-output/tai-e-plan.yml
WorldBuilder starts ...
3856 classes with 39489 methods in the world
WorldBuilder finishes, elapsed time: 3.56s
pta starts ...
[Pointer analysis] elapsed time: 0.12s
-------------- Pointer analysis statistics: --------------
#var pointers:                608 (insens) / 1216 (sens)
#objects:                     51 (insens) / 51 (sens)
#var points-to:               441 (insens) / 873 (sens)
#static field points-to:      16 (sens)
#instance field points-to:    9 (sens)
#array points-to:             2 (sens)
#reachable methods:           132 (insens) / 432 (sens)
#call graph edges:            422 (insens) / 762 (sens)
----------------------------------------
pta finishes, elapsed time: 0.29s
cg starts ...
Call graph has 132 reachable methods and 422 edges
Dumping call graph to /home/byx/testSpace/javaprjs/axion-1.0-M2/ci_app-output/call-graph.dot
Dumping reachable methods to /home/byx/testSpace/javaprjs/axion-1.0-M2/ci_app-output/reachable-methods.txt
Dumping call edges to /home/byx/testSpace/javaprjs/axion-1.0-M2/ci_app-output/call-edges.txt
cg finishes, elapsed time: 0.06s
Tai-e finishes, elapsed time: 4.07s
