Tai-e starts ...
Output directory: /home/byx/testSpace/javaprjs/jfreechart-1.0.13/cs1call-output
Writing options to /home/byx/testSpace/javaprjs/jfreechart-1.0.13/cs1call-output/options.yml
Writing log to /home/byx/testSpace/javaprjs/jfreechart-1.0.13/cs1call-output/tai-e.log
java.version: 17.0.14
java.version.date: 2025-01-21
java.runtime.version: 17.0.14+7-LTS
java.vendor: Amazon.com Inc.
java.vendor.version: Corretto-17.0.14.7.1
os.name: Linux
os.version: 5.15.167.4-microsoft-standard-WSL2
os.arch: amd64
Tai-e Version: 0.5.2-SNAPSHOT
Tai-e Commit: f4f1c5d3c96f68ac1bf30f8a35a3b8baefe40761
Writing analysis plan to /home/byx/testSpace/javaprjs/jfreechart-1.0.13/cs1call-output/tai-e-plan.yml
WorldBuilder starts ...
Scanning /home/byx/testSpace/javaprjs/jfreechart-1.0.13/bin ... 649 classes
3011 classes with 24250 methods in the world
WorldBuilder finishes, elapsed time: 2.61s
pta starts ...
[Pointer analysis] elapsed time: 2.73s
-------------- Pointer analysis statistics: --------------
#var pointers:                1,6963 (insens) / 5,4504 (sens)
#objects:                     1829 (insens) / 1846 (sens)
#var points-to:               16,6052 (insens) / 76,5385 (sens)
#static field points-to:      752 (sens)
#instance field points-to:    1,6225 (sens)
#array points-to:             3804 (sens)
#reachable methods:           2329 (insens) / 1,0855 (sens)
#call graph edges:            1,0752 (insens) / 4,1184 (sens)
----------------------------------------
pta finishes, elapsed time: 3.01s
cg starts ...
Call graph has 2329 reachable methods and 10752 edges
Dumping call graph to /home/byx/testSpace/javaprjs/jfreechart-1.0.13/cs1call-output/call-graph.dot
Dumping reachable methods to /home/byx/testSpace/javaprjs/jfreechart-1.0.13/cs1call-output/reachable-methods.txt
Dumping call edges to /home/byx/testSpace/javaprjs/jfreechart-1.0.13/cs1call-output/call-edges.txt
cg finishes, elapsed time: 0.27s
Tai-e finishes, elapsed time: 6.05s
[Task Info]
Task Name: cs1call
Java Path: /home/byx/.jdks/corretto-17.0.14/bin/java
JAR Path: /home/byx/projects/Tai-e/build/tai-e-all-0.5.2-SNAPSHOT.jar
Config File: cs1call-config.yml
Project Dir: /home/byx/testSpace/javaprjs/jfreechart-1.0.13
Work Dir: /home/byx/projects/Tai-e
Log File: /home/byx/testSpace/javaprjs/jfreechart-1.0.13/cs1call_logs/run_20250523-193328.log

[Command]
/home/byx/.jdks/corretto-17.0.14/bin/java -jar /home/byx/projects/Tai-e/build/tai-e-all-0.5.2-SNAPSHOT.jar --options-file /home/byx/testSpace/javaprjs/jfreechart-1.0.13/cs1call-config.yml

[Output]

[Performance]
Start Time: 2025-05-23 19:33:28
Duration: 6.52s
Peak Memory: 734.81 MB
Exit Code: 0
