Tai-e starts ...
Output directory: /home/byx/testSpace/javaprjs/jrat-0.6/ci-output
Writing options to /home/byx/testSpace/javaprjs/jrat-0.6/ci-output/options.yml
Writing log to /home/byx/testSpace/javaprjs/jrat-0.6/ci-output/tai-e.log
java.version: 17.0.14
java.version.date: 2025-01-21
java.runtime.version: 17.0.14+7-LTS
java.vendor: Amazon.com Inc.
java.vendor.version: Corretto-17.0.14.7.1
os.name: Linux
os.version: 5.15.167.4-microsoft-standard-WSL2
os.arch: amd64
Tai-e Version: 0.5.2-SNAPSHOT
Tai-e Commit: f4f1c5d3c96f68ac1bf30f8a35a3b8baefe40761
Writing analysis plan to /home/byx/testSpace/javaprjs/jrat-0.6/ci-output/tai-e-plan.yml
WorldBuilder starts ...
Scanning /home/byx/testSpace/javaprjs/jrat-0.6/bin ... 250 classes
4282 classes with 41603 methods in the world
WorldBuilder finishes, elapsed time: 4.33s
pta starts ...
[Pointer analysis] elapsed time: 3.07s
-------------- Pointer analysis statistics: --------------
#var pointers:                2,9035 (insens) / 2,9035 (sens)
#objects:                     2878 (insens) / 2878 (sens)
#var points-to:               53,1106 (insens) / 53,1106 (sens)
#static field points-to:      1312 (sens)
#instance field points-to:    8,5197 (sens)
#array points-to:             7833 (sens)
#reachable methods:           4154 (insens) / 4154 (sens)
#call graph edges:            2,1089 (insens) / 2,1089 (sens)
----------------------------------------
pta finishes, elapsed time: 3.32s
cg starts ...
Call graph has 4154 reachable methods and 21089 edges
Dumping call graph to /home/byx/testSpace/javaprjs/jrat-0.6/ci-output/call-graph.dot
Dumping reachable methods to /home/byx/testSpace/javaprjs/jrat-0.6/ci-output/reachable-methods.txt
Dumping call edges to /home/byx/testSpace/javaprjs/jrat-0.6/ci-output/call-edges.txt
cg finishes, elapsed time: 0.40s
Tai-e finishes, elapsed time: 8.28s
[Task Info]
Task Name: ci
Java Path: /home/byx/.jdks/corretto-17.0.14/bin/java
JAR Path: /home/byx/projects/Tai-e/build/tai-e-all-0.5.2-SNAPSHOT.jar
Config File: ci-config.yml
Project Dir: /home/byx/testSpace/javaprjs/jrat-0.6
Work Dir: /home/byx/projects/Tai-e
Log File: /home/byx/testSpace/javaprjs/jrat-0.6/ci_logs/run_20250522-161804.log

[Command]
/home/byx/.jdks/corretto-17.0.14/bin/java -jar /home/byx/projects/Tai-e/build/tai-e-all-0.5.2-SNAPSHOT.jar --options-file /home/byx/testSpace/javaprjs/jrat-0.6/ci-config.yml

[Output]

[Performance]
Start Time: 2025-05-22 16:18:04
Duration: 8.93s
Peak Memory: 965.49 MB
Exit Code: 0
