Writing log to /home/byx/testSpace/javaprjs/eclipse/cha-output/tai-e.log
java.version: 17.0.14
java.version.date: 2025-01-21
java.runtime.version: 17.0.14+7-LTS
java.vendor: Amazon.com Inc.
java.vendor.version: Corretto-17.0.14.7.1
os.name: Linux
os.version: 5.15.167.4-microsoft-standard-WSL2
os.arch: amd64
Tai-e Version: 0.5.2-SNAPSHOT
Tai-e Commit: c7be5bc7169859d534212a5d557c34b177e43d7c
Writing analysis plan to /home/byx/testSpace/javaprjs/eclipse/cha-output/tai-e-plan.yml
WorldBuilder starts ...
5920 classes with 56135 methods in the world
WorldBuilder finishes, elapsed time: 3.96s
cg starts ...
Building call graph by CHA
Ignore methods of java.lang.Object
Call graph has 30382 reachable methods and 300964 edges
Dumping reachable methods to /home/byx/testSpace/javaprjs/eclipse/cha-output/reachable-methods.txt
cg finishes, elapsed time: 12.88s
Tai-e finishes, elapsed time: 16.98s
