Writing log to /home/byx/testSpace/javaprjs/jgrapht-0.8.1/ci_app-output/tai-e.log
java.version: 17.0.14
java.version.date: 2025-01-21
java.runtime.version: 17.0.14+7-LTS
java.vendor: Amazon.com Inc.
java.vendor.version: Corretto-17.0.14.7.1
os.name: Linux
os.version: 5.15.167.4-microsoft-standard-WSL2
os.arch: amd64
Tai-e Version: 0.5.2-SNAPSHOT
Tai-e Commit: f4f1c5d3c96f68ac1bf30f8a35a3b8baefe40761
Writing analysis plan to /home/byx/testSpace/javaprjs/jgrapht-0.8.1/ci_app-output/tai-e-plan.yml
WorldBuilder starts ...
5959 classes with 55703 methods in the world
WorldBuilder finishes, elapsed time: 3.97s
pta starts ...
[Pointer analysis] elapsed time: 0.18s
-------------- Pointer analysis statistics: --------------
#var pointers:                2324 (insens) / 4130 (sens)
#objects:                     304 (insens) / 304 (sens)
#var points-to:               3030 (insens) / 5854 (sens)
#static field points-to:      94 (sens)
#instance field points-to:    316 (sens)
#array points-to:             20 (sens)
#reachable methods:           595 (insens) / 1521 (sens)
#call graph edges:            1496 (insens) / 2697 (sens)
----------------------------------------
pta finishes, elapsed time: 0.48s
cg starts ...
Call graph has 595 reachable methods and 1496 edges
Dumping call graph to /home/byx/testSpace/javaprjs/jgrapht-0.8.1/ci_app-output/call-graph.dot
Dumping reachable methods to /home/byx/testSpace/javaprjs/jgrapht-0.8.1/ci_app-output/reachable-methods.txt
Dumping call edges to /home/byx/testSpace/javaprjs/jgrapht-0.8.1/ci_app-output/call-edges.txt
cg finishes, elapsed time: 0.11s
Tai-e finishes, elapsed time: 4.72s
