Tai-e starts ...
Output directory: /home/byx/testSpace/javaprjs/log4j-1.2.16/taie-output
Writing options to /home/byx/testSpace/javaprjs/log4j-1.2.16/taie-output/options.yml
Writing log to /home/byx/testSpace/javaprjs/log4j-1.2.16/taie-output/tai-e.log
java.version: 17.0.14
java.version.date: 2025-01-21
java.runtime.version: 17.0.14+7-LTS
java.vendor: Amazon.com Inc.
java.vendor.version: Corretto-17.0.14.7.1
os.name: Linux
os.version: 5.15.167.4-microsoft-standard-WSL2
os.arch: amd64
Tai-e Version: 0.5.2-SNAPSHOT
Tai-e Commit: f4f1c5d3c96f68ac1bf30f8a35a3b8baefe40761
Writing analysis plan to /home/byx/testSpace/javaprjs/log4j-1.2.16/taie-output/tai-e-plan.yml
WorldBuilder starts ...
Scanning /home/byx/testSpace/javaprjs/log4j-1.2.16/bin ... 308 classes
6252 classes with 59007 methods in the world
WorldBuilder finishes, elapsed time: 3.96s
pta starts ...
[Pointer analysis] elapsed time: 0.18s
-------------- Pointer analysis statistics: --------------
#var pointers:                1945 (insens) / 4272 (sens)
#objects:                     243 (insens) / 251 (sens)
#var points-to:               1996 (insens) / 3520 (sens)
#static field points-to:      115 (sens)
#instance field points-to:    251 (sens)
#array points-to:             25 (sens)
#reachable methods:           395 (insens) / 1233 (sens)
#call graph edges:            1186 (insens) / 2517 (sens)
----------------------------------------
pta finishes, elapsed time: 0.46s
cg starts ...
Call graph has 395 reachable methods and 1186 edges
Dumping call graph to /home/byx/testSpace/javaprjs/log4j-1.2.16/taie-output/call-graph.dot
Dumping reachable methods to /home/byx/testSpace/javaprjs/log4j-1.2.16/taie-output/reachable-methods.txt
Dumping call edges to /home/byx/testSpace/javaprjs/log4j-1.2.16/taie-output/call-edges.txt
cg finishes, elapsed time: 0.09s
Tai-e finishes, elapsed time: 4.66s
[Task Info]
Task Name: taie
Java Path: /home/byx/.jdks/corretto-17.0.14/bin/java
JAR Path: /home/byx/projects/Tai-e/build/tai-e-all-0.5.2-SNAPSHOT.jar
Config File: taie-config.yml
Project Dir: /home/byx/testSpace/javaprjs/log4j-1.2.16
Work Dir: /home/byx/projects/Tai-e
Log File: /home/byx/testSpace/javaprjs/log4j-1.2.16/taie_logs/run_20250514-105345.log

[Command]
/home/byx/.jdks/corretto-17.0.14/bin/java -jar /home/byx/projects/Tai-e/build/tai-e-all-0.5.2-SNAPSHOT.jar --options-file /home/byx/testSpace/javaprjs/log4j-1.2.16/taie-config.yml

[Output]

[Performance]
Start Time: 2025-05-14 10:53:45
Duration: 5.13s
Peak Memory: 1028.17 MB
Exit Code: 0
