Tai-e starts ...
Output directory: /home/byx/testSpace/javaprjs/log4j-1.2.16/taie-output
Writing options to /home/byx/testSpace/javaprjs/log4j-1.2.16/taie-output/options.yml
Writing log to /home/byx/testSpace/javaprjs/log4j-1.2.16/taie-output/tai-e.log
java.version: 17.0.14
java.version.date: 2025-01-21
java.runtime.version: 17.0.14+7-LTS
java.vendor: Amazon.com Inc.
java.vendor.version: Corretto-17.0.14.7.1
os.name: Linux
os.version: 5.15.167.4-microsoft-standard-WSL2
os.arch: amd64
Tai-e Version: 0.5.2-SNAPSHOT
Tai-e Commit: f4f1c5d3c96f68ac1bf30f8a35a3b8baefe40761
Writing analysis plan to /home/byx/testSpace/javaprjs/log4j-1.2.16/taie-output/tai-e-plan.yml
WorldBuilder starts ...
Scanning /home/byx/testSpace/javaprjs/log4j-1.2.16/bin ... 308 classes
6252 classes with 59007 methods in the world
WorldBuilder finishes, elapsed time: 3.41s
pta starts ...
[Pointer analysis] elapsed time: 68.02s
-------------- Pointer analysis statistics: --------------
#var pointers:                10,2671 (insens) / 43,1944 (sens)
#objects:                     1,1074 (insens) / 1,1796 (sens)
#var points-to:               660,0366 (insens) / 4811,5157 (sens)
#static field points-to:      1,5450 (sens)
#instance field points-to:    99,1368 (sens)
#array points-to:             9,1677 (sens)
#reachable methods:           1,6484 (insens) / 8,6806 (sens)
#call graph edges:            8,5915 (insens) / 60,2065 (sens)
----------------------------------------
pta finishes, elapsed time: 70.53s
cg starts ...
Call graph has 16484 reachable methods and 85915 edges
Dumping call graph to /home/byx/testSpace/javaprjs/log4j-1.2.16/taie-output/call-graph.dot
Dumping reachable methods to /home/byx/testSpace/javaprjs/log4j-1.2.16/taie-output/reachable-methods.txt
Dumping call edges to /home/byx/testSpace/javaprjs/log4j-1.2.16/taie-output/call-edges.txt
cg finishes, elapsed time: 1.18s
Tai-e finishes, elapsed time: 75.28s
[Task Info]
Task Name: taie
Java Path: /home/byx/.jdks/corretto-17.0.14/bin/java
JAR Path: /home/byx/projects/Tai-e/build/tai-e-all-0.5.2-SNAPSHOT.jar
Config File: taie-config.yml
Project Dir: /home/byx/testSpace/javaprjs/log4j-1.2.16
Work Dir: /home/byx/projects/Tai-e
Log File: /home/byx/testSpace/javaprjs/log4j-1.2.16/taie_logs/run_20250423-221711.log

[Command]
/home/byx/.jdks/corretto-17.0.14/bin/java -jar /home/byx/projects/Tai-e/build/tai-e-all-0.5.2-SNAPSHOT.jar --options-file /home/byx/testSpace/javaprjs/log4j-1.2.16/taie-config.yml

[Output]

[Performance]
Start Time: 2025-04-23 22:17:11
Duration: 75.70s
Peak Memory: 1640.03 MB
Exit Code: 0
