Writing log to /home/byx/testSpace/javaprjs/jrefactory-2.9.19/cs1call-output/tai-e.log
java.version: 17.0.14
java.version.date: 2025-01-21
java.runtime.version: 17.0.14+7-LTS
java.vendor: Amazon.com Inc.
java.vendor.version: Corretto-17.0.14.7.1
os.name: Linux
os.version: 5.15.167.4-microsoft-standard-WSL2
os.arch: amd64
Tai-e Version: 0.5.2-SNAPSHOT
Tai-e Commit: f4f1c5d3c96f68ac1bf30f8a35a3b8baefe40761
Writing analysis plan to /home/byx/testSpace/javaprjs/jrefactory-2.9.19/cs1call-output/tai-e-plan.yml
WorldBuilder starts ...
7565 classes with 68259 methods in the world
WorldBuilder finishes, elapsed time: 11.02s
pta starts ...
[Pointer analysis] elapsed time: 10.46s
-------------- Pointer analysis statistics: --------------
#var pointers:                7,1893 (insens) / 29,7807 (sens)
#objects:                     7200 (insens) / 7218 (sens)
#var points-to:               392,5898 (insens) / 2870,4495 (sens)
#static field points-to:      5048 (sens)
#instance field points-to:    56,2705 (sens)
#array points-to:             4,8365 (sens)
#reachable methods:           1,1330 (insens) / 5,7093 (sens)
#call graph edges:            5,6632 (insens) / 28,0801 (sens)
----------------------------------------
pta finishes, elapsed time: 12.16s
cg starts ...
Call graph has 11330 reachable methods and 56632 edges
Dumping call graph to /home/byx/testSpace/javaprjs/jrefactory-2.9.19/cs1call-output/call-graph.dot
Dumping reachable methods to /home/byx/testSpace/javaprjs/jrefactory-2.9.19/cs1call-output/reachable-methods.txt
Dumping call edges to /home/byx/testSpace/javaprjs/jrefactory-2.9.19/cs1call-output/call-edges.txt
cg finishes, elapsed time: 0.90s
Tai-e finishes, elapsed time: 24.25s
