Tai-e starts ...
Output directory: /home/byx/testSpace/javaprjs/axion-1.0-M2/cs1call-output
Writing options to /home/byx/testSpace/javaprjs/axion-1.0-M2/cs1call-output/options.yml
Writing log to /home/byx/testSpace/javaprjs/axion-1.0-M2/cs1call-output/tai-e.log
java.version: 17.0.14
java.version.date: 2025-01-21
java.runtime.version: 17.0.14+7-LTS
java.vendor: Amazon.com Inc.
java.vendor.version: Corretto-17.0.14.7.1
os.name: Linux
os.version: 5.15.167.4-microsoft-standard-WSL2
os.arch: amd64
Tai-e Version: 0.5.2-SNAPSHOT
Tai-e Commit: f4f1c5d3c96f68ac1bf30f8a35a3b8baefe40761
Writing analysis plan to /home/byx/testSpace/javaprjs/axion-1.0-M2/cs1call-output/tai-e-plan.yml
WorldBuilder starts ...
Scanning /home/byx/testSpace/javaprjs/axion-1.0-M2/bin ... 261 classes
3856 classes with 39489 methods in the world
WorldBuilder finishes, elapsed time: 3.43s
pta starts ...
[Pointer analysis] elapsed time: 4.69s
-------------- Pointer analysis statistics: --------------
#var pointers:                3,8901 (insens) / 15,2457 (sens)
#objects:                     3767 (insens) / 3784 (sens)
#var points-to:               83,0613 (insens) / 572,4725 (sens)
#static field points-to:      1279 (sens)
#instance field points-to:    8,0965 (sens)
#array points-to:             1,0188 (sens)
#reachable methods:           5733 (insens) / 3,0103 (sens)
#call graph edges:            2,9859 (insens) / 13,6217 (sens)
----------------------------------------
pta finishes, elapsed time: 5.30s
cg starts ...
Call graph has 5733 reachable methods and 29859 edges
Dumping call graph to /home/byx/testSpace/javaprjs/axion-1.0-M2/cs1call-output/call-graph.dot
Dumping reachable methods to /home/byx/testSpace/javaprjs/axion-1.0-M2/cs1call-output/reachable-methods.txt
Dumping call edges to /home/byx/testSpace/javaprjs/axion-1.0-M2/cs1call-output/call-edges.txt
cg finishes, elapsed time: 0.52s
Tai-e finishes, elapsed time: 9.41s
[Task Info]
Task Name: cs1call
Java Path: /home/byx/.jdks/corretto-17.0.14/bin/java
JAR Path: /home/byx/projects/Tai-e/build/tai-e-all-0.5.2-SNAPSHOT.jar
Config File: cs1call-config.yml
Project Dir: /home/byx/testSpace/javaprjs/axion-1.0-M2
Work Dir: /home/byx/projects/Tai-e
Log File: /home/byx/testSpace/javaprjs/axion-1.0-M2/cs1call_logs/run_20250523-161926.log

[Command]
/home/byx/.jdks/corretto-17.0.14/bin/java -jar /home/byx/projects/Tai-e/build/tai-e-all-0.5.2-SNAPSHOT.jar --options-file /home/byx/testSpace/javaprjs/axion-1.0-M2/cs1call-config.yml

[Output]

[Performance]
Start Time: 2025-05-23 16:19:26
Duration: 9.93s
Peak Memory: 1187.20 MB
Exit Code: 0
