Writing log to /home/byx/testSpace/javaprjs/sandmark-3.4/taie-output/tai-e.log
java.version: 17.0.14
java.version.date: 2025-01-21
java.runtime.version: 17.0.14+7-LTS
java.vendor: Amazon.com Inc.
java.vendor.version: Corretto-17.0.14.7.1
os.name: Linux
os.version: 5.15.167.4-microsoft-standard-WSL2
os.arch: amd64
Tai-e Version: 0.5.2-SNAPSHOT
Tai-e Commit: f4f1c5d3c96f68ac1bf30f8a35a3b8baefe40761
Writing analysis plan to /home/byx/testSpace/javaprjs/sandmark-3.4/taie-output/tai-e-plan.yml
WorldBuilder starts ...
5432 classes with 49887 methods in the world
WorldBuilder finishes, elapsed time: 7.65s
pta starts ...
[Pointer analysis] elapsed time: 5.48s
-------------- Pointer analysis statistics: --------------
#var pointers:                4,4418 (insens) / 17,0437 (sens)
#objects:                     4332 (insens) / 4342 (sens)
#var points-to:               91,8355 (insens) / 659,1735 (sens)
#static field points-to:      1718 (sens)
#instance field points-to:    8,0314 (sens)
#array points-to:             1,2743 (sens)
#reachable methods:           6889 (insens) / 3,4375 (sens)
#call graph edges:            3,4054 (insens) / 16,0819 (sens)
----------------------------------------
pta finishes, elapsed time: 6.13s
cg starts ...
Call graph has 6889 reachable methods and 34054 edges
Dumping call graph to /home/byx/testSpace/javaprjs/sandmark-3.4/taie-output/call-graph.dot
Dumping reachable methods to /home/byx/testSpace/javaprjs/sandmark-3.4/taie-output/reachable-methods.txt
Dumping call edges to /home/byx/testSpace/javaprjs/sandmark-3.4/taie-output/call-edges.txt
cg finishes, elapsed time: 0.60s
Tai-e finishes, elapsed time: 14.54s
