Tai-e starts ...
Output directory: /home/byx/testSpace/javaprjs/jmoney-0.4.4/taie-output
Writing options to /home/byx/testSpace/javaprjs/jmoney-0.4.4/taie-output/options.yml
Writing log to /home/byx/testSpace/javaprjs/jmoney-0.4.4/taie-output/tai-e.log
java.version: 17.0.14
java.version.date: 2025-01-21
java.runtime.version: 17.0.14+7-LTS
java.vendor: Amazon.com Inc.
java.vendor.version: Corretto-17.0.14.7.1
os.name: Linux
os.version: 5.15.167.4-microsoft-standard-WSL2
os.arch: amd64
Tai-e Version: 0.5.2-SNAPSHOT
Tai-e Commit: f4f1c5d3c96f68ac1bf30f8a35a3b8baefe40761
Writing analysis plan to /home/byx/testSpace/javaprjs/jmoney-0.4.4/taie-output/tai-e-plan.yml
WorldBuilder starts ...
Scanning /home/byx/testSpace/javaprjs/jmoney-0.4.4/bin ... 193 classes
3919 classes with 37894 methods in the world
WorldBuilder finishes, elapsed time: 2.66s
pta starts ...
[Pointer analysis] elapsed time: 0.20s
-------------- Pointer analysis statistics: --------------
#var pointers:                2737 (insens) / 2979 (sens)
#objects:                     696 (insens) / 696 (sens)
#var points-to:               2549 (insens) / 2753 (sens)
#static field points-to:      38 (sens)
#instance field points-to:    465 (sens)
#array points-to:             3 (sens)
#reachable methods:           510 (insens) / 1916 (sens)
#call graph edges:            1869 (insens) / 2068 (sens)
----------------------------------------
pta finishes, elapsed time: 0.57s
cg starts ...
Call graph has 510 reachable methods and 1869 edges
Dumping call graph to /home/byx/testSpace/javaprjs/jmoney-0.4.4/taie-output/call-graph.dot
Dumping reachable methods to /home/byx/testSpace/javaprjs/jmoney-0.4.4/taie-output/reachable-methods.txt
Dumping call edges to /home/byx/testSpace/javaprjs/jmoney-0.4.4/taie-output/call-edges.txt
cg finishes, elapsed time: 0.13s
Tai-e finishes, elapsed time: 3.52s
[Task Info]
Task Name: taie
Java Path: /home/byx/.jdks/corretto-17.0.14/bin/java
JAR Path: /home/byx/projects/Tai-e/build/tai-e-all-0.5.2-SNAPSHOT.jar
Config File: taie-config.yml
Project Dir: /home/byx/testSpace/javaprjs/jmoney-0.4.4
Work Dir: /home/byx/projects/Tai-e
Log File: /home/byx/testSpace/javaprjs/jmoney-0.4.4/taie_logs/run_20250514-105421.log

[Command]
/home/byx/.jdks/corretto-17.0.14/bin/java -jar /home/byx/projects/Tai-e/build/tai-e-all-0.5.2-SNAPSHOT.jar --options-file /home/byx/testSpace/javaprjs/jmoney-0.4.4/taie-config.yml

[Output]

[Performance]
Start Time: 2025-05-14 10:54:21
Duration: 4.01s
Peak Memory: 720.60 MB
Exit Code: 0
