Tai-e starts ...
Output directory: /home/byx/testSpace/javaprjs/nekohtml-1.9.14/cha-output
Writing options to /home/byx/testSpace/javaprjs/nekohtml-1.9.14/cha-output/options.yml
Writing log to /home/byx/testSpace/javaprjs/nekohtml-1.9.14/cha-output/tai-e.log
java.version: 17.0.14
java.version.date: 2025-01-21
java.runtime.version: 17.0.14+7-LTS
java.vendor: Amazon.com Inc.
java.vendor.version: Corretto-17.0.14.7.1
os.name: Linux
os.version: 5.15.167.4-microsoft-standard-WSL2
os.arch: amd64
Tai-e Version: 0.5.2-SNAPSHOT
Tai-e Commit: c7be5bc7169859d534212a5d557c34b177e43d7c
Writing analysis plan to /home/byx/testSpace/javaprjs/nekohtml-1.9.14/cha-output/tai-e-plan.yml
WorldBuilder starts ...
Scanning /home/byx/testSpace/javaprjs/nekohtml-1.9.14/bin ... 62 classes
2944 classes with 29996 methods in the world
WorldBuilder finishes, elapsed time: 5.15s
cg starts ...
Building call graph by CHA
Ignore methods of java.lang.Object
Call graph has 14685 reachable methods and 98756 edges
Dumping call graph to /home/byx/testSpace/javaprjs/nekohtml-1.9.14/cha-output/call-graph.dot
Dumping reachable methods to /home/byx/testSpace/javaprjs/nekohtml-1.9.14/cha-output/reachable-methods.txt
Dumping call edges to /home/byx/testSpace/javaprjs/nekohtml-1.9.14/cha-output/call-edges.txt
cg finishes, elapsed time: 6.16s
Tai-e finishes, elapsed time: 11.47s
[Task Info]
Task Name: cha
Java Path: /home/byx/.jdks/corretto-17.0.14/bin/java
JAR Path: /home/byx/projects/Tai-e/build/tai-e-all-0.5.2-SNAPSHOT.jar
Config File: cha-config.yml
Project Dir: /home/byx/testSpace/javaprjs/nekohtml-1.9.14
Work Dir: /home/byx/projects/Tai-e
Log File: /home/byx/testSpace/javaprjs/nekohtml-1.9.14/cha_logs/run_20250604-214126.log

[Command]
/home/byx/.jdks/corretto-17.0.14/bin/java -jar /home/byx/projects/Tai-e/build/tai-e-all-0.5.2-SNAPSHOT.jar --options-file /home/byx/testSpace/javaprjs/nekohtml-1.9.14/cha-config.yml

[Output]

[Performance]
Start Time: 2025-06-04 21:41:26
Duration: 11.93s
Peak Memory: 1143.82 MB
Exit Code: 0
