Writing log to /home/byx/testSpace/javaprjs/marauroa-3.8.1/ci_app-output/tai-e.log
java.version: 17.0.14
java.version.date: 2025-01-21
java.runtime.version: 17.0.14+7-LTS
java.vendor: Amazon.com Inc.
java.vendor.version: Corretto-17.0.14.7.1
os.name: Linux
os.version: 5.15.167.4-microsoft-standard-WSL2
os.arch: amd64
Tai-e Version: 0.5.2-SNAPSHOT
Tai-e Commit: f4f1c5d3c96f68ac1bf30f8a35a3b8baefe40761
Writing analysis plan to /home/byx/testSpace/javaprjs/marauroa-3.8.1/ci_app-output/tai-e-plan.yml
WorldBuilder starts ...
5298 classes with 51959 methods in the world
WorldBuilder finishes, elapsed time: 4.77s
pta starts ...
[Pointer analysis] elapsed time: 0.13s
-------------- Pointer analysis statistics: --------------
#var pointers:                1615 (insens) / 2764 (sens)
#objects:                     193 (insens) / 193 (sens)
#var points-to:               1614 (insens) / 2490 (sens)
#static field points-to:      80 (sens)
#instance field points-to:    190 (sens)
#array points-to:             16 (sens)
#reachable methods:           352 (insens) / 891 (sens)
#call graph edges:            846 (insens) / 1448 (sens)
----------------------------------------
pta finishes, elapsed time: 0.35s
cg starts ...
Call graph has 352 reachable methods and 846 edges
Dumping call graph to /home/byx/testSpace/javaprjs/marauroa-3.8.1/ci_app-output/call-graph.dot
Dumping reachable methods to /home/byx/testSpace/javaprjs/marauroa-3.8.1/ci_app-output/reachable-methods.txt
Dumping call edges to /home/byx/testSpace/javaprjs/marauroa-3.8.1/ci_app-output/call-edges.txt
cg finishes, elapsed time: 0.08s
Tai-e finishes, elapsed time: 5.34s
