Tai-e starts ...
Output directory: /home/byx/testSpace/javaprjs/javacc-5.0/ci_app-output
Writing options to /home/byx/testSpace/javaprjs/javacc-5.0/ci_app-output/options.yml
Writing log to /home/byx/testSpace/javaprjs/javacc-5.0/ci_app-output/tai-e.log
java.version: 17.0.14
java.version.date: 2025-01-21
java.runtime.version: 17.0.14+7-LTS
java.vendor: Amazon.com Inc.
java.vendor.version: Corretto-17.0.14.7.1
os.name: Linux
os.version: 5.15.167.4-microsoft-standard-WSL2
os.arch: amd64
Tai-e Version: 0.5.2-SNAPSHOT
Tai-e Commit: f4f1c5d3c96f68ac1bf30f8a35a3b8baefe40761
Writing analysis plan to /home/byx/testSpace/javaprjs/javacc-5.0/ci_app-output/tai-e-plan.yml
WorldBuilder starts ...
Scanning /home/byx/testSpace/javaprjs/javacc-5.0/bin ... 154 classes
6857 classes with 66428 methods in the world
WorldBuilder finishes, elapsed time: 4.78s
pta starts ...
[Pointer analysis] elapsed time: 0.52s
-------------- Pointer analysis statistics: --------------
#var pointers:                9131 (insens) / 3,4361 (sens)
#objects:                     549 (insens) / 549 (sens)
#var points-to:               1,1024 (insens) / 5,3249 (sens)
#static field points-to:      230 (sens)
#instance field points-to:    848 (sens)
#array points-to:             50 (sens)
#reachable methods:           1087 (insens) / 7674 (sens)
#call graph edges:            7649 (insens) / 2,3096 (sens)
----------------------------------------
pta finishes, elapsed time: 1.00s
cg starts ...
Call graph has 1087 reachable methods and 7649 edges
Dumping call graph to /home/byx/testSpace/javaprjs/javacc-5.0/ci_app-output/call-graph.dot
Dumping reachable methods to /home/byx/testSpace/javaprjs/javacc-5.0/ci_app-output/reachable-methods.txt
Dumping call edges to /home/byx/testSpace/javaprjs/javacc-5.0/ci_app-output/call-edges.txt
cg finishes, elapsed time: 0.21s
Tai-e finishes, elapsed time: 6.15s
[Task Info]
Task Name: ci_app
Java Path: /home/byx/.jdks/corretto-17.0.14/bin/java
JAR Path: /home/byx/projects/Tai-e/build/tai-e-all-0.5.2-SNAPSHOT.jar
Config File: ci_app-config.yml
Project Dir: /home/byx/testSpace/javaprjs/javacc-5.0
Work Dir: /home/byx/projects/Tai-e
Log File: /home/byx/testSpace/javaprjs/javacc-5.0/ci_app_logs/run_20250523-163622.log

[Command]
/home/byx/.jdks/corretto-17.0.14/bin/java -jar /home/byx/projects/Tai-e/build/tai-e-all-0.5.2-SNAPSHOT.jar --options-file /home/byx/testSpace/javaprjs/javacc-5.0/ci_app-config.yml

[Output]

[Performance]
Start Time: 2025-05-23 16:36:22
Duration: 6.62s
Peak Memory: 1049.70 MB
Exit Code: 0
