Tai-e starts ...
Output directory: /home/byx/testSpace/javaprjs/drawswf-1.2.9/cs1call-output
Writing options to /home/byx/testSpace/javaprjs/drawswf-1.2.9/cs1call-output/options.yml
Writing log to /home/byx/testSpace/javaprjs/drawswf-1.2.9/cs1call-output/tai-e.log
java.version: 17.0.14
java.version.date: 2025-01-21
java.runtime.version: 17.0.14+7-LTS
java.vendor: Amazon.com Inc.
java.vendor.version: Corretto-17.0.14.7.1
os.name: Linux
os.version: 5.15.167.4-microsoft-standard-WSL2
os.arch: amd64
Tai-e Version: 0.5.2-SNAPSHOT
Tai-e Commit: f4f1c5d3c96f68ac1bf30f8a35a3b8baefe40761
Writing analysis plan to /home/byx/testSpace/javaprjs/drawswf-1.2.9/cs1call-output/tai-e-plan.yml
WorldBuilder starts ...
Scanning /home/byx/testSpace/javaprjs/drawswf-1.2.9/bin ... 322 classes
4689 classes with 46448 methods in the world
WorldBuilder finishes, elapsed time: 5.03s
pta starts ...
[Pointer analysis] elapsed time: 10.27s
-------------- Pointer analysis statistics: --------------
#var pointers:                6,0931 (insens) / 26,9975 (sens)
#objects:                     6273 (insens) / 6286 (sens)
#var points-to:               250,0040 (insens) / 1838,2409 (sens)
#static field points-to:      3941 (sens)
#instance field points-to:    22,2125 (sens)
#array points-to:             3,5075 (sens)
#reachable methods:           9603 (insens) / 5,4084 (sens)
#call graph edges:            5,3635 (insens) / 66,8270 (sens)
----------------------------------------
pta finishes, elapsed time: 11.61s
cg starts ...
Call graph has 9603 reachable methods and 53635 edges
Dumping call graph to /home/byx/testSpace/javaprjs/drawswf-1.2.9/cs1call-output/call-graph.dot
Dumping reachable methods to /home/byx/testSpace/javaprjs/drawswf-1.2.9/cs1call-output/reachable-methods.txt
Dumping call edges to /home/byx/testSpace/javaprjs/drawswf-1.2.9/cs1call-output/call-edges.txt
cg finishes, elapsed time: 0.88s
Tai-e finishes, elapsed time: 17.70s
[Task Info]
Task Name: cs1call
Java Path: /home/byx/.jdks/corretto-17.0.14/bin/java
JAR Path: /home/byx/projects/Tai-e/build/tai-e-all-0.5.2-SNAPSHOT.jar
Config File: cs1call-config.yml
Project Dir: /home/byx/testSpace/javaprjs/drawswf-1.2.9
Work Dir: /home/byx/projects/Tai-e
Log File: /home/byx/testSpace/javaprjs/drawswf-1.2.9/cs1call_logs/run_20250523-162130.log

[Command]
/home/byx/.jdks/corretto-17.0.14/bin/java -jar /home/byx/projects/Tai-e/build/tai-e-all-0.5.2-SNAPSHOT.jar --options-file /home/byx/testSpace/javaprjs/drawswf-1.2.9/cs1call-config.yml

[Output]

[Performance]
Start Time: 2025-05-23 16:21:30
Duration: 18.16s
Peak Memory: 1673.11 MB
Exit Code: 0
