Tai-e starts ...
Output directory: /home/byx/testSpace/javaprjs/drawswf-1.2.9/cs1call-output
Writing options to /home/byx/testSpace/javaprjs/drawswf-1.2.9/cs1call-output/options.yml
Writing log to /home/byx/testSpace/javaprjs/drawswf-1.2.9/cs1call-output/tai-e.log
java.version: 17.0.14
java.version.date: 2025-01-21
java.runtime.version: 17.0.14+7-LTS
java.vendor: Amazon.com Inc.
java.vendor.version: Corretto-17.0.14.7.1
os.name: Linux
os.version: 5.15.167.4-microsoft-standard-WSL2
os.arch: amd64
Tai-e Version: 0.5.2-SNAPSHOT
Tai-e Commit: f4f1c5d3c96f68ac1bf30f8a35a3b8baefe40761
Writing analysis plan to /home/byx/testSpace/javaprjs/drawswf-1.2.9/cs1call-output/tai-e-plan.yml
WorldBuilder starts ...
Scanning /home/byx/testSpace/javaprjs/drawswf-1.2.9/bin ... 322 classes
4689 classes with 46448 methods in the world
WorldBuilder finishes, elapsed time: 4.80s
pta starts ...
[Pointer analysis] elapsed time: 10.64s
-------------- Pointer analysis statistics: --------------
#var pointers:                6,1111 (insens) / 27,0987 (sens)
#objects:                     6299 (insens) / 6312 (sens)
#var points-to:               250,7092 (insens) / 1843,8838 (sens)
#static field points-to:      3948 (sens)
#instance field points-to:    22,2784 (sens)
#array points-to:             3,5155 (sens)
#reachable methods:           9644 (insens) / 5,4339 (sens)
#call graph edges:            5,3873 (insens) / 66,9344 (sens)
----------------------------------------
pta finishes, elapsed time: 11.97s
cg starts ...
Call graph has 9644 reachable methods and 53873 edges
Dumping call graph to /home/byx/testSpace/javaprjs/drawswf-1.2.9/cs1call-output/call-graph.dot
Dumping reachable methods to /home/byx/testSpace/javaprjs/drawswf-1.2.9/cs1call-output/reachable-methods.txt
Dumping call edges to /home/byx/testSpace/javaprjs/drawswf-1.2.9/cs1call-output/call-edges.txt
cg finishes, elapsed time: 0.83s
Tai-e finishes, elapsed time: 17.75s
[Task Info]
Task Name: cs1call
Java Path: /home/byx/.jdks/corretto-17.0.14/bin/java
JAR Path: /home/byx/projects/Tai-e/build/tai-e-all-0.5.2-SNAPSHOT.jar
Config File: cs1call-config.yml
Project Dir: /home/byx/testSpace/javaprjs/drawswf-1.2.9
Work Dir: /home/byx/projects/Tai-e
Log File: /home/byx/testSpace/javaprjs/drawswf-1.2.9/cs1call_logs/run_20250521-115122.log

[Command]
/home/byx/.jdks/corretto-17.0.14/bin/java -jar /home/byx/projects/Tai-e/build/tai-e-all-0.5.2-SNAPSHOT.jar --options-file /home/byx/testSpace/javaprjs/drawswf-1.2.9/cs1call-config.yml

[Output]

[Performance]
Start Time: 2025-05-21 11:51:22
Duration: 18.18s
Peak Memory: 2197.98 MB
Exit Code: 0
