Tai-e starts ...
Output directory: /home/byx/testSpace/javaprjs/jrefactory-2.9.19/cs1call-output
Writing options to /home/byx/testSpace/javaprjs/jrefactory-2.9.19/cs1call-output/options.yml
Writing log to /home/byx/testSpace/javaprjs/jrefactory-2.9.19/cs1call-output/tai-e.log
java.version: 17.0.14
java.version.date: 2025-01-21
java.runtime.version: 17.0.14+7-LTS
java.vendor: Amazon.com Inc.
java.vendor.version: Corretto-17.0.14.7.1
os.name: Linux
os.version: 5.15.167.4-microsoft-standard-WSL2
os.arch: amd64
Tai-e Version: 0.5.2-SNAPSHOT
Tai-e Commit: f4f1c5d3c96f68ac1bf30f8a35a3b8baefe40761
Writing analysis plan to /home/byx/testSpace/javaprjs/jrefactory-2.9.19/cs1call-output/tai-e-plan.yml
WorldBuilder starts ...
Scanning /home/byx/testSpace/javaprjs/jrefactory-2.9.19/bin ... 2776 classes
7565 classes with 68259 methods in the world
WorldBuilder finishes, elapsed time: 12.01s
pta starts ...
[Pointer analysis] elapsed time: 11.05s
-------------- Pointer analysis statistics: --------------
#var pointers:                7,1893 (insens) / 29,7807 (sens)
#objects:                     7200 (insens) / 7218 (sens)
#var points-to:               392,5898 (insens) / 2870,4495 (sens)
#static field points-to:      5048 (sens)
#instance field points-to:    56,2705 (sens)
#array points-to:             4,8365 (sens)
#reachable methods:           1,1330 (insens) / 5,7093 (sens)
#call graph edges:            5,6632 (insens) / 28,0801 (sens)
----------------------------------------
pta finishes, elapsed time: 12.75s
cg starts ...
Call graph has 11330 reachable methods and 56632 edges
Dumping call graph to /home/byx/testSpace/javaprjs/jrefactory-2.9.19/cs1call-output/call-graph.dot
Dumping reachable methods to /home/byx/testSpace/javaprjs/jrefactory-2.9.19/cs1call-output/reachable-methods.txt
Dumping call edges to /home/byx/testSpace/javaprjs/jrefactory-2.9.19/cs1call-output/call-edges.txt
cg finishes, elapsed time: 0.92s
Tai-e finishes, elapsed time: 25.85s
[Task Info]
Task Name: cs1call
Java Path: /home/byx/.jdks/corretto-17.0.14/bin/java
JAR Path: /home/byx/projects/Tai-e/build/tai-e-all-0.5.2-SNAPSHOT.jar
Config File: cs1call-config.yml
Project Dir: /home/byx/testSpace/javaprjs/jrefactory-2.9.19
Work Dir: /home/byx/projects/Tai-e
Log File: /home/byx/testSpace/javaprjs/jrefactory-2.9.19/cs1call_logs/run_20250523-124139.log

[Command]
/home/byx/.jdks/corretto-17.0.14/bin/java -jar /home/byx/projects/Tai-e/build/tai-e-all-0.5.2-SNAPSHOT.jar --options-file /home/byx/testSpace/javaprjs/jrefactory-2.9.19/cs1call-config.yml

[Output]

[Performance]
Start Time: 2025-05-23 12:41:39
Duration: 26.39s
Peak Memory: 2416.48 MB
Exit Code: 0
