Tai-e starts ...
Output directory: /home/byx/testSpace/javaprjs/batik-1.7/ci-output
Writing options to /home/byx/testSpace/javaprjs/batik-1.7/ci-output/options.yml
Writing log to /home/byx/testSpace/javaprjs/batik-1.7/ci-output/tai-e.log
java.version: 17.0.14
java.version.date: 2025-01-21
java.runtime.version: 17.0.14+7-LTS
java.vendor: Amazon.com Inc.
java.vendor.version: Corretto-17.0.14.7.1
os.name: Linux
os.version: 5.15.167.4-microsoft-standard-WSL2
os.arch: amd64
Tai-e Version: 0.5.2-SNAPSHOT
Tai-e Commit: f4f1c5d3c96f68ac1bf30f8a35a3b8baefe40761
Writing analysis plan to /home/byx/testSpace/javaprjs/batik-1.7/ci-output/tai-e-plan.yml
WorldBuilder starts ...
Scanning /home/byx/testSpace/javaprjs/batik-1.7/bin ... 2560 classes
10002 classes with 88506 methods in the world
WorldBuilder finishes, elapsed time: 12.35s
pta starts ...
[Pointer analysis] elapsed time: 36.12s
Imprecise reflective calls:
[Array.newInstance]<com.sun.beans.TypeResolver: java.lang.reflect.Type resolve(java.lang.reflect.Type,java.lang.reflect.Type)>[12@L164] $r31 = invokestatic java.lang.reflect.Array.newInstance($r30, %intconst0), #targets: 1740
[Array.newInstance]<com.sun.beans.TypeResolver: java.lang.Class erase(java.lang.reflect.Type)>[38@L256] $r9 = invokestatic java.lang.reflect.Array.newInstance($r8, %intconst0), #targets: 1740
[Array.newInstance]<com.sun.beans.TypeResolver: java.lang.reflect.Type fixGenericArray(java.lang.reflect.Type)>[9@L347] $r5 = invokestatic java.lang.reflect.Array.newInstance($r4, %intconst0), #targets: 1740
[Array.newInstance]<java.lang.Class: java.lang.Class toClass(java.lang.reflect.Type)>[6@L1126] $r5 = invokestatic java.lang.reflect.Array.newInstance($r4, %intconst0), #targets: 1740
[Array.newInstance]<sun.reflect.annotation.AnnotationParser: java.lang.Class toClass(java.lang.reflect.Type)>[6@L445] $r5 = invokestatic java.lang.reflect.Array.newInstance($r4, %intconst0), #targets: 1740
[Constructor.newInstance]<java.security.Provider$Service: java.lang.Object newInstance(java.lang.Object)>[50@L1595] $r26 = invokevirtual $r24.newInstance($r25), #targets: 462
[Constructor.newInstance]<java.security.Provider$Service: java.lang.Object newInstanceGeneric(java.lang.Object)>[6@L1666] $r21 = invokevirtual $r19.newInstance($r20), #targets: 462
[Class.forName]<java.security.Policy: java.security.Policy getPolicyNoCheck()>[23@L184] $r9 = invokestatic java.lang.Class.forName(r28), #targets: 70
[Class.forName]<java.security.Policy$2: java.security.Policy run()>[9@L213] $r2 = invokestatic java.lang.Class.forName($r1, %intconst0, r14), #targets: 70
[Class.forName]<org.apache.xml.dtm.DTMManager: org.apache.xml.dtm.DTMManager newInstance(org.apache.xml.utils.XMLStringFactory)>[9@L191] $r1 = invokestatic java.lang.Class.forName($r0), #targets: 70
[Class.forName]<sun.security.provider.PolicyFile: void addPermissions(java.security.Permissions,java.security.CodeSource,java.security.Principal[],sun.security.provider.PolicyFile$PolicyEntry)>[107@L1357] $r26 = invokestatic java.lang.Class.forName($r25, %intconst2, $r24), #targets: 70
[Class.forName]<java.awt.GraphicsEnvironment: java.awt.GraphicsEnvironment createGE()>[5@L103] r26 = invokestatic java.lang.Class.forName(r2), #targets: 69
[Class.forName]<java.awt.GraphicsEnvironment: java.awt.GraphicsEnvironment createGE()>[10@L108] r26 = invokestatic java.lang.Class.forName(r2, %intconst1, $r24), #targets: 69
[Class.forName]<java.awt.Toolkit: void loadAssistiveTechnologies()>[14@L803] r31 = invokestatic java.lang.Class.forName($r4), #targets: 69
[Class.forName]<java.awt.Toolkit$2: java.lang.Void run()>[3@L860] r26 = invokestatic java.lang.Class.forName($r0), #targets: 69
[Class.forName]<java.awt.datatransfer.DataFlavor: java.lang.Class tryToLoadClass(java.lang.String,java.lang.ClassLoader)>[7@L146] $r3 = invokestatic java.lang.Class.forName(r0, %intconst0, $r2), #targets: 69
[Class.forName]<java.awt.datatransfer.DataFlavor: java.lang.Class tryToLoadClass(java.lang.String,java.lang.ClassLoader)>[13@L153] $r12 = invokestatic java.lang.Class.forName(r0, %intconst0, $r11), #targets: 69
[Class.forName]<java.awt.datatransfer.DataFlavor: java.lang.Class tryToLoadClass(java.lang.String,java.lang.ClassLoader)>[18@L163] $r7 = invokestatic java.lang.Class.forName(r0, %intconst0, r6), #targets: 69
[Class.forName]<java.awt.print.PrinterJob$1: java.lang.Object run()>[2@L82] $r1 = invokestatic java.lang.Class.forName($r0), #targets: 69
[Class.forName]<java.lang.SystemClassLoaderAction: java.lang.ClassLoader run()>[7@L2202] $r3 = invokestatic java.lang.Class.forName($r0, %intconst1, $r2), #targets: 69
[Class.forName]<java.nio.file.FileSystems$DefaultFileSystemHolder: java.nio.file.spi.FileSystemProvider getDefaultProvider()>[12@L118] $r4 = invokestatic java.lang.Class.forName(r2, %intconst2, $r3), #targets: 69
[Class.forName]<java.security.Provider$Service: java.lang.Class getImplClass()>[13@L1634] r33 = invokestatic java.lang.Class.forName($r18), #targets: 69
[Class.forName]<java.security.Provider$Service: java.lang.Class getKeyClass(java.lang.String)>[0@L1786] $r1 = invokestatic java.lang.Class.forName(r0), #targets: 69
[Class.forName]<java.util.ResourceBundle$RBClassLoader: java.lang.Class loadClass(java.lang.String)>[5@L514] $r2 = invokestatic java.lang.Class.forName(r1), #targets: 69
[Class.forName]<java.util.ServiceLoader$LazyIterator: java.lang.Object nextService()>[10@L370] r31 = invokestatic java.lang.Class.forName(r1, %intconst0, $r2), #targets: 69
[Class.forName]<java.util.prefs.Preferences: java.util.prefs.PreferencesFactory factory()>[7@L242] $r7 = invokestatic java.lang.Class.forName(r2, %intconst0, $r6), #targets: 69
[Class.forName]<java.util.prefs.Preferences: java.util.prefs.PreferencesFactory factory()>[19@L254] $r20 = invokestatic java.lang.Class.forName(r2, %intconst0, $r19), #targets: 69
[Class.forName]<javax.crypto.CryptoPolicyParser: java.security.spec.AlgorithmParameterSpec getInstance(java.lang.String,java.lang.Integer[])>[0@L288] $r1 = invokestatic java.lang.Class.forName(r0), #targets: 69
[Class.forName]<javax.swing.JEditorPane: javax.swing.text.EditorKit createEditorKitForContentType(java.lang.String)>[16@L1195] r17 = invokestatic java.lang.Class.forName(r7, %intconst0, $r12), #targets: 69
[Class.forName]<javax.swing.SwingUtilities: java.lang.Class loadSystemClass(java.lang.String)>[4@L1879] $r3 = invokestatic java.lang.Class.forName(r0, %intconst0, $r2), #targets: 69
[Class.forName]<javax.swing.text.html.ObjectView: java.awt.Component createComponent()>[9@L94] $r8 = invokestatic java.lang.Class.forName(r5, %intconst0, $r7), #targets: 69
[Class.forName]<javax.xml.parsers.FactoryFinder: java.lang.Class getProviderClass(java.lang.String,java.lang.ClassLoader,boolean,boolean)>[5@L106] $r8 = invokestatic java.lang.Class.forName(r0, %intconst0, $r7), #targets: 69
[Class.forName]<javax.xml.parsers.FactoryFinder: java.lang.Class getProviderClass(java.lang.String,java.lang.ClassLoader,boolean,boolean)>[13@L113] $r4 = invokestatic java.lang.Class.forName(r0, %intconst0, $r3), #targets: 69
[Class.forName]<javax.xml.parsers.FactoryFinder: java.lang.Class getProviderClass(java.lang.String,java.lang.ClassLoader,boolean,boolean)>[15@L118] $r1 = invokestatic java.lang.Class.forName(r0, %intconst0, cl), #targets: 69
[Class.forName]<javax.xml.parsers.FactoryFinder: java.lang.Class getProviderClass(java.lang.String,java.lang.ClassLoader,boolean,boolean)>[21@L124] $r12 = invokestatic java.lang.Class.forName(r0, %intconst0, $r11), #targets: 69
[Class.forName]<org.apache.batik.dom.ExtensibleDOMImplementation: org.apache.batik.css.engine.CSSEngine createCSSEngine(org.apache.batik.dom.AbstractStylableDocument,org.apache.batik.css.engine.CSSContext)>[1@L-1] $r1 = invokestatic java.lang.Class.forName($r0), #targets: 69
[Class.forName]<org.apache.xalan.extensions.ExtensionHandler: java.lang.Class getClassForName(java.lang.String)>[15@L137] r9 = invokestatic java.lang.Class.forName(r8), #targets: 69
[Class.forName]<org.apache.xalan.extensions.ExtensionHandler: java.lang.Class getClassForName(java.lang.String)>[19@L142] r9 = invokestatic java.lang.Class.forName(r8), #targets: 69
[Class.forName]<org.apache.xalan.extensions.ExtensionHandler: java.lang.Class getClassForName(java.lang.String)>[21@L147] r9 = invokestatic java.lang.Class.forName(r8), #targets: 69
[Class.forName]<org.xml.sax.helpers.NewInstance: java.lang.Object newInstance(java.lang.ClassLoader,java.lang.String)>[11@L80] r4 = invokestatic java.lang.Class.forName(className), #targets: 69
[Class.forName]<sun.awt.SunToolkit: void initEQ(sun.awt.AppContext)>[3@L123] $r1 = invokestatic java.lang.Class.forName($r0), #targets: 69
[Class.forName]<sun.awt.shell.ShellFolder: void <clinit>()>[6@L215] $r3 = invokestatic java.lang.Class.forName(r2, %intconst1, %nullconst), #targets: 69
[Class.forName]<sun.font.FontManagerFactory$1: java.lang.Object run()>[5@L82] $r3 = invokestatic java.lang.Class.forName($r1, %intconst1, $r2), #targets: 69
[Class.forName]<sun.reflect.generics.factory.CoreReflectionFactory: java.lang.reflect.Type makeNamedType(java.lang.String)>[2@L114] $r3 = invokestatic java.lang.Class.forName(r0, %intconst0, $r2), #targets: 69
[Array.newInstance]<sun.reflect.generics.factory.CoreReflectionFactory: java.lang.reflect.Type makeArrayType(java.lang.reflect.Type)>[4@L123] $r3 = invokestatic java.lang.reflect.Array.newInstance($r2, %intconst0), #targets: 69
[Class.forName]<sun.security.jca.ProviderConfig$2: java.security.Provider run()>[19@L217] r55 = invokestatic java.lang.Class.forName($r4), #targets: 69
[Class.forName]<sun.security.provider.PolicyFile: java.security.Permission getInstance(java.lang.String,java.lang.String,java.lang.String)>[1@L939] $r1 = invokestatic java.lang.Class.forName(r0, %intconst0, %nullconst), #targets: 69
[Class.newInstance]<java.awt.Toolkit: void loadAssistiveTechnologies()>[15@L805] invokevirtual r31.newInstance(), #targets: 55
[Class.newInstance]<java.util.ServiceLoader$LazyIterator: java.lang.Object nextService()>[36@L380] $r5 = invokevirtual r31.newInstance(), #targets: 55
[Class.newInstance]<javax.xml.parsers.FactoryFinder: java.lang.Object newInstance(java.lang.Class,java.lang.String,java.lang.ClassLoader,boolean,boolean)>[29@L192] $r3 = invokevirtual $r35.newInstance(), #targets: 55
[Class.newInstance]<org.apache.xalan.extensions.ExtensionHandlerJavaClass: java.lang.Object callFunction(java.lang.String,java.util.Vector,java.lang.Object,org.apache.xalan.extensions.ExpressionContext)>[119@L338] $r12 = invokevirtual $r11.newInstance(), #targets: 55
[Class.newInstance]<org.xml.sax.helpers.NewInstance: java.lang.Object newInstance(java.lang.ClassLoader,java.lang.String)>[14@L84] $r3 = invokevirtual r4.newInstance(), #targets: 55
-------------- Pointer analysis statistics: --------------
#var pointers:                19,5369 (insens) / 19,5369 (sens)
#objects:                     3,4837 (insens) / 3,4837 (sens)
#var points-to:               4930,8464 (insens) / 4930,8464 (sens)
#static field points-to:      9,4828 (sens)
#instance field points-to:    1374,0631 (sens)
#array points-to:             132,2066 (sens)
#reachable methods:           3,0704 (insens) / 3,0704 (sens)
#call graph edges:            18,8914 (insens) / 18,8915 (sens)
----------------------------------------
pta finishes, elapsed time: 39.63s
cg starts ...
Call graph has 30704 reachable methods and 188914 edges
Dumping call graph to /home/byx/testSpace/javaprjs/batik-1.7/ci-output/call-graph.dot
Dumping reachable methods to /home/byx/testSpace/javaprjs/batik-1.7/ci-output/reachable-methods.txt
Dumping call edges to /home/byx/testSpace/javaprjs/batik-1.7/ci-output/call-edges.txt
cg finishes, elapsed time: 2.66s
Tai-e finishes, elapsed time: 54.80s
[Task Info]
Task Name: ci
Java Path: /home/byx/.jdks/corretto-17.0.14/bin/java
JAR Path: /home/byx/projects/Tai-e/build/tai-e-all-0.5.2-SNAPSHOT.jar
Config File: ci-config.yml
Project Dir: /home/byx/testSpace/javaprjs/batik-1.7
Work Dir: /home/byx/projects/Tai-e
Log File: /home/byx/testSpace/javaprjs/batik-1.7/ci_logs/run_20250522-160751.log

[Command]
/home/byx/.jdks/corretto-17.0.14/bin/java -jar /home/byx/projects/Tai-e/build/tai-e-all-0.5.2-SNAPSHOT.jar --options-file /home/byx/testSpace/javaprjs/batik-1.7/ci-config.yml

[Output]

[Performance]
Start Time: 2025-05-22 16:07:51
Duration: 55.26s
Peak Memory: 3109.68 MB
Exit Code: 0
