Tai-e starts ...
Output directory: /home/byx/testSpace/javaprjs/chart/cha-output
Writing options to /home/byx/testSpace/javaprjs/chart/cha-output/options.yml
Writing log to /home/byx/testSpace/javaprjs/chart/cha-output/tai-e.log
java.version: 17.0.14
java.version.date: 2025-01-21
java.runtime.version: 17.0.14+7-LTS
java.vendor: Amazon.com Inc.
java.vendor.version: Corretto-17.0.14.7.1
os.name: Linux
os.version: 5.15.167.4-microsoft-standard-WSL2
os.arch: amd64
Tai-e Version: 0.5.2-SNAPSHOT
Tai-e Commit: c7be5bc7169859d534212a5d557c34b177e43d7c
Writing analysis plan to /home/byx/testSpace/javaprjs/chart/cha-output/tai-e-plan.yml
WorldBuilder starts ...
Scanning /home/byx/testSpace/javaprjs/chart/chart.jar ... 515 classes
6391 classes with 64025 methods in the world
WorldBuilder finishes, elapsed time: 6.20s
cg starts ...
Building call graph by CHA
Ignore methods of java.lang.Object
Call graph has 33217 reachable methods and 351779 edges
Dumping reachable methods to /home/byx/testSpace/javaprjs/chart/cha-output/reachable-methods.txt
cg finishes, elapsed time: 13.54s
Tai-e finishes, elapsed time: 19.87s
[Task Info]
Task Name: cha
Java Path: /home/byx/.jdks/corretto-17.0.14/bin/java
JAR Path: /home/byx/projects/Tai-e/build/tai-e-all-0.5.2-SNAPSHOT.jar
Config File: cha-config.yml
Project Dir: /home/byx/testSpace/javaprjs/chart
Work Dir: /home/byx/projects/Tai-e
Log File: /home/byx/testSpace/javaprjs/chart/cha_logs/run_20250606-171617.log

[Command]
/home/byx/.jdks/corretto-17.0.14/bin/java -jar /home/byx/projects/Tai-e/build/tai-e-all-0.5.2-SNAPSHOT.jar --options-file /home/byx/testSpace/javaprjs/chart/cha-config.yml

[Output]

[Performance]
Start Time: 2025-06-06 17:16:17
Duration: 20.37s
Peak Memory: 2720.86 MB
Exit Code: 0
