Tai-e starts ...
Output directory: /home/byx/testSpace/javaprjs/jhotdraw-7.5.1/taie-output
Writing options to /home/byx/testSpace/javaprjs/jhotdraw-7.5.1/taie-output/options.yml
Writing log to /home/byx/testSpace/javaprjs/jhotdraw-7.5.1/taie-output/tai-e.log
java.version: 17.0.14
java.version.date: 2025-01-21
java.runtime.version: 17.0.14+7-LTS
java.vendor: Amazon.com Inc.
java.vendor.version: Corretto-17.0.14.7.1
os.name: Linux
os.version: 5.15.167.4-microsoft-standard-WSL2
os.arch: amd64
Tai-e Version: 0.5.2-SNAPSHOT
Tai-e Commit: f4f1c5d3c96f68ac1bf30f8a35a3b8baefe40761
Writing analysis plan to /home/byx/testSpace/javaprjs/jhotdraw-7.5.1/taie-output/tai-e-plan.yml
WorldBuilder starts ...
Scanning /home/byx/testSpace/javaprjs/jhotdraw-7.5.1/bin ... 1095 classes
7064 classes with 66335 methods in the world
WorldBuilder finishes, elapsed time: 6.54s
pta starts ...
[Pointer analysis] elapsed time: 0.07s
-------------- Pointer analysis statistics: --------------
#var pointers:                101 (insens) / 130 (sens)
#objects:                     31 (insens) / 31 (sens)
#var points-to:               123 (insens) / 137 (sens)
#static field points-to:      2 (sens)
#instance field points-to:    19 (sens)
#array points-to:             6 (sens)
#reachable methods:           52 (insens) / 72 (sens)
#call graph edges:            54 (insens) / 66 (sens)
----------------------------------------
pta finishes, elapsed time: 0.26s
cg starts ...
Call graph has 52 reachable methods and 54 edges
Dumping call graph to /home/byx/testSpace/javaprjs/jhotdraw-7.5.1/taie-output/call-graph.dot
Dumping reachable methods to /home/byx/testSpace/javaprjs/jhotdraw-7.5.1/taie-output/reachable-methods.txt
Dumping call edges to /home/byx/testSpace/javaprjs/jhotdraw-7.5.1/taie-output/call-edges.txt
cg finishes, elapsed time: 0.04s
Tai-e finishes, elapsed time: 7.03s
[Task Info]
Task Name: taie
Java Path: /home/byx/.jdks/corretto-17.0.14/bin/java
JAR Path: /home/byx/projects/Tai-e/build/tai-e-all-0.5.2-SNAPSHOT.jar
Config File: taie-config.yml
Project Dir: /home/byx/testSpace/javaprjs/jhotdraw-7.5.1
Work Dir: /home/byx/projects/Tai-e
Log File: /home/byx/testSpace/javaprjs/jhotdraw-7.5.1/taie_logs/run_20250513-210007.log

[Command]
/home/byx/.jdks/corretto-17.0.14/bin/java -jar /home/byx/projects/Tai-e/build/tai-e-all-0.5.2-SNAPSHOT.jar --options-file /home/byx/testSpace/javaprjs/jhotdraw-7.5.1/taie-config.yml

[Output]

[Performance]
Start Time: 2025-05-13 21:00:07
Duration: 7.52s
Peak Memory: 1253.80 MB
Exit Code: 0
