Tai-e starts ...
Output directory: /home/byx/testSpace/javaprjs/pooka-3.0-080505/cs1call-output
Writing options to /home/byx/testSpace/javaprjs/pooka-3.0-080505/cs1call-output/options.yml
Writing log to /home/byx/testSpace/javaprjs/pooka-3.0-080505/cs1call-output/tai-e.log
java.version: 17.0.14
java.version.date: 2025-01-21
java.runtime.version: 17.0.14+7-LTS
java.vendor: Amazon.com Inc.
java.vendor.version: Corretto-17.0.14.7.1
os.name: Linux
os.version: 5.15.167.4-microsoft-standard-WSL2
os.arch: amd64
Tai-e Version: 0.5.2-SNAPSHOT
Tai-e Commit: f4f1c5d3c96f68ac1bf30f8a35a3b8baefe40761
Writing analysis plan to /home/byx/testSpace/javaprjs/pooka-3.0-080505/cs1call-output/tai-e-plan.yml
WorldBuilder starts ...
Scanning /home/byx/testSpace/javaprjs/pooka-3.0-080505/bin ... 1626 classes
7924 classes with 72359 methods in the world
WorldBuilder finishes, elapsed time: 7.36s
pta starts ...
[Pointer analysis] elapsed time: 45.61s
Imprecise reflective calls:
[Constructor.newInstance]<java.io.ObjectStreamClass: java.lang.Object newInstance()>[5@L919] $r5 = invokevirtual $r4.newInstance($r3), #targets: 85
[Class.newInstance]<java.security.Provider$Service: java.lang.Object newInstance(java.lang.Object)>[47@L1221] $r24 = invokevirtual $r23.newInstance(), #targets: 85
[Class.newInstance]<java.security.Provider$Service: java.lang.Object newInstanceGeneric(java.lang.Object)>[2@L1283] $r19 = invokevirtual $r1.newInstance(), #targets: 85
[Method.invoke]<sun.swing.SwingLazyValue: java.lang.Object createValue(javax.swing.UIDefaults)>[11@L56] $r14 = invokevirtual $r12.invoke($r2, $r13), #targets: 81
[Class.forName]<java.security.Policy: java.security.Policy getPolicyNoCheck()>[23@L178] $r9 = invokestatic java.lang.Class.forName(r28), #targets: 74
[Class.forName]<java.security.Policy$2: java.security.Policy run()>[9@L208] $r2 = invokestatic java.lang.Class.forName($r1, %intconst0, r14), #targets: 74
[Class.forName]<net.suberic.util.gui.ConfigurableAwtMenu: java.awt.MenuItem createMenuItem(java.lang.String,java.lang.String,net.suberic.util.VariableBundle)>[125@L143] $r24 = invokestatic java.lang.Class.forName($r23), #targets: 74
[Class.forName]<net.suberic.util.gui.ConfigurableAwtPopupMenu: java.awt.MenuItem createMenuItem(java.lang.String,java.lang.String,net.suberic.util.VariableBundle)>[100@L127] $r24 = invokestatic java.lang.Class.forName($r23), #targets: 74
[Class.forName]<net.suberic.util.gui.ConfigurableMenu: javax.swing.JMenuItem createMenuItem(java.lang.String,java.lang.String,net.suberic.util.VariableBundle)>[133@L142] $r24 = invokestatic java.lang.Class.forName($r23), #targets: 74
[Class.forName]<net.suberic.util.gui.ConfigurableMenuBar: void configureComponent(java.lang.String,net.suberic.util.VariableBundle)>[43@L56] $r20 = invokestatic java.lang.Class.forName($r19), #targets: 74
[Class.forName]<net.suberic.util.gui.ConfigurablePopupMenu: javax.swing.JMenuItem createMenuItem(java.lang.String,java.lang.String,net.suberic.util.VariableBundle)>[107@L126] $r24 = invokestatic java.lang.Class.forName($r23), #targets: 74
[Class.forName]<sun.awt.SunToolkit$1: void run()>[3@L86] $r1 = invokestatic java.lang.Class.forName($r0), #targets: 74
[Class.forName]<sun.security.provider.PolicyFile: void addPermissions(java.security.Permissions,java.security.CodeSource,java.security.Principal[],sun.security.provider.PolicyFile$PolicyEntry)>[88@L1368] $r20 = invokestatic java.lang.Class.forName($r17, %intconst5, $r19), #targets: 74
[Class.forName]<com.sun.mail.pop3.POP3Store: void <init>(javax.mail.Session,javax.mail.URLName,java.lang.String,int,boolean)>[87@L108] r46 = invokestatic java.lang.Class.forName($r45), #targets: 73
[Class.forName]<com.sun.mail.util.SocketFetcher: java.net.Socket getSocket(java.lang.String,int,java.util.Properties,java.lang.String,boolean)>[96@L154] r69 = invokestatic java.lang.Class.forName($r56), #targets: 73
[Class.forName]<java.awt.EventDispatchThread: boolean handleException(java.lang.Throwable)>[22@L376] $r6 = invokestatic java.lang.Class.forName($r5, %intconst2, $r4), #targets: 73
[Class.forName]<java.awt.GraphicsEnvironment: java.awt.GraphicsEnvironment getLocalGraphicsEnvironment()>[7@L68] $r5 = invokestatic java.lang.Class.forName(r4), #targets: 73
[Class.forName]<java.awt.Toolkit: void loadAssistiveTechnologies()>[14@L769] r31 = invokestatic java.lang.Class.forName($r4), #targets: 73
[Class.forName]<java.awt.Toolkit$2: java.lang.Object run()>[6@L834] r34 = invokestatic java.lang.Class.forName($r0), #targets: 73
[Class.forName]<java.awt.datatransfer.DataFlavor: java.lang.Class tryToLoadClass(java.lang.String,java.lang.ClassLoader)>[5@L116] $r4 = invokestatic java.lang.Class.forName(r3, %intconst0, r2), #targets: 73
[Class.forName]<java.awt.datatransfer.DataFlavor: java.lang.Class tryToLoadClass(java.lang.String,java.lang.ClassLoader)>[9@L119] $r8 = invokestatic java.lang.Class.forName(r3, %intconst0, r6), #targets: 73
[Class.forName]<java.beans.Beans: java.lang.Object instantiate(java.lang.ClassLoader,java.lang.String,java.beans.beancontext.BeanContext,java.beans.AppletInitializer)>[42@L185] r37 = invokestatic java.lang.Class.forName(r0), #targets: 73
[Class.forName]<java.lang.SystemClassLoaderAction: java.lang.Object run()>[14@L2071] $r6 = invokestatic java.lang.Class.forName($r4, %intconst0, $r5), #targets: 73
[Class.forName]<java.nio.channels.spi.SelectorProvider: boolean loadProviderFromProperty()>[7@L77] $r2 = invokestatic java.lang.Class.forName($r0, %intconst2, $r1), #targets: 73
[Class.forName]<java.security.Provider$Service: java.lang.Class getImplClass()>[13@L1260] r23 = invokestatic java.lang.Class.forName($r7), #targets: 73
[Class.forName]<java.security.Provider$Service: java.lang.Class getKeyClass(java.lang.String)>[0@L1402] $r1 = invokestatic java.lang.Class.forName(r0), #targets: 73
[Class.forName]<java.util.ResourceBundle$RBClassLoader: java.lang.Class loadClass(java.lang.String)>[5@L437] $r2 = invokestatic java.lang.Class.forName(r1), #targets: 73
[Class.forName]<java.util.ServiceLoader$LazyIterator: java.lang.Object next()>[10@L346] r32 = invokestatic java.lang.Class.forName(r1, %intconst0, $r2), #targets: 73
[Class.forName]<java.util.prefs.Preferences: java.util.prefs.PreferencesFactory factory()>[7@L225] $r7 = invokestatic java.lang.Class.forName(r2, %intconst0, $r6), #targets: 73
[Class.forName]<java.util.prefs.Preferences: java.util.prefs.PreferencesFactory factory()>[19@L237] $r20 = invokestatic java.lang.Class.forName(r2, %intconst0, $r19), #targets: 73
[Class.forName]<javax.activation.MailcapCommandMap: javax.activation.DataContentHandler getDataContentHandler(java.lang.String)>[22@L578] r27 = invokestatic java.lang.Class.forName(r1), #targets: 73
[Class.forName]<javax.crypto.SunJCE_e: java.security.spec.AlgorithmParameterSpec a(java.lang.String,java.lang.Integer[])>[0@L-1] $r1 = invokestatic java.lang.Class.forName(r0), #targets: 73
[Class.forName]<javax.help.HelpSet: javax.help.HelpBroker createHelpBroker(java.lang.String)>[13@L261] r10 = invokestatic java.lang.Class.forName(r3), #targets: 73
[Class.forName]<javax.help.NavigatorView: javax.help.NavigatorView create(javax.help.HelpSet,java.lang.String,java.lang.String,java.util.Locale,java.lang.String,java.util.Hashtable)>[54@L118] r24 = invokestatic java.lang.Class.forName(r13), #targets: 73
[Class.forName]<javax.mail.Session: java.lang.Object getService(javax.mail.Provider,javax.mail.URLName)>[33@L764] r31 = invokestatic java.lang.Class.forName($r27), #targets: 73
[Class.forName]<javax.net.ssl.SSLSocketFactory: javax.net.SocketFactory getDefault()>[15@L81] r17 = invokestatic java.lang.Class.forName($r3), #targets: 73
[Class.forName]<javax.security.sasl.Sasl: java.lang.Object loadFactory(java.security.Provider,java.lang.String)>[3@L381] $r4 = invokestatic java.lang.Class.forName(r3, %intconst0, $r2), #targets: 73
[Class.forName]<javax.swing.JEditorPane: javax.swing.text.EditorKit createEditorKitForContentType(java.lang.String)>[16@L1278] r17 = invokestatic java.lang.Class.forName(r7, %intconst0, $r12), #targets: 73
[Class.forName]<javax.swing.SwingUtilities: java.lang.Class loadSystemClass(java.lang.String)>[3@L1850] $r3 = invokestatic java.lang.Class.forName(r0, %intconst0, $r2), #targets: 73
[Class.forName]<net.suberic.crypto.EncryptionManager: net.suberic.crypto.EncryptionUtils getEncryptionUtils(java.lang.String)>[4@L90] $r9 = invokestatic java.lang.Class.forName(r3), #targets: 73
[Class.forName]<net.suberic.pooka.FullMailcapCommandMap: javax.activation.DataContentHandler createDataContentHandler(java.lang.String)>[16@L55] $r7 = invokestatic java.lang.Class.forName($r6), #targets: 73
[Class.forName]<net.suberic.pooka.MessageFilter: net.suberic.pooka.filter.FilterAction generateFilterAction(java.lang.String)>[8@L55] $r6 = invokestatic java.lang.Class.forName($r5), #targets: 73
[Class.forName]<net.suberic.pooka.SearchTermManager: javax.mail.search.SearchTerm generateSearchTerm(java.lang.String,java.lang.String,java.lang.String,java.lang.String)>[9@L242] $r6 = invokestatic java.lang.Class.forName($r5), #targets: 73
[Class.forName]<net.suberic.pooka.UserProfile: net.suberic.pooka.SignatureGenerator createSignatureGenerator()>[13@L382] $r9 = invokestatic java.lang.Class.forName($r8), #targets: 73
[Class.forName]<net.suberic.util.gui.ConfigurableToolbar: void configureComponent(java.lang.String,net.suberic.util.VariableBundle)>[43@L62] $r21 = invokestatic java.lang.Class.forName($r20), #targets: 73
[Class.forName]<net.suberic.util.gui.propedit.PropertyEditorFactory: void createTypeToClassMap()>[23@L59] $r16 = invokestatic java.lang.Class.forName($r15), #targets: 73
[Class.forName]<net.suberic.util.gui.propedit.PropertyEditorManager: net.suberic.util.gui.propedit.PropertyEditorListener createListener(java.lang.String,java.lang.String,java.lang.String,java.lang.String)>[8@L236] $r7 = invokestatic java.lang.Class.forName($r6), #targets: 73
[Class.forName]<net.suberic.util.prefs.JDBCPreferences: java.sql.Connection getConnection()>[8@L234] $r4 = invokestatic java.lang.Class.forName($r0), #targets: 73
[Class.forName]<sun.awt.SunToolkit: void <init>()>[20@L70] $r5 = invokestatic java.lang.Class.forName($r3), #targets: 73
[Class.forName]<sun.awt.shell.ShellFolder: void <clinit>()>[6@L187] r20 = invokestatic java.lang.Class.forName(r2), #targets: 73
[Class.forName]<sun.misc.Service$LazyIterator: java.lang.Object next()>[10@L272] r29 = invokestatic java.lang.Class.forName(r1, %intconst0, $r2), #targets: 73
[Class.forName]<sun.security.jca.ProviderConfig$3: java.lang.Object run()>[19@L236] r45 = invokestatic java.lang.Class.forName($r4), #targets: 73
[Class.forName]<sun.security.provider.PolicyFile: java.security.Permission getInstance(java.lang.String,java.lang.String,java.lang.String)>[0@L942] $r1 = invokestatic java.lang.Class.forName(r0), #targets: 73
[Class.forName]<sun.security.x509.X509Key: java.security.PublicKey buildX509Key(sun.security.x509.AlgorithmId,sun.security.util.BitArray)>[38@L233] r32 = invokestatic java.lang.Class.forName($r28), #targets: 73
[Class.newInstance]<java.awt.EventDispatchThread: boolean handleException(java.lang.Throwable)>[28@L378] $r9 = invokevirtual $r6.newInstance(), #targets: 61
[Class.newInstance]<java.awt.Toolkit: void loadAssistiveTechnologies()>[15@L771] invokevirtual r31.newInstance(), #targets: 61
[Class.newInstance]<java.beans.Beans: java.lang.Object instantiate(java.lang.ClassLoader,java.lang.String,java.beans.beancontext.BeanContext,java.beans.AppletInitializer)>[50@L204] r29 = invokevirtual r37.newInstance(), #targets: 61
[Class.newInstance]<java.util.ServiceLoader$LazyIterator: java.lang.Object next()>[36@L356] $r5 = invokevirtual r32.newInstance(), #targets: 61
[Class.newInstance]<javax.security.sasl.Sasl: java.lang.Object loadFactory(java.security.Provider,java.lang.String)>[4@L382] $r5 = invokevirtual $r4.newInstance(), #targets: 61
[Class.newInstance]<net.suberic.util.prefs.JDBCPreferences: java.sql.Connection getConnection()>[9@L234] invokevirtual $r4.newInstance(), #targets: 61
[Class.newInstance]<sun.misc.Service$LazyIterator: java.lang.Object next()>[36@L282] $r5 = invokevirtual r29.newInstance(), #targets: 61
-------------- Pointer analysis statistics: --------------
#var pointers:                16,8608 (insens) / 77,9979 (sens)
#objects:                     1,7724 (insens) / 1,8779 (sens)
#var points-to:               1964,1586 (insens) / 1,4112,3218 (sens)
#static field points-to:      3,3590 (sens)
#instance field points-to:    491,8474 (sens)
#array points-to:             19,4352 (sens)
#reachable methods:           2,5291 (insens) / 14,9372 (sens)
#call graph edges:            14,8191 (insens) / 102,0048 (sens)
----------------------------------------
pta finishes, elapsed time: 52.58s
cg starts ...
Call graph has 25291 reachable methods and 148191 edges
Dumping call graph to /home/byx/testSpace/javaprjs/pooka-3.0-080505/cs1call-output/call-graph.dot
Dumping reachable methods to /home/byx/testSpace/javaprjs/pooka-3.0-080505/cs1call-output/reachable-methods.txt
Dumping call edges to /home/byx/testSpace/javaprjs/pooka-3.0-080505/cs1call-output/call-edges.txt
cg finishes, elapsed time: 2.15s
Tai-e finishes, elapsed time: 62.24s
[Task Info]
Task Name: cs1call
Java Path: /home/byx/.jdks/corretto-17.0.14/bin/java
JAR Path: /home/byx/projects/Tai-e/build/tai-e-all-0.5.2-SNAPSHOT.jar
Config File: cs1call-config.yml
Project Dir: /home/byx/testSpace/javaprjs/pooka-3.0-080505
Work Dir: /home/byx/projects/Tai-e
Log File: /home/byx/testSpace/javaprjs/pooka-3.0-080505/cs1call_logs/run_20250523-160819.log

[Command]
/home/byx/.jdks/corretto-17.0.14/bin/java -jar /home/byx/projects/Tai-e/build/tai-e-all-0.5.2-SNAPSHOT.jar --options-file /home/byx/testSpace/javaprjs/pooka-3.0-080505/cs1call-config.yml

[Output]

[Performance]
Start Time: 2025-05-23 16:08:19
Duration: 62.81s
Peak Memory: 4288.96 MB
Exit Code: 0
