Writing log to /home/byx/testSpace/javaprjs/itext-5.0.3/ci-output/tai-e.log
java.version: 17.0.14
java.version.date: 2025-01-21
java.runtime.version: 17.0.14+7-LTS
java.vendor: Amazon.com Inc.
java.vendor.version: Corretto-17.0.14.7.1
os.name: Linux
os.version: 5.15.167.4-microsoft-standard-WSL2
os.arch: amd64
Tai-e Version: 0.5.2-SNAPSHOT
Tai-e Commit: f4f1c5d3c96f68ac1bf30f8a35a3b8baefe40761
Writing analysis plan to /home/byx/testSpace/javaprjs/itext-5.0.3/ci-output/tai-e-plan.yml
WorldBuilder starts ...
6145 classes with 58243 methods in the world
WorldBuilder finishes, elapsed time: 7.46s
pta starts ...
[Pointer analysis] elapsed time: 7.93s
-------------- Pointer analysis statistics: --------------
#var pointers:                8,7060 (insens) / 8,7060 (sens)
#objects:                     1,0467 (insens) / 1,0467 (sens)
#var points-to:               660,6913 (insens) / 660,6913 (sens)
#static field points-to:      1,4150 (sens)
#instance field points-to:    99,9384 (sens)
#array points-to:             14,9942 (sens)
#reachable methods:           1,3737 (insens) / 1,3737 (sens)
#call graph edges:            8,0023 (insens) / 8,0023 (sens)
----------------------------------------
pta finishes, elapsed time: 8.71s
cg starts ...
Call graph has 13737 reachable methods and 80023 edges
Dumping call graph to /home/byx/testSpace/javaprjs/itext-5.0.3/ci-output/call-graph.dot
Dumping reachable methods to /home/byx/testSpace/javaprjs/itext-5.0.3/ci-output/reachable-methods.txt
Dumping call edges to /home/byx/testSpace/javaprjs/itext-5.0.3/ci-output/call-edges.txt
cg finishes, elapsed time: 1.19s
Tai-e finishes, elapsed time: 17.53s
