Writing log to /home/byx/testSpace/javaprjs/drawswf-1.2.9/ci_app-output/tai-e.log
java.version: 17.0.14
java.version.date: 2025-01-21
java.runtime.version: 17.0.14+7-LTS
java.vendor: Amazon.com Inc.
java.vendor.version: Corretto-17.0.14.7.1
os.name: Linux
os.version: 5.15.167.4-microsoft-standard-WSL2
os.arch: amd64
Tai-e Version: 0.5.2-SNAPSHOT
Tai-e Commit: f4f1c5d3c96f68ac1bf30f8a35a3b8baefe40761
Writing analysis plan to /home/byx/testSpace/javaprjs/drawswf-1.2.9/ci_app-output/tai-e-plan.yml
WorldBuilder starts ...
4689 classes with 46448 methods in the world
WorldBuilder finishes, elapsed time: 4.60s
pta starts ...
[Pointer analysis] elapsed time: 0.12s
-------------- Pointer analysis statistics: --------------
#var pointers:                1370 (insens) / 1958 (sens)
#objects:                     178 (insens) / 178 (sens)
#var points-to:               1014 (insens) / 1377 (sens)
#static field points-to:      23 (sens)
#instance field points-to:    86 (sens)
#array points-to:             3 (sens)
#reachable methods:           306 (insens) / 736 (sens)
#call graph edges:            706 (insens) / 1002 (sens)
----------------------------------------
pta finishes, elapsed time: 0.32s
cg starts ...
Call graph has 306 reachable methods and 706 edges
Dumping call graph to /home/byx/testSpace/javaprjs/drawswf-1.2.9/ci_app-output/call-graph.dot
Dumping reachable methods to /home/byx/testSpace/javaprjs/drawswf-1.2.9/ci_app-output/reachable-methods.txt
Dumping call edges to /home/byx/testSpace/javaprjs/drawswf-1.2.9/ci_app-output/call-edges.txt
cg finishes, elapsed time: 0.07s
Tai-e finishes, elapsed time: 5.15s
