Writing log to /home/byx/testSpace/javaprjs/jrefactory-2.9.19/ci-output/tai-e.log
java.version: 17.0.14
java.version.date: 2025-01-21
java.runtime.version: 17.0.14+7-LTS
java.vendor: Amazon.com Inc.
java.vendor.version: Corretto-17.0.14.7.1
os.name: Linux
os.version: 5.15.167.4-microsoft-standard-WSL2
os.arch: amd64
Tai-e Version: 0.5.2-SNAPSHOT
Tai-e Commit: f4f1c5d3c96f68ac1bf30f8a35a3b8baefe40761
Writing analysis plan to /home/byx/testSpace/javaprjs/jrefactory-2.9.19/ci-output/tai-e-plan.yml
WorldBuilder starts ...
7565 classes with 68259 methods in the world
WorldBuilder finishes, elapsed time: 10.90s
pta starts ...
[Pointer analysis] elapsed time: 6.86s
-------------- Pointer analysis statistics: --------------
#var pointers:                7,6052 (insens) / 7,6052 (sens)
#objects:                     7804 (insens) / 7804 (sens)
#var points-to:               645,6631 (insens) / 645,6631 (sens)
#static field points-to:      7016 (sens)
#instance field points-to:    134,0669 (sens)
#array points-to:             12,2361 (sens)
#reachable methods:           1,1587 (insens) / 1,1587 (sens)
#call graph edges:            5,9847 (insens) / 5,9847 (sens)
----------------------------------------
pta finishes, elapsed time: 7.59s
cg starts ...
Call graph has 11587 reachable methods and 59847 edges
Dumping call graph to /home/byx/testSpace/javaprjs/jrefactory-2.9.19/ci-output/call-graph.dot
Dumping reachable methods to /home/byx/testSpace/javaprjs/jrefactory-2.9.19/ci-output/reachable-methods.txt
Dumping call edges to /home/byx/testSpace/javaprjs/jrefactory-2.9.19/ci-output/call-edges.txt
cg finishes, elapsed time: 0.86s
Tai-e finishes, elapsed time: 19.52s
