Tai-e starts ...
Output directory: /home/byx/testSpace/javaprjs/emma-2.0.5312/cs1call-output
Writing options to /home/byx/testSpace/javaprjs/emma-2.0.5312/cs1call-output/options.yml
Writing log to /home/byx/testSpace/javaprjs/emma-2.0.5312/cs1call-output/tai-e.log
java.version: 17.0.14
java.version.date: 2025-01-21
java.runtime.version: 17.0.14+7-LTS
java.vendor: Amazon.com Inc.
java.vendor.version: Corretto-17.0.14.7.1
os.name: Linux
os.version: 5.15.167.4-microsoft-standard-WSL2
os.arch: amd64
Tai-e Version: 0.5.2-SNAPSHOT
Tai-e Commit: f4f1c5d3c96f68ac1bf30f8a35a3b8baefe40761
Writing analysis plan to /home/byx/testSpace/javaprjs/emma-2.0.5312/cs1call-output/tai-e-plan.yml
WorldBuilder starts ...
Scanning /home/byx/testSpace/javaprjs/emma-2.0.5312/bin ... 332 classes
2640 classes with 25404 methods in the world
WorldBuilder finishes, elapsed time: 3.41s
pta starts ...
[Pointer analysis] elapsed time: 3.07s
-------------- Pointer analysis statistics: --------------
#var pointers:                2,8638 (insens) / 9,7641 (sens)
#objects:                     2760 (insens) / 2782 (sens)
#var points-to:               37,9909 (insens) / 236,6762 (sens)
#static field points-to:      1000 (sens)
#instance field points-to:    3,8875 (sens)
#array points-to:             6411 (sens)
#reachable methods:           3937 (insens) / 2,0121 (sens)
#call graph edges:            1,9950 (insens) / 8,6376 (sens)
----------------------------------------
pta finishes, elapsed time: 3.54s
cg starts ...
Call graph has 3937 reachable methods and 19950 edges
Dumping call graph to /home/byx/testSpace/javaprjs/emma-2.0.5312/cs1call-output/call-graph.dot
Dumping reachable methods to /home/byx/testSpace/javaprjs/emma-2.0.5312/cs1call-output/reachable-methods.txt
Dumping call edges to /home/byx/testSpace/javaprjs/emma-2.0.5312/cs1call-output/call-edges.txt
cg finishes, elapsed time: 0.41s
Tai-e finishes, elapsed time: 7.51s
[Task Info]
Task Name: cs1call
Java Path: /home/byx/.jdks/corretto-17.0.14/bin/java
JAR Path: /home/byx/projects/Tai-e/build/tai-e-all-0.5.2-SNAPSHOT.jar
Config File: cs1call-config.yml
Project Dir: /home/byx/testSpace/javaprjs/emma-2.0.5312
Work Dir: /home/byx/projects/Tai-e
Log File: /home/byx/testSpace/javaprjs/emma-2.0.5312/cs1call_logs/run_20250523-192542.log

[Command]
/home/byx/.jdks/corretto-17.0.14/bin/java -jar /home/byx/projects/Tai-e/build/tai-e-all-0.5.2-SNAPSHOT.jar --options-file /home/byx/testSpace/javaprjs/emma-2.0.5312/cs1call-config.yml

[Output]

[Performance]
Start Time: 2025-05-23 19:25:42
Duration: 8.03s
Peak Memory: 956.78 MB
Exit Code: 0
