Tai-e starts ...
Output directory: /home/byx/testSpace/javaprjs/jag-6.1/cs1call-output
Writing options to /home/byx/testSpace/javaprjs/jag-6.1/cs1call-output/options.yml
Writing log to /home/byx/testSpace/javaprjs/jag-6.1/cs1call-output/tai-e.log
java.version: 17.0.14
java.version.date: 2025-01-21
java.runtime.version: 17.0.14+7-LTS
java.vendor: Amazon.com Inc.
java.vendor.version: Corretto-17.0.14.7.1
os.name: Linux
os.version: 5.15.167.4-microsoft-standard-WSL2
os.arch: amd64
Tai-e Version: 0.5.2-SNAPSHOT
Tai-e Commit: f4f1c5d3c96f68ac1bf30f8a35a3b8baefe40761
Writing analysis plan to /home/byx/testSpace/javaprjs/jag-6.1/cs1call-output/tai-e-plan.yml
WorldBuilder starts ...
Scanning /home/byx/testSpace/javaprjs/jag-6.1/bin ... 258 classes
4058 classes with 39154 methods in the world
WorldBuilder finishes, elapsed time: 3.68s
pta starts ...
[Pointer analysis] elapsed time: 13.12s
-------------- Pointer analysis statistics: --------------
#var pointers:                7,3974 (insens) / 33,9732 (sens)
#objects:                     7227 (insens) / 7288 (sens)
#var points-to:               541,5260 (insens) / 3837,6559 (sens)
#static field points-to:      8958 (sens)
#instance field points-to:    72,0869 (sens)
#array points-to:             6,8576 (sens)
#reachable methods:           1,1093 (insens) / 6,2068 (sens)
#call graph edges:            6,1635 (insens) / 35,3359 (sens)
----------------------------------------
pta finishes, elapsed time: 15.05s
cg starts ...
Call graph has 11093 reachable methods and 61635 edges
Dumping call graph to /home/byx/testSpace/javaprjs/jag-6.1/cs1call-output/call-graph.dot
Dumping reachable methods to /home/byx/testSpace/javaprjs/jag-6.1/cs1call-output/reachable-methods.txt
Dumping call edges to /home/byx/testSpace/javaprjs/jag-6.1/cs1call-output/call-edges.txt
cg finishes, elapsed time: 0.94s
Tai-e finishes, elapsed time: 19.84s
[Task Info]
Task Name: cs1call
Java Path: /home/byx/.jdks/corretto-17.0.14/bin/java
JAR Path: /home/byx/projects/Tai-e/build/tai-e-all-0.5.2-SNAPSHOT.jar
Config File: cs1call-config.yml
Project Dir: /home/byx/testSpace/javaprjs/jag-6.1
Work Dir: /home/byx/projects/Tai-e
Log File: /home/byx/testSpace/javaprjs/jag-6.1/cs1call_logs/run_20250523-192649.log

[Command]
/home/byx/.jdks/corretto-17.0.14/bin/java -jar /home/byx/projects/Tai-e/build/tai-e-all-0.5.2-SNAPSHOT.jar --options-file /home/byx/testSpace/javaprjs/jag-6.1/cs1call-config.yml

[Output]

[Performance]
Start Time: 2025-05-23 19:26:49
Duration: 20.36s
Peak Memory: 2348.63 MB
Exit Code: 0
