Tai-e starts ...
Output directory: /home/byx/testSpace/javaprjs/quartz-1.8.3/ci-output
Writing options to /home/byx/testSpace/javaprjs/quartz-1.8.3/ci-output/options.yml
Writing log to /home/byx/testSpace/javaprjs/quartz-1.8.3/ci-output/tai-e.log
java.version: 17.0.14
java.version.date: 2025-01-21
java.runtime.version: 17.0.14+7-LTS
java.vendor: Amazon.com Inc.
java.vendor.version: Corretto-17.0.14.7.1
os.name: Linux
os.version: 5.15.167.4-microsoft-standard-WSL2
os.arch: amd64
Tai-e Version: 0.5.2-SNAPSHOT
Tai-e Commit: f4f1c5d3c96f68ac1bf30f8a35a3b8baefe40761
Writing analysis plan to /home/byx/testSpace/javaprjs/quartz-1.8.3/ci-output/tai-e-plan.yml
WorldBuilder starts ...
Scanning /home/byx/testSpace/javaprjs/quartz-1.8.3/bin ... 285 classes
6691 classes with 63891 methods in the world
WorldBuilder finishes, elapsed time: 5.29s
pta starts ...
[Pointer analysis] elapsed time: 7.18s
Imprecise reflective calls:
[Array.newInstance]<com.sun.jmx.mbeanserver.OpenConverter: java.lang.reflect.Type fixType(java.lang.reflect.Type)>[12@L1506] $r6 = invokestatic java.lang.reflect.Array.newInstance(r5, %intconst0), #targets: 95
[Array.newInstance]<java.lang.Class: java.lang.Class toClass(java.lang.reflect.Type)>[6@L985] $r5 = invokestatic java.lang.reflect.Array.newInstance($r4, %intconst0), #targets: 95
-------------- Pointer analysis statistics: --------------
#var pointers:                7,3093 (insens) / 7,3093 (sens)
#objects:                     7787 (insens) / 7787 (sens)
#var points-to:               359,3540 (insens) / 359,3540 (sens)
#static field points-to:      7726 (sens)
#instance field points-to:    65,1987 (sens)
#array points-to:             5,1188 (sens)
#reachable methods:           1,1340 (insens) / 1,1340 (sens)
#call graph edges:            6,4838 (insens) / 6,4838 (sens)
----------------------------------------
pta finishes, elapsed time: 7.81s
cg starts ...
Call graph has 11340 reachable methods and 64838 edges
Dumping call graph to /home/byx/testSpace/javaprjs/quartz-1.8.3/ci-output/call-graph.dot
Dumping reachable methods to /home/byx/testSpace/javaprjs/quartz-1.8.3/ci-output/reachable-methods.txt
Dumping call edges to /home/byx/testSpace/javaprjs/quartz-1.8.3/ci-output/call-edges.txt
cg finishes, elapsed time: 1.01s
Tai-e finishes, elapsed time: 14.27s
[Task Info]
Task Name: ci
Java Path: /home/byx/.jdks/corretto-17.0.14/bin/java
JAR Path: /home/byx/projects/Tai-e/build/tai-e-all-0.5.2-SNAPSHOT.jar
Config File: ci-config.yml
Project Dir: /home/byx/testSpace/javaprjs/quartz-1.8.3
Work Dir: /home/byx/projects/Tai-e
Log File: /home/byx/testSpace/javaprjs/quartz-1.8.3/ci_logs/run_20250522-160947.log

[Command]
/home/byx/.jdks/corretto-17.0.14/bin/java -jar /home/byx/projects/Tai-e/build/tai-e-all-0.5.2-SNAPSHOT.jar --options-file /home/byx/testSpace/javaprjs/quartz-1.8.3/ci-config.yml

[Output]

[Performance]
Start Time: 2025-05-22 16:09:47
Duration: 14.74s
Peak Memory: 1339.07 MB
Exit Code: 0
