Tai-e starts ...
Output directory: /home/byx/testSpace/javaprjs/quartz-1.8.3/ci-output
Writing options to /home/byx/testSpace/javaprjs/quartz-1.8.3/ci-output/options.yml
Writing log to /home/byx/testSpace/javaprjs/quartz-1.8.3/ci-output/tai-e.log
java.version: 17.0.14
java.version.date: 2025-01-21
java.runtime.version: 17.0.14+7-LTS
java.vendor: Amazon.com Inc.
java.vendor.version: Corretto-17.0.14.7.1
os.name: Linux
os.version: 5.15.167.4-microsoft-standard-WSL2
os.arch: amd64
Tai-e Version: 0.5.2-SNAPSHOT
Tai-e Commit: f4f1c5d3c96f68ac1bf30f8a35a3b8baefe40761
Writing analysis plan to /home/byx/testSpace/javaprjs/quartz-1.8.3/ci-output/tai-e-plan.yml
WorldBuilder starts ...
Scanning /home/byx/testSpace/javaprjs/quartz-1.8.3/bin ... 285 classes
6691 classes with 63891 methods in the world
WorldBuilder finishes, elapsed time: 4.99s
pta starts ...
[Pointer analysis] elapsed time: 7.72s
Imprecise reflective calls:
[Array.newInstance]<com.sun.jmx.mbeanserver.OpenConverter: java.lang.reflect.Type fixType(java.lang.reflect.Type)>[12@L1506] $r6 = invokestatic java.lang.reflect.Array.newInstance(r5, %intconst0), #targets: 95
[Array.newInstance]<java.lang.Class: java.lang.Class toClass(java.lang.reflect.Type)>[6@L985] $r5 = invokestatic java.lang.reflect.Array.newInstance($r4, %intconst0), #targets: 95
-------------- Pointer analysis statistics: --------------
#var pointers:                7,2929 (insens) / 7,2929 (sens)
#objects:                     7751 (insens) / 7751 (sens)
#var points-to:               356,8431 (insens) / 356,8431 (sens)
#static field points-to:      7435 (sens)
#instance field points-to:    64,9767 (sens)
#array points-to:             5,1052 (sens)
#reachable methods:           1,1291 (insens) / 1,1291 (sens)
#call graph edges:            6,4544 (insens) / 6,4544 (sens)
----------------------------------------
pta finishes, elapsed time: 8.54s
cg starts ...
Call graph has 11291 reachable methods and 64544 edges
Dumping call graph to /home/byx/testSpace/javaprjs/quartz-1.8.3/ci-output/call-graph.dot
Dumping reachable methods to /home/byx/testSpace/javaprjs/quartz-1.8.3/ci-output/reachable-methods.txt
Dumping call edges to /home/byx/testSpace/javaprjs/quartz-1.8.3/ci-output/call-edges.txt
cg finishes, elapsed time: 1.16s
Tai-e finishes, elapsed time: 14.84s
[Task Info]
Task Name: ci
Java Path: /home/byx/.jdks/corretto-17.0.14/bin/java
JAR Path: /home/byx/projects/Tai-e/build/tai-e-all-0.5.2-SNAPSHOT.jar
Config File: ci-config.yml
Project Dir: /home/byx/testSpace/javaprjs/quartz-1.8.3
Work Dir: /home/byx/projects/Tai-e
Log File: /home/byx/testSpace/javaprjs/quartz-1.8.3/ci_logs/run_20250523-134917.log

[Command]
/home/byx/.jdks/corretto-17.0.14/bin/java -jar /home/byx/projects/Tai-e/build/tai-e-all-0.5.2-SNAPSHOT.jar --options-file /home/byx/testSpace/javaprjs/quartz-1.8.3/ci-config.yml

[Output]

[Performance]
Start Time: 2025-05-23 13:49:17
Duration: 15.36s
Peak Memory: 1298.87 MB
Exit Code: 0
