Writing log to /home/byx/testSpace/javaprjs/sablecc-3.2/cs1call-output/tai-e.log
java.version: 17.0.14
java.version.date: 2025-01-21
java.runtime.version: 17.0.14+7-LTS
java.vendor: Amazon.com Inc.
java.vendor.version: Corretto-17.0.14.7.1
os.name: Linux
os.version: 5.15.167.4-microsoft-standard-WSL2
os.arch: amd64
Tai-e Version: 0.5.2-SNAPSHOT
Tai-e Commit: f4f1c5d3c96f68ac1bf30f8a35a3b8baefe40761
Writing analysis plan to /home/byx/testSpace/javaprjs/sablecc-3.2/cs1call-output/tai-e-plan.yml
WorldBuilder starts ...
7059 classes with 67246 methods in the world
WorldBuilder finishes, elapsed time: 3.86s
pta starts ...
[Pointer analysis] elapsed time: 9.84s
-------------- Pointer analysis statistics: --------------
#var pointers:                7,3389 (insens) / 26,9609 (sens)
#objects:                     8429 (insens) / 8434 (sens)
#var points-to:               598,5490 (insens) / 2875,8989 (sens)
#static field points-to:      2316 (sens)
#instance field points-to:    68,8780 (sens)
#array points-to:             15,6471 (sens)
#reachable methods:           9904 (insens) / 5,6661 (sens)
#call graph edges:            5,5995 (insens) / 35,8803 (sens)
----------------------------------------
pta finishes, elapsed time: 11.37s
cg starts ...
Call graph has 9904 reachable methods and 55995 edges
Dumping call graph to /home/byx/testSpace/javaprjs/sablecc-3.2/cs1call-output/call-graph.dot
Dumping reachable methods to /home/byx/testSpace/javaprjs/sablecc-3.2/cs1call-output/reachable-methods.txt
Dumping call edges to /home/byx/testSpace/javaprjs/sablecc-3.2/cs1call-output/call-edges.txt
cg finishes, elapsed time: 0.90s
Tai-e finishes, elapsed time: 16.29s
