Tai-e starts ...
Output directory: /home/byx/testSpace/javaprjs/quartz-1.8.3/cs1call-output
Writing options to /home/byx/testSpace/javaprjs/quartz-1.8.3/cs1call-output/options.yml
Writing log to /home/byx/testSpace/javaprjs/quartz-1.8.3/cs1call-output/tai-e.log
java.version: 17.0.14
java.version.date: 2025-01-21
java.runtime.version: 17.0.14+7-LTS
java.vendor: Amazon.com Inc.
java.vendor.version: Corretto-17.0.14.7.1
os.name: Linux
os.version: 5.15.167.4-microsoft-standard-WSL2
os.arch: amd64
Tai-e Version: 0.5.2-SNAPSHOT
Tai-e Commit: f4f1c5d3c96f68ac1bf30f8a35a3b8baefe40761
Writing analysis plan to /home/byx/testSpace/javaprjs/quartz-1.8.3/cs1call-output/tai-e-plan.yml
WorldBuilder starts ...
Scanning /home/byx/testSpace/javaprjs/quartz-1.8.3/bin ... 285 classes
6691 classes with 63891 methods in the world
WorldBuilder finishes, elapsed time: 4.57s
pta starts ...
[Pointer analysis] elapsed time: 10.35s
-------------- Pointer analysis statistics: --------------
#var pointers:                7,1667 (insens) / 29,3713 (sens)
#objects:                     7251 (insens) / 7424 (sens)
#var points-to:               242,3841 (insens) / 1621,7512 (sens)
#static field points-to:      6474 (sens)
#instance field points-to:    38,5719 (sens)
#array points-to:             3,8688 (sens)
#reachable methods:           1,1119 (insens) / 6,0381 (sens)
#call graph edges:            5,9804 (insens) / 44,8179 (sens)
----------------------------------------
pta finishes, elapsed time: 11.69s
cg starts ...
Call graph has 11119 reachable methods and 59804 edges
Dumping call graph to /home/byx/testSpace/javaprjs/quartz-1.8.3/cs1call-output/call-graph.dot
Dumping reachable methods to /home/byx/testSpace/javaprjs/quartz-1.8.3/cs1call-output/reachable-methods.txt
Dumping call edges to /home/byx/testSpace/javaprjs/quartz-1.8.3/cs1call-output/call-edges.txt
cg finishes, elapsed time: 0.93s
Tai-e finishes, elapsed time: 17.34s
[Task Info]
Task Name: cs1call
Java Path: /home/byx/.jdks/corretto-17.0.14/bin/java
JAR Path: /home/byx/projects/Tai-e/build/tai-e-all-0.5.2-SNAPSHOT.jar
Config File: cs1call-config.yml
Project Dir: /home/byx/testSpace/javaprjs/quartz-1.8.3
Work Dir: /home/byx/projects/Tai-e
Log File: /home/byx/testSpace/javaprjs/quartz-1.8.3/cs1call_logs/run_20250521-114433.log

[Command]
/home/byx/.jdks/corretto-17.0.14/bin/java -jar /home/byx/projects/Tai-e/build/tai-e-all-0.5.2-SNAPSHOT.jar --options-file /home/byx/testSpace/javaprjs/quartz-1.8.3/cs1call-config.yml

[Output]

[Performance]
Start Time: 2025-05-21 11:44:33
Duration: 17.76s
Peak Memory: 1944.02 MB
Exit Code: 0
