Tai-e starts ...
Output directory: /home/byx/testSpace/javaprjs/jedit-4.3.2/ci-output
Writing options to /home/byx/testSpace/javaprjs/jedit-4.3.2/ci-output/options.yml
Writing log to /home/byx/testSpace/javaprjs/jedit-4.3.2/ci-output/tai-e.log
java.version: 17.0.14
java.version.date: 2025-01-21
java.runtime.version: 17.0.14+7-LTS
java.vendor: Amazon.com Inc.
java.vendor.version: Corretto-17.0.14.7.1
os.name: Linux
os.version: 5.15.167.4-microsoft-standard-WSL2
os.arch: amd64
Tai-e Version: 0.5.2-SNAPSHOT
Tai-e Commit: f4f1c5d3c96f68ac1bf30f8a35a3b8baefe40761
Writing analysis plan to /home/byx/testSpace/javaprjs/jedit-4.3.2/ci-output/tai-e-plan.yml
WorldBuilder starts ...
Scanning /home/byx/testSpace/javaprjs/jedit-4.3.2/bin ... 1183 classes
6921 classes with 62987 methods in the world
WorldBuilder finishes, elapsed time: 6.81s
pta starts ...
[Pointer analysis] elapsed time: 16.16s
Imprecise reflective calls:
[Class.newInstance]<java.security.Provider$Service: java.lang.Object newInstance(java.lang.Object)>[47@L1221] $r24 = invokevirtual $r23.newInstance(), #targets: 381
[Class.newInstance]<java.security.Provider$Service: java.lang.Object newInstanceGeneric(java.lang.Object)>[2@L1283] $r19 = invokevirtual $r1.newInstance(), #targets: 381
-------------- Pointer analysis statistics: --------------
#var pointers:                14,3887 (insens) / 14,3887 (sens)
#objects:                     1,7586 (insens) / 1,7586 (sens)
#var points-to:               2490,2593 (insens) / 2490,2593 (sens)
#static field points-to:      5,8491 (sens)
#instance field points-to:    762,2926 (sens)
#array points-to:             53,5860 (sens)
#reachable methods:           2,1986 (insens) / 2,1986 (sens)
#call graph edges:            13,0822 (insens) / 13,0822 (sens)
----------------------------------------
pta finishes, elapsed time: 17.90s
cg starts ...
Call graph has 21986 reachable methods and 130822 edges
Dumping call graph to /home/byx/testSpace/javaprjs/jedit-4.3.2/ci-output/call-graph.dot
Dumping reachable methods to /home/byx/testSpace/javaprjs/jedit-4.3.2/ci-output/reachable-methods.txt
Dumping call edges to /home/byx/testSpace/javaprjs/jedit-4.3.2/ci-output/call-edges.txt
cg finishes, elapsed time: 1.80s
Tai-e finishes, elapsed time: 26.67s
[Task Info]
Task Name: ci
Java Path: /home/byx/.jdks/corretto-17.0.14/bin/java
JAR Path: /home/byx/projects/Tai-e/build/tai-e-all-0.5.2-SNAPSHOT.jar
Config File: ci-config.yml
Project Dir: /home/byx/testSpace/javaprjs/jedit-4.3.2
Work Dir: /home/byx/projects/Tai-e
Log File: /home/byx/testSpace/javaprjs/jedit-4.3.2/ci_logs/run_20250523-190638.log

[Command]
/home/byx/.jdks/corretto-17.0.14/bin/java -jar /home/byx/projects/Tai-e/build/tai-e-all-0.5.2-SNAPSHOT.jar --options-file /home/byx/testSpace/javaprjs/jedit-4.3.2/ci-config.yml

[Output]

[Performance]
Start Time: 2025-05-23 19:06:38
Duration: 27.18s
Peak Memory: 3391.80 MB
Exit Code: 0
