Tai-e starts ...
Output directory: /home/byx/testSpace/javaprjs/megamek-0.35.18/taie-output
Writing options to /home/byx/testSpace/javaprjs/megamek-0.35.18/taie-output/options.yml
Writing log to /home/byx/testSpace/javaprjs/megamek-0.35.18/taie-output/tai-e.log
java.version: 17.0.14
java.version.date: 2025-01-21
java.runtime.version: 17.0.14+7-LTS
java.vendor: Amazon.com Inc.
java.vendor.version: Corretto-17.0.14.7.1
os.name: Linux
os.version: 5.15.167.4-microsoft-standard-WSL2
os.arch: amd64
Tai-e Version: 0.5.2-SNAPSHOT
Tai-e Commit: f4f1c5d3c96f68ac1bf30f8a35a3b8baefe40761
Writing analysis plan to /home/byx/testSpace/javaprjs/megamek-0.35.18/taie-output/tai-e-plan.yml
WorldBuilder starts ...
Scanning /home/byx/testSpace/javaprjs/megamek-0.35.18/bin ... 2185 classes
7687 classes with 70450 methods in the world
WorldBuilder finishes, elapsed time: 11.57s
pta starts ...
[Pointer analysis] elapsed time: 32.63s
-------------- Pointer analysis statistics: --------------
#var pointers:                14,0243 (insens) / 63,3785 (sens)
#objects:                     1,6363 (insens) / 1,6609 (sens)
#var points-to:               2212,0594 (insens) / 1,6625,0812 (sens)
#static field points-to:      8907 (sens)
#instance field points-to:    122,0435 (sens)
#array points-to:             16,7265 (sens)
#reachable methods:           1,8052 (insens) / 13,5206 (sens)
#call graph edges:            13,4515 (insens) / 122,6422 (sens)
----------------------------------------
pta finishes, elapsed time: 39.21s
cg starts ...
Call graph has 18052 reachable methods and 134515 edges
Dumping call graph to /home/byx/testSpace/javaprjs/megamek-0.35.18/taie-output/call-graph.dot
Dumping reachable methods to /home/byx/testSpace/javaprjs/megamek-0.35.18/taie-output/reachable-methods.txt
Dumping call edges to /home/byx/testSpace/javaprjs/megamek-0.35.18/taie-output/call-edges.txt
cg finishes, elapsed time: 1.77s
Tai-e finishes, elapsed time: 52.72s
[Task Info]
Task Name: taie
Java Path: /home/byx/.jdks/corretto-17.0.14/bin/java
JAR Path: /home/byx/projects/Tai-e/build/tai-e-all-0.5.2-SNAPSHOT.jar
Config File: taie-config.yml
Project Dir: /home/byx/testSpace/javaprjs/megamek-0.35.18
Work Dir: /home/byx/projects/Tai-e
Log File: /home/byx/testSpace/javaprjs/megamek-0.35.18/taie_logs/run_20250521-123632.log

[Command]
/home/byx/.jdks/corretto-17.0.14/bin/java -jar /home/byx/projects/Tai-e/build/tai-e-all-0.5.2-SNAPSHOT.jar --options-file /home/byx/testSpace/javaprjs/megamek-0.35.18/taie-config.yml

[Output]

[Performance]
Start Time: 2025-05-21 12:36:32
Duration: 53.20s
Peak Memory: 3690.86 MB
Exit Code: 0
