Writing log to /home/byx/testSpace/javaprjs/james-2.2.0/ci_app-output/tai-e.log
java.version: 17.0.14
java.version.date: 2025-01-21
java.runtime.version: 17.0.14+7-LTS
java.vendor: Amazon.com Inc.
java.vendor.version: Corretto-17.0.14.7.1
os.name: Linux
os.version: 5.15.167.4-microsoft-standard-WSL2
os.arch: amd64
Tai-e Version: 0.5.2-SNAPSHOT
Tai-e Commit: f4f1c5d3c96f68ac1bf30f8a35a3b8baefe40761
Writing analysis plan to /home/byx/testSpace/javaprjs/james-2.2.0/ci_app-output/tai-e-plan.yml
WorldBuilder starts ...
3038 classes with 29727 methods in the world
WorldBuilder finishes, elapsed time: 4.18s
pta starts ...
[Pointer analysis] elapsed time: 0.04s
-------------- Pointer analysis statistics: --------------
#var pointers:                9 (insens) / 9 (sens)
#objects:                     3 (insens) / 3 (sens)
#var points-to:               5 (insens) / 5 (sens)
#static field points-to:      0 (sens)
#instance field points-to:    0 (sens)
#array points-to:             1 (sens)
#reachable methods:           4 (insens) / 4 (sens)
#call graph edges:            0 (insens) / 0 (sens)
----------------------------------------
pta finishes, elapsed time: 0.18s
cg starts ...
Call graph has 4 reachable methods and 0 edges
Dumping call graph to /home/byx/testSpace/javaprjs/james-2.2.0/ci_app-output/call-graph.dot
Dumping reachable methods to /home/byx/testSpace/javaprjs/james-2.2.0/ci_app-output/reachable-methods.txt
Dumping call edges to /home/byx/testSpace/javaprjs/james-2.2.0/ci_app-output/call-edges.txt
cg finishes, elapsed time: 0.01s
Tai-e finishes, elapsed time: 4.54s
