Tai-e starts ...
Output directory: /home/byx/testSpace/javaprjs/itext-5.0.3/taie-output
Writing options to /home/byx/testSpace/javaprjs/itext-5.0.3/taie-output/options.yml
Writing log to /home/byx/testSpace/javaprjs/itext-5.0.3/taie-output/tai-e.log
java.version: 17.0.14
java.version.date: 2025-01-21
java.runtime.version: 17.0.14+7-LTS
java.vendor: Amazon.com Inc.
java.vendor.version: Corretto-17.0.14.7.1
os.name: Linux
os.version: 5.15.167.4-microsoft-standard-WSL2
os.arch: amd64
Tai-e Version: 0.5.2-SNAPSHOT
Tai-e Commit: f4f1c5d3c96f68ac1bf30f8a35a3b8baefe40761
Writing analysis plan to /home/byx/testSpace/javaprjs/itext-5.0.3/taie-output/tai-e-plan.yml
WorldBuilder starts ...
Scanning /home/byx/testSpace/javaprjs/itext-5.0.3/bin ... 596 classes
6145 classes with 58243 methods in the world
WorldBuilder finishes, elapsed time: 7.61s
pta starts ...
[Pointer analysis] elapsed time: 16.01s
-------------- Pointer analysis statistics: --------------
#var pointers:                8,6559 (insens) / 38,1103 (sens)
#objects:                     1,0328 (insens) / 1,0701 (sens)
#var points-to:               487,1580 (insens) / 3739,1784 (sens)
#static field points-to:      1,0193 (sens)
#instance field points-to:    49,7567 (sens)
#array points-to:             7,6959 (sens)
#reachable methods:           1,3663 (insens) / 7,7541 (sens)
#call graph edges:            7,6915 (insens) / 90,2044 (sens)
----------------------------------------
pta finishes, elapsed time: 18.32s
cg starts ...
Call graph has 13663 reachable methods and 76915 edges
Dumping call graph to /home/byx/testSpace/javaprjs/itext-5.0.3/taie-output/call-graph.dot
Dumping reachable methods to /home/byx/testSpace/javaprjs/itext-5.0.3/taie-output/reachable-methods.txt
Dumping call edges to /home/byx/testSpace/javaprjs/itext-5.0.3/taie-output/call-edges.txt
cg finishes, elapsed time: 1.11s
Tai-e finishes, elapsed time: 27.21s
[Task Info]
Task Name: taie
Java Path: /home/byx/.jdks/corretto-17.0.14/bin/java
JAR Path: /home/byx/projects/Tai-e/build/tai-e-all-0.5.2-SNAPSHOT.jar
Config File: taie-config.yml
Project Dir: /home/byx/testSpace/javaprjs/itext-5.0.3
Work Dir: /home/byx/projects/Tai-e
Log File: /home/byx/testSpace/javaprjs/itext-5.0.3/taie_logs/run_20250521-123256.log

[Command]
/home/byx/.jdks/corretto-17.0.14/bin/java -jar /home/byx/projects/Tai-e/build/tai-e-all-0.5.2-SNAPSHOT.jar --options-file /home/byx/testSpace/javaprjs/itext-5.0.3/taie-config.yml

[Output]

[Performance]
Start Time: 2025-05-21 12:32:56
Duration: 27.71s
Peak Memory: 1958.91 MB
Exit Code: 0
