Tai-e starts ...
Output directory: /home/byx/testSpace/javaprjs/itext-5.0.3/taie-output
Writing options to /home/byx/testSpace/javaprjs/itext-5.0.3/taie-output/options.yml
Writing log to /home/byx/testSpace/javaprjs/itext-5.0.3/taie-output/tai-e.log
java.version: 17.0.14
java.version.date: 2025-01-21
java.runtime.version: 17.0.14+7-LTS
java.vendor: Amazon.com Inc.
java.vendor.version: Corretto-17.0.14.7.1
os.name: Linux
os.version: 5.15.167.4-microsoft-standard-WSL2
os.arch: amd64
Tai-e Version: 0.5.2-SNAPSHOT
Tai-e Commit: f4f1c5d3c96f68ac1bf30f8a35a3b8baefe40761
Writing analysis plan to /home/byx/testSpace/javaprjs/itext-5.0.3/taie-output/tai-e-plan.yml
WorldBuilder starts ...
Scanning /home/byx/testSpace/javaprjs/itext-5.0.3/bin ... 596 classes
6145 classes with 58243 methods in the world
WorldBuilder finishes, elapsed time: 7.16s
pta starts ...
[Pointer analysis] elapsed time: 0.03s
-------------- Pointer analysis statistics: --------------
#var pointers:                12 (insens) / 12 (sens)
#objects:                     7 (insens) / 7 (sens)
#var points-to:               10 (insens) / 10 (sens)
#static field points-to:      0 (sens)
#instance field points-to:    2 (sens)
#array points-to:             1 (sens)
#reachable methods:           21 (insens) / 24 (sens)
#call graph edges:            9 (insens) / 9 (sens)
----------------------------------------
pta finishes, elapsed time: 0.16s
cg starts ...
Call graph has 21 reachable methods and 9 edges
Dumping call graph to /home/byx/testSpace/javaprjs/itext-5.0.3/taie-output/call-graph.dot
Dumping reachable methods to /home/byx/testSpace/javaprjs/itext-5.0.3/taie-output/reachable-methods.txt
Dumping call edges to /home/byx/testSpace/javaprjs/itext-5.0.3/taie-output/call-edges.txt
cg finishes, elapsed time: 0.02s
Tai-e finishes, elapsed time: 7.48s
[Task Info]
Task Name: taie
Java Path: /home/byx/.jdks/corretto-17.0.14/bin/java
JAR Path: /home/byx/projects/Tai-e/build/tai-e-all-0.5.2-SNAPSHOT.jar
Config File: taie-config.yml
Project Dir: /home/byx/testSpace/javaprjs/itext-5.0.3
Work Dir: /home/byx/projects/Tai-e
Log File: /home/byx/testSpace/javaprjs/itext-5.0.3/taie_logs/run_20250514-104955.log

[Command]
/home/byx/.jdks/corretto-17.0.14/bin/java -jar /home/byx/projects/Tai-e/build/tai-e-all-0.5.2-SNAPSHOT.jar --options-file /home/byx/testSpace/javaprjs/itext-5.0.3/taie-config.yml

[Output]

[Performance]
Start Time: 2025-05-14 10:49:55
Duration: 7.92s
Peak Memory: 1153.87 MB
Exit Code: 0
