Writing log to /home/byx/testSpace/javaprjs/james-2.2.0/cs1call-output/tai-e.log
java.version: 17.0.14
java.version.date: 2025-01-21
java.runtime.version: 17.0.14+7-LTS
java.vendor: Amazon.com Inc.
java.vendor.version: Corretto-17.0.14.7.1
os.name: Linux
os.version: 5.15.167.4-microsoft-standard-WSL2
os.arch: amd64
Tai-e Version: 0.5.2-SNAPSHOT
Tai-e Commit: f4f1c5d3c96f68ac1bf30f8a35a3b8baefe40761
Writing analysis plan to /home/byx/testSpace/javaprjs/james-2.2.0/cs1call-output/tai-e-plan.yml
WorldBuilder starts ...
3038 classes with 29727 methods in the world
WorldBuilder finishes, elapsed time: 4.32s
pta starts ...
[Pointer analysis] elapsed time: 0.05s
-------------- Pointer analysis statistics: --------------
#var pointers:                24 (insens) / 27 (sens)
#objects:                     6 (insens) / 6 (sens)
#var points-to:               18 (insens) / 20 (sens)
#static field points-to:      2 (sens)
#instance field points-to:    0 (sens)
#array points-to:             1 (sens)
#reachable methods:           17 (insens) / 21 (sens)
#call graph edges:            17 (insens) / 20 (sens)
----------------------------------------
pta finishes, elapsed time: 0.18s
cg starts ...
Call graph has 17 reachable methods and 17 edges
Dumping call graph to /home/byx/testSpace/javaprjs/james-2.2.0/cs1call-output/call-graph.dot
Dumping reachable methods to /home/byx/testSpace/javaprjs/james-2.2.0/cs1call-output/reachable-methods.txt
Dumping call edges to /home/byx/testSpace/javaprjs/james-2.2.0/cs1call-output/call-edges.txt
cg finishes, elapsed time: 0.03s
Tai-e finishes, elapsed time: 4.69s
