Writing log to /home/byx/testSpace/javaprjs/xalan-2.7.1/cs1call-output/tai-e.log
java.version: 17.0.14
java.version.date: 2025-01-21
java.runtime.version: 17.0.14+7-LTS
java.vendor: Amazon.com Inc.
java.vendor.version: Corretto-17.0.14.7.1
os.name: Linux
os.version: 5.15.167.4-microsoft-standard-WSL2
os.arch: amd64
Tai-e Version: 0.5.2-SNAPSHOT
Tai-e Commit: f4f1c5d3c96f68ac1bf30f8a35a3b8baefe40761
Writing analysis plan to /home/byx/testSpace/javaprjs/xalan-2.7.1/cs1call-output/tai-e-plan.yml
WorldBuilder starts ...
11723 classes with 111646 methods in the world
WorldBuilder finishes, elapsed time: 13.60s
pta starts ...
[Pointer analysis] elapsed time: 28.85s
-------------- Pointer analysis statistics: --------------
#var pointers:                12,7702 (insens) / 63,2365 (sens)
#objects:                     1,2877 (insens) / 1,3022 (sens)
#var points-to:               1503,1050 (insens) / 8016,6875 (sens)
#static field points-to:      3501 (sens)
#instance field points-to:    251,7569 (sens)
#array points-to:             77,5963 (sens)
#reachable methods:           1,6018 (insens) / 10,0069 (sens)
#call graph edges:            9,9161 (insens) / 95,1224 (sens)
----------------------------------------
pta finishes, elapsed time: 32.81s
cg starts ...
Call graph has 16018 reachable methods and 99161 edges
Dumping call graph to /home/byx/testSpace/javaprjs/xalan-2.7.1/cs1call-output/call-graph.dot
Dumping reachable methods to /home/byx/testSpace/javaprjs/xalan-2.7.1/cs1call-output/reachable-methods.txt
Dumping call edges to /home/byx/testSpace/javaprjs/xalan-2.7.1/cs1call-output/call-edges.txt
cg finishes, elapsed time: 1.39s
Tai-e finishes, elapsed time: 47.98s
