Tai-e starts ...
Output directory: /home/byx/testSpace/javaprjs/james-2.2.0/ci-output
Writing options to /home/byx/testSpace/javaprjs/james-2.2.0/ci-output/options.yml
Writing log to /home/byx/testSpace/javaprjs/james-2.2.0/ci-output/tai-e.log
java.version: 17.0.14
java.version.date: 2025-01-21
java.runtime.version: 17.0.14+7-LTS
java.vendor: Amazon.com Inc.
java.vendor.version: Corretto-17.0.14.7.1
os.name: Linux
os.version: 5.15.167.4-microsoft-standard-WSL2
os.arch: amd64
Tai-e Version: 0.5.2-SNAPSHOT
Tai-e Commit: f4f1c5d3c96f68ac1bf30f8a35a3b8baefe40761
Writing analysis plan to /home/byx/testSpace/javaprjs/james-2.2.0/ci-output/tai-e-plan.yml
WorldBuilder starts ...
Scanning /home/byx/testSpace/javaprjs/james-2.2.0/bin ... 340 classes
3038 classes with 29727 methods in the world
WorldBuilder finishes, elapsed time: 4.37s
pta starts ...
[Pointer analysis] elapsed time: 0.05s
-------------- Pointer analysis statistics: --------------
#var pointers:                24 (insens) / 24 (sens)
#objects:                     6 (insens) / 6 (sens)
#var points-to:               18 (insens) / 18 (sens)
#static field points-to:      2 (sens)
#instance field points-to:    0 (sens)
#array points-to:             1 (sens)
#reachable methods:           17 (insens) / 17 (sens)
#call graph edges:            17 (insens) / 17 (sens)
----------------------------------------
pta finishes, elapsed time: 0.17s
cg starts ...
Call graph has 17 reachable methods and 17 edges
Dumping call graph to /home/byx/testSpace/javaprjs/james-2.2.0/ci-output/call-graph.dot
Dumping reachable methods to /home/byx/testSpace/javaprjs/james-2.2.0/ci-output/reachable-methods.txt
Dumping call edges to /home/byx/testSpace/javaprjs/james-2.2.0/ci-output/call-edges.txt
cg finishes, elapsed time: 0.03s
Tai-e finishes, elapsed time: 4.72s
[Task Info]
Task Name: ci
Java Path: /home/byx/.jdks/corretto-17.0.14/bin/java
JAR Path: /home/byx/projects/Tai-e/build/tai-e-all-0.5.2-SNAPSHOT.jar
Config File: ci-config.yml
Project Dir: /home/byx/testSpace/javaprjs/james-2.2.0
Work Dir: /home/byx/projects/Tai-e
Log File: /home/byx/testSpace/javaprjs/james-2.2.0/ci_logs/run_20250522-170629.log

[Command]
/home/byx/.jdks/corretto-17.0.14/bin/java -jar /home/byx/projects/Tai-e/build/tai-e-all-0.5.2-SNAPSHOT.jar --options-file /home/byx/testSpace/javaprjs/james-2.2.0/ci-config.yml

[Output]

[Performance]
Start Time: 2025-05-22 17:06:29
Duration: 5.22s
Peak Memory: 789.35 MB
Exit Code: 0
