Tai-e starts ...
Output directory: /home/byx/testSpace/javaprjs/james-2.2.0/ci-output
Writing options to /home/byx/testSpace/javaprjs/james-2.2.0/ci-output/options.yml
Writing log to /home/byx/testSpace/javaprjs/james-2.2.0/ci-output/tai-e.log
java.version: 17.0.14
java.version.date: 2025-01-21
java.runtime.version: 17.0.14+7-LTS
java.vendor: Amazon.com Inc.
java.vendor.version: Corretto-17.0.14.7.1
os.name: Linux
os.version: 5.15.167.4-microsoft-standard-WSL2
os.arch: amd64
Tai-e Version: 0.5.2-SNAPSHOT
Tai-e Commit: f4f1c5d3c96f68ac1bf30f8a35a3b8baefe40761
Writing analysis plan to /home/byx/testSpace/javaprjs/james-2.2.0/ci-output/tai-e-plan.yml
WorldBuilder starts ...
Scanning /home/byx/testSpace/javaprjs/james-2.2.0/bin ... 340 classes
3038 classes with 29727 methods in the world
WorldBuilder finishes, elapsed time: 4.18s
pta starts ...
[Pointer analysis] elapsed time: 2.36s
-------------- Pointer analysis statistics: --------------
#var pointers:                1,7211 (insens) / 1,7211 (sens)
#objects:                     1782 (insens) / 1782 (sens)
#var points-to:               25,7886 (insens) / 25,7886 (sens)
#static field points-to:      947 (sens)
#instance field points-to:    3,2581 (sens)
#array points-to:             4000 (sens)
#reachable methods:           2401 (insens) / 2401 (sens)
#call graph edges:            1,1202 (insens) / 1,1202 (sens)
----------------------------------------
pta finishes, elapsed time: 2.58s
cg starts ...
Call graph has 2401 reachable methods and 11202 edges
Dumping call graph to /home/byx/testSpace/javaprjs/james-2.2.0/ci-output/call-graph.dot
Dumping reachable methods to /home/byx/testSpace/javaprjs/james-2.2.0/ci-output/reachable-methods.txt
Dumping call edges to /home/byx/testSpace/javaprjs/james-2.2.0/ci-output/call-edges.txt
cg finishes, elapsed time: 0.30s
Tai-e finishes, elapsed time: 7.23s
[Task Info]
Task Name: ci
Java Path: /home/byx/.jdks/corretto-17.0.14/bin/java
JAR Path: /home/byx/projects/Tai-e/build/tai-e-all-0.5.2-SNAPSHOT.jar
Config File: ci-config.yml
Project Dir: /home/byx/testSpace/javaprjs/james-2.2.0
Work Dir: /home/byx/projects/Tai-e
Log File: /home/byx/testSpace/javaprjs/james-2.2.0/ci_logs/run_20250522-161905.log

[Command]
/home/byx/.jdks/corretto-17.0.14/bin/java -jar /home/byx/projects/Tai-e/build/tai-e-all-0.5.2-SNAPSHOT.jar --options-file /home/byx/testSpace/javaprjs/james-2.2.0/ci-config.yml

[Output]

[Performance]
Start Time: 2025-05-22 16:19:05
Duration: 7.72s
Peak Memory: 809.57 MB
Exit Code: 0
