Tai-e starts ...
Output directory: /home/byx/testSpace/javaprjs/itext-5.0.3/ci-output
Writing options to /home/byx/testSpace/javaprjs/itext-5.0.3/ci-output/options.yml
Writing log to /home/byx/testSpace/javaprjs/itext-5.0.3/ci-output/tai-e.log
java.version: 17.0.14
java.version.date: 2025-01-21
java.runtime.version: 17.0.14+7-LTS
java.vendor: Amazon.com Inc.
java.vendor.version: Corretto-17.0.14.7.1
os.name: Linux
os.version: 5.15.167.4-microsoft-standard-WSL2
os.arch: amd64
Tai-e Version: 0.5.2-SNAPSHOT
Tai-e Commit: f4f1c5d3c96f68ac1bf30f8a35a3b8baefe40761
Writing analysis plan to /home/byx/testSpace/javaprjs/itext-5.0.3/ci-output/tai-e-plan.yml
WorldBuilder starts ...
Scanning /home/byx/testSpace/javaprjs/itext-5.0.3/bin ... 596 classes
6145 classes with 58243 methods in the world
WorldBuilder finishes, elapsed time: 8.06s
pta starts ...
[Pointer analysis] elapsed time: 8.22s
-------------- Pointer analysis statistics: --------------
#var pointers:                8,7192 (insens) / 8,7192 (sens)
#objects:                     1,0490 (insens) / 1,0490 (sens)
#var points-to:               662,1047 (insens) / 662,1047 (sens)
#static field points-to:      1,4159 (sens)
#instance field points-to:    100,2902 (sens)
#array points-to:             15,0220 (sens)
#reachable methods:           1,3770 (insens) / 1,3770 (sens)
#call graph edges:            8,0132 (insens) / 8,0132 (sens)
----------------------------------------
pta finishes, elapsed time: 9.05s
cg starts ...
Call graph has 13770 reachable methods and 80132 edges
Dumping call graph to /home/byx/testSpace/javaprjs/itext-5.0.3/ci-output/call-graph.dot
Dumping reachable methods to /home/byx/testSpace/javaprjs/itext-5.0.3/ci-output/reachable-methods.txt
Dumping call edges to /home/byx/testSpace/javaprjs/itext-5.0.3/ci-output/call-edges.txt
cg finishes, elapsed time: 1.15s
Tai-e finishes, elapsed time: 18.43s
[Task Info]
Task Name: ci
Java Path: /home/byx/.jdks/corretto-17.0.14/bin/java
JAR Path: /home/byx/projects/Tai-e/build/tai-e-all-0.5.2-SNAPSHOT.jar
Config File: ci-config.yml
Project Dir: /home/byx/testSpace/javaprjs/itext-5.0.3
Work Dir: /home/byx/projects/Tai-e
Log File: /home/byx/testSpace/javaprjs/itext-5.0.3/ci_logs/run_20250522-160412.log

[Command]
/home/byx/.jdks/corretto-17.0.14/bin/java -jar /home/byx/projects/Tai-e/build/tai-e-all-0.5.2-SNAPSHOT.jar --options-file /home/byx/testSpace/javaprjs/itext-5.0.3/ci-config.yml

[Output]

[Performance]
Start Time: 2025-05-22 16:04:12
Duration: 18.90s
Peak Memory: 1423.50 MB
Exit Code: 0
