Tai-e starts ...
Output directory: /home/byx/testSpace/javaprjs/batik-1.7/taie-output
Writing options to /home/byx/testSpace/javaprjs/batik-1.7/taie-output/options.yml
Writing log to /home/byx/testSpace/javaprjs/batik-1.7/taie-output/tai-e.log
java.version: 17.0.14
java.version.date: 2025-01-21
java.runtime.version: 17.0.14+7-LTS
java.vendor: Amazon.com Inc.
java.vendor.version: Corretto-17.0.14.7.1
os.name: Linux
os.version: 5.15.167.4-microsoft-standard-WSL2
os.arch: amd64
Tai-e Version: 0.5.2-SNAPSHOT
Tai-e Commit: f4f1c5d3c96f68ac1bf30f8a35a3b8baefe40761
Writing analysis plan to /home/byx/testSpace/javaprjs/batik-1.7/taie-output/tai-e-plan.yml
WorldBuilder starts ...
Scanning /home/byx/testSpace/javaprjs/batik-1.7/bin ... 2560 classes
10002 classes with 88506 methods in the world
WorldBuilder finishes, elapsed time: 13.02s
pta starts ...
[Pointer analysis] elapsed time: 0.22s
-------------- Pointer analysis statistics: --------------
#var pointers:                2541 (insens) / 4916 (sens)
#objects:                     448 (insens) / 448 (sens)
#var points-to:               2636 (insens) / 1,7296 (sens)
#static field points-to:      125 (sens)
#instance field points-to:    354 (sens)
#array points-to:             14 (sens)
#reachable methods:           681 (insens) / 1657 (sens)
#call graph edges:            1599 (insens) / 2435 (sens)
----------------------------------------
pta finishes, elapsed time: 0.56s
cg starts ...
Call graph has 681 reachable methods and 1599 edges
Dumping call graph to /home/byx/testSpace/javaprjs/batik-1.7/taie-output/call-graph.dot
Dumping reachable methods to /home/byx/testSpace/javaprjs/batik-1.7/taie-output/reachable-methods.txt
Dumping call edges to /home/byx/testSpace/javaprjs/batik-1.7/taie-output/call-edges.txt
cg finishes, elapsed time: 0.13s
Tai-e finishes, elapsed time: 13.86s
[Task Info]
Task Name: taie
Java Path: /home/byx/.jdks/corretto-17.0.14/bin/java
JAR Path: /home/byx/projects/Tai-e/build/tai-e-all-0.5.2-SNAPSHOT.jar
Config File: taie-config.yml
Project Dir: /home/byx/testSpace/javaprjs/batik-1.7
Work Dir: /home/byx/projects/Tai-e
Log File: /home/byx/testSpace/javaprjs/batik-1.7/taie_logs/run_20250513-205953.log

[Command]
/home/byx/.jdks/corretto-17.0.14/bin/java -jar /home/byx/projects/Tai-e/build/tai-e-all-0.5.2-SNAPSHOT.jar --options-file /home/byx/testSpace/javaprjs/batik-1.7/taie-config.yml

[Output]

[Performance]
Start Time: 2025-05-13 20:59:53
Duration: 14.34s
Peak Memory: 1929.40 MB
Exit Code: 0
