Writing log to /home/byx/testSpace/javaprjs/javacc-5.0/cs1call-output/tai-e.log
java.version: 17.0.14
java.version.date: 2025-01-21
java.runtime.version: 17.0.14+7-LTS
java.vendor: Amazon.com Inc.
java.vendor.version: Corretto-17.0.14.7.1
os.name: Linux
os.version: 5.15.167.4-microsoft-standard-WSL2
os.arch: amd64
Tai-e Version: 0.5.2-SNAPSHOT
Tai-e Commit: f4f1c5d3c96f68ac1bf30f8a35a3b8baefe40761
Writing analysis plan to /home/byx/testSpace/javaprjs/javacc-5.0/cs1call-output/tai-e-plan.yml
WorldBuilder starts ...
6857 classes with 66428 methods in the world
WorldBuilder finishes, elapsed time: 4.64s
pta starts ...
[Pointer analysis] elapsed time: 9.72s
-------------- Pointer analysis statistics: --------------
#var pointers:                7,1400 (insens) / 27,9684 (sens)
#objects:                     7153 (insens) / 7158 (sens)
#var points-to:               350,4680 (insens) / 1890,3197 (sens)
#static field points-to:      4077 (sens)
#instance field points-to:    55,5765 (sens)
#array points-to:             13,3962 (sens)
#reachable methods:           9217 (insens) / 5,5715 (sens)
#call graph edges:            5,5054 (insens) / 36,8447 (sens)
----------------------------------------
pta finishes, elapsed time: 11.00s
cg starts ...
Call graph has 9217 reachable methods and 55054 edges
Dumping call graph to /home/byx/testSpace/javaprjs/javacc-5.0/cs1call-output/call-graph.dot
Dumping reachable methods to /home/byx/testSpace/javaprjs/javacc-5.0/cs1call-output/reachable-methods.txt
Dumping call edges to /home/byx/testSpace/javaprjs/javacc-5.0/cs1call-output/call-edges.txt
cg finishes, elapsed time: 0.80s
Tai-e finishes, elapsed time: 16.63s
