Tai-e starts ...
Output directory: /home/byx/testSpace/javaprjs/fitjava-1.1/ci-output
Writing options to /home/byx/testSpace/javaprjs/fitjava-1.1/ci-output/options.yml
Writing log to /home/byx/testSpace/javaprjs/fitjava-1.1/ci-output/tai-e.log
java.version: 17.0.14
java.version.date: 2025-01-21
java.runtime.version: 17.0.14+7-LTS
java.vendor: Amazon.com Inc.
java.vendor.version: Corretto-17.0.14.7.1
os.name: Linux
os.version: 5.15.167.4-microsoft-standard-WSL2
os.arch: amd64
Tai-e Version: 0.5.2-SNAPSHOT
Tai-e Commit: f4f1c5d3c96f68ac1bf30f8a35a3b8baefe40761
Writing analysis plan to /home/byx/testSpace/javaprjs/fitjava-1.1/ci-output/tai-e-plan.yml
WorldBuilder starts ...
Scanning /home/byx/testSpace/javaprjs/fitjava-1.1/bin ... 97 classes
3598 classes with 35711 methods in the world
WorldBuilder finishes, elapsed time: 2.29s
pta starts ...
[Pointer analysis] elapsed time: 3.51s
-------------- Pointer analysis statistics: --------------
#var pointers:                3,0883 (insens) / 3,0883 (sens)
#objects:                     3209 (insens) / 3209 (sens)
#var points-to:               67,1568 (insens) / 67,1568 (sens)
#static field points-to:      1417 (sens)
#instance field points-to:    11,0422 (sens)
#array points-to:             9679 (sens)
#reachable methods:           4479 (insens) / 4479 (sens)
#call graph edges:            2,9070 (insens) / 2,9070 (sens)
----------------------------------------
pta finishes, elapsed time: 3.79s
cg starts ...
Call graph has 4479 reachable methods and 29070 edges
Dumping call graph to /home/byx/testSpace/javaprjs/fitjava-1.1/ci-output/call-graph.dot
Dumping reachable methods to /home/byx/testSpace/javaprjs/fitjava-1.1/ci-output/reachable-methods.txt
Dumping call edges to /home/byx/testSpace/javaprjs/fitjava-1.1/ci-output/call-edges.txt
cg finishes, elapsed time: 0.50s
Tai-e finishes, elapsed time: 6.76s
[Task Info]
Task Name: ci
Java Path: /home/byx/.jdks/corretto-17.0.14/bin/java
JAR Path: /home/byx/projects/Tai-e/build/tai-e-all-0.5.2-SNAPSHOT.jar
Config File: ci-config.yml
Project Dir: /home/byx/testSpace/javaprjs/fitjava-1.1
Work Dir: /home/byx/projects/Tai-e
Log File: /home/byx/testSpace/javaprjs/fitjava-1.1/ci_logs/run_20250522-161307.log

[Command]
/home/byx/.jdks/corretto-17.0.14/bin/java -jar /home/byx/projects/Tai-e/build/tai-e-all-0.5.2-SNAPSHOT.jar --options-file /home/byx/testSpace/javaprjs/fitjava-1.1/ci-config.yml

[Output]

[Performance]
Start Time: 2025-05-22 16:13:07
Duration: 7.32s
Peak Memory: 1108.78 MB
Exit Code: 0
