Writing log to /home/byx/testSpace/javaprjs/jag-6.1/ci_app-output/tai-e.log
java.version: 17.0.14
java.version.date: 2025-01-21
java.runtime.version: 17.0.14+7-LTS
java.vendor: Amazon.com Inc.
java.vendor.version: Corretto-17.0.14.7.1
os.name: Linux
os.version: 5.15.167.4-microsoft-standard-WSL2
os.arch: amd64
Tai-e Version: 0.5.2-SNAPSHOT
Tai-e Commit: f4f1c5d3c96f68ac1bf30f8a35a3b8baefe40761
Writing analysis plan to /home/byx/testSpace/javaprjs/jag-6.1/ci_app-output/tai-e-plan.yml
WorldBuilder starts ...
4058 classes with 39154 methods in the world
WorldBuilder finishes, elapsed time: 3.81s
pta starts ...
[Pointer analysis] elapsed time: 0.24s
-------------- Pointer analysis statistics: --------------
#var pointers:                4559 (insens) / 6364 (sens)
#objects:                     874 (insens) / 874 (sens)
#var points-to:               4318 (insens) / 5575 (sens)
#static field points-to:      165 (sens)
#instance field points-to:    522 (sens)
#array points-to:             35 (sens)
#reachable methods:           777 (insens) / 3196 (sens)
#call graph edges:            3130 (insens) / 4351 (sens)
----------------------------------------
pta finishes, elapsed time: 0.60s
cg starts ...
Call graph has 777 reachable methods and 3130 edges
Dumping call graph to /home/byx/testSpace/javaprjs/jag-6.1/ci_app-output/call-graph.dot
Dumping reachable methods to /home/byx/testSpace/javaprjs/jag-6.1/ci_app-output/reachable-methods.txt
Dumping call edges to /home/byx/testSpace/javaprjs/jag-6.1/ci_app-output/call-edges.txt
cg finishes, elapsed time: 0.13s
Tai-e finishes, elapsed time: 4.71s
