Writing log to /home/byx/testSpace/javaprjs/openjms-0.7.7-beta-1/taie-output/tai-e.log
java.version: 17.0.14
java.version.date: 2025-01-21
java.runtime.version: 17.0.14+7-LTS
java.vendor: Amazon.com Inc.
java.vendor.version: Corretto-17.0.14.7.1
os.name: Linux
os.version: 5.15.167.4-microsoft-standard-WSL2
os.arch: amd64
Tai-e Version: 0.5.2-SNAPSHOT
Tai-e Commit: f4f1c5d3c96f68ac1bf30f8a35a3b8baefe40761
Writing analysis plan to /home/byx/testSpace/javaprjs/openjms-0.7.7-beta-1/taie-output/tai-e-plan.yml
WorldBuilder starts ...
4271 classes with 43130 methods in the world
WorldBuilder finishes, elapsed time: 7.46s
pta starts ...
[Pointer analysis] elapsed time: 2.35s
-------------- Pointer analysis statistics: --------------
#var pointers:                2,1794 (insens) / 7,2403 (sens)
#objects:                     2284 (insens) / 2358 (sens)
#var points-to:               25,5896 (insens) / 121,0209 (sens)
#static field points-to:      1259 (sens)
#instance field points-to:    2,1152 (sens)
#array points-to:             4868 (sens)
#reachable methods:           2875 (insens) / 1,4222 (sens)
#call graph edges:            1,4065 (insens) / 5,6725 (sens)
----------------------------------------
pta finishes, elapsed time: 2.64s
cg starts ...
Call graph has 2875 reachable methods and 14065 edges
Dumping call graph to /home/byx/testSpace/javaprjs/openjms-0.7.7-beta-1/taie-output/call-graph.dot
Dumping reachable methods to /home/byx/testSpace/javaprjs/openjms-0.7.7-beta-1/taie-output/reachable-methods.txt
Dumping call edges to /home/byx/testSpace/javaprjs/openjms-0.7.7-beta-1/taie-output/call-edges.txt
cg finishes, elapsed time: 0.39s
Tai-e finishes, elapsed time: 10.68s
