Writing log to /home/byx/testSpace/javaprjs/jrat-0.6/ci_app-output/tai-e.log
java.version: 17.0.14
java.version.date: 2025-01-21
java.runtime.version: 17.0.14+7-LTS
java.vendor: Amazon.com Inc.
java.vendor.version: Corretto-17.0.14.7.1
os.name: Linux
os.version: 5.15.167.4-microsoft-standard-WSL2
os.arch: amd64
Tai-e Version: 0.5.2-SNAPSHOT
Tai-e Commit: f4f1c5d3c96f68ac1bf30f8a35a3b8baefe40761
Writing analysis plan to /home/byx/testSpace/javaprjs/jrat-0.6/ci_app-output/tai-e-plan.yml
WorldBuilder starts ...
4282 classes with 41603 methods in the world
WorldBuilder finishes, elapsed time: 4.01s
pta starts ...
[Pointer analysis] elapsed time: 0.07s
-------------- Pointer analysis statistics: --------------
#var pointers:                162 (insens) / 204 (sens)
#objects:                     28 (insens) / 28 (sens)
#var points-to:               129 (insens) / 149 (sens)
#static field points-to:      13 (sens)
#instance field points-to:    1 (sens)
#array points-to:             5 (sens)
#reachable methods:           54 (insens) / 84 (sens)
#call graph edges:            75 (insens) / 93 (sens)
----------------------------------------
pta finishes, elapsed time: 0.23s
cg starts ...
Call graph has 54 reachable methods and 75 edges
Dumping call graph to /home/byx/testSpace/javaprjs/jrat-0.6/ci_app-output/call-graph.dot
Dumping reachable methods to /home/byx/testSpace/javaprjs/jrat-0.6/ci_app-output/reachable-methods.txt
Dumping call edges to /home/byx/testSpace/javaprjs/jrat-0.6/ci_app-output/call-edges.txt
cg finishes, elapsed time: 0.03s
Tai-e finishes, elapsed time: 4.43s
