Writing log to /home/byx/testSpace/javaprjs/jasml-0.10/cs1call-output/tai-e.log
java.version: 17.0.14
java.version.date: 2025-01-21
java.runtime.version: 17.0.14+7-LTS
java.vendor: Amazon.com Inc.
java.vendor.version: Corretto-17.0.14.7.1
os.name: Linux
os.version: 5.15.167.4-microsoft-standard-WSL2
os.arch: amd64
Tai-e Version: 0.5.2-SNAPSHOT
Tai-e Commit: f4f1c5d3c96f68ac1bf30f8a35a3b8baefe40761
Writing analysis plan to /home/byx/testSpace/javaprjs/jasml-0.10/cs1call-output/tai-e-plan.yml
WorldBuilder starts ...
3550 classes with 35412 methods in the world
WorldBuilder finishes, elapsed time: 2.47s
pta starts ...
[Pointer analysis] elapsed time: 4.53s
-------------- Pointer analysis statistics: --------------
#var pointers:                3,2958 (insens) / 13,0048 (sens)
#objects:                     3354 (insens) / 3364 (sens)
#var points-to:               91,7957 (insens) / 613,0115 (sens)
#static field points-to:      2072 (sens)
#instance field points-to:    14,5050 (sens)
#array points-to:             1,4564 (sens)
#reachable methods:           4330 (insens) / 2,3874 (sens)
#call graph edges:            2,3681 (insens) / 11,8513 (sens)
----------------------------------------
pta finishes, elapsed time: 5.08s
cg starts ...
Call graph has 4330 reachable methods and 23681 edges
Dumping call graph to /home/byx/testSpace/javaprjs/jasml-0.10/cs1call-output/call-graph.dot
Dumping reachable methods to /home/byx/testSpace/javaprjs/jasml-0.10/cs1call-output/reachable-methods.txt
Dumping call edges to /home/byx/testSpace/javaprjs/jasml-0.10/cs1call-output/call-edges.txt
cg finishes, elapsed time: 0.47s
Tai-e finishes, elapsed time: 8.18s
