Writing log to /home/byx/testSpace/javaprjs/jasml-0.10/ci_app-output/tai-e.log
java.version: 17.0.14
java.version.date: 2025-01-21
java.runtime.version: 17.0.14+7-LTS
java.vendor: Amazon.com Inc.
java.vendor.version: Corretto-17.0.14.7.1
os.name: Linux
os.version: 5.15.167.4-microsoft-standard-WSL2
os.arch: amd64
Tai-e Version: 0.5.2-SNAPSHOT
Tai-e Commit: f4f1c5d3c96f68ac1bf30f8a35a3b8baefe40761
Writing analysis plan to /home/byx/testSpace/javaprjs/jasml-0.10/ci_app-output/tai-e-plan.yml
WorldBuilder starts ...
3550 classes with 35412 methods in the world
WorldBuilder finishes, elapsed time: 3.08s
pta starts ...
[Pointer analysis] elapsed time: 0.29s
-------------- Pointer analysis statistics: --------------
#var pointers:                3730 (insens) / 1,5744 (sens)
#objects:                     526 (insens) / 526 (sens)
#var points-to:               5296 (insens) / 2,0024 (sens)
#static field points-to:      30 (sens)
#instance field points-to:    407 (sens)
#array points-to:             215 (sens)
#reachable methods:           335 (insens) / 2643 (sens)
#call graph edges:            2633 (insens) / 2,4284 (sens)
----------------------------------------
pta finishes, elapsed time: 0.67s
cg starts ...
Call graph has 335 reachable methods and 2633 edges
Dumping call graph to /home/byx/testSpace/javaprjs/jasml-0.10/ci_app-output/call-graph.dot
Dumping reachable methods to /home/byx/testSpace/javaprjs/jasml-0.10/ci_app-output/reachable-methods.txt
Dumping call edges to /home/byx/testSpace/javaprjs/jasml-0.10/ci_app-output/call-edges.txt
cg finishes, elapsed time: 0.13s
Tai-e finishes, elapsed time: 4.05s
