Tai-e starts ...
Output directory: /home/byx/testSpace/javaprjs/megamek-0.35.18/cs1call-output
Writing options to /home/byx/testSpace/javaprjs/megamek-0.35.18/cs1call-output/options.yml
Writing log to /home/byx/testSpace/javaprjs/megamek-0.35.18/cs1call-output/tai-e.log
java.version: 17.0.14
java.version.date: 2025-01-21
java.runtime.version: 17.0.14+7-LTS
java.vendor: Amazon.com Inc.
java.vendor.version: Corretto-17.0.14.7.1
os.name: Linux
os.version: 5.15.167.4-microsoft-standard-WSL2
os.arch: amd64
Tai-e Version: 0.5.2-SNAPSHOT
Tai-e Commit: f4f1c5d3c96f68ac1bf30f8a35a3b8baefe40761
Writing analysis plan to /home/byx/testSpace/javaprjs/megamek-0.35.18/cs1call-output/tai-e-plan.yml
WorldBuilder starts ...
Scanning /home/byx/testSpace/javaprjs/megamek-0.35.18/bin ... 2185 classes
7687 classes with 70450 methods in the world
WorldBuilder finishes, elapsed time: 11.49s
pta starts ...
[Pointer analysis] elapsed time: 32.61s
-------------- Pointer analysis statistics: --------------
#var pointers:                14,0157 (insens) / 63,3471 (sens)
#objects:                     1,6343 (insens) / 1,6589 (sens)
#var points-to:               2210,4483 (insens) / 1,6613,1158 (sens)
#static field points-to:      8898 (sens)
#instance field points-to:    121,9910 (sens)
#array points-to:             16,7194 (sens)
#reachable methods:           1,8030 (insens) / 13,5132 (sens)
#call graph edges:            13,4458 (insens) / 122,6226 (sens)
----------------------------------------
pta finishes, elapsed time: 39.09s
cg starts ...
Call graph has 18030 reachable methods and 134458 edges
Dumping call graph to /home/byx/testSpace/javaprjs/megamek-0.35.18/cs1call-output/call-graph.dot
Dumping reachable methods to /home/byx/testSpace/javaprjs/megamek-0.35.18/cs1call-output/reachable-methods.txt
Dumping call edges to /home/byx/testSpace/javaprjs/megamek-0.35.18/cs1call-output/call-edges.txt
cg finishes, elapsed time: 1.82s
Tai-e finishes, elapsed time: 52.56s
[Task Info]
Task Name: cs1call
Java Path: /home/byx/.jdks/corretto-17.0.14/bin/java
JAR Path: /home/byx/projects/Tai-e/build/tai-e-all-0.5.2-SNAPSHOT.jar
Config File: cs1call-config.yml
Project Dir: /home/byx/testSpace/javaprjs/megamek-0.35.18
Work Dir: /home/byx/projects/Tai-e
Log File: /home/byx/testSpace/javaprjs/megamek-0.35.18/cs1call_logs/run_20250522-172258.log

[Command]
/home/byx/.jdks/corretto-17.0.14/bin/java -jar /home/byx/projects/Tai-e/build/tai-e-all-0.5.2-SNAPSHOT.jar --options-file /home/byx/testSpace/javaprjs/megamek-0.35.18/cs1call-config.yml

[Output]

[Performance]
Start Time: 2025-05-22 17:22:58
Duration: 53.09s
Peak Memory: 2552.16 MB
Exit Code: 0
