Writing log to /home/byx/testSpace/javaprjs/checkstyle-5.1/ci-output/tai-e.log
java.version: 17.0.14
java.version.date: 2025-01-21
java.runtime.version: 17.0.14+7-LTS
java.vendor: Amazon.com Inc.
java.vendor.version: Corretto-17.0.14.7.1
os.name: Linux
os.version: 5.15.167.4-microsoft-standard-WSL2
os.arch: amd64
Tai-e Version: 0.5.2-SNAPSHOT
Tai-e Commit: f4f1c5d3c96f68ac1bf30f8a35a3b8baefe40761
Writing analysis plan to /home/byx/testSpace/javaprjs/checkstyle-5.1/ci-output/tai-e-plan.yml
WorldBuilder starts ...
5426 classes with 50747 methods in the world
WorldBuilder finishes, elapsed time: 4.24s
pta starts ...
[Pointer analysis] elapsed time: 4.03s
-------------- Pointer analysis statistics: --------------
#var pointers:                4,4626 (insens) / 4,4626 (sens)
#objects:                     4911 (insens) / 4911 (sens)
#var points-to:               159,7907 (insens) / 159,7907 (sens)
#static field points-to:      3394 (sens)
#instance field points-to:    29,6231 (sens)
#array points-to:             2,4961 (sens)
#reachable methods:           6571 (insens) / 6571 (sens)
#call graph edges:            4,2152 (insens) / 4,2152 (sens)
----------------------------------------
pta finishes, elapsed time: 4.40s
cg starts ...
Call graph has 6571 reachable methods and 42152 edges
Dumping call graph to /home/byx/testSpace/javaprjs/checkstyle-5.1/ci-output/call-graph.dot
Dumping reachable methods to /home/byx/testSpace/javaprjs/checkstyle-5.1/ci-output/reachable-methods.txt
Dumping call edges to /home/byx/testSpace/javaprjs/checkstyle-5.1/ci-output/call-edges.txt
cg finishes, elapsed time: 0.68s
Tai-e finishes, elapsed time: 9.49s
