Tai-e starts ...
Output directory: /home/byx/testSpace/javaprjs/gruntspud/cha-output
Writing options to /home/byx/testSpace/javaprjs/gruntspud/cha-output/options.yml
Writing log to /home/byx/testSpace/javaprjs/gruntspud/cha-output/tai-e.log
java.version: 17.0.14
java.version.date: 2025-01-21
java.runtime.version: 17.0.14+7-LTS
java.vendor: Amazon.com Inc.
java.vendor.version: Corretto-17.0.14.7.1
os.name: Linux
os.version: 5.15.167.4-microsoft-standard-WSL2
os.arch: amd64
Tai-e Version: 0.5.2-SNAPSHOT
Tai-e Commit: c7be5bc7169859d534212a5d557c34b177e43d7c
Writing analysis plan to /home/byx/testSpace/javaprjs/gruntspud/cha-output/tai-e-plan.yml
WorldBuilder starts ...
Exception in thread "main" java.lang.NullPointerException: Cannot invoke "java.util.List.stream()" because the return value of "pascal.taie.config.Options.getClassPath()" is null
	at pascal.taie.AbstractWorldBuilder.getClassPath(AbstractWorldBuilder.java:93)
	at pascal.taie.frontend.soot.SootWorldBuilder.build(SootWorldBuilder.java:75)
	at pascal.taie.Main.lambda$buildWorld$3(Main.java:134)
	at pascal.taie.util.Timer.lambda$runAndCount$0(Timer.java:112)
	at pascal.taie.util.Timer.runAndCount(Timer.java:93)
	at pascal.taie.util.Timer.runAndCount(Timer.java:111)
	at pascal.taie.util.Timer.runAndCount(Timer.java:107)
	at pascal.taie.Main.buildWorld(Main.java:126)
	at pascal.taie.Main.lambda$main$0(Main.java:61)
	at pascal.taie.util.Timer.lambda$runAndCount$0(Timer.java:112)
	at pascal.taie.util.Timer.runAndCount(Timer.java:93)
	at pascal.taie.util.Timer.runAndCount(Timer.java:111)
	at pascal.taie.util.Timer.runAndCount(Timer.java:107)
	at pascal.taie.Main.main(Main.java:52)
[Task Info]
Task Name: cha
Java Path: /home/byx/.jdks/corretto-17.0.14/bin/java
JAR Path: /home/byx/projects/Tai-e/build/tai-e-all-0.5.2-SNAPSHOT.jar
Config File: cha-config.yml
Project Dir: /home/byx/testSpace/javaprjs/gruntspud
Work Dir: /home/byx/projects/Tai-e
Log File: /home/byx/testSpace/javaprjs/gruntspud/cha_logs/run_20250606-171243.log

[Command]
/home/byx/.jdks/corretto-17.0.14/bin/java -jar /home/byx/projects/Tai-e/build/tai-e-all-0.5.2-SNAPSHOT.jar --options-file /home/byx/testSpace/javaprjs/gruntspud/cha-config.yml

[Output]

[Performance]
Start Time: 2025-06-06 17:12:43
Duration: 0.60s
Peak Memory: 111.50 MB
Exit Code: 1
