Tai-e starts ...
Output directory: /home/byx/testSpace/javaprjs/jasperreports-1.1.0/ci-output
Writing options to /home/byx/testSpace/javaprjs/jasperreports-1.1.0/ci-output/options.yml
Writing log to /home/byx/testSpace/javaprjs/jasperreports-1.1.0/ci-output/tai-e.log
java.version: 17.0.14
java.version.date: 2025-01-21
java.runtime.version: 17.0.14+7-LTS
java.vendor: Amazon.com Inc.
java.vendor.version: Corretto-17.0.14.7.1
os.name: Linux
os.version: 5.15.167.4-microsoft-standard-WSL2
os.arch: amd64
Tai-e Version: 0.5.2-SNAPSHOT
Tai-e Commit: f4f1c5d3c96f68ac1bf30f8a35a3b8baefe40761
Writing analysis plan to /home/byx/testSpace/javaprjs/jasperreports-1.1.0/ci-output/tai-e-plan.yml
WorldBuilder starts ...
Scanning /home/byx/testSpace/javaprjs/jasperreports-1.1.0/bin ... 736 classes
Exception in thread "main" java.lang.RuntimeException: Failed to apply jb to <net.sf.jasperreports.crosstabs.fill.calculation.BucketDefinition: void <init>(java.lang.Class,java.util.Comparator,byte,byte)>
	at soot.asm.AsmMethodSource.getBody(AsmMethodSource.java:2281)
	at soot.SootMethod.retrieveActiveBody(SootMethod.java:447)
	at soot.jimple.toolkits.annotation.LineNumberAdder.internalTransform(LineNumberAdder.java:63)
	at soot.PackManager.runPacksNormally(PackManager.java:496)
	at soot.PackManager.runPacks(PackManager.java:425)
	at soot.Main.run(Main.java:266)
	at pascal.taie.frontend.soot.SootWorldBuilder.runSoot(SootWorldBuilder.java:253)
	at pascal.taie.frontend.soot.SootWorldBuilder.build(SootWorldBuilder.java:83)
	at pascal.taie.Main.lambda$buildWorld$3(Main.java:134)
	at pascal.taie.util.Timer.lambda$runAndCount$0(Timer.java:112)
	at pascal.taie.util.Timer.runAndCount(Timer.java:93)
	at pascal.taie.util.Timer.runAndCount(Timer.java:111)
	at pascal.taie.util.Timer.runAndCount(Timer.java:107)
	at pascal.taie.Main.buildWorld(Main.java:126)
	at pascal.taie.Main.lambda$main$0(Main.java:61)
	at pascal.taie.util.Timer.lambda$runAndCount$0(Timer.java:112)
	at pascal.taie.util.Timer.runAndCount(Timer.java:93)
	at pascal.taie.util.Timer.runAndCount(Timer.java:111)
	at pascal.taie.util.Timer.runAndCount(Timer.java:107)
	at pascal.taie.Main.main(Main.java:52)
Caused by: java.lang.RuntimeException: This operation requires resolving level HIERARCHY but org.apache.commons.collections.comparators.ReverseComparator is at resolving level DANGLING
If you are extending Soot, try to add the following call before calling soot.Main.main(..):
Scene.v().addBasicClass(org.apache.commons.collections.comparators.ReverseComparator,HIERARCHY);
Otherwise, try whole-program mode (-w).
	at soot.SootClass.checkLevelIgnoreResolving(SootClass.java:210)
	at soot.SootClass.checkLevel(SootClass.java:192)
	at soot.FastHierarchy.canStoreClass(FastHierarchy.java:384)
	at soot.FastHierarchy.canStoreType(FastHierarchy.java:293)
	at soot.jimple.toolkits.typing.fast.BytecodeHierarchy.ancestor_(BytecodeHierarchy.java:230)
	at soot.jimple.toolkits.typing.fast.BytecodeHierarchy.ancestor(BytecodeHierarchy.java:288)
	at soot.jimple.toolkits.typing.fast.TypeResolver$CastInsertionUseVisitor.visit(TypeResolver.java:224)
	at soot.jimple.toolkits.typing.fast.IUseVisitor.visit(IUseVisitor.java:38)
	at soot.jimple.toolkits.typing.fast.UseChecker.caseAssignStmt(UseChecker.java:272)
	at soot.jimple.internal.JAssignStmt.apply(JAssignStmt.java:217)
	at soot.jimple.toolkits.typing.fast.UseChecker.check(UseChecker.java:140)
	at soot.jimple.toolkits.typing.fast.TypeResolver.insertCasts(TypeResolver.java:369)
	at soot.jimple.toolkits.typing.fast.TypeResolver.minCasts(TypeResolver.java:392)
	at soot.jimple.toolkits.typing.fast.TypeResolver.inferTypes(TypeResolver.java:159)
	at soot.jimple.toolkits.typing.TypeAssigner.internalTransform(TypeAssigner.java:129)
	at soot.BodyTransformer.transform(BodyTransformer.java:47)
	at soot.Transform.apply(Transform.java:126)
	at soot.JimpleBodyPack.applyPhaseOptions(JimpleBodyPack.java:79)
	at soot.JimpleBodyPack.internalApply(JimpleBodyPack.java:112)
	at soot.Pack.apply(Pack.java:126)
	at soot.asm.AsmMethodSource.getBody(AsmMethodSource.java:2279)
	... 19 more
[Task Info]
Task Name: ci
Java Path: /home/byx/.jdks/corretto-17.0.14/bin/java
JAR Path: /home/byx/projects/Tai-e/build/tai-e-all-0.5.2-SNAPSHOT.jar
Config File: ci-config.yml
Project Dir: /home/byx/testSpace/javaprjs/jasperreports-1.1.0
Work Dir: /home/byx/projects/Tai-e
Log File: /home/byx/testSpace/javaprjs/jasperreports-1.1.0/ci_logs/run_20250523-135308.log

[Command]
/home/byx/.jdks/corretto-17.0.14/bin/java -jar /home/byx/projects/Tai-e/build/tai-e-all-0.5.2-SNAPSHOT.jar --options-file /home/byx/testSpace/javaprjs/jasperreports-1.1.0/ci-config.yml

[Output]

[Performance]
Start Time: 2025-05-23 13:53:08
Duration: 3.02s
Peak Memory: 877.26 MB
Exit Code: 1
