Tai-e starts ...
Output directory: /home/byx/testSpace/javaprjs/log4j-1.2.16/cs1call-output
Writing options to /home/byx/testSpace/javaprjs/log4j-1.2.16/cs1call-output/options.yml
Writing log to /home/byx/testSpace/javaprjs/log4j-1.2.16/cs1call-output/tai-e.log
java.version: 17.0.14
java.version.date: 2025-01-21
java.runtime.version: 17.0.14+7-LTS
java.vendor: Amazon.com Inc.
java.vendor.version: Corretto-17.0.14.7.1
os.name: Linux
os.version: 5.15.167.4-microsoft-standard-WSL2
os.arch: amd64
Tai-e Version: 0.5.2-SNAPSHOT
Tai-e Commit: f4f1c5d3c96f68ac1bf30f8a35a3b8baefe40761
Writing analysis plan to /home/byx/testSpace/javaprjs/log4j-1.2.16/cs1call-output/tai-e-plan.yml
WorldBuilder starts ...
Scanning /home/byx/testSpace/javaprjs/log4j-1.2.16/bin ... 308 classes
6252 classes with 59007 methods in the world
WorldBuilder finishes, elapsed time: 3.51s
pta starts ...
[Pointer analysis] elapsed time: 19.47s
-------------- Pointer analysis statistics: --------------
#var pointers:                10,2428 (insens) / 42,9793 (sens)
#objects:                     1,1037 (insens) / 1,1759 (sens)
#var points-to:               656,5925 (insens) / 4780,6341 (sens)
#static field points-to:      1,4963 (sens)
#instance field points-to:    98,9681 (sens)
#array points-to:             9,1494 (sens)
#reachable methods:           1,6425 (insens) / 8,6296 (sens)
#call graph edges:            8,5425 (insens) / 59,7830 (sens)
----------------------------------------
pta finishes, elapsed time: 22.13s
cg starts ...
Call graph has 16425 reachable methods and 85425 edges
Dumping call graph to /home/byx/testSpace/javaprjs/log4j-1.2.16/cs1call-output/call-graph.dot
Dumping reachable methods to /home/byx/testSpace/javaprjs/log4j-1.2.16/cs1call-output/reachable-methods.txt
Dumping call edges to /home/byx/testSpace/javaprjs/log4j-1.2.16/cs1call-output/call-edges.txt
cg finishes, elapsed time: 1.23s
Tai-e finishes, elapsed time: 27.02s
[Task Info]
Task Name: cs1call
Java Path: /home/byx/.jdks/corretto-17.0.14/bin/java
JAR Path: /home/byx/projects/Tai-e/build/tai-e-all-0.5.2-SNAPSHOT.jar
Config File: cs1call-config.yml
Project Dir: /home/byx/testSpace/javaprjs/log4j-1.2.16
Work Dir: /home/byx/projects/Tai-e
Log File: /home/byx/testSpace/javaprjs/log4j-1.2.16/cs1call_logs/run_20250522-173117.log

[Command]
/home/byx/.jdks/corretto-17.0.14/bin/java -jar /home/byx/projects/Tai-e/build/tai-e-all-0.5.2-SNAPSHOT.jar --options-file /home/byx/testSpace/javaprjs/log4j-1.2.16/cs1call-config.yml

[Output]

[Performance]
Start Time: 2025-05-22 17:31:17
Duration: 27.49s
Peak Memory: 2194.47 MB
Exit Code: 0
