Tai-e starts ...
Output directory: /home/byx/testSpace/javaprjs/proguard-4.5.1/ci-output
Writing options to /home/byx/testSpace/javaprjs/proguard-4.5.1/ci-output/options.yml
Writing log to /home/byx/testSpace/javaprjs/proguard-4.5.1/ci-output/tai-e.log
java.version: 17.0.14
java.version.date: 2025-01-21
java.runtime.version: 17.0.14+7-LTS
java.vendor: Amazon.com Inc.
java.vendor.version: Corretto-17.0.14.7.1
os.name: Linux
os.version: 5.15.167.4-microsoft-standard-WSL2
os.arch: amd64
Tai-e Version: 0.5.2-SNAPSHOT
Tai-e Commit: f4f1c5d3c96f68ac1bf30f8a35a3b8baefe40761
Writing analysis plan to /home/byx/testSpace/javaprjs/proguard-4.5.1/ci-output/tai-e-plan.yml
WorldBuilder starts ...
Scanning /home/byx/testSpace/javaprjs/proguard-4.5.1/bin ... 645 classes
4398 classes with 42761 methods in the world
WorldBuilder finishes, elapsed time: 5.47s
pta starts ...
[Pointer analysis] elapsed time: 3.43s
-------------- Pointer analysis statistics: --------------
#var pointers:                5,5448 (insens) / 5,5448 (sens)
#objects:                     6849 (insens) / 6849 (sens)
#var points-to:               115,3108 (insens) / 115,3108 (sens)
#static field points-to:      1746 (sens)
#instance field points-to:    16,1135 (sens)
#array points-to:             1,6383 (sens)
#reachable methods:           8340 (insens) / 8340 (sens)
#call graph edges:            4,1953 (insens) / 4,1953 (sens)
----------------------------------------
pta finishes, elapsed time: 3.81s
cg starts ...
Call graph has 8340 reachable methods and 41953 edges
Dumping call graph to /home/byx/testSpace/javaprjs/proguard-4.5.1/ci-output/call-graph.dot
Dumping reachable methods to /home/byx/testSpace/javaprjs/proguard-4.5.1/ci-output/reachable-methods.txt
Dumping call edges to /home/byx/testSpace/javaprjs/proguard-4.5.1/ci-output/call-edges.txt
cg finishes, elapsed time: 0.69s
Tai-e finishes, elapsed time: 10.14s
[Task Info]
Task Name: ci
Java Path: /home/byx/.jdks/corretto-17.0.14/bin/java
JAR Path: /home/byx/projects/Tai-e/build/tai-e-all-0.5.2-SNAPSHOT.jar
Config File: ci-config.yml
Project Dir: /home/byx/testSpace/javaprjs/proguard-4.5.1
Work Dir: /home/byx/projects/Tai-e
Log File: /home/byx/testSpace/javaprjs/proguard-4.5.1/ci_logs/run_20250522-160516.log

[Command]
/home/byx/.jdks/corretto-17.0.14/bin/java -jar /home/byx/projects/Tai-e/build/tai-e-all-0.5.2-SNAPSHOT.jar --options-file /home/byx/testSpace/javaprjs/proguard-4.5.1/ci-config.yml

[Output]

[Performance]
Start Time: 2025-05-22 16:05:16
Duration: 10.63s
Peak Memory: 1256.64 MB
Exit Code: 0
