Tai-e starts ...
Output directory: /home/byx/testSpace/javaprjs/proguard-4.5.1/ci-output
Writing options to /home/byx/testSpace/javaprjs/proguard-4.5.1/ci-output/options.yml
Writing log to /home/byx/testSpace/javaprjs/proguard-4.5.1/ci-output/tai-e.log
java.version: 17.0.14
java.version.date: 2025-01-21
java.runtime.version: 17.0.14+7-LTS
java.vendor: Amazon.com Inc.
java.vendor.version: Corretto-17.0.14.7.1
os.name: Linux
os.version: 5.15.167.4-microsoft-standard-WSL2
os.arch: amd64
Tai-e Version: 0.5.2-SNAPSHOT
Tai-e Commit: f4f1c5d3c96f68ac1bf30f8a35a3b8baefe40761
Writing analysis plan to /home/byx/testSpace/javaprjs/proguard-4.5.1/ci-output/tai-e-plan.yml
WorldBuilder starts ...
Scanning /home/byx/testSpace/javaprjs/proguard-4.5.1/bin ... 645 classes
4398 classes with 42761 methods in the world
WorldBuilder finishes, elapsed time: 5.51s
pta starts ...
[Pointer analysis] elapsed time: 3.56s
-------------- Pointer analysis statistics: --------------
#var pointers:                5,5310 (insens) / 5,5310 (sens)
#objects:                     6818 (insens) / 6818 (sens)
#var points-to:               113,8483 (insens) / 113,8483 (sens)
#static field points-to:      1728 (sens)
#instance field points-to:    15,8470 (sens)
#array points-to:             1,6220 (sens)
#reachable methods:           8307 (insens) / 8307 (sens)
#call graph edges:            4,1633 (insens) / 4,1633 (sens)
----------------------------------------
pta finishes, elapsed time: 3.92s
cg starts ...
Call graph has 8307 reachable methods and 41633 edges
Dumping call graph to /home/byx/testSpace/javaprjs/proguard-4.5.1/ci-output/call-graph.dot
Dumping reachable methods to /home/byx/testSpace/javaprjs/proguard-4.5.1/ci-output/reachable-methods.txt
Dumping call edges to /home/byx/testSpace/javaprjs/proguard-4.5.1/ci-output/call-edges.txt
cg finishes, elapsed time: 0.69s
Tai-e finishes, elapsed time: 10.28s
[Task Info]
Task Name: ci
Java Path: /home/byx/.jdks/corretto-17.0.14/bin/java
JAR Path: /home/byx/projects/Tai-e/build/tai-e-all-0.5.2-SNAPSHOT.jar
Config File: ci-config.yml
Project Dir: /home/byx/testSpace/javaprjs/proguard-4.5.1
Work Dir: /home/byx/projects/Tai-e
Log File: /home/byx/testSpace/javaprjs/proguard-4.5.1/ci_logs/run_20250523-134444.log

[Command]
/home/byx/.jdks/corretto-17.0.14/bin/java -jar /home/byx/projects/Tai-e/build/tai-e-all-0.5.2-SNAPSHOT.jar --options-file /home/byx/testSpace/javaprjs/proguard-4.5.1/ci-config.yml

[Output]

[Performance]
Start Time: 2025-05-23 13:44:44
Duration: 10.73s
Peak Memory: 1884.46 MB
Exit Code: 0
