Tai-e starts ...
Output directory: /home/byx/testSpace/javaprjs/checkstyle-5.1/cs1call-output
Writing options to /home/byx/testSpace/javaprjs/checkstyle-5.1/cs1call-output/options.yml
Writing log to /home/byx/testSpace/javaprjs/checkstyle-5.1/cs1call-output/tai-e.log
java.version: 17.0.14
java.version.date: 2025-01-21
java.runtime.version: 17.0.14+7-LTS
java.vendor: Amazon.com Inc.
java.vendor.version: Corretto-17.0.14.7.1
os.name: Linux
os.version: 5.15.167.4-microsoft-standard-WSL2
os.arch: amd64
Tai-e Version: 0.5.2-SNAPSHOT
Tai-e Commit: f4f1c5d3c96f68ac1bf30f8a35a3b8baefe40761
Writing analysis plan to /home/byx/testSpace/javaprjs/checkstyle-5.1/cs1call-output/tai-e-plan.yml
WorldBuilder starts ...
Scanning /home/byx/testSpace/javaprjs/checkstyle-5.1/bin ... 352 classes
5426 classes with 50747 methods in the world
WorldBuilder finishes, elapsed time: 4.67s
pta starts ...
[Pointer analysis] elapsed time: 7.46s
-------------- Pointer analysis statistics: --------------
#var pointers:                4,4579 (insens) / 20,8308 (sens)
#objects:                     4921 (insens) / 4988 (sens)
#var points-to:               144,4660 (insens) / 1153,9544 (sens)
#static field points-to:      2874 (sens)
#instance field points-to:    20,9238 (sens)
#array points-to:             2,4260 (sens)
#reachable methods:           6564 (insens) / 4,1776 (sens)
#call graph edges:            4,1474 (insens) / 69,7724 (sens)
----------------------------------------
pta finishes, elapsed time: 8.47s
cg starts ...
Call graph has 6564 reachable methods and 41474 edges
Dumping call graph to /home/byx/testSpace/javaprjs/checkstyle-5.1/cs1call-output/call-graph.dot
Dumping reachable methods to /home/byx/testSpace/javaprjs/checkstyle-5.1/cs1call-output/reachable-methods.txt
Dumping call edges to /home/byx/testSpace/javaprjs/checkstyle-5.1/cs1call-output/call-edges.txt
cg finishes, elapsed time: 0.67s
Tai-e finishes, elapsed time: 13.97s
[Task Info]
Task Name: cs1call
Java Path: /home/byx/.jdks/corretto-17.0.14/bin/java
JAR Path: /home/byx/projects/Tai-e/build/tai-e-all-0.5.2-SNAPSHOT.jar
Config File: cs1call-config.yml
Project Dir: /home/byx/testSpace/javaprjs/checkstyle-5.1
Work Dir: /home/byx/projects/Tai-e
Log File: /home/byx/testSpace/javaprjs/checkstyle-5.1/cs1call_logs/run_20250521-114943.log

[Command]
/home/byx/.jdks/corretto-17.0.14/bin/java -jar /home/byx/projects/Tai-e/build/tai-e-all-0.5.2-SNAPSHOT.jar --options-file /home/byx/testSpace/javaprjs/checkstyle-5.1/cs1call-config.yml

[Output]

[Performance]
Start Time: 2025-05-21 11:49:43
Duration: 14.45s
Peak Memory: 1465.47 MB
Exit Code: 0
