Tai-e starts ...
Output directory: /home/byx/testSpace/javaprjs/checkstyle-5.1/cs1call-output
Writing options to /home/byx/testSpace/javaprjs/checkstyle-5.1/cs1call-output/options.yml
Writing log to /home/byx/testSpace/javaprjs/checkstyle-5.1/cs1call-output/tai-e.log
java.version: 17.0.14
java.version.date: 2025-01-21
java.runtime.version: 17.0.14+7-LTS
java.vendor: Amazon.com Inc.
java.vendor.version: Corretto-17.0.14.7.1
os.name: Linux
os.version: 5.15.167.4-microsoft-standard-WSL2
os.arch: amd64
Tai-e Version: 0.5.2-SNAPSHOT
Tai-e Commit: f4f1c5d3c96f68ac1bf30f8a35a3b8baefe40761
Writing analysis plan to /home/byx/testSpace/javaprjs/checkstyle-5.1/cs1call-output/tai-e-plan.yml
WorldBuilder starts ...
Scanning /home/byx/testSpace/javaprjs/checkstyle-5.1/bin ... 352 classes
5426 classes with 50747 methods in the world
WorldBuilder finishes, elapsed time: 4.49s
pta starts ...
[Pointer analysis] elapsed time: 7.24s
-------------- Pointer analysis statistics: --------------
#var pointers:                4,4389 (insens) / 20,7610 (sens)
#objects:                     4888 (insens) / 4955 (sens)
#var points-to:               144,2018 (insens) / 1151,7474 (sens)
#static field points-to:      2865 (sens)
#instance field points-to:    20,8639 (sens)
#array points-to:             2,4237 (sens)
#reachable methods:           6520 (insens) / 4,1556 (sens)
#call graph edges:            4,1271 (insens) / 69,7036 (sens)
----------------------------------------
pta finishes, elapsed time: 8.19s
cg starts ...
Call graph has 6520 reachable methods and 41271 edges
Dumping call graph to /home/byx/testSpace/javaprjs/checkstyle-5.1/cs1call-output/call-graph.dot
Dumping reachable methods to /home/byx/testSpace/javaprjs/checkstyle-5.1/cs1call-output/reachable-methods.txt
Dumping call edges to /home/byx/testSpace/javaprjs/checkstyle-5.1/cs1call-output/call-edges.txt
cg finishes, elapsed time: 0.71s
Tai-e finishes, elapsed time: 13.56s
[Task Info]
Task Name: cs1call
Java Path: /home/byx/.jdks/corretto-17.0.14/bin/java
JAR Path: /home/byx/projects/Tai-e/build/tai-e-all-0.5.2-SNAPSHOT.jar
Config File: cs1call-config.yml
Project Dir: /home/byx/testSpace/javaprjs/checkstyle-5.1
Work Dir: /home/byx/projects/Tai-e
Log File: /home/byx/testSpace/javaprjs/checkstyle-5.1/cs1call_logs/run_20250523-162027.log

[Command]
/home/byx/.jdks/corretto-17.0.14/bin/java -jar /home/byx/projects/Tai-e/build/tai-e-all-0.5.2-SNAPSHOT.jar --options-file /home/byx/testSpace/javaprjs/checkstyle-5.1/cs1call-config.yml

[Output]

[Performance]
Start Time: 2025-05-23 16:20:27
Duration: 14.05s
Peak Memory: 1553.99 MB
Exit Code: 0
