Tai-e starts ...
Output directory: /home/byx/testSpace/javaprjs/itext-5.0.3/cs1call-output
Writing options to /home/byx/testSpace/javaprjs/itext-5.0.3/cs1call-output/options.yml
Writing log to /home/byx/testSpace/javaprjs/itext-5.0.3/cs1call-output/tai-e.log
java.version: 17.0.14
java.version.date: 2025-01-21
java.runtime.version: 17.0.14+7-LTS
java.vendor: Amazon.com Inc.
java.vendor.version: Corretto-17.0.14.7.1
os.name: Linux
os.version: 5.15.167.4-microsoft-standard-WSL2
os.arch: amd64
Tai-e Version: 0.5.2-SNAPSHOT
Tai-e Commit: f4f1c5d3c96f68ac1bf30f8a35a3b8baefe40761
Writing analysis plan to /home/byx/testSpace/javaprjs/itext-5.0.3/cs1call-output/tai-e-plan.yml
WorldBuilder starts ...
Scanning /home/byx/testSpace/javaprjs/itext-5.0.3/bin ... 596 classes
6145 classes with 58243 methods in the world
WorldBuilder finishes, elapsed time: 7.70s
pta starts ...
[Pointer analysis] elapsed time: 17.73s
-------------- Pointer analysis statistics: --------------
#var pointers:                8,6430 (insens) / 38,0719 (sens)
#objects:                     1,0305 (insens) / 1,0678 (sens)
#var points-to:               486,3904 (insens) / 3733,2005 (sens)
#static field points-to:      1,0184 (sens)
#instance field points-to:    49,6430 (sens)
#array points-to:             7,6879 (sens)
#reachable methods:           1,3631 (insens) / 7,7435 (sens)
#call graph edges:            7,6826 (insens) / 90,1791 (sens)
----------------------------------------
pta finishes, elapsed time: 20.09s
cg starts ...
Call graph has 13631 reachable methods and 76826 edges
Dumping call graph to /home/byx/testSpace/javaprjs/itext-5.0.3/cs1call-output/call-graph.dot
Dumping reachable methods to /home/byx/testSpace/javaprjs/itext-5.0.3/cs1call-output/reachable-methods.txt
Dumping call edges to /home/byx/testSpace/javaprjs/itext-5.0.3/cs1call-output/call-edges.txt
cg finishes, elapsed time: 1.37s
Tai-e finishes, elapsed time: 29.32s
[Task Info]
Task Name: cs1call
Java Path: /home/byx/.jdks/corretto-17.0.14/bin/java
JAR Path: /home/byx/projects/Tai-e/build/tai-e-all-0.5.2-SNAPSHOT.jar
Config File: cs1call-config.yml
Project Dir: /home/byx/testSpace/javaprjs/itext-5.0.3
Work Dir: /home/byx/projects/Tai-e
Log File: /home/byx/testSpace/javaprjs/itext-5.0.3/cs1call_logs/run_20250523-122428.log

[Command]
/home/byx/.jdks/corretto-17.0.14/bin/java -jar /home/byx/projects/Tai-e/build/tai-e-all-0.5.2-SNAPSHOT.jar --options-file /home/byx/testSpace/javaprjs/itext-5.0.3/cs1call-config.yml

[Output]

[Performance]
Start Time: 2025-05-23 12:24:28
Duration: 29.80s
Peak Memory: 2416.56 MB
Exit Code: 0
