Writing log to /home/byx/testSpace/javaprjs/sandmark-3.4/cs1call-output/tai-e.log
java.version: 17.0.14
java.version.date: 2025-01-21
java.runtime.version: 17.0.14+7-LTS
java.vendor: Amazon.com Inc.
java.vendor.version: Corretto-17.0.14.7.1
os.name: Linux
os.version: 5.15.167.4-microsoft-standard-WSL2
os.arch: amd64
Tai-e Version: 0.5.2-SNAPSHOT
Tai-e Commit: f4f1c5d3c96f68ac1bf30f8a35a3b8baefe40761
Writing analysis plan to /home/byx/testSpace/javaprjs/sandmark-3.4/cs1call-output/tai-e-plan.yml
WorldBuilder starts ...
5432 classes with 49887 methods in the world
WorldBuilder finishes, elapsed time: 7.25s
pta starts ...
[Pointer analysis] elapsed time: 5.63s
-------------- Pointer analysis statistics: --------------
#var pointers:                4,4227 (insens) / 16,9576 (sens)
#objects:                     4306 (insens) / 4316 (sens)
#var points-to:               91,3698 (insens) / 655,0432 (sens)
#static field points-to:      1711 (sens)
#instance field points-to:    7,9825 (sens)
#array points-to:             1,2680 (sens)
#reachable methods:           6841 (insens) / 3,4138 (sens)
#call graph edges:            3,3835 (insens) / 15,9952 (sens)
----------------------------------------
pta finishes, elapsed time: 6.36s
cg starts ...
Call graph has 6841 reachable methods and 33835 edges
Dumping call graph to /home/byx/testSpace/javaprjs/sandmark-3.4/cs1call-output/call-graph.dot
Dumping reachable methods to /home/byx/testSpace/javaprjs/sandmark-3.4/cs1call-output/reachable-methods.txt
Dumping call edges to /home/byx/testSpace/javaprjs/sandmark-3.4/cs1call-output/call-edges.txt
cg finishes, elapsed time: 0.63s
Tai-e finishes, elapsed time: 14.39s
