Writing log to /home/byx/testSpace/javaprjs/jrat-0.6/ci-output/tai-e.log
java.version: 17.0.14
java.version.date: 2025-01-21
java.runtime.version: 17.0.14+7-LTS
java.vendor: Amazon.com Inc.
java.vendor.version: Corretto-17.0.14.7.1
os.name: Linux
os.version: 5.15.167.4-microsoft-standard-WSL2
os.arch: amd64
Tai-e Version: 0.5.2-SNAPSHOT
Tai-e Commit: f4f1c5d3c96f68ac1bf30f8a35a3b8baefe40761
Writing analysis plan to /home/byx/testSpace/javaprjs/jrat-0.6/ci-output/tai-e-plan.yml
WorldBuilder starts ...
4282 classes with 41603 methods in the world
WorldBuilder finishes, elapsed time: 3.71s
pta starts ...
[Pointer analysis] elapsed time: 3.20s
-------------- Pointer analysis statistics: --------------
#var pointers:                2,8852 (insens) / 2,8852 (sens)
#objects:                     2848 (insens) / 2848 (sens)
#var points-to:               52,2273 (insens) / 52,2273 (sens)
#static field points-to:      1299 (sens)
#instance field points-to:    8,3755 (sens)
#array points-to:             7717 (sens)
#reachable methods:           4105 (insens) / 4105 (sens)
#call graph edges:            2,0894 (insens) / 2,0894 (sens)
----------------------------------------
pta finishes, elapsed time: 3.46s
cg starts ...
Call graph has 4105 reachable methods and 20894 edges
Dumping call graph to /home/byx/testSpace/javaprjs/jrat-0.6/ci-output/call-graph.dot
Dumping reachable methods to /home/byx/testSpace/javaprjs/jrat-0.6/ci-output/reachable-methods.txt
Dumping call edges to /home/byx/testSpace/javaprjs/jrat-0.6/ci-output/call-edges.txt
cg finishes, elapsed time: 0.37s
Tai-e finishes, elapsed time: 7.69s
