Tai-e starts ...
Output directory: /home/byx/testSpace/javaprjs/aoi-2.8.1/ci-output
Writing options to /home/byx/testSpace/javaprjs/aoi-2.8.1/ci-output/options.yml
Writing log to /home/byx/testSpace/javaprjs/aoi-2.8.1/ci-output/tai-e.log
java.version: 17.0.14
java.version.date: 2025-01-21
java.runtime.version: 17.0.14+7-LTS
java.vendor: Amazon.com Inc.
java.vendor.version: Corretto-17.0.14.7.1
os.name: Linux
os.version: 5.15.167.4-microsoft-standard-WSL2
os.arch: amd64
Tai-e Version: 0.5.2-SNAPSHOT
Tai-e Commit: f4f1c5d3c96f68ac1bf30f8a35a3b8baefe40761
Writing analysis plan to /home/byx/testSpace/javaprjs/aoi-2.8.1/ci-output/tai-e-plan.yml
WorldBuilder starts ...
Scanning /home/byx/testSpace/javaprjs/aoi-2.8.1/bin ... 842 classes
5970 classes with 56204 methods in the world
WorldBuilder finishes, elapsed time: 9.11s
pta starts ...
[Pointer analysis] elapsed time: 20.16s
Imprecise reflective calls:
[Method.invoke]<artofillusion.util.IconGenerator$Instruction: java.lang.Object resolve(java.lang.String,java.util.List,java.util.Map)>[33@L1926] r25 = invokevirtual $r7.invoke(r25, $r8), #targets: 644
[Class.newInstance]<artofillusion.PluginRegistry: void processJar(artofillusion.PluginRegistry$JarInfo,java.util.Map)>[103@L192] $r34 = invokevirtual $r33.newInstance(), #targets: 375
[Class.newInstance]<java.awt.Toolkit: void loadAssistiveTechnologies()>[15@L-1] invokevirtual r31.newInstance(), #targets: 375
[Class.newInstance]<java.beans.Introspector: java.lang.Object instantiate(java.lang.Class,java.lang.String)>[9@L-1] $r9 = invokevirtual $r8.newInstance(), #targets: 375
[Class.newInstance]<java.beans.Introspector: java.lang.Object instantiate(java.lang.Class,java.lang.String)>[16@L-1] $r7 = invokevirtual $r6.newInstance(), #targets: 375
[Class.newInstance]<java.security.Provider$Service: java.lang.Object newInstance(java.lang.Object)>[24@L-1] $r20 = invokevirtual $r19.newInstance(), #targets: 375
[Class.newInstance]<java.security.Provider$Service: java.lang.Object newInstanceGeneric(java.lang.Object)>[2@L-1] $r19 = invokevirtual $r1.newInstance(), #targets: 375
[Class.newInstance]<java.util.ResourceBundle: java.lang.Object loadBundle(java.lang.ClassLoader,java.lang.String,java.util.Locale)>[8@L-1] $r5 = invokevirtual r15.newInstance(), #targets: 375
[Class.newInstance]<java.util.logging.LogManager: void readConfiguration()>[6@L-1] invokevirtual $r10.newInstance(), #targets: 375
[Class.newInstance]<java.util.logging.LogManager: void readConfiguration()>[12@L-1] invokevirtual $r27.newInstance(), #targets: 375
[Class.newInstance]<java.util.logging.LogManager: void readConfiguration(java.io.InputStream)>[12@L-1] invokevirtual $r7.newInstance(), #targets: 375
[Class.newInstance]<javax.xml.parsers.FactoryFinder: java.lang.Object newInstance(java.lang.String,java.lang.ClassLoader,boolean)>[15@L-1] $r21 = invokevirtual r20.newInstance(), #targets: 375
[Class.newInstance]<sun.io.Converters: java.lang.Object newConverter(java.lang.String,java.lang.Class)>[0@L-1] $r1 = invokevirtual r0.newInstance(), #targets: 375
[Method.invoke]<buoy.internal.EventLinkRecord: void dispatchEvent(java.lang.Object)>[29@L83] invokevirtual $r8.invoke($r9, $r10), #targets: 174
[Class.forName]<java.security.Policy: java.security.Policy getPolicyNoCheck()>[12@L-1] $r4 = invokestatic java.lang.Class.forName(r19), #targets: 127
[Class.forName]<java.security.Policy$2: java.lang.Object run()>[9@L-1] $r2 = invokestatic java.lang.Class.forName($r1, %intconst0, r5), #targets: 127
[Class.forName]<javax.swing.SwingUtilities: java.lang.Class loadSystemClass(java.lang.String)>[3@L-1] $r3 = invokestatic java.lang.Class.forName(r0, %intconst0, $r2), #targets: 127
[Class.forName]<sun.security.provider.PolicyFile: void addPermissions(java.security.Permissions,java.security.CodeSource,java.security.Principal[],sun.security.provider.PolicyFile$PolicyEntry)>[79@L-1] $r28 = invokestatic java.lang.Class.forName($r25, %intconst5, $r27), #targets: 127
[Class.forName]<artofillusion.ArtOfIllusion: java.lang.Class lookupClass(java.lang.String)>[0@L441] $r1 = invokestatic java.lang.Class.forName(r0), #targets: 126
[Class.forName]<com.sun.beans.ObjectHandler: java.lang.Class classForName(java.lang.String,java.lang.ClassLoader)>[9@L-1] $r3 = invokestatic java.lang.Class.forName(r1, %intconst1, r0), #targets: 126
[Class.forName]<java.awt.EventDispatchThread: boolean handleException(java.lang.Throwable)>[22@L-1] $r6 = invokestatic java.lang.Class.forName($r5, %intconst2, $r4), #targets: 126
[Class.forName]<java.awt.GraphicsEnvironment: java.awt.GraphicsEnvironment getLocalGraphicsEnvironment()>[7@L-1] $r5 = invokestatic java.lang.Class.forName(r4), #targets: 126
[Class.forName]<java.awt.Toolkit: void loadAssistiveTechnologies()>[14@L-1] r31 = invokestatic java.lang.Class.forName($r4), #targets: 126
[Class.forName]<java.awt.Toolkit$2: java.lang.Object run()>[14@L-1] r28 = invokestatic java.lang.Class.forName($r1), #targets: 126
[Class.forName]<java.awt.datatransfer.DataFlavor: java.lang.Class tryToLoadClass(java.lang.String,java.lang.ClassLoader)>[5@L-1] $r4 = invokestatic java.lang.Class.forName(r3, %intconst0, r2), #targets: 126
[Class.forName]<java.awt.datatransfer.DataFlavor: java.lang.Class tryToLoadClass(java.lang.String,java.lang.ClassLoader)>[9@L-1] $r8 = invokestatic java.lang.Class.forName(r3, %intconst0, r6), #targets: 126
[Class.forName]<java.lang.SystemClassLoaderAction: java.lang.Object run()>[14@L-1] $r6 = invokestatic java.lang.Class.forName($r4, %intconst0, $r5), #targets: 126
[Class.forName]<java.security.Provider$Service: java.lang.Class getImplClass()>[13@L-1] r23 = invokestatic java.lang.Class.forName($r7), #targets: 126
[Class.forName]<java.security.Provider$Service: java.lang.Class getKeyClass(java.lang.String)>[0@L-1] $r1 = invokestatic java.lang.Class.forName(r0), #targets: 126
[Class.forName]<java.util.ResourceBundle: java.lang.Object loadBundle(java.lang.ClassLoader,java.lang.String,java.util.Locale)>[3@L-1] r15 = invokestatic java.lang.Class.forName(r1), #targets: 126
[Class.forName]<java.util.prefs.Preferences: java.util.prefs.PreferencesFactory factory()>[7@L-1] $r7 = invokestatic java.lang.Class.forName(r2, %intconst0, $r6), #targets: 126
[Class.forName]<java.util.prefs.Preferences: java.util.prefs.PreferencesFactory factory()>[19@L-1] $r20 = invokestatic java.lang.Class.forName(r2, %intconst0, $r19), #targets: 126
[Class.forName]<javax.crypto.SunJCE_g: java.security.spec.AlgorithmParameterSpec a(java.lang.String,java.lang.Integer[])>[0@L-1] $r1 = invokestatic java.lang.Class.forName(r0), #targets: 126
[Class.forName]<javax.xml.parsers.FactoryFinder: java.lang.Object newInstance(java.lang.String,java.lang.ClassLoader,boolean)>[1@L-1] r20 = invokestatic java.lang.Class.forName(r0), #targets: 126
[Class.forName]<javax.xml.parsers.FactoryFinder: java.lang.Object newInstance(java.lang.String,java.lang.ClassLoader,boolean)>[12@L-1] r20 = invokestatic java.lang.Class.forName(r0, %intconst1, $r18), #targets: 126
[Class.forName]<sun.awt.SunToolkit: void <init>()>[13@L-1] $r4 = invokestatic java.lang.Class.forName($r2), #targets: 126
[Class.forName]<sun.awt.SunToolkit$1: void run()>[3@L-1] $r1 = invokestatic java.lang.Class.forName($r0), #targets: 126
[Class.forName]<sun.misc.Service$LazyIterator: java.lang.Object next()>[10@L-1] $r3 = invokestatic java.lang.Class.forName(r1, %intconst1, $r2), #targets: 126
[Class.forName]<sun.security.jca.ProviderConfig$3: java.lang.Object run()>[19@L-1] r45 = invokestatic java.lang.Class.forName($r4), #targets: 126
[Class.forName]<sun.security.provider.PolicyFile: java.security.Permission getInstance(java.lang.String,java.lang.String,java.lang.String)>[0@L-1] $r1 = invokestatic java.lang.Class.forName(r0), #targets: 126
[Class.forName]<sun.security.x509.X509Key: java.security.PublicKey buildX509Key(sun.security.x509.AlgorithmId,sun.security.util.BitArray)>[38@L-1] r32 = invokestatic java.lang.Class.forName($r28), #targets: 126
[Class.forName]<sun.util.calendar.CalendarSystem: sun.util.calendar.CalendarSystem forName(java.lang.String)>[26@L-1] $r8 = invokestatic java.lang.Class.forName($r11), #targets: 126
[Method.invoke]<sun.swing.SwingLazyValue: java.lang.Object createValue(javax.swing.UIDefaults)>[10@L-1] $r14 = invokevirtual $r12.invoke($r2, $r13), #targets: 108
[Method.invoke]<sun.swing.AccessibleMethod: java.lang.Object invoke(java.lang.Object,java.lang.Object[])>[1@L-1] $r4 = invokevirtual $r3.invoke(r1, r2), #targets: 87
[Class.newInstance]<java.security.Policy$2: java.lang.Object run()>[10@L-1] $r6 = invokevirtual $r2.newInstance(), #targets: 83
[Class.newInstance]<java.awt.EventDispatchThread: boolean handleException(java.lang.Throwable)>[28@L-1] $r9 = invokevirtual $r6.newInstance(), #targets: 82
[Class.newInstance]<sun.misc.Service$LazyIterator: java.lang.Object next()>[11@L-1] $r4 = invokevirtual $r3.newInstance(), #targets: 82
-------------- Pointer analysis statistics: --------------
#var pointers:                12,0465 (insens) / 12,0465 (sens)
#objects:                     2,1333 (insens) / 2,1333 (sens)
#var points-to:               2311,7788 (insens) / 2311,7788 (sens)
#static field points-to:      3,6342 (sens)
#instance field points-to:    552,9398 (sens)
#array points-to:             63,2944 (sens)
#reachable methods:           1,7307 (insens) / 1,7307 (sens)
#call graph edges:            10,8682 (insens) / 10,8682 (sens)
----------------------------------------
pta finishes, elapsed time: 21.94s
cg starts ...
Call graph has 17307 reachable methods and 108682 edges
Dumping call graph to /home/byx/testSpace/javaprjs/aoi-2.8.1/ci-output/call-graph.dot
Dumping reachable methods to /home/byx/testSpace/javaprjs/aoi-2.8.1/ci-output/reachable-methods.txt
Dumping call edges to /home/byx/testSpace/javaprjs/aoi-2.8.1/ci-output/call-edges.txt
cg finishes, elapsed time: 1.51s
Tai-e finishes, elapsed time: 32.83s
[Task Info]
Task Name: ci
Java Path: /home/byx/.jdks/corretto-17.0.14/bin/java
JAR Path: /home/byx/projects/Tai-e/build/tai-e-all-0.5.2-SNAPSHOT.jar
Config File: ci-config.yml
Project Dir: /home/byx/testSpace/javaprjs/aoi-2.8.1
Work Dir: /home/byx/projects/Tai-e
Log File: /home/byx/testSpace/javaprjs/aoi-2.8.1/ci_logs/run_20250522-160234.log

[Command]
/home/byx/.jdks/corretto-17.0.14/bin/java -jar /home/byx/projects/Tai-e/build/tai-e-all-0.5.2-SNAPSHOT.jar --options-file /home/byx/testSpace/javaprjs/aoi-2.8.1/ci-config.yml

[Output]

[Performance]
Start Time: 2025-05-22 16:02:34
Duration: 33.62s
Peak Memory: 2345.84 MB
Exit Code: 0
