Tai-e starts ...
Output directory: /home/byx/testSpace/javaprjs/weka-3-7-9/cha-output
Writing options to /home/byx/testSpace/javaprjs/weka-3-7-9/cha-output/options.yml
Writing log to /home/byx/testSpace/javaprjs/weka-3-7-9/cha-output/tai-e.log
java.version: 17.0.14
java.version.date: 2025-01-21
java.runtime.version: 17.0.14+7-LTS
java.vendor: Amazon.com Inc.
java.vendor.version: Corretto-17.0.14.7.1
os.name: Linux
os.version: 5.15.167.4-microsoft-standard-WSL2
os.arch: amd64
Tai-e Version: 0.5.2-SNAPSHOT
Tai-e Commit: f4f1c5d3c96f68ac1bf30f8a35a3b8baefe40761
Writing analysis plan to /home/byx/testSpace/javaprjs/weka-3-7-9/cha-output/tai-e-plan.yml
WorldBuilder starts ...
Scanning /home/byx/testSpace/javaprjs/weka-3-7-9/bin ... 2423 classes
8387 classes with 77659 methods in the world
WorldBuilder finishes, elapsed time: 13.55s
cg starts ...
Building call graph by CHA
Ignore methods of java.lang.Object
Call graph has 42831 reachable methods and 798225 edges
Dumping call graph to /home/byx/testSpace/javaprjs/weka-3-7-9/cha-output/call-graph.dot
Dumping reachable methods to /home/byx/testSpace/javaprjs/weka-3-7-9/cha-output/reachable-methods.txt
Dumping call edges to /home/byx/testSpace/javaprjs/weka-3-7-9/cha-output/call-edges.txt
cg finishes, elapsed time: 28.79s
Tai-e finishes, elapsed time: 42.50s
[Task Info]
Task Name: cha
Java Path: /home/byx/.jdks/corretto-17.0.14/bin/java
JAR Path: /home/byx/projects/Tai-e/build/tai-e-all-0.5.2-SNAPSHOT.jar
Config File: cha-config.yml
Project Dir: /home/byx/testSpace/javaprjs/weka-3-7-9
Work Dir: /home/byx/projects/Tai-e
Log File: /home/byx/testSpace/javaprjs/weka-3-7-9/cha_logs/run_20250523-132934.log

[Command]
/home/byx/.jdks/corretto-17.0.14/bin/java -jar /home/byx/projects/Tai-e/build/tai-e-all-0.5.2-SNAPSHOT.jar --options-file /home/byx/testSpace/javaprjs/weka-3-7-9/cha-config.yml

[Output]

[Performance]
Start Time: 2025-05-23 13:29:34
Duration: 43.03s
Peak Memory: 3421.79 MB
Exit Code: 0
