Writing log to /home/byx/testSpace/javaprjs/quilt-0.6-a-5/ci_app-output/tai-e.log
java.version: 17.0.14
java.version.date: 2025-01-21
java.runtime.version: 17.0.14+7-LTS
java.vendor: Amazon.com Inc.
java.vendor.version: Corretto-17.0.14.7.1
os.name: Linux
os.version: 5.15.167.4-microsoft-standard-WSL2
os.arch: amd64
Tai-e Version: 0.5.2-SNAPSHOT
Tai-e Commit: f4f1c5d3c96f68ac1bf30f8a35a3b8baefe40761
Writing analysis plan to /home/byx/testSpace/javaprjs/quilt-0.6-a-5/ci_app-output/tai-e-plan.yml
WorldBuilder starts ...
7154 classes with 67626 methods in the world
WorldBuilder finishes, elapsed time: 3.57s
pta starts ...
[Pointer analysis] elapsed time: 0.23s
-------------- Pointer analysis statistics: --------------
#var pointers:                4546 (insens) / 7328 (sens)
#objects:                     655 (insens) / 655 (sens)
#var points-to:               1,0828 (insens) / 1,8054 (sens)
#static field points-to:      193 (sens)
#instance field points-to:    1106 (sens)
#array points-to:             405 (sens)
#reachable methods:           880 (insens) / 2342 (sens)
#call graph edges:            2305 (insens) / 3979 (sens)
----------------------------------------
pta finishes, elapsed time: 0.57s
cg starts ...
Call graph has 880 reachable methods and 2305 edges
Dumping call graph to /home/byx/testSpace/javaprjs/quilt-0.6-a-5/ci_app-output/call-graph.dot
Dumping reachable methods to /home/byx/testSpace/javaprjs/quilt-0.6-a-5/ci_app-output/reachable-methods.txt
Dumping call edges to /home/byx/testSpace/javaprjs/quilt-0.6-a-5/ci_app-output/call-edges.txt
cg finishes, elapsed time: 0.12s
Tai-e finishes, elapsed time: 4.43s
