Tai-e starts ...
Output directory: /home/byx/testSpace/javaprjs/jmoney-0.4.4/ci-output
Writing options to /home/byx/testSpace/javaprjs/jmoney-0.4.4/ci-output/options.yml
Writing log to /home/byx/testSpace/javaprjs/jmoney-0.4.4/ci-output/tai-e.log
java.version: 17.0.14
java.version.date: 2025-01-21
java.runtime.version: 17.0.14+7-LTS
java.vendor: Amazon.com Inc.
java.vendor.version: Corretto-17.0.14.7.1
os.name: Linux
os.version: 5.15.167.4-microsoft-standard-WSL2
os.arch: amd64
Tai-e Version: 0.5.2-SNAPSHOT
Tai-e Commit: f4f1c5d3c96f68ac1bf30f8a35a3b8baefe40761
Writing analysis plan to /home/byx/testSpace/javaprjs/jmoney-0.4.4/ci-output/tai-e-plan.yml
WorldBuilder starts ...
Scanning /home/byx/testSpace/javaprjs/jmoney-0.4.4/bin ... 193 classes
3919 classes with 37894 methods in the world
WorldBuilder finishes, elapsed time: 2.73s
pta starts ...
[Pointer analysis] elapsed time: 6.57s
Imprecise reflective calls:
[Class.forName]<java.awt.GraphicsEnvironment: java.awt.GraphicsEnvironment getLocalGraphicsEnvironment()>[7@L-1] $r5 = invokestatic java.lang.Class.forName(r4), #targets: 61
[Class.forName]<java.awt.Toolkit: void loadAssistiveTechnologies()>[19@L-1] r34 = invokestatic java.lang.Class.forName($r7), #targets: 61
[Class.forName]<java.awt.Toolkit$2: java.lang.Object run()>[6@L-1] r27 = invokestatic java.lang.Class.forName($r0), #targets: 61
[Class.forName]<java.awt.datatransfer.DataFlavor: java.lang.Class tryToLoadClass(java.lang.String,java.lang.ClassLoader)>[5@L-1] $r4 = invokestatic java.lang.Class.forName(r3, %intconst0, r2), #targets: 61
[Class.forName]<java.awt.datatransfer.DataFlavor: java.lang.Class tryToLoadClass(java.lang.String,java.lang.ClassLoader)>[9@L-1] $r8 = invokestatic java.lang.Class.forName(r3, %intconst0, r6), #targets: 61
[Class.forName]<java.beans.ObjectHandler: java.lang.Class classForName(java.lang.String)>[6@L-1] $r4 = invokestatic java.lang.Class.forName(r0, %intconst0, $r3), #targets: 61
[Class.forName]<java.lang.SystemClassLoaderAction: java.lang.Object run()>[20@L-1] $r7 = invokestatic java.lang.Class.forName($r5, %intconst0, $r6), #targets: 61
[Class.forName]<java.security.Policy: java.security.Policy getPolicyNoCheck()>[8@L-1] $r3 = invokestatic java.lang.Class.forName(r19), #targets: 61
[Class.forName]<java.security.Policy$2: java.lang.Object run()>[9@L-1] $r2 = invokestatic java.lang.Class.forName($r1, %intconst0, r5), #targets: 61
[Class.forName]<java.security.Provider: java.security.Provider loadProvider(java.lang.String)>[4@L-1] r23 = invokestatic java.lang.Class.forName(r1), #targets: 61
[Class.forName]<java.security.Security: java.lang.Object[] doGetImpl(java.lang.String,java.lang.String,java.security.Security$ProviderProperty,java.lang.Object)>[40@L-1] r116 = invokestatic java.lang.Class.forName(r1), #targets: 61
[Class.forName]<java.util.ResourceBundle: java.lang.Object loadBundle(java.lang.ClassLoader,java.lang.String,java.util.Locale)>[6@L-1] r16 = invokestatic java.lang.Class.forName($r1), #targets: 61
[Class.forName]<java.util.prefs.Preferences: void <clinit>()>[12@L-1] $r4 = invokestatic java.lang.Class.forName(r2, %intconst1, $r3), #targets: 61
[Class.forName]<java.util.prefs.Preferences: void <clinit>()>[25@L-1] $r19 = invokestatic java.lang.Class.forName(r2, %intconst1, $r18), #targets: 61
[Class.forName]<javax.swing.SwingUtilities: java.lang.Class loadSystemClass(java.lang.String)>[3@L-1] $r3 = invokestatic java.lang.Class.forName(r0, %intconst0, $r2), #targets: 61
[Class.forName]<javax.xml.parsers.FactoryFinder: java.lang.Object newInstance(java.lang.String,java.lang.ClassLoader)>[1@L-1] r18 = invokestatic java.lang.Class.forName(r1), #targets: 61
[Class.forName]<sun.misc.Service$LazyIterator: java.lang.Object next()>[10@L-1] $r3 = invokestatic java.lang.Class.forName(r1, %intconst1, $r2), #targets: 61
[Class.forName]<sun.security.provider.PolicyFile: java.security.Permission getInstance(java.lang.String,java.lang.String,java.lang.String)>[0@L-1] $r1 = invokestatic java.lang.Class.forName(r0), #targets: 61
[Class.forName]<sun.security.provider.PolicyFile: void addPermissions(java.security.Permissions,java.security.CodeSource,java.security.Principal[],sun.security.provider.PolicyFile$PolicyEntry)>[79@L-1] $r28 = invokestatic java.lang.Class.forName($r25, %intconst5, $r27), #targets: 61
[Class.forName]<sun.security.x509.X509Key: java.security.PublicKey buildX509Key(sun.security.x509.AlgorithmId,sun.security.util.BitArray)>[38@L-1] r32 = invokestatic java.lang.Class.forName($r28), #targets: 61
-------------- Pointer analysis statistics: --------------
#var pointers:                6,5350 (insens) / 6,5350 (sens)
#objects:                     6897 (insens) / 6897 (sens)
#var points-to:               542,4112 (insens) / 542,4112 (sens)
#static field points-to:      7791 (sens)
#instance field points-to:    118,1586 (sens)
#array points-to:             11,5424 (sens)
#reachable methods:           1,0031 (insens) / 1,0031 (sens)
#call graph edges:            5,2156 (insens) / 5,2156 (sens)
----------------------------------------
pta finishes, elapsed time: 7.17s
cg starts ...
Call graph has 10031 reachable methods and 52156 edges
Dumping call graph to /home/byx/testSpace/javaprjs/jmoney-0.4.4/ci-output/call-graph.dot
Dumping reachable methods to /home/byx/testSpace/javaprjs/jmoney-0.4.4/ci-output/reachable-methods.txt
Dumping call edges to /home/byx/testSpace/javaprjs/jmoney-0.4.4/ci-output/call-edges.txt
cg finishes, elapsed time: 0.82s
Tai-e finishes, elapsed time: 10.93s
[Task Info]
Task Name: ci
Java Path: /home/byx/.jdks/corretto-17.0.14/bin/java
JAR Path: /home/byx/projects/Tai-e/build/tai-e-all-0.5.2-SNAPSHOT.jar
Config File: ci-config.yml
Project Dir: /home/byx/testSpace/javaprjs/jmoney-0.4.4
Work Dir: /home/byx/projects/Tai-e
Log File: /home/byx/testSpace/javaprjs/jmoney-0.4.4/ci_logs/run_20250523-135323.log

[Command]
/home/byx/.jdks/corretto-17.0.14/bin/java -jar /home/byx/projects/Tai-e/build/tai-e-all-0.5.2-SNAPSHOT.jar --options-file /home/byx/testSpace/javaprjs/jmoney-0.4.4/ci-config.yml

[Output]

[Performance]
Start Time: 2025-05-23 13:53:23
Duration: 11.45s
Peak Memory: 1080.56 MB
Exit Code: 0
