Tai-e starts ...
Output directory: /home/byx/testSpace/javaprjs/checkstyle-5.1/taie-output
Writing options to /home/byx/testSpace/javaprjs/checkstyle-5.1/taie-output/options.yml
Writing log to /home/byx/testSpace/javaprjs/checkstyle-5.1/taie-output/tai-e.log
java.version: 17.0.14
java.version.date: 2025-01-21
java.runtime.version: 17.0.14+7-LTS
java.vendor: Amazon.com Inc.
java.vendor.version: Corretto-17.0.14.7.1
os.name: Linux
os.version: 5.15.167.4-microsoft-standard-WSL2
os.arch: amd64
Tai-e Version: 0.5.2-SNAPSHOT
Tai-e Commit: f4f1c5d3c96f68ac1bf30f8a35a3b8baefe40761
Writing analysis plan to /home/byx/testSpace/javaprjs/checkstyle-5.1/taie-output/tai-e-plan.yml
WorldBuilder starts ...
Scanning /home/byx/testSpace/javaprjs/checkstyle-5.1/bin ... 352 classes
5426 classes with 50747 methods in the world
WorldBuilder finishes, elapsed time: 4.14s
pta starts ...
[Pointer analysis] elapsed time: 7.50s
-------------- Pointer analysis statistics: --------------
#var pointers:                4,4579 (insens) / 20,8308 (sens)
#objects:                     4921 (insens) / 4988 (sens)
#var points-to:               144,4660 (insens) / 1153,9544 (sens)
#static field points-to:      2874 (sens)
#instance field points-to:    20,9238 (sens)
#array points-to:             2,4260 (sens)
#reachable methods:           6564 (insens) / 4,1776 (sens)
#call graph edges:            4,1474 (insens) / 69,7724 (sens)
----------------------------------------
pta finishes, elapsed time: 8.45s
cg starts ...
Call graph has 6564 reachable methods and 41474 edges
Dumping call graph to /home/byx/testSpace/javaprjs/checkstyle-5.1/taie-output/call-graph.dot
Dumping reachable methods to /home/byx/testSpace/javaprjs/checkstyle-5.1/taie-output/reachable-methods.txt
Dumping call edges to /home/byx/testSpace/javaprjs/checkstyle-5.1/taie-output/call-edges.txt
cg finishes, elapsed time: 1.20s
Tai-e finishes, elapsed time: 13.93s
[Task Info]
Task Name: taie
Java Path: /home/byx/.jdks/corretto-17.0.14/bin/java
JAR Path: /home/byx/projects/Tai-e/build/tai-e-all-0.5.2-SNAPSHOT.jar
Config File: taie-config.yml
Project Dir: /home/byx/testSpace/javaprjs/checkstyle-5.1
Work Dir: /home/byx/projects/Tai-e
Log File: /home/byx/testSpace/javaprjs/checkstyle-5.1/taie_logs/run_20250423-221903.log

[Command]
/home/byx/.jdks/corretto-17.0.14/bin/java -jar /home/byx/projects/Tai-e/build/tai-e-all-0.5.2-SNAPSHOT.jar --options-file /home/byx/testSpace/javaprjs/checkstyle-5.1/taie-config.yml

[Output]

[Performance]
Start Time: 2025-04-23 22:19:03
Duration: 14.46s
Peak Memory: 1976.59 MB
Exit Code: 0
