Tai-e starts ...
Output directory: /home/byx/testSpace/javaprjs/openjms-0.7.7-beta-1/ci_app-output
Writing options to /home/byx/testSpace/javaprjs/openjms-0.7.7-beta-1/ci_app-output/options.yml
Writing log to /home/byx/testSpace/javaprjs/openjms-0.7.7-beta-1/ci_app-output/tai-e.log
java.version: 17.0.14
java.version.date: 2025-01-21
java.runtime.version: 17.0.14+7-LTS
java.vendor: Amazon.com Inc.
java.vendor.version: Corretto-17.0.14.7.1
os.name: Linux
os.version: 5.15.167.4-microsoft-standard-WSL2
os.arch: amd64
Tai-e Version: 0.5.2-SNAPSHOT
Tai-e Commit: f4f1c5d3c96f68ac1bf30f8a35a3b8baefe40761
Writing analysis plan to /home/byx/testSpace/javaprjs/openjms-0.7.7-beta-1/ci_app-output/tai-e-plan.yml
WorldBuilder starts ...
Scanning /home/byx/testSpace/javaprjs/openjms-0.7.7-beta-1/bin ... 808 classes
4271 classes with 43130 methods in the world
WorldBuilder finishes, elapsed time: 7.20s
pta starts ...
[Pointer analysis] elapsed time: 0.20s
-------------- Pointer analysis statistics: --------------
#var pointers:                2445 (insens) / 5006 (sens)
#objects:                     266 (insens) / 272 (sens)
#var points-to:               2286 (insens) / 3903 (sens)
#static field points-to:      145 (sens)
#instance field points-to:    217 (sens)
#array points-to:             16 (sens)
#reachable methods:           415 (insens) / 1467 (sens)
#call graph edges:            1428 (insens) / 2840 (sens)
----------------------------------------
pta finishes, elapsed time: 0.38s
cg starts ...
Call graph has 415 reachable methods and 1428 edges
Dumping call graph to /home/byx/testSpace/javaprjs/openjms-0.7.7-beta-1/ci_app-output/call-graph.dot
Dumping reachable methods to /home/byx/testSpace/javaprjs/openjms-0.7.7-beta-1/ci_app-output/reachable-methods.txt
Dumping call edges to /home/byx/testSpace/javaprjs/openjms-0.7.7-beta-1/ci_app-output/call-edges.txt
cg finishes, elapsed time: 0.10s
Tai-e finishes, elapsed time: 7.84s
[Task Info]
Task Name: ci_app
Java Path: /home/byx/.jdks/corretto-17.0.14/bin/java
JAR Path: /home/byx/projects/Tai-e/build/tai-e-all-0.5.2-SNAPSHOT.jar
Config File: ci_app-config.yml
Project Dir: /home/byx/testSpace/javaprjs/openjms-0.7.7-beta-1
Work Dir: /home/byx/projects/Tai-e
Log File: /home/byx/testSpace/javaprjs/openjms-0.7.7-beta-1/ci_app_logs/run_20250523-163449.log

[Command]
/home/byx/.jdks/corretto-17.0.14/bin/java -jar /home/byx/projects/Tai-e/build/tai-e-all-0.5.2-SNAPSHOT.jar --options-file /home/byx/testSpace/javaprjs/openjms-0.7.7-beta-1/ci_app-config.yml

[Output]

[Performance]
Start Time: 2025-05-23 16:34:49
Duration: 8.33s
Peak Memory: 1065.70 MB
Exit Code: 0
