Tai-e starts ...
Output directory: /home/byx/testSpace/javaprjs/sunflow-0.07.2/taie-output
Writing options to /home/byx/testSpace/javaprjs/sunflow-0.07.2/taie-output/options.yml
Writing log to /home/byx/testSpace/javaprjs/sunflow-0.07.2/taie-output/tai-e.log
java.version: 17.0.14
java.version.date: 2025-01-21
java.runtime.version: 17.0.14+7-LTS
java.vendor: Amazon.com Inc.
java.vendor.version: Corretto-17.0.14.7.1
os.name: Linux
os.version: 5.15.167.4-microsoft-standard-WSL2
os.arch: amd64
Tai-e Version: 0.5.2-SNAPSHOT
Tai-e Commit: f4f1c5d3c96f68ac1bf30f8a35a3b8baefe40761
Writing analysis plan to /home/byx/testSpace/javaprjs/sunflow-0.07.2/taie-output/tai-e-plan.yml
WorldBuilder starts ...
Scanning /home/byx/testSpace/javaprjs/sunflow-0.07.2/bin ... 255 classes
6971 classes with 66163 methods in the world
WorldBuilder finishes, elapsed time: 4.41s
pta starts ...
[Pointer analysis] elapsed time: 0.47s
-------------- Pointer analysis statistics: --------------
#var pointers:                8671 (insens) / 2,8334 (sens)
#objects:                     1522 (insens) / 1522 (sens)
#var points-to:               2,2392 (insens) / 5,9434 (sens)
#static field points-to:      117 (sens)
#instance field points-to:    2537 (sens)
#array points-to:             1292 (sens)
#reachable methods:           1159 (insens) / 5537 (sens)
#call graph edges:            5425 (insens) / 1,6242 (sens)
----------------------------------------
pta finishes, elapsed time: 0.92s
cg starts ...
Call graph has 1159 reachable methods and 5425 edges
Dumping call graph to /home/byx/testSpace/javaprjs/sunflow-0.07.2/taie-output/call-graph.dot
Dumping reachable methods to /home/byx/testSpace/javaprjs/sunflow-0.07.2/taie-output/reachable-methods.txt
Dumping call edges to /home/byx/testSpace/javaprjs/sunflow-0.07.2/taie-output/call-edges.txt
cg finishes, elapsed time: 0.18s
Tai-e finishes, elapsed time: 5.71s
[Task Info]
Task Name: taie
Java Path: /home/byx/.jdks/corretto-17.0.14/bin/java
JAR Path: /home/byx/projects/Tai-e/build/tai-e-all-0.5.2-SNAPSHOT.jar
Config File: taie-config.yml
Project Dir: /home/byx/testSpace/javaprjs/sunflow-0.07.2
Work Dir: /home/byx/projects/Tai-e
Log File: /home/byx/testSpace/javaprjs/sunflow-0.07.2/taie_logs/run_20250513-210420.log

[Command]
/home/byx/.jdks/corretto-17.0.14/bin/java -jar /home/byx/projects/Tai-e/build/tai-e-all-0.5.2-SNAPSHOT.jar --options-file /home/byx/testSpace/javaprjs/sunflow-0.07.2/taie-config.yml

[Output]

[Performance]
Start Time: 2025-05-13 21:04:20
Duration: 6.22s
Peak Memory: 1012.93 MB
Exit Code: 0
