Tai-e starts ...
Output directory: /home/byx/testSpace/javaprjs/quilt-0.6-a-5/cs1call-output
Writing options to /home/byx/testSpace/javaprjs/quilt-0.6-a-5/cs1call-output/options.yml
Writing log to /home/byx/testSpace/javaprjs/quilt-0.6-a-5/cs1call-output/tai-e.log
java.version: 17.0.14
java.version.date: 2025-01-21
java.runtime.version: 17.0.14+7-LTS
java.vendor: Amazon.com Inc.
java.vendor.version: Corretto-17.0.14.7.1
os.name: Linux
os.version: 5.15.167.4-microsoft-standard-WSL2
os.arch: amd64
Tai-e Version: 0.5.2-SNAPSHOT
Tai-e Commit: f4f1c5d3c96f68ac1bf30f8a35a3b8baefe40761
Writing analysis plan to /home/byx/testSpace/javaprjs/quilt-0.6-a-5/cs1call-output/tai-e-plan.yml
WorldBuilder starts ...
Scanning /home/byx/testSpace/javaprjs/quilt-0.6-a-5/bin ... 74 classes
7154 classes with 67626 methods in the world
WorldBuilder finishes, elapsed time: 3.68s
pta starts ...
[Pointer analysis] elapsed time: 8.68s
-------------- Pointer analysis statistics: --------------
#var pointers:                6,5799 (insens) / 23,8570 (sens)
#objects:                     7473 (insens) / 7520 (sens)
#var points-to:               343,8429 (insens) / 1927,7285 (sens)
#static field points-to:      8355 (sens)
#instance field points-to:    60,4493 (sens)
#array points-to:             14,0422 (sens)
#reachable methods:           9342 (insens) / 4,9860 (sens)
#call graph edges:            4,9171 (insens) / 35,3454 (sens)
----------------------------------------
pta finishes, elapsed time: 9.83s
cg starts ...
Call graph has 9342 reachable methods and 49171 edges
Dumping call graph to /home/byx/testSpace/javaprjs/quilt-0.6-a-5/cs1call-output/call-graph.dot
Dumping reachable methods to /home/byx/testSpace/javaprjs/quilt-0.6-a-5/cs1call-output/reachable-methods.txt
Dumping call edges to /home/byx/testSpace/javaprjs/quilt-0.6-a-5/cs1call-output/call-edges.txt
cg finishes, elapsed time: 0.89s
Tai-e finishes, elapsed time: 14.55s
[Task Info]
Task Name: cs1call
Java Path: /home/byx/.jdks/corretto-17.0.14/bin/java
JAR Path: /home/byx/projects/Tai-e/build/tai-e-all-0.5.2-SNAPSHOT.jar
Config File: cs1call-config.yml
Project Dir: /home/byx/testSpace/javaprjs/quilt-0.6-a-5
Work Dir: /home/byx/projects/Tai-e
Log File: /home/byx/testSpace/javaprjs/quilt-0.6-a-5/cs1call_logs/run_20250521-115001.log

[Command]
/home/byx/.jdks/corretto-17.0.14/bin/java -jar /home/byx/projects/Tai-e/build/tai-e-all-0.5.2-SNAPSHOT.jar --options-file /home/byx/testSpace/javaprjs/quilt-0.6-a-5/cs1call-config.yml

[Output]

[Performance]
Start Time: 2025-05-21 11:50:01
Duration: 14.96s
Peak Memory: 1924.54 MB
Exit Code: 0
