Tai-e starts ...
Output directory: /home/byx/testSpace/javaprjs/sandmark-3.4/ci-output
Writing options to /home/byx/testSpace/javaprjs/sandmark-3.4/ci-output/options.yml
Writing log to /home/byx/testSpace/javaprjs/sandmark-3.4/ci-output/tai-e.log
java.version: 17.0.14
java.version.date: 2025-01-21
java.runtime.version: 17.0.14+7-LTS
java.vendor: Amazon.com Inc.
java.vendor.version: Corretto-17.0.14.7.1
os.name: Linux
os.version: 5.15.167.4-microsoft-standard-WSL2
os.arch: amd64
Tai-e Version: 0.5.2-SNAPSHOT
Tai-e Commit: f4f1c5d3c96f68ac1bf30f8a35a3b8baefe40761
Writing analysis plan to /home/byx/testSpace/javaprjs/sandmark-3.4/ci-output/tai-e-plan.yml
WorldBuilder starts ...
Scanning /home/byx/testSpace/javaprjs/sandmark-3.4/bin ... 1450 classes
5432 classes with 49887 methods in the world
WorldBuilder finishes, elapsed time: 8.03s
pta starts ...
[Pointer analysis] elapsed time: 4.20s
-------------- Pointer analysis statistics: --------------
#var pointers:                4,4861 (insens) / 4,4861 (sens)
#objects:                     4361 (insens) / 4361 (sens)
#var points-to:               130,9888 (insens) / 130,9888 (sens)
#static field points-to:      2269 (sens)
#instance field points-to:    17,0458 (sens)
#array points-to:             1,7725 (sens)
#reachable methods:           6983 (insens) / 6983 (sens)
#call graph edges:            3,4949 (insens) / 3,4949 (sens)
----------------------------------------
pta finishes, elapsed time: 4.56s
cg starts ...
Call graph has 6983 reachable methods and 34949 edges
Dumping call graph to /home/byx/testSpace/javaprjs/sandmark-3.4/ci-output/call-graph.dot
Dumping reachable methods to /home/byx/testSpace/javaprjs/sandmark-3.4/ci-output/reachable-methods.txt
Dumping call edges to /home/byx/testSpace/javaprjs/sandmark-3.4/ci-output/call-edges.txt
cg finishes, elapsed time: 0.61s
Tai-e finishes, elapsed time: 13.39s
[Task Info]
Task Name: ci
Java Path: /home/byx/.jdks/corretto-17.0.14/bin/java
JAR Path: /home/byx/projects/Tai-e/build/tai-e-all-0.5.2-SNAPSHOT.jar
Config File: ci-config.yml
Project Dir: /home/byx/testSpace/javaprjs/sandmark-3.4
Work Dir: /home/byx/projects/Tai-e
Log File: /home/byx/testSpace/javaprjs/sandmark-3.4/ci_logs/run_20250522-161253.log

[Command]
/home/byx/.jdks/corretto-17.0.14/bin/java -jar /home/byx/projects/Tai-e/build/tai-e-all-0.5.2-SNAPSHOT.jar --options-file /home/byx/testSpace/javaprjs/sandmark-3.4/ci-config.yml

[Output]

[Performance]
Start Time: 2025-05-22 16:12:53
Duration: 13.86s
Peak Memory: 1417.67 MB
Exit Code: 0
