Writing log to /home/byx/testSpace/javaprjs/jasml-0.10/ci-output/tai-e.log
java.version: 17.0.14
java.version.date: 2025-01-21
java.runtime.version: 17.0.14+7-LTS
java.vendor: Amazon.com Inc.
java.vendor.version: Corretto-17.0.14.7.1
os.name: Linux
os.version: 5.15.167.4-microsoft-standard-WSL2
os.arch: amd64
Tai-e Version: 0.5.2-SNAPSHOT
Tai-e Commit: f4f1c5d3c96f68ac1bf30f8a35a3b8baefe40761
Writing analysis plan to /home/byx/testSpace/javaprjs/jasml-0.10/ci-output/tai-e-plan.yml
WorldBuilder starts ...
3550 classes with 35412 methods in the world
WorldBuilder finishes, elapsed time: 2.40s
pta starts ...
[Pointer analysis] elapsed time: 3.47s
-------------- Pointer analysis statistics: --------------
#var pointers:                3,3236 (insens) / 3,3236 (sens)
#objects:                     3369 (insens) / 3369 (sens)
#var points-to:               117,1719 (insens) / 117,1719 (sens)
#static field points-to:      2397 (sens)
#instance field points-to:    22,5805 (sens)
#array points-to:             1,7321 (sens)
#reachable methods:           4385 (insens) / 4385 (sens)
#call graph edges:            2,4037 (insens) / 2,4037 (sens)
----------------------------------------
pta finishes, elapsed time: 3.84s
cg starts ...
Call graph has 4385 reachable methods and 24037 edges
Dumping call graph to /home/byx/testSpace/javaprjs/jasml-0.10/ci-output/call-graph.dot
Dumping reachable methods to /home/byx/testSpace/javaprjs/jasml-0.10/ci-output/reachable-methods.txt
Dumping call edges to /home/byx/testSpace/javaprjs/jasml-0.10/ci-output/call-edges.txt
cg finishes, elapsed time: 0.46s
Tai-e finishes, elapsed time: 6.91s
