Tai-e starts ...
Output directory: /home/byx/testSpace/javaprjs/fitlibraryforfitnesse-20100806/taie-output
Writing options to /home/byx/testSpace/javaprjs/fitlibraryforfitnesse-20100806/taie-output/options.yml
Writing log to /home/byx/testSpace/javaprjs/fitlibraryforfitnesse-20100806/taie-output/tai-e.log
java.version: 17.0.14
java.version.date: 2025-01-21
java.runtime.version: 17.0.14+7-LTS
java.vendor: Amazon.com Inc.
java.vendor.version: Corretto-17.0.14.7.1
os.name: Linux
os.version: 5.15.167.4-microsoft-standard-WSL2
os.arch: amd64
Tai-e Version: 0.5.2-SNAPSHOT
Tai-e Commit: f4f1c5d3c96f68ac1bf30f8a35a3b8baefe40761
Writing analysis plan to /home/byx/testSpace/javaprjs/fitlibraryforfitnesse-20100806/taie-output/tai-e-plan.yml
WorldBuilder starts ...
Scanning /home/byx/testSpace/javaprjs/fitlibraryforfitnesse-20100806/bin ... 1517 classes
7919 classes with 67051 methods in the world
WorldBuilder finishes, elapsed time: 6.58s
pta starts ...
[Pointer analysis] elapsed time: 0.10s
-------------- Pointer analysis statistics: --------------
#var pointers:                400 (insens) / 619 (sens)
#objects:                     59 (insens) / 59 (sens)
#var points-to:               401 (insens) / 609 (sens)
#static field points-to:      5 (sens)
#instance field points-to:    30 (sens)
#array points-to:             4 (sens)
#reachable methods:           146 (insens) / 247 (sens)
#call graph edges:            225 (insens) / 357 (sens)
----------------------------------------
pta finishes, elapsed time: 0.33s
cg starts ...
Call graph has 146 reachable methods and 225 edges
Dumping call graph to /home/byx/testSpace/javaprjs/fitlibraryforfitnesse-20100806/taie-output/call-graph.dot
Dumping reachable methods to /home/byx/testSpace/javaprjs/fitlibraryforfitnesse-20100806/taie-output/reachable-methods.txt
Dumping call edges to /home/byx/testSpace/javaprjs/fitlibraryforfitnesse-20100806/taie-output/call-edges.txt
cg finishes, elapsed time: 0.04s
Tai-e finishes, elapsed time: 7.13s
[Task Info]
Task Name: taie
Java Path: /home/byx/.jdks/corretto-17.0.14/bin/java
JAR Path: /home/byx/projects/Tai-e/build/tai-e-all-0.5.2-SNAPSHOT.jar
Config File: taie-config.yml
Project Dir: /home/byx/testSpace/javaprjs/fitlibraryforfitnesse-20100806
Work Dir: /home/byx/projects/Tai-e
Log File: /home/byx/testSpace/javaprjs/fitlibraryforfitnesse-20100806/taie_logs/run_20250513-210318.log

[Command]
/home/byx/.jdks/corretto-17.0.14/bin/java -jar /home/byx/projects/Tai-e/build/tai-e-all-0.5.2-SNAPSHOT.jar --options-file /home/byx/testSpace/javaprjs/fitlibraryforfitnesse-20100806/taie-config.yml

[Output]

[Performance]
Start Time: 2025-05-13 21:03:18
Duration: 7.62s
Peak Memory: 1178.66 MB
Exit Code: 0
