Tai-e starts ...
Output directory: /home/byx/testSpace/javaprjs/fitlibraryforfitnesse-20100806/taie-output
Writing options to /home/byx/testSpace/javaprjs/fitlibraryforfitnesse-20100806/taie-output/options.yml
Writing log to /home/byx/testSpace/javaprjs/fitlibraryforfitnesse-20100806/taie-output/tai-e.log
java.version: 17.0.14
java.version.date: 2025-01-21
java.runtime.version: 17.0.14+7-LTS
java.vendor: Amazon.com Inc.
java.vendor.version: Corretto-17.0.14.7.1
os.name: Linux
os.version: 5.15.167.4-microsoft-standard-WSL2
os.arch: amd64
Tai-e Version: 0.5.2-SNAPSHOT
Tai-e Commit: f4f1c5d3c96f68ac1bf30f8a35a3b8baefe40761
Writing analysis plan to /home/byx/testSpace/javaprjs/fitlibraryforfitnesse-20100806/taie-output/tai-e-plan.yml
WorldBuilder starts ...
Scanning /home/byx/testSpace/javaprjs/fitlibraryforfitnesse-20100806/bin ... 1517 classes
7919 classes with 67051 methods in the world
WorldBuilder finishes, elapsed time: 6.38s
pta starts ...
[Pointer analysis] elapsed time: 5.55s
-------------- Pointer analysis statistics: --------------
#var pointers:                4,6333 (insens) / 18,8701 (sens)
#objects:                     4965 (insens) / 5005 (sens)
#var points-to:               118,3900 (insens) / 742,3477 (sens)
#static field points-to:      3723 (sens)
#instance field points-to:    20,7829 (sens)
#array points-to:             1,6249 (sens)
#reachable methods:           7246 (insens) / 3,8912 (sens)
#call graph edges:            3,8531 (insens) / 31,6915 (sens)
----------------------------------------
pta finishes, elapsed time: 6.47s
cg starts ...
Call graph has 7246 reachable methods and 38531 edges
Dumping call graph to /home/byx/testSpace/javaprjs/fitlibraryforfitnesse-20100806/taie-output/call-graph.dot
Dumping reachable methods to /home/byx/testSpace/javaprjs/fitlibraryforfitnesse-20100806/taie-output/reachable-methods.txt
Dumping call edges to /home/byx/testSpace/javaprjs/fitlibraryforfitnesse-20100806/taie-output/call-edges.txt
cg finishes, elapsed time: 0.64s
Tai-e finishes, elapsed time: 13.65s
[Task Info]
Task Name: taie
Java Path: /home/byx/.jdks/corretto-17.0.14/bin/java
JAR Path: /home/byx/projects/Tai-e/build/tai-e-all-0.5.2-SNAPSHOT.jar
Config File: taie-config.yml
Project Dir: /home/byx/testSpace/javaprjs/fitlibraryforfitnesse-20100806
Work Dir: /home/byx/projects/Tai-e
Log File: /home/byx/testSpace/javaprjs/fitlibraryforfitnesse-20100806/taie_logs/run_20250423-222013.log

[Command]
/home/byx/.jdks/corretto-17.0.14/bin/java -jar /home/byx/projects/Tai-e/build/tai-e-all-0.5.2-SNAPSHOT.jar --options-file /home/byx/testSpace/javaprjs/fitlibraryforfitnesse-20100806/taie-config.yml

[Output]

[Performance]
Start Time: 2025-04-23 22:20:13
Duration: 14.15s
Peak Memory: 1498.07 MB
Exit Code: 0
