Writing log to /home/byx/testSpace/javaprjs/log4j-1.2.16/cs1call-output/tai-e.log
java.version: 17.0.14
java.version.date: 2025-01-21
java.runtime.version: 17.0.14+7-LTS
java.vendor: Amazon.com Inc.
java.vendor.version: Corretto-17.0.14.7.1
os.name: Linux
os.version: 5.15.167.4-microsoft-standard-WSL2
os.arch: amd64
Tai-e Version: 0.5.2-SNAPSHOT
Tai-e Commit: f4f1c5d3c96f68ac1bf30f8a35a3b8baefe40761
Writing analysis plan to /home/byx/testSpace/javaprjs/log4j-1.2.16/cs1call-output/tai-e-plan.yml
WorldBuilder starts ...
6252 classes with 59007 methods in the world
WorldBuilder finishes, elapsed time: 3.54s
pta starts ...
[Pointer analysis] elapsed time: 18.48s
-------------- Pointer analysis statistics: --------------
#var pointers:                10,2428 (insens) / 42,9793 (sens)
#objects:                     1,1037 (insens) / 1,1759 (sens)
#var points-to:               656,5925 (insens) / 4780,6341 (sens)
#static field points-to:      1,4963 (sens)
#instance field points-to:    98,9681 (sens)
#array points-to:             9,1494 (sens)
#reachable methods:           1,6425 (insens) / 8,6296 (sens)
#call graph edges:            8,5425 (insens) / 59,7830 (sens)
----------------------------------------
pta finishes, elapsed time: 21.00s
cg starts ...
Call graph has 16425 reachable methods and 85425 edges
Dumping call graph to /home/byx/testSpace/javaprjs/log4j-1.2.16/cs1call-output/call-graph.dot
Dumping reachable methods to /home/byx/testSpace/javaprjs/log4j-1.2.16/cs1call-output/reachable-methods.txt
Dumping call edges to /home/byx/testSpace/javaprjs/log4j-1.2.16/cs1call-output/call-edges.txt
cg finishes, elapsed time: 1.26s
Tai-e finishes, elapsed time: 25.95s
