Tai-e starts ...
Output directory: /home/byx/testSpace/javaprjs/jedit-4.3.2/cs1call-output
Writing options to /home/byx/testSpace/javaprjs/jedit-4.3.2/cs1call-output/options.yml
Writing log to /home/byx/testSpace/javaprjs/jedit-4.3.2/cs1call-output/tai-e.log
java.version: 17.0.14
java.version.date: 2025-01-21
java.runtime.version: 17.0.14+7-LTS
java.vendor: Amazon.com Inc.
java.vendor.version: Corretto-17.0.14.7.1
os.name: Linux
os.version: 5.15.167.4-microsoft-standard-WSL2
os.arch: amd64
Tai-e Version: 0.5.2-SNAPSHOT
Tai-e Commit: f4f1c5d3c96f68ac1bf30f8a35a3b8baefe40761
Writing analysis plan to /home/byx/testSpace/javaprjs/jedit-4.3.2/cs1call-output/tai-e-plan.yml
WorldBuilder starts ...
Scanning /home/byx/testSpace/javaprjs/jedit-4.3.2/bin ... 1183 classes
6921 classes with 62987 methods in the world
WorldBuilder finishes, elapsed time: 7.06s
pta starts ...
[Pointer analysis] elapsed time: 0.51s
-------------- Pointer analysis statistics: --------------
#var pointers:                9017 (insens) / 3,0673 (sens)
#objects:                     952 (insens) / 953 (sens)
#var points-to:               1,8084 (insens) / 4,7060 (sens)
#static field points-to:      168 (sens)
#instance field points-to:    1706 (sens)
#array points-to:             203 (sens)
#reachable methods:           1992 (insens) / 7501 (sens)
#call graph edges:            7396 (insens) / 2,2996 (sens)
----------------------------------------
pta finishes, elapsed time: 1.02s
cg starts ...
Call graph has 1992 reachable methods and 7396 edges
Dumping call graph to /home/byx/testSpace/javaprjs/jedit-4.3.2/cs1call-output/call-graph.dot
Dumping reachable methods to /home/byx/testSpace/javaprjs/jedit-4.3.2/cs1call-output/reachable-methods.txt
Dumping call edges to /home/byx/testSpace/javaprjs/jedit-4.3.2/cs1call-output/call-edges.txt
cg finishes, elapsed time: 0.24s
Tai-e finishes, elapsed time: 8.49s
[Task Info]
Task Name: cs1call
Java Path: /home/byx/.jdks/corretto-17.0.14/bin/java
JAR Path: /home/byx/projects/Tai-e/build/tai-e-all-0.5.2-SNAPSHOT.jar
Config File: cs1call-config.yml
Project Dir: /home/byx/testSpace/javaprjs/jedit-4.3.2
Work Dir: /home/byx/projects/Tai-e
Log File: /home/byx/testSpace/javaprjs/jedit-4.3.2/cs1call_logs/run_20250520-214941.log

[Command]
/home/byx/.jdks/corretto-17.0.14/bin/java -jar /home/byx/projects/Tai-e/build/tai-e-all-0.5.2-SNAPSHOT.jar --options-file /home/byx/testSpace/javaprjs/jedit-4.3.2/cs1call-config.yml

[Output]

[Performance]
Start Time: 2025-05-20 21:49:41
Duration: 8.92s
Peak Memory: 1189.89 MB
Exit Code: 0
