Tai-e starts ...
Output directory: /home/byx/testSpace/javaprjs/jasml-0.10/cha-output
Writing options to /home/byx/testSpace/javaprjs/jasml-0.10/cha-output/options.yml
Writing log to /home/byx/testSpace/javaprjs/jasml-0.10/cha-output/tai-e.log
java.version: 17.0.14
java.version.date: 2025-01-21
java.runtime.version: 17.0.14+7-LTS
java.vendor: Amazon.com Inc.
java.vendor.version: Corretto-17.0.14.7.1
os.name: Linux
os.version: 5.15.167.4-microsoft-standard-WSL2
os.arch: amd64
Tai-e Version: 0.5.2-SNAPSHOT
Tai-e Commit: c7be5bc7169859d534212a5d557c34b177e43d7c
Writing analysis plan to /home/byx/testSpace/javaprjs/jasml-0.10/cha-output/tai-e-plan.yml
WorldBuilder starts ...
Scanning /home/byx/testSpace/javaprjs/jasml-0.10/bin ... 50 classes
3550 classes with 35412 methods in the world
WorldBuilder finishes, elapsed time: 2.33s
cg starts ...
Building call graph by CHA
Ignore methods of java.lang.Object
Call graph has 16232 reachable methods and 133038 edges
Dumping reachable methods to /home/byx/testSpace/javaprjs/jasml-0.10/cha-output/reachable-methods.txt
cg finishes, elapsed time: 8.37s
Tai-e finishes, elapsed time: 10.83s
[Task Info]
Task Name: cha
Java Path: /home/byx/.jdks/corretto-17.0.14/bin/java
JAR Path: /home/byx/projects/Tai-e/build/tai-e-all-0.5.2-SNAPSHOT.jar
Config File: cha-config.yml
Project Dir: /home/byx/testSpace/javaprjs/jasml-0.10
Work Dir: /home/byx/projects/Tai-e
Log File: /home/byx/testSpace/javaprjs/jasml-0.10/cha_logs/run_20250606-164324.log

[Command]
/home/byx/.jdks/corretto-17.0.14/bin/java -jar /home/byx/projects/Tai-e/build/tai-e-all-0.5.2-SNAPSHOT.jar --options-file /home/byx/testSpace/javaprjs/jasml-0.10/cha-config.yml

[Output]

[Performance]
Start Time: 2025-06-06 16:43:24
Duration: 11.78s
Peak Memory: 1064.59 MB
Exit Code: 0
