Writing log to /home/byx/testSpace/javaprjs/sunflow-0.07.2/taie-output/tai-e.log
java.version: 17.0.14
java.version.date: 2025-01-21
java.runtime.version: 17.0.14+7-LTS
java.vendor: Amazon.com Inc.
java.vendor.version: Corretto-17.0.14.7.1
os.name: Linux
os.version: 5.15.167.4-microsoft-standard-WSL2
os.arch: amd64
Tai-e Version: 0.5.2-SNAPSHOT
Tai-e Commit: f4f1c5d3c96f68ac1bf30f8a35a3b8baefe40761
Writing analysis plan to /home/byx/testSpace/javaprjs/sunflow-0.07.2/taie-output/tai-e-plan.yml
WorldBuilder starts ...
6971 classes with 66163 methods in the world
WorldBuilder finishes, elapsed time: 4.24s
pta starts ...
[Pointer analysis] elapsed time: 25.90s
-------------- Pointer analysis statistics: --------------
#var pointers:                12,2453 (insens) / 46,1083 (sens)
#objects:                     1,3962 (insens) / 1,4182 (sens)
#var points-to:               1051,2682 (insens) / 6492,1370 (sens)
#static field points-to:      2,0085 (sens)
#instance field points-to:    194,0069 (sens)
#array points-to:             41,4119 (sens)
#reachable methods:           1,8167 (insens) / 9,4279 (sens)
#call graph edges:            9,2788 (insens) / 54,9804 (sens)
----------------------------------------
pta finishes, elapsed time: 28.80s
cg starts ...
Call graph has 18167 reachable methods and 92788 edges
Dumping call graph to /home/byx/testSpace/javaprjs/sunflow-0.07.2/taie-output/call-graph.dot
Dumping reachable methods to /home/byx/testSpace/javaprjs/sunflow-0.07.2/taie-output/reachable-methods.txt
Dumping call edges to /home/byx/testSpace/javaprjs/sunflow-0.07.2/taie-output/call-edges.txt
cg finishes, elapsed time: 1.32s
Tai-e finishes, elapsed time: 34.53s
