Tai-e starts ...
Output directory: /home/byx/testSpace/javaprjs/xalan-2.7.1/cs1call-output
Writing options to /home/byx/testSpace/javaprjs/xalan-2.7.1/cs1call-output/options.yml
Writing log to /home/byx/testSpace/javaprjs/xalan-2.7.1/cs1call-output/tai-e.log
java.version: 17.0.14
java.version.date: 2025-01-21
java.runtime.version: 17.0.14+7-LTS
java.vendor: Amazon.com Inc.
java.vendor.version: Corretto-17.0.14.7.1
os.name: Linux
os.version: 5.15.167.4-microsoft-standard-WSL2
os.arch: amd64
Tai-e Version: 0.5.2-SNAPSHOT
Tai-e Commit: f4f1c5d3c96f68ac1bf30f8a35a3b8baefe40761
Writing analysis plan to /home/byx/testSpace/javaprjs/xalan-2.7.1/cs1call-output/tai-e-plan.yml
WorldBuilder starts ...
Scanning /home/byx/testSpace/javaprjs/xalan-2.7.1/bin ... 1620 classes
11723 classes with 111646 methods in the world
WorldBuilder finishes, elapsed time: 15.24s
pta starts ...
[Pointer analysis] elapsed time: 0.09s
-------------- Pointer analysis statistics: --------------
#var pointers:                366 (insens) / 559 (sens)
#objects:                     77 (insens) / 77 (sens)
#var points-to:               329 (insens) / 380 (sens)
#static field points-to:      6 (sens)
#instance field points-to:    4 (sens)
#array points-to:             20 (sens)
#reachable methods:           101 (insens) / 213 (sens)
#call graph edges:            192 (insens) / 249 (sens)
----------------------------------------
pta finishes, elapsed time: 0.27s
cg starts ...
Call graph has 101 reachable methods and 192 edges
Dumping call graph to /home/byx/testSpace/javaprjs/xalan-2.7.1/cs1call-output/call-graph.dot
Dumping reachable methods to /home/byx/testSpace/javaprjs/xalan-2.7.1/cs1call-output/reachable-methods.txt
Dumping call edges to /home/byx/testSpace/javaprjs/xalan-2.7.1/cs1call-output/call-edges.txt
cg finishes, elapsed time: 0.04s
Tai-e finishes, elapsed time: 15.71s
[Task Info]
Task Name: cs1call
Java Path: /home/byx/.jdks/corretto-17.0.14/bin/java
JAR Path: /home/byx/projects/Tai-e/build/tai-e-all-0.5.2-SNAPSHOT.jar
Config File: cs1call-config.yml
Project Dir: /home/byx/testSpace/javaprjs/xalan-2.7.1
Work Dir: /home/byx/projects/Tai-e
Log File: /home/byx/testSpace/javaprjs/xalan-2.7.1/cs1call_logs/run_20250520-215042.log

[Command]
/home/byx/.jdks/corretto-17.0.14/bin/java -jar /home/byx/projects/Tai-e/build/tai-e-all-0.5.2-SNAPSHOT.jar --options-file /home/byx/testSpace/javaprjs/xalan-2.7.1/cs1call-config.yml

[Output]

[Performance]
Start Time: 2025-05-20 21:50:42
Duration: 16.16s
Peak Memory: 1894.05 MB
Exit Code: 0
