Tai-e starts ...
Output directory: /home/byx/testSpace/javaprjs/xalan-2.7.1/cs1call-output
Writing options to /home/byx/testSpace/javaprjs/xalan-2.7.1/cs1call-output/options.yml
Writing log to /home/byx/testSpace/javaprjs/xalan-2.7.1/cs1call-output/tai-e.log
java.version: 17.0.14
java.version.date: 2025-01-21
java.runtime.version: 17.0.14+7-LTS
java.vendor: Amazon.com Inc.
java.vendor.version: Corretto-17.0.14.7.1
os.name: Linux
os.version: 5.15.167.4-microsoft-standard-WSL2
os.arch: amd64
Tai-e Version: 0.5.2-SNAPSHOT
Tai-e Commit: f4f1c5d3c96f68ac1bf30f8a35a3b8baefe40761
Writing analysis plan to /home/byx/testSpace/javaprjs/xalan-2.7.1/cs1call-output/tai-e-plan.yml
WorldBuilder starts ...
Scanning /home/byx/testSpace/javaprjs/xalan-2.7.1/bin ... 1620 classes
11723 classes with 111646 methods in the world
WorldBuilder finishes, elapsed time: 14.14s
pta starts ...
[Pointer analysis] elapsed time: 31.64s
-------------- Pointer analysis statistics: --------------
#var pointers:                12,8241 (insens) / 64,5305 (sens)
#objects:                     1,2951 (insens) / 1,3118 (sens)
#var points-to:               1566,8025 (insens) / 8689,0096 (sens)
#static field points-to:      1,3684 (sens)
#instance field points-to:    260,0351 (sens)
#array points-to:             78,0562 (sens)
#reachable methods:           1,6126 (insens) / 10,2035 (sens)
#call graph edges:            10,1106 (insens) / 98,5244 (sens)
----------------------------------------
pta finishes, elapsed time: 36.25s
cg starts ...
Call graph has 16126 reachable methods and 101106 edges
Dumping call graph to /home/byx/testSpace/javaprjs/xalan-2.7.1/cs1call-output/call-graph.dot
Dumping reachable methods to /home/byx/testSpace/javaprjs/xalan-2.7.1/cs1call-output/reachable-methods.txt
Dumping call edges to /home/byx/testSpace/javaprjs/xalan-2.7.1/cs1call-output/call-edges.txt
cg finishes, elapsed time: 1.40s
Tai-e finishes, elapsed time: 51.97s
[Task Info]
Task Name: cs1call
Java Path: /home/byx/.jdks/corretto-17.0.14/bin/java
JAR Path: /home/byx/projects/Tai-e/build/tai-e-all-0.5.2-SNAPSHOT.jar
Config File: cs1call-config.yml
Project Dir: /home/byx/testSpace/javaprjs/xalan-2.7.1
Work Dir: /home/byx/projects/Tai-e
Log File: /home/byx/testSpace/javaprjs/xalan-2.7.1/cs1call_logs/run_20250521-113835.log

[Command]
/home/byx/.jdks/corretto-17.0.14/bin/java -jar /home/byx/projects/Tai-e/build/tai-e-all-0.5.2-SNAPSHOT.jar --options-file /home/byx/testSpace/javaprjs/xalan-2.7.1/cs1call-config.yml

[Output]

[Performance]
Start Time: 2025-05-21 11:38:35
Duration: 52.52s
Peak Memory: 4454.92 MB
Exit Code: 0
