Tai-e starts ...
Output directory: /home/byx/testSpace/javaprjs/quilt-0.6-a-5/ci-output
Writing options to /home/byx/testSpace/javaprjs/quilt-0.6-a-5/ci-output/options.yml
Writing log to /home/byx/testSpace/javaprjs/quilt-0.6-a-5/ci-output/tai-e.log
java.version: 17.0.14
java.version.date: 2025-01-21
java.runtime.version: 17.0.14+7-LTS
java.vendor: Amazon.com Inc.
java.vendor.version: Corretto-17.0.14.7.1
os.name: Linux
os.version: 5.15.167.4-microsoft-standard-WSL2
os.arch: amd64
Tai-e Version: 0.5.2-SNAPSHOT
Tai-e Commit: f4f1c5d3c96f68ac1bf30f8a35a3b8baefe40761
Writing analysis plan to /home/byx/testSpace/javaprjs/quilt-0.6-a-5/ci-output/tai-e-plan.yml
WorldBuilder starts ...
Scanning /home/byx/testSpace/javaprjs/quilt-0.6-a-5/bin ... 74 classes
7154 classes with 67626 methods in the world
WorldBuilder finishes, elapsed time: 3.92s
pta starts ...
[Pointer analysis] elapsed time: 5.90s
-------------- Pointer analysis statistics: --------------
#var pointers:                6,6331 (insens) / 6,6331 (sens)
#objects:                     7531 (insens) / 7531 (sens)
#var points-to:               481,8555 (insens) / 481,8555 (sens)
#static field points-to:      1,0993 (sens)
#instance field points-to:    100,1507 (sens)
#array points-to:             18,3698 (sens)
#reachable methods:           9457 (insens) / 9457 (sens)
#call graph edges:            5,1711 (insens) / 5,1712 (sens)
----------------------------------------
pta finishes, elapsed time: 6.50s
cg starts ...
Call graph has 9457 reachable methods and 51711 edges
Dumping call graph to /home/byx/testSpace/javaprjs/quilt-0.6-a-5/ci-output/call-graph.dot
Dumping reachable methods to /home/byx/testSpace/javaprjs/quilt-0.6-a-5/ci-output/reachable-methods.txt
Dumping call edges to /home/byx/testSpace/javaprjs/quilt-0.6-a-5/ci-output/call-edges.txt
cg finishes, elapsed time: 0.94s
Tai-e finishes, elapsed time: 11.53s
[Task Info]
Task Name: ci
Java Path: /home/byx/.jdks/corretto-17.0.14/bin/java
JAR Path: /home/byx/projects/Tai-e/build/tai-e-all-0.5.2-SNAPSHOT.jar
Config File: ci-config.yml
Project Dir: /home/byx/testSpace/javaprjs/quilt-0.6-a-5
Work Dir: /home/byx/projects/Tai-e
Log File: /home/byx/testSpace/javaprjs/quilt-0.6-a-5/ci_logs/run_20250522-161338.log

[Command]
/home/byx/.jdks/corretto-17.0.14/bin/java -jar /home/byx/projects/Tai-e/build/tai-e-all-0.5.2-SNAPSHOT.jar --options-file /home/byx/testSpace/javaprjs/quilt-0.6-a-5/ci-config.yml

[Output]

[Performance]
Start Time: 2025-05-22 16:13:38
Duration: 12.04s
Peak Memory: 1160.41 MB
Exit Code: 0
