Writing log to /home/byx/testSpace/javaprjs/jag-6.1/cs1call-output/tai-e.log
java.version: 17.0.14
java.version.date: 2025-01-21
java.runtime.version: 17.0.14+7-LTS
java.vendor: Amazon.com Inc.
java.vendor.version: Corretto-17.0.14.7.1
os.name: Linux
os.version: 5.15.167.4-microsoft-standard-WSL2
os.arch: amd64
Tai-e Version: 0.5.2-SNAPSHOT
Tai-e Commit: f4f1c5d3c96f68ac1bf30f8a35a3b8baefe40761
Writing analysis plan to /home/byx/testSpace/javaprjs/jag-6.1/cs1call-output/tai-e-plan.yml
WorldBuilder starts ...
4058 classes with 39154 methods in the world
WorldBuilder finishes, elapsed time: 3.68s
pta starts ...
[Pointer analysis] elapsed time: 13.12s
-------------- Pointer analysis statistics: --------------
#var pointers:                7,3974 (insens) / 33,9732 (sens)
#objects:                     7227 (insens) / 7288 (sens)
#var points-to:               541,5260 (insens) / 3837,6559 (sens)
#static field points-to:      8958 (sens)
#instance field points-to:    72,0869 (sens)
#array points-to:             6,8576 (sens)
#reachable methods:           1,1093 (insens) / 6,2068 (sens)
#call graph edges:            6,1635 (insens) / 35,3359 (sens)
----------------------------------------
pta finishes, elapsed time: 15.05s
cg starts ...
Call graph has 11093 reachable methods and 61635 edges
Dumping call graph to /home/byx/testSpace/javaprjs/jag-6.1/cs1call-output/call-graph.dot
Dumping reachable methods to /home/byx/testSpace/javaprjs/jag-6.1/cs1call-output/reachable-methods.txt
Dumping call edges to /home/byx/testSpace/javaprjs/jag-6.1/cs1call-output/call-edges.txt
cg finishes, elapsed time: 0.94s
Tai-e finishes, elapsed time: 19.84s
