Tai-e starts ...
Output directory: /home/byx/testSpace/javaprjs/freecs-1.3.20100406/ci_app-output
Writing options to /home/byx/testSpace/javaprjs/freecs-1.3.20100406/ci_app-output/options.yml
Writing log to /home/byx/testSpace/javaprjs/freecs-1.3.20100406/ci_app-output/tai-e.log
java.version: 17.0.14
java.version.date: 2025-01-21
java.runtime.version: 17.0.14+7-LTS
java.vendor: Amazon.com Inc.
java.vendor.version: Corretto-17.0.14.7.1
os.name: Linux
os.version: 5.15.167.4-microsoft-standard-WSL2
os.arch: amd64
Tai-e Version: 0.5.2-SNAPSHOT
Tai-e Commit: f4f1c5d3c96f68ac1bf30f8a35a3b8baefe40761
Writing analysis plan to /home/byx/testSpace/javaprjs/freecs-1.3.20100406/ci_app-output/tai-e-plan.yml
WorldBuilder starts ...
Scanning /home/byx/testSpace/javaprjs/freecs-1.3.20100406/bin ... 149 classes
6934 classes with 66965 methods in the world
WorldBuilder finishes, elapsed time: 4.86s
pta starts ...
[Pointer analysis] elapsed time: 0.18s
-------------- Pointer analysis statistics: --------------
#var pointers:                2297 (insens) / 6299 (sens)
#objects:                     224 (insens) / 224 (sens)
#var points-to:               2030 (insens) / 6645 (sens)
#static field points-to:      36 (sens)
#instance field points-to:    107 (sens)
#array points-to:             45 (sens)
#reachable methods:           281 (insens) / 1226 (sens)
#call graph edges:            1186 (insens) / 4180 (sens)
----------------------------------------
pta finishes, elapsed time: 0.46s
cg starts ...
Call graph has 281 reachable methods and 1186 edges
Dumping call graph to /home/byx/testSpace/javaprjs/freecs-1.3.20100406/ci_app-output/call-graph.dot
Dumping reachable methods to /home/byx/testSpace/javaprjs/freecs-1.3.20100406/ci_app-output/reachable-methods.txt
Dumping call edges to /home/byx/testSpace/javaprjs/freecs-1.3.20100406/ci_app-output/call-edges.txt
cg finishes, elapsed time: 0.09s
Tai-e finishes, elapsed time: 5.56s
[Task Info]
Task Name: ci_app
Java Path: /home/byx/.jdks/corretto-17.0.14/bin/java
JAR Path: /home/byx/projects/Tai-e/build/tai-e-all-0.5.2-SNAPSHOT.jar
Config File: ci_app-config.yml
Project Dir: /home/byx/testSpace/javaprjs/freecs-1.3.20100406
Work Dir: /home/byx/projects/Tai-e
Log File: /home/byx/testSpace/javaprjs/freecs-1.3.20100406/ci_app_logs/run_20250523-163609.log

[Command]
/home/byx/.jdks/corretto-17.0.14/bin/java -jar /home/byx/projects/Tai-e/build/tai-e-all-0.5.2-SNAPSHOT.jar --options-file /home/byx/testSpace/javaprjs/freecs-1.3.20100406/ci_app-config.yml

[Output]

[Performance]
Start Time: 2025-05-23 16:36:09
Duration: 6.03s
Peak Memory: 1100.37 MB
Exit Code: 0
