Tai-e starts ...
Output directory: /home/byx/testSpace/javaprjs/freecol-0.10.7/cha-output
Writing options to /home/byx/testSpace/javaprjs/freecol-0.10.7/cha-output/options.yml
Writing log to /home/byx/testSpace/javaprjs/freecol-0.10.7/cha-output/tai-e.log
java.version: 17.0.14
java.version.date: 2025-01-21
java.runtime.version: 17.0.14+7-LTS
java.vendor: Amazon.com Inc.
java.vendor.version: Corretto-17.0.14.7.1
os.name: Linux
os.version: 5.15.167.4-microsoft-standard-WSL2
os.arch: amd64
Tai-e Version: 0.5.2-SNAPSHOT
Tai-e Commit: f4f1c5d3c96f68ac1bf30f8a35a3b8baefe40761
Writing analysis plan to /home/byx/testSpace/javaprjs/freecol-0.10.7/cha-output/tai-e-plan.yml
WorldBuilder starts ...
Scanning /home/byx/testSpace/javaprjs/freecol-0.10.7/bin ... 1310 classes
6706 classes with 61808 methods in the world
WorldBuilder finishes, elapsed time: 7.37s
cg starts ...
Building call graph by CHA
Ignore methods of java.lang.Object
Call graph has 35960 reachable methods and 635309 edges
Dumping call graph to /home/byx/testSpace/javaprjs/freecol-0.10.7/cha-output/call-graph.dot
Dumping reachable methods to /home/byx/testSpace/javaprjs/freecol-0.10.7/cha-output/reachable-methods.txt
Dumping call edges to /home/byx/testSpace/javaprjs/freecol-0.10.7/cha-output/call-edges.txt
cg finishes, elapsed time: 1754.87s
Tai-e finishes, elapsed time: 1762.39s
[Task Info]
Task Name: cha
Java Path: /home/byx/.jdks/corretto-17.0.14/bin/java
JAR Path: /home/byx/projects/Tai-e/build/tai-e-all-0.5.2-SNAPSHOT.jar
Config File: cha-config.yml
Project Dir: /home/byx/testSpace/javaprjs/freecol-0.10.7
Work Dir: /home/byx/projects/Tai-e
Log File: /home/byx/testSpace/javaprjs/freecol-0.10.7/cha_logs/run_20250523-183239.log

[Command]
/home/byx/.jdks/corretto-17.0.14/bin/java -jar /home/byx/projects/Tai-e/build/tai-e-all-0.5.2-SNAPSHOT.jar --options-file /home/byx/testSpace/javaprjs/freecol-0.10.7/cha-config.yml

[Output]

[Performance]
Start Time: 2025-05-23 18:32:39
Duration: 1762.98s
Peak Memory: 2681.89 MB
Exit Code: 0
