Writing log to /home/byx/testSpace/javaprjs/fitjava-1.1/cs1call-output/tai-e.log
java.version: 17.0.14
java.version.date: 2025-01-21
java.runtime.version: 17.0.14+7-LTS
java.vendor: Amazon.com Inc.
java.vendor.version: Corretto-17.0.14.7.1
os.name: Linux
os.version: 5.15.167.4-microsoft-standard-WSL2
os.arch: amd64
Tai-e Version: 0.5.2-SNAPSHOT
Tai-e Commit: f4f1c5d3c96f68ac1bf30f8a35a3b8baefe40761
Writing analysis plan to /home/byx/testSpace/javaprjs/fitjava-1.1/cs1call-output/tai-e-plan.yml
WorldBuilder starts ...
3598 classes with 35711 methods in the world
WorldBuilder finishes, elapsed time: 2.07s
pta starts ...
[Pointer analysis] elapsed time: 5.37s
-------------- Pointer analysis statistics: --------------
#var pointers:                3,0443 (insens) / 14,3070 (sens)
#objects:                     3158 (insens) / 3163 (sens)
#var points-to:               46,7970 (insens) / 446,3081 (sens)
#static field points-to:      1026 (sens)
#instance field points-to:    5,7501 (sens)
#array points-to:             6715 (sens)
#reachable methods:           4381 (insens) / 2,8737 (sens)
#call graph edges:            2,8546 (insens) / 53,7224 (sens)
----------------------------------------
pta finishes, elapsed time: 5.97s
cg starts ...
Call graph has 4381 reachable methods and 28546 edges
Dumping call graph to /home/byx/testSpace/javaprjs/fitjava-1.1/cs1call-output/call-graph.dot
Dumping reachable methods to /home/byx/testSpace/javaprjs/fitjava-1.1/cs1call-output/reachable-methods.txt
Dumping call edges to /home/byx/testSpace/javaprjs/fitjava-1.1/cs1call-output/call-edges.txt
cg finishes, elapsed time: 0.51s
Tai-e finishes, elapsed time: 8.72s
