Writing log to /home/byx/testSpace/javaprjs/jag-6.1/ci-output/tai-e.log
java.version: 17.0.14
java.version.date: 2025-01-21
java.runtime.version: 17.0.14+7-LTS
java.vendor: Amazon.com Inc.
java.vendor.version: Corretto-17.0.14.7.1
os.name: Linux
os.version: 5.15.167.4-microsoft-standard-WSL2
os.arch: amd64
Tai-e Version: 0.5.2-SNAPSHOT
Tai-e Commit: f4f1c5d3c96f68ac1bf30f8a35a3b8baefe40761
Writing analysis plan to /home/byx/testSpace/javaprjs/jag-6.1/ci-output/tai-e-plan.yml
WorldBuilder starts ...
4058 classes with 39154 methods in the world
WorldBuilder finishes, elapsed time: 3.81s
pta starts ...
[Pointer analysis] elapsed time: 6.76s
-------------- Pointer analysis statistics: --------------
#var pointers:                7,4386 (insens) / 7,4386 (sens)
#objects:                     7401 (insens) / 7401 (sens)
#var points-to:               648,1005 (insens) / 648,1005 (sens)
#static field points-to:      1,0358 (sens)
#instance field points-to:    121,7788 (sens)
#array points-to:             8,5287 (sens)
#reachable methods:           1,1168 (insens) / 1,1168 (sens)
#call graph edges:            6,3015 (insens) / 6,3015 (sens)
----------------------------------------
pta finishes, elapsed time: 7.47s
cg starts ...
Call graph has 11168 reachable methods and 63015 edges
Dumping call graph to /home/byx/testSpace/javaprjs/jag-6.1/ci-output/call-graph.dot
Dumping reachable methods to /home/byx/testSpace/javaprjs/jag-6.1/ci-output/reachable-methods.txt
Dumping call edges to /home/byx/testSpace/javaprjs/jag-6.1/ci-output/call-edges.txt
cg finishes, elapsed time: 0.95s
Tai-e finishes, elapsed time: 12.40s
