Tai-e starts ...
Output directory: /home/byx/testSpace/javaprjs/jrat-0.6/taie-output
Writing options to /home/byx/testSpace/javaprjs/jrat-0.6/taie-output/options.yml
Writing log to /home/byx/testSpace/javaprjs/jrat-0.6/taie-output/tai-e.log
java.version: 17.0.14
java.version.date: 2025-01-21
java.runtime.version: 17.0.14+7-LTS
java.vendor: Amazon.com Inc.
java.vendor.version: Corretto-17.0.14.7.1
os.name: Linux
os.version: 5.15.167.4-microsoft-standard-WSL2
os.arch: amd64
Tai-e Version: 0.5.2-SNAPSHOT
Tai-e Commit: f4f1c5d3c96f68ac1bf30f8a35a3b8baefe40761
Writing analysis plan to /home/byx/testSpace/javaprjs/jrat-0.6/taie-output/tai-e-plan.yml
WorldBuilder starts ...
Scanning /home/byx/testSpace/javaprjs/jrat-0.6/bin ... 250 classes
4282 classes with 41603 methods in the world
WorldBuilder finishes, elapsed time: 3.96s
pta starts ...
[Pointer analysis] elapsed time: 3.46s
-------------- Pointer analysis statistics: --------------
#var pointers:                2,8764 (insens) / 10,6486 (sens)
#objects:                     2863 (insens) / 2868 (sens)
#var points-to:               35,2171 (insens) / 249,5417 (sens)
#static field points-to:      976 (sens)
#instance field points-to:    4,0219 (sens)
#array points-to:             5259 (sens)
#reachable methods:           4097 (insens) / 2,0952 (sens)
#call graph edges:            2,0747 (insens) / 8,9389 (sens)
----------------------------------------
pta finishes, elapsed time: 3.87s
cg starts ...
Call graph has 4097 reachable methods and 20747 edges
Dumping call graph to /home/byx/testSpace/javaprjs/jrat-0.6/taie-output/call-graph.dot
Dumping reachable methods to /home/byx/testSpace/javaprjs/jrat-0.6/taie-output/reachable-methods.txt
Dumping call edges to /home/byx/testSpace/javaprjs/jrat-0.6/taie-output/call-edges.txt
cg finishes, elapsed time: 0.35s
Tai-e finishes, elapsed time: 8.35s
[Task Info]
Task Name: taie
Java Path: /home/byx/.jdks/corretto-17.0.14/bin/java
JAR Path: /home/byx/projects/Tai-e/build/tai-e-all-0.5.2-SNAPSHOT.jar
Config File: taie-config.yml
Project Dir: /home/byx/testSpace/javaprjs/jrat-0.6
Work Dir: /home/byx/projects/Tai-e
Log File: /home/byx/testSpace/javaprjs/jrat-0.6/taie_logs/run_20250521-125205.log

[Command]
/home/byx/.jdks/corretto-17.0.14/bin/java -jar /home/byx/projects/Tai-e/build/tai-e-all-0.5.2-SNAPSHOT.jar --options-file /home/byx/testSpace/javaprjs/jrat-0.6/taie-config.yml

[Output]

[Performance]
Start Time: 2025-05-21 12:52:05
Duration: 8.83s
Peak Memory: 1113.56 MB
Exit Code: 0
