Tai-e starts ...
Output directory: /home/byx/testSpace/javaprjs/jrat-0.6/taie-output
Writing options to /home/byx/testSpace/javaprjs/jrat-0.6/taie-output/options.yml
Writing log to /home/byx/testSpace/javaprjs/jrat-0.6/taie-output/tai-e.log
java.version: 17.0.14
java.version.date: 2025-01-21
java.runtime.version: 17.0.14+7-LTS
java.vendor: Amazon.com Inc.
java.vendor.version: Corretto-17.0.14.7.1
os.name: Linux
os.version: 5.15.167.4-microsoft-standard-WSL2
os.arch: amd64
Tai-e Version: 0.5.2-SNAPSHOT
Tai-e Commit: f4f1c5d3c96f68ac1bf30f8a35a3b8baefe40761
Writing analysis plan to /home/byx/testSpace/javaprjs/jrat-0.6/taie-output/tai-e-plan.yml
WorldBuilder starts ...
Scanning /home/byx/testSpace/javaprjs/jrat-0.6/bin ... 250 classes
4282 classes with 41603 methods in the world
WorldBuilder finishes, elapsed time: 4.11s
pta starts ...
[Pointer analysis] elapsed time: 0.10s
-------------- Pointer analysis statistics: --------------
#var pointers:                170 (insens) / 212 (sens)
#objects:                     31 (insens) / 31 (sens)
#var points-to:               136 (insens) / 156 (sens)
#static field points-to:      13 (sens)
#instance field points-to:    3 (sens)
#array points-to:             5 (sens)
#reachable methods:           70 (insens) / 103 (sens)
#call graph edges:            81 (insens) / 99 (sens)
----------------------------------------
pta finishes, elapsed time: 0.24s
cg starts ...
Call graph has 70 reachable methods and 81 edges
Dumping call graph to /home/byx/testSpace/javaprjs/jrat-0.6/taie-output/call-graph.dot
Dumping reachable methods to /home/byx/testSpace/javaprjs/jrat-0.6/taie-output/reachable-methods.txt
Dumping call edges to /home/byx/testSpace/javaprjs/jrat-0.6/taie-output/call-edges.txt
cg finishes, elapsed time: 0.04s
Tai-e finishes, elapsed time: 4.56s
[Task Info]
Task Name: taie
Java Path: /home/byx/.jdks/corretto-17.0.14/bin/java
JAR Path: /home/byx/projects/Tai-e/build/tai-e-all-0.5.2-SNAPSHOT.jar
Config File: taie-config.yml
Project Dir: /home/byx/testSpace/javaprjs/jrat-0.6
Work Dir: /home/byx/projects/Tai-e
Log File: /home/byx/testSpace/javaprjs/jrat-0.6/taie_logs/run_20250513-210515.log

[Command]
/home/byx/.jdks/corretto-17.0.14/bin/java -jar /home/byx/projects/Tai-e/build/tai-e-all-0.5.2-SNAPSHOT.jar --options-file /home/byx/testSpace/javaprjs/jrat-0.6/taie-config.yml

[Output]

[Performance]
Start Time: 2025-05-13 21:05:15
Duration: 5.02s
Peak Memory: 906.06 MB
Exit Code: 0
