Writing log to /home/byx/testSpace/javaprjs/drawswf-1.2.9/taie-output/tai-e.log
java.version: 17.0.14
java.version.date: 2025-01-21
java.runtime.version: 17.0.14+7-LTS
java.vendor: Amazon.com Inc.
java.vendor.version: Corretto-17.0.14.7.1
os.name: Linux
os.version: 5.15.167.4-microsoft-standard-WSL2
os.arch: amd64
Tai-e Version: 0.5.2-SNAPSHOT
Tai-e Commit: f4f1c5d3c96f68ac1bf30f8a35a3b8baefe40761
Writing analysis plan to /home/byx/testSpace/javaprjs/drawswf-1.2.9/taie-output/tai-e-plan.yml
WorldBuilder starts ...
4689 classes with 46448 methods in the world
WorldBuilder finishes, elapsed time: 4.66s
pta starts ...
[Pointer analysis] elapsed time: 10.72s
-------------- Pointer analysis statistics: --------------
#var pointers:                6,1111 (insens) / 27,0987 (sens)
#objects:                     6299 (insens) / 6312 (sens)
#var points-to:               250,7092 (insens) / 1843,8838 (sens)
#static field points-to:      3948 (sens)
#instance field points-to:    22,2784 (sens)
#array points-to:             3,5155 (sens)
#reachable methods:           9644 (insens) / 5,4339 (sens)
#call graph edges:            5,3873 (insens) / 66,9344 (sens)
----------------------------------------
pta finishes, elapsed time: 11.96s
cg starts ...
Call graph has 9644 reachable methods and 53873 edges
Dumping call graph to /home/byx/testSpace/javaprjs/drawswf-1.2.9/taie-output/call-graph.dot
Dumping reachable methods to /home/byx/testSpace/javaprjs/drawswf-1.2.9/taie-output/reachable-methods.txt
Dumping call edges to /home/byx/testSpace/javaprjs/drawswf-1.2.9/taie-output/call-edges.txt
cg finishes, elapsed time: 0.86s
Tai-e finishes, elapsed time: 17.65s
