Tai-e starts ...
Output directory: /home/byx/testSpace/javaprjs/freecs-1.3.20100406/taie-output
Writing options to /home/byx/testSpace/javaprjs/freecs-1.3.20100406/taie-output/options.yml
Writing log to /home/byx/testSpace/javaprjs/freecs-1.3.20100406/taie-output/tai-e.log
java.version: 17.0.14
java.version.date: 2025-01-21
java.runtime.version: 17.0.14+7-LTS
java.vendor: Amazon.com Inc.
java.vendor.version: Corretto-17.0.14.7.1
os.name: Linux
os.version: 5.15.167.4-microsoft-standard-WSL2
os.arch: amd64
Tai-e Version: 0.5.2-SNAPSHOT
Tai-e Commit: f4f1c5d3c96f68ac1bf30f8a35a3b8baefe40761
Writing analysis plan to /home/byx/testSpace/javaprjs/freecs-1.3.20100406/taie-output/tai-e-plan.yml
WorldBuilder starts ...
Scanning /home/byx/testSpace/javaprjs/freecs-1.3.20100406/bin ... 149 classes
6934 classes with 66965 methods in the world
WorldBuilder finishes, elapsed time: 3.73s
pta starts ...
[Pointer analysis] elapsed time: 10.32s
-------------- Pointer analysis statistics: --------------
#var pointers:                7,0509 (insens) / 28,0386 (sens)
#objects:                     7118 (insens) / 7124 (sens)
#var points-to:               426,9496 (insens) / 2644,3481 (sens)
#static field points-to:      1,0468 (sens)
#instance field points-to:    70,0110 (sens)
#array points-to:             15,9988 (sens)
#reachable methods:           9659 (insens) / 5,6121 (sens)
#call graph edges:            5,5309 (insens) / 40,0117 (sens)
----------------------------------------
pta finishes, elapsed time: 11.63s
cg starts ...
Call graph has 9659 reachable methods and 55309 edges
Dumping call graph to /home/byx/testSpace/javaprjs/freecs-1.3.20100406/taie-output/call-graph.dot
Dumping reachable methods to /home/byx/testSpace/javaprjs/freecs-1.3.20100406/taie-output/reachable-methods.txt
Dumping call edges to /home/byx/testSpace/javaprjs/freecs-1.3.20100406/taie-output/call-edges.txt
cg finishes, elapsed time: 0.81s
Tai-e finishes, elapsed time: 16.33s
[Task Info]
Task Name: taie
Java Path: /home/byx/.jdks/corretto-17.0.14/bin/java
JAR Path: /home/byx/projects/Tai-e/build/tai-e-all-0.5.2-SNAPSHOT.jar
Config File: taie-config.yml
Project Dir: /home/byx/testSpace/javaprjs/freecs-1.3.20100406
Work Dir: /home/byx/projects/Tai-e
Log File: /home/byx/testSpace/javaprjs/freecs-1.3.20100406/taie_logs/run_20250423-221220.log

[Command]
/home/byx/.jdks/corretto-17.0.14/bin/java -jar /home/byx/projects/Tai-e/build/tai-e-all-0.5.2-SNAPSHOT.jar --options-file /home/byx/testSpace/javaprjs/freecs-1.3.20100406/taie-config.yml

[Output]

[Performance]
Start Time: 2025-04-23 22:12:20
Duration: 16.79s
Peak Memory: 2016.61 MB
Exit Code: 0
