Tai-e starts ...
Output directory: /home/byx/testSpace/javaprjs/freecs-1.3.20100406/taie-output
Writing options to /home/byx/testSpace/javaprjs/freecs-1.3.20100406/taie-output/options.yml
Writing log to /home/byx/testSpace/javaprjs/freecs-1.3.20100406/taie-output/tai-e.log
java.version: 17.0.14
java.version.date: 2025-01-21
java.runtime.version: 17.0.14+7-LTS
java.vendor: Amazon.com Inc.
java.vendor.version: Corretto-17.0.14.7.1
os.name: Linux
os.version: 5.15.167.4-microsoft-standard-WSL2
os.arch: amd64
Tai-e Version: 0.5.2-SNAPSHOT
Tai-e Commit: f4f1c5d3c96f68ac1bf30f8a35a3b8baefe40761
Writing analysis plan to /home/byx/testSpace/javaprjs/freecs-1.3.20100406/taie-output/tai-e-plan.yml
WorldBuilder starts ...
Scanning /home/byx/testSpace/javaprjs/freecs-1.3.20100406/bin ... 149 classes
6934 classes with 66965 methods in the world
WorldBuilder finishes, elapsed time: 4.07s
pta starts ...
[Pointer analysis] elapsed time: 0.21s
-------------- Pointer analysis statistics: --------------
#var pointers:                2306 (insens) / 6308 (sens)
#objects:                     228 (insens) / 228 (sens)
#var points-to:               2037 (insens) / 6652 (sens)
#static field points-to:      36 (sens)
#instance field points-to:    107 (sens)
#array points-to:             45 (sens)
#reachable methods:           296 (insens) / 1243 (sens)
#call graph edges:            1190 (insens) / 4184 (sens)
----------------------------------------
pta finishes, elapsed time: 0.50s
cg starts ...
Call graph has 296 reachable methods and 1190 edges
Dumping call graph to /home/byx/testSpace/javaprjs/freecs-1.3.20100406/taie-output/call-graph.dot
Dumping reachable methods to /home/byx/testSpace/javaprjs/freecs-1.3.20100406/taie-output/reachable-methods.txt
Dumping call edges to /home/byx/testSpace/javaprjs/freecs-1.3.20100406/taie-output/call-edges.txt
cg finishes, elapsed time: 0.09s
Tai-e finishes, elapsed time: 4.82s
[Task Info]
Task Name: taie
Java Path: /home/byx/.jdks/corretto-17.0.14/bin/java
JAR Path: /home/byx/projects/Tai-e/build/tai-e-all-0.5.2-SNAPSHOT.jar
Config File: taie-config.yml
Project Dir: /home/byx/testSpace/javaprjs/freecs-1.3.20100406
Work Dir: /home/byx/projects/Tai-e
Log File: /home/byx/testSpace/javaprjs/freecs-1.3.20100406/taie_logs/run_20250513-210020.log

[Command]
/home/byx/.jdks/corretto-17.0.14/bin/java -jar /home/byx/projects/Tai-e/build/tai-e-all-0.5.2-SNAPSHOT.jar --options-file /home/byx/testSpace/javaprjs/freecs-1.3.20100406/taie-config.yml

[Output]

[Performance]
Start Time: 2025-05-13 21:00:20
Duration: 5.32s
Peak Memory: 1067.67 MB
Exit Code: 0
