Tai-e starts ...
Output directory: /home/byx/testSpace/javaprjs/sablecc-3.2/cs1call-output
Writing options to /home/byx/testSpace/javaprjs/sablecc-3.2/cs1call-output/options.yml
Writing log to /home/byx/testSpace/javaprjs/sablecc-3.2/cs1call-output/tai-e.log
java.version: 17.0.14
java.version.date: 2025-01-21
java.runtime.version: 17.0.14+7-LTS
java.vendor: Amazon.com Inc.
java.vendor.version: Corretto-17.0.14.7.1
os.name: Linux
os.version: 5.15.167.4-microsoft-standard-WSL2
os.arch: amd64
Tai-e Version: 0.5.2-SNAPSHOT
Tai-e Commit: f4f1c5d3c96f68ac1bf30f8a35a3b8baefe40761
Writing analysis plan to /home/byx/testSpace/javaprjs/sablecc-3.2/cs1call-output/tai-e-plan.yml
WorldBuilder starts ...
Scanning /home/byx/testSpace/javaprjs/sablecc-3.2/bin ... 286 classes
7059 classes with 67246 methods in the world
WorldBuilder finishes, elapsed time: 3.85s
pta starts ...
[Pointer analysis] elapsed time: 10.05s
-------------- Pointer analysis statistics: --------------
#var pointers:                7,3389 (insens) / 26,9609 (sens)
#objects:                     8429 (insens) / 8434 (sens)
#var points-to:               598,5490 (insens) / 2875,8989 (sens)
#static field points-to:      2316 (sens)
#instance field points-to:    68,8780 (sens)
#array points-to:             15,6471 (sens)
#reachable methods:           9904 (insens) / 5,6661 (sens)
#call graph edges:            5,5995 (insens) / 35,8803 (sens)
----------------------------------------
pta finishes, elapsed time: 11.66s
cg starts ...
Call graph has 9904 reachable methods and 55995 edges
Dumping call graph to /home/byx/testSpace/javaprjs/sablecc-3.2/cs1call-output/call-graph.dot
Dumping reachable methods to /home/byx/testSpace/javaprjs/sablecc-3.2/cs1call-output/reachable-methods.txt
Dumping call edges to /home/byx/testSpace/javaprjs/sablecc-3.2/cs1call-output/call-edges.txt
cg finishes, elapsed time: 0.91s
Tai-e finishes, elapsed time: 16.59s
[Task Info]
Task Name: cs1call
Java Path: /home/byx/.jdks/corretto-17.0.14/bin/java
JAR Path: /home/byx/projects/Tai-e/build/tai-e-all-0.5.2-SNAPSHOT.jar
Config File: cs1call-config.yml
Project Dir: /home/byx/testSpace/javaprjs/sablecc-3.2
Work Dir: /home/byx/projects/Tai-e
Log File: /home/byx/testSpace/javaprjs/sablecc-3.2/cs1call_logs/run_20250523-162543.log

[Command]
/home/byx/.jdks/corretto-17.0.14/bin/java -jar /home/byx/projects/Tai-e/build/tai-e-all-0.5.2-SNAPSHOT.jar --options-file /home/byx/testSpace/javaprjs/sablecc-3.2/cs1call-config.yml

[Output]

[Performance]
Start Time: 2025-05-23 16:25:43
Duration: 17.06s
Peak Memory: 2200.56 MB
Exit Code: 0
