Tai-e starts ...
Output directory: /home/byx/testSpace/javaprjs/sablecc-3.2/taie-output
Writing options to /home/byx/testSpace/javaprjs/sablecc-3.2/taie-output/options.yml
Writing log to /home/byx/testSpace/javaprjs/sablecc-3.2/taie-output/tai-e.log
java.version: 17.0.14
java.version.date: 2025-01-21
java.runtime.version: 17.0.14+7-LTS
java.vendor: Amazon.com Inc.
java.vendor.version: Corretto-17.0.14.7.1
os.name: Linux
os.version: 5.15.167.4-microsoft-standard-WSL2
os.arch: amd64
Tai-e Version: 0.5.2-SNAPSHOT
Tai-e Commit: f4f1c5d3c96f68ac1bf30f8a35a3b8baefe40761
Writing analysis plan to /home/byx/testSpace/javaprjs/sablecc-3.2/taie-output/tai-e-plan.yml
WorldBuilder starts ...
Scanning /home/byx/testSpace/javaprjs/sablecc-3.2/bin ... 286 classes
7059 classes with 67246 methods in the world
WorldBuilder finishes, elapsed time: 4.04s
pta starts ...
[Pointer analysis] elapsed time: 9.97s
-------------- Pointer analysis statistics: --------------
#var pointers:                7,3709 (insens) / 27,8489 (sens)
#objects:                     8472 (insens) / 8477 (sens)
#var points-to:               630,3115 (insens) / 3168,8143 (sens)
#static field points-to:      7273 (sens)
#instance field points-to:    70,8661 (sens)
#array points-to:             15,7496 (sens)
#reachable methods:           9980 (insens) / 5,7931 (sens)
#call graph edges:            5,7244 (insens) / 38,0138 (sens)
----------------------------------------
pta finishes, elapsed time: 11.61s
cg starts ...
Call graph has 9980 reachable methods and 57244 edges
Dumping call graph to /home/byx/testSpace/javaprjs/sablecc-3.2/taie-output/call-graph.dot
Dumping reachable methods to /home/byx/testSpace/javaprjs/sablecc-3.2/taie-output/reachable-methods.txt
Dumping call edges to /home/byx/testSpace/javaprjs/sablecc-3.2/taie-output/call-edges.txt
cg finishes, elapsed time: 0.94s
Tai-e finishes, elapsed time: 16.76s
[Task Info]
Task Name: taie
Java Path: /home/byx/.jdks/corretto-17.0.14/bin/java
JAR Path: /home/byx/projects/Tai-e/build/tai-e-all-0.5.2-SNAPSHOT.jar
Config File: taie-config.yml
Project Dir: /home/byx/testSpace/javaprjs/sablecc-3.2
Work Dir: /home/byx/projects/Tai-e
Log File: /home/byx/testSpace/javaprjs/sablecc-3.2/taie_logs/run_20250521-125334.log

[Command]
/home/byx/.jdks/corretto-17.0.14/bin/java -jar /home/byx/projects/Tai-e/build/tai-e-all-0.5.2-SNAPSHOT.jar --options-file /home/byx/testSpace/javaprjs/sablecc-3.2/taie-config.yml

[Output]

[Performance]
Start Time: 2025-05-21 12:53:34
Duration: 17.26s
Peak Memory: 2225.64 MB
Exit Code: 0
