Writing log to /home/byx/testSpace/javaprjs/jspwiki-2.8.4/taie-output/tai-e.log
java.version: 17.0.14
java.version.date: 2025-01-21
java.runtime.version: 17.0.14+7-LTS
java.vendor: Amazon.com Inc.
java.vendor.version: Corretto-17.0.14.7.1
os.name: Linux
os.version: 5.15.167.4-microsoft-standard-WSL2
os.arch: amd64
Tai-e Version: 0.5.2-SNAPSHOT
Tai-e Commit: f4f1c5d3c96f68ac1bf30f8a35a3b8baefe40761
Writing analysis plan to /home/byx/testSpace/javaprjs/jspwiki-2.8.4/taie-output/tai-e-plan.yml
WorldBuilder starts ...
8339 classes with 78336 methods in the world
WorldBuilder finishes, elapsed time: 6.20s
pta starts ...
[Pointer analysis] elapsed time: 8.06s
-------------- Pointer analysis statistics: --------------
#var pointers:                5,7431 (insens) / 21,1479 (sens)
#objects:                     6339 (insens) / 6344 (sens)
#var points-to:               287,6836 (insens) / 1649,9533 (sens)
#static field points-to:      6779 (sens)
#instance field points-to:    52,6040 (sens)
#array points-to:             12,8994 (sens)
#reachable methods:           8191 (insens) / 4,4113 (sens)
#call graph edges:            4,3452 (insens) / 33,1211 (sens)
----------------------------------------
pta finishes, elapsed time: 9.18s
cg starts ...
Call graph has 8191 reachable methods and 43452 edges
Dumping call graph to /home/byx/testSpace/javaprjs/jspwiki-2.8.4/taie-output/call-graph.dot
Dumping reachable methods to /home/byx/testSpace/javaprjs/jspwiki-2.8.4/taie-output/reachable-methods.txt
Dumping call edges to /home/byx/testSpace/javaprjs/jspwiki-2.8.4/taie-output/call-edges.txt
cg finishes, elapsed time: 0.75s
Tai-e finishes, elapsed time: 16.30s
