Tai-e starts ...
Output directory: /home/byx/testSpace/javaprjs/sablecc-3.2/ci-output
Writing options to /home/byx/testSpace/javaprjs/sablecc-3.2/ci-output/options.yml
Writing log to /home/byx/testSpace/javaprjs/sablecc-3.2/ci-output/tai-e.log
java.version: 17.0.14
java.version.date: 2025-01-21
java.runtime.version: 17.0.14+7-LTS
java.vendor: Amazon.com Inc.
java.vendor.version: Corretto-17.0.14.7.1
os.name: Linux
os.version: 5.15.167.4-microsoft-standard-WSL2
os.arch: amd64
Tai-e Version: 0.5.2-SNAPSHOT
Tai-e Commit: f4f1c5d3c96f68ac1bf30f8a35a3b8baefe40761
Writing analysis plan to /home/byx/testSpace/javaprjs/sablecc-3.2/ci-output/tai-e-plan.yml
WorldBuilder starts ...
Scanning /home/byx/testSpace/javaprjs/sablecc-3.2/bin ... 286 classes
7059 classes with 67246 methods in the world
WorldBuilder finishes, elapsed time: 4.00s
pta starts ...
[Pointer analysis] elapsed time: 6.47s
-------------- Pointer analysis statistics: --------------
#var pointers:                7,4576 (insens) / 7,4576 (sens)
#objects:                     8556 (insens) / 8556 (sens)
#var points-to:               799,3371 (insens) / 799,3371 (sens)
#static field points-to:      9183 (sens)
#instance field points-to:    125,4304 (sens)
#array points-to:             19,5646 (sens)
#reachable methods:           1,0149 (insens) / 1,0149 (sens)
#call graph edges:            6,3603 (insens) / 6,3604 (sens)
----------------------------------------
pta finishes, elapsed time: 7.16s
cg starts ...
Call graph has 10149 reachable methods and 63603 edges
Dumping call graph to /home/byx/testSpace/javaprjs/sablecc-3.2/ci-output/call-graph.dot
Dumping reachable methods to /home/byx/testSpace/javaprjs/sablecc-3.2/ci-output/reachable-methods.txt
Dumping call edges to /home/byx/testSpace/javaprjs/sablecc-3.2/ci-output/call-edges.txt
cg finishes, elapsed time: 0.93s
Tai-e finishes, elapsed time: 12.25s
[Task Info]
Task Name: ci
Java Path: /home/byx/.jdks/corretto-17.0.14/bin/java
JAR Path: /home/byx/projects/Tai-e/build/tai-e-all-0.5.2-SNAPSHOT.jar
Config File: ci-config.yml
Project Dir: /home/byx/testSpace/javaprjs/sablecc-3.2
Work Dir: /home/byx/projects/Tai-e
Log File: /home/byx/testSpace/javaprjs/sablecc-3.2/ci_logs/run_20250522-161935.log

[Command]
/home/byx/.jdks/corretto-17.0.14/bin/java -jar /home/byx/projects/Tai-e/build/tai-e-all-0.5.2-SNAPSHOT.jar --options-file /home/byx/testSpace/javaprjs/sablecc-3.2/ci-config.yml

[Output]

[Performance]
Start Time: 2025-05-22 16:19:35
Duration: 12.74s
Peak Memory: 1232.45 MB
Exit Code: 0
