Writing log to /home/byx/testSpace/javaprjs/proguard-4.5.1/cs1call-output/tai-e.log
java.version: 17.0.14
java.version.date: 2025-01-21
java.runtime.version: 17.0.14+7-LTS
java.vendor: Amazon.com Inc.
java.vendor.version: Corretto-17.0.14.7.1
os.name: Linux
os.version: 5.15.167.4-microsoft-standard-WSL2
os.arch: amd64
Tai-e Version: 0.5.2-SNAPSHOT
Tai-e Commit: f4f1c5d3c96f68ac1bf30f8a35a3b8baefe40761
Writing analysis plan to /home/byx/testSpace/javaprjs/proguard-4.5.1/cs1call-output/tai-e-plan.yml
WorldBuilder starts ...
4398 classes with 42761 methods in the world
WorldBuilder finishes, elapsed time: 5.37s
pta starts ...
[Pointer analysis] elapsed time: 4.71s
-------------- Pointer analysis statistics: --------------
#var pointers:                5,5000 (insens) / 19,5430 (sens)
#objects:                     6790 (insens) / 6795 (sens)
#var points-to:               65,5343 (insens) / 407,5913 (sens)
#static field points-to:      1175 (sens)
#instance field points-to:    5,9490 (sens)
#array points-to:             9799 (sens)
#reachable methods:           8245 (insens) / 4,1351 (sens)
#call graph edges:            4,1128 (insens) / 15,7985 (sens)
----------------------------------------
pta finishes, elapsed time: 5.41s
cg starts ...
Call graph has 8245 reachable methods and 41128 edges
Dumping call graph to /home/byx/testSpace/javaprjs/proguard-4.5.1/cs1call-output/call-graph.dot
Dumping reachable methods to /home/byx/testSpace/javaprjs/proguard-4.5.1/cs1call-output/reachable-methods.txt
Dumping call edges to /home/byx/testSpace/javaprjs/proguard-4.5.1/cs1call-output/call-edges.txt
cg finishes, elapsed time: 0.73s
Tai-e finishes, elapsed time: 11.70s
