Tai-e starts ...
Output directory: /home/byx/testSpace/javaprjs/jedit-4.3.2/ci_app-output
Writing options to /home/byx/testSpace/javaprjs/jedit-4.3.2/ci_app-output/options.yml
Writing log to /home/byx/testSpace/javaprjs/jedit-4.3.2/ci_app-output/tai-e.log
java.version: 17.0.14
java.version.date: 2025-01-21
java.runtime.version: 17.0.14+7-LTS
java.vendor: Amazon.com Inc.
java.vendor.version: Corretto-17.0.14.7.1
os.name: Linux
os.version: 5.15.167.4-microsoft-standard-WSL2
os.arch: amd64
Tai-e Version: 0.5.2-SNAPSHOT
Tai-e Commit: f4f1c5d3c96f68ac1bf30f8a35a3b8baefe40761
Writing analysis plan to /home/byx/testSpace/javaprjs/jedit-4.3.2/ci_app-output/tai-e-plan.yml
WorldBuilder starts ...
Scanning /home/byx/testSpace/javaprjs/jedit-4.3.2/bin ... 1183 classes
6921 classes with 62987 methods in the world
WorldBuilder finishes, elapsed time: 6.65s
pta starts ...
[Pointer analysis] elapsed time: 0.46s
-------------- Pointer analysis statistics: --------------
#var pointers:                9008 (insens) / 3,0664 (sens)
#objects:                     948 (insens) / 949 (sens)
#var points-to:               1,8077 (insens) / 4,7053 (sens)
#static field points-to:      168 (sens)
#instance field points-to:    1706 (sens)
#array points-to:             203 (sens)
#reachable methods:           1979 (insens) / 7484 (sens)
#call graph edges:            7392 (insens) / 2,2992 (sens)
----------------------------------------
pta finishes, elapsed time: 1.00s
cg starts ...
Call graph has 1979 reachable methods and 7392 edges
Dumping call graph to /home/byx/testSpace/javaprjs/jedit-4.3.2/ci_app-output/call-graph.dot
Dumping reachable methods to /home/byx/testSpace/javaprjs/jedit-4.3.2/ci_app-output/reachable-methods.txt
Dumping call edges to /home/byx/testSpace/javaprjs/jedit-4.3.2/ci_app-output/call-edges.txt
cg finishes, elapsed time: 0.24s
Tai-e finishes, elapsed time: 8.06s
[Task Info]
Task Name: ci_app
Java Path: /home/byx/.jdks/corretto-17.0.14/bin/java
JAR Path: /home/byx/projects/Tai-e/build/tai-e-all-0.5.2-SNAPSHOT.jar
Config File: ci_app-config.yml
Project Dir: /home/byx/testSpace/javaprjs/jedit-4.3.2
Work Dir: /home/byx/projects/Tai-e
Log File: /home/byx/testSpace/javaprjs/jedit-4.3.2/ci_app_logs/run_20250523-163406.log

[Command]
/home/byx/.jdks/corretto-17.0.14/bin/java -jar /home/byx/projects/Tai-e/build/tai-e-all-0.5.2-SNAPSHOT.jar --options-file /home/byx/testSpace/javaprjs/jedit-4.3.2/ci_app-config.yml

[Output]

[Performance]
Start Time: 2025-05-23 16:34:06
Duration: 8.63s
Peak Memory: 1189.30 MB
Exit Code: 0
