Tai-e starts ...
Output directory: /home/byx/testSpace/javaprjs/sandmark-3.4/ci_app-output
Writing options to /home/byx/testSpace/javaprjs/sandmark-3.4/ci_app-output/options.yml
Writing log to /home/byx/testSpace/javaprjs/sandmark-3.4/ci_app-output/tai-e.log
java.version: 17.0.14
java.version.date: 2025-01-21
java.runtime.version: 17.0.14+7-LTS
java.vendor: Amazon.com Inc.
java.vendor.version: Corretto-17.0.14.7.1
os.name: Linux
os.version: 5.15.167.4-microsoft-standard-WSL2
os.arch: amd64
Tai-e Version: 0.5.2-SNAPSHOT
Tai-e Commit: f4f1c5d3c96f68ac1bf30f8a35a3b8baefe40761
Writing analysis plan to /home/byx/testSpace/javaprjs/sandmark-3.4/ci_app-output/tai-e-plan.yml
WorldBuilder starts ...
Scanning /home/byx/testSpace/javaprjs/sandmark-3.4/bin ... 1450 classes
5432 classes with 49887 methods in the world
WorldBuilder finishes, elapsed time: 7.32s
pta starts ...
[Pointer analysis] elapsed time: 0.07s
-------------- Pointer analysis statistics: --------------
#var pointers:                100 (insens) / 100 (sens)
#objects:                     32 (insens) / 32 (sens)
#var points-to:               85 (insens) / 85 (sens)
#static field points-to:      13 (sens)
#instance field points-to:    2 (sens)
#array points-to:             4 (sens)
#reachable methods:           84 (insens) / 121 (sens)
#call graph edges:            106 (insens) / 106 (sens)
----------------------------------------
pta finishes, elapsed time: 0.23s
cg starts ...
Call graph has 84 reachable methods and 106 edges
Dumping call graph to /home/byx/testSpace/javaprjs/sandmark-3.4/ci_app-output/call-graph.dot
Dumping reachable methods to /home/byx/testSpace/javaprjs/sandmark-3.4/ci_app-output/reachable-methods.txt
Dumping call edges to /home/byx/testSpace/javaprjs/sandmark-3.4/ci_app-output/call-edges.txt
cg finishes, elapsed time: 0.04s
Tai-e finishes, elapsed time: 7.77s
[Task Info]
Task Name: ci_app
Java Path: /home/byx/.jdks/corretto-17.0.14/bin/java
JAR Path: /home/byx/projects/Tai-e/build/tai-e-all-0.5.2-SNAPSHOT.jar
Config File: ci_app-config.yml
Project Dir: /home/byx/testSpace/javaprjs/sandmark-3.4
Work Dir: /home/byx/projects/Tai-e
Log File: /home/byx/testSpace/javaprjs/sandmark-3.4/ci_app_logs/run_20250523-163706.log

[Command]
/home/byx/.jdks/corretto-17.0.14/bin/java -jar /home/byx/projects/Tai-e/build/tai-e-all-0.5.2-SNAPSHOT.jar --options-file /home/byx/testSpace/javaprjs/sandmark-3.4/ci_app-config.yml

[Output]

[Performance]
Start Time: 2025-05-23 16:37:06
Duration: 8.23s
Peak Memory: 1018.01 MB
Exit Code: 0
