Writing log to /home/byx/testSpace/javaprjs/marauroa-3.8.1/cs1call-output/tai-e.log
java.version: 17.0.14
java.version.date: 2025-01-21
java.runtime.version: 17.0.14+7-LTS
java.vendor: Amazon.com Inc.
java.vendor.version: Corretto-17.0.14.7.1
os.name: Linux
os.version: 5.15.167.4-microsoft-standard-WSL2
os.arch: amd64
Tai-e Version: 0.5.2-SNAPSHOT
Tai-e Commit: f4f1c5d3c96f68ac1bf30f8a35a3b8baefe40761
Writing analysis plan to /home/byx/testSpace/javaprjs/marauroa-3.8.1/cs1call-output/tai-e-plan.yml
WorldBuilder starts ...
5298 classes with 51959 methods in the world
WorldBuilder finishes, elapsed time: 5.06s
pta starts ...
[Pointer analysis] elapsed time: 9.85s
-------------- Pointer analysis statistics: --------------
#var pointers:                5,5741 (insens) / 26,0939 (sens)
#objects:                     6190 (insens) / 6508 (sens)
#var points-to:               228,7859 (insens) / 1880,6946 (sens)
#static field points-to:      4239 (sens)
#instance field points-to:    30,8898 (sens)
#array points-to:             3,2026 (sens)
#reachable methods:           8258 (insens) / 5,1543 (sens)
#call graph edges:            5,1120 (insens) / 77,3192 (sens)
----------------------------------------
pta finishes, elapsed time: 11.12s
cg starts ...
Call graph has 8258 reachable methods and 51120 edges
Dumping call graph to /home/byx/testSpace/javaprjs/marauroa-3.8.1/cs1call-output/call-graph.dot
Dumping reachable methods to /home/byx/testSpace/javaprjs/marauroa-3.8.1/cs1call-output/reachable-methods.txt
Dumping call edges to /home/byx/testSpace/javaprjs/marauroa-3.8.1/cs1call-output/call-edges.txt
cg finishes, elapsed time: 0.79s
Tai-e finishes, elapsed time: 17.21s
