Tai-e starts ...
Output directory: /home/byx/testSpace/javaprjs/xalan-2.7.1/ci-output
Writing options to /home/byx/testSpace/javaprjs/xalan-2.7.1/ci-output/options.yml
Writing log to /home/byx/testSpace/javaprjs/xalan-2.7.1/ci-output/tai-e.log
java.version: 17.0.14
java.version.date: 2025-01-21
java.runtime.version: 17.0.14+7-LTS
java.vendor: Amazon.com Inc.
java.vendor.version: Corretto-17.0.14.7.1
os.name: Linux
os.version: 5.15.167.4-microsoft-standard-WSL2
os.arch: amd64
Tai-e Version: 0.5.2-SNAPSHOT
Tai-e Commit: f4f1c5d3c96f68ac1bf30f8a35a3b8baefe40761
Writing analysis plan to /home/byx/testSpace/javaprjs/xalan-2.7.1/ci-output/tai-e-plan.yml
WorldBuilder starts ...
Scanning /home/byx/testSpace/javaprjs/xalan-2.7.1/bin ... 1620 classes
11723 classes with 111646 methods in the world
WorldBuilder finishes, elapsed time: 14.38s
pta starts ...
[Pointer analysis] elapsed time: 13.95s
-------------- Pointer analysis statistics: --------------
#var pointers:                12,8730 (insens) / 12,8730 (sens)
#objects:                     1,2997 (insens) / 1,2997 (sens)
#var points-to:               1950,1526 (insens) / 1950,1526 (sens)
#static field points-to:      1,6481 (sens)
#instance field points-to:    382,2822 (sens)
#array points-to:             99,1796 (sens)
#reachable methods:           1,6233 (insens) / 1,6233 (sens)
#call graph edges:            10,4495 (insens) / 10,4496 (sens)
----------------------------------------
pta finishes, elapsed time: 15.38s
cg starts ...
Call graph has 16233 reachable methods and 104495 edges
Dumping call graph to /home/byx/testSpace/javaprjs/xalan-2.7.1/ci-output/call-graph.dot
Dumping reachable methods to /home/byx/testSpace/javaprjs/xalan-2.7.1/ci-output/reachable-methods.txt
Dumping call edges to /home/byx/testSpace/javaprjs/xalan-2.7.1/ci-output/call-edges.txt
cg finishes, elapsed time: 1.44s
Tai-e finishes, elapsed time: 31.37s
[Task Info]
Task Name: ci
Java Path: /home/byx/.jdks/corretto-17.0.14/bin/java
JAR Path: /home/byx/projects/Tai-e/build/tai-e-all-0.5.2-SNAPSHOT.jar
Config File: ci-config.yml
Project Dir: /home/byx/testSpace/javaprjs/xalan-2.7.1
Work Dir: /home/byx/projects/Tai-e
Log File: /home/byx/testSpace/javaprjs/xalan-2.7.1/ci_logs/run_20250522-160545.log

[Command]
/home/byx/.jdks/corretto-17.0.14/bin/java -jar /home/byx/projects/Tai-e/build/tai-e-all-0.5.2-SNAPSHOT.jar --options-file /home/byx/testSpace/javaprjs/xalan-2.7.1/ci-config.yml

[Output]

[Performance]
Start Time: 2025-05-22 16:05:45
Duration: 31.82s
Peak Memory: 1797.57 MB
Exit Code: 0
