Tai-e starts ...
Output directory: /home/byx/testSpace/javaprjs/batik-1.7/cs1call-output
Writing options to /home/byx/testSpace/javaprjs/batik-1.7/cs1call-output/options.yml
Writing log to /home/byx/testSpace/javaprjs/batik-1.7/cs1call-output/tai-e.log
java.version: 17.0.14
java.version.date: 2025-01-21
java.runtime.version: 17.0.14+7-LTS
java.vendor: Amazon.com Inc.
java.vendor.version: Corretto-17.0.14.7.1
os.name: Linux
os.version: 5.15.167.4-microsoft-standard-WSL2
os.arch: amd64
Tai-e Version: 0.5.2-SNAPSHOT
Tai-e Commit: f4f1c5d3c96f68ac1bf30f8a35a3b8baefe40761
Writing analysis plan to /home/byx/testSpace/javaprjs/batik-1.7/cs1call-output/tai-e-plan.yml
WorldBuilder starts ...
Scanning /home/byx/testSpace/javaprjs/batik-1.7/bin ... 2560 classes
10002 classes with 88506 methods in the world
WorldBuilder finishes, elapsed time: 11.15s
pta starts ...
[Pointer analysis] elapsed time: 53.58s
Imprecise reflective calls:
[Array.newInstance]<com.sun.beans.TypeResolver: java.lang.reflect.Type resolve(java.lang.reflect.Type,java.lang.reflect.Type)>[12@L164] $r31 = invokestatic java.lang.reflect.Array.newInstance($r30, %intconst0), #targets: 76
[Array.newInstance]<com.sun.beans.TypeResolver: java.lang.Class erase(java.lang.reflect.Type)>[38@L256] $r9 = invokestatic java.lang.reflect.Array.newInstance($r8, %intconst0), #targets: 76
[Array.newInstance]<com.sun.beans.TypeResolver: java.lang.reflect.Type fixGenericArray(java.lang.reflect.Type)>[9@L347] $r5 = invokestatic java.lang.reflect.Array.newInstance($r4, %intconst0), #targets: 76
[Array.newInstance]<java.lang.Class: java.lang.Class toClass(java.lang.reflect.Type)>[6@L1126] $r5 = invokestatic java.lang.reflect.Array.newInstance($r4, %intconst0), #targets: 76
[Array.newInstance]<sun.reflect.annotation.AnnotationParser: java.lang.Class toClass(java.lang.reflect.Type)>[6@L445] $r5 = invokestatic java.lang.reflect.Array.newInstance($r4, %intconst0), #targets: 76
-------------- Pointer analysis statistics: --------------
#var pointers:                19,3640 (insens) / 90,6007 (sens)
#objects:                     2,2459 (insens) / 2,4043 (sens)
#var points-to:               2752,3713 (insens) / 1,8513,4333 (sens)
#static field points-to:      3,0227 (sens)
#instance field points-to:    589,2194 (sens)
#array points-to:             62,2141 (sens)
#reachable methods:           3,0261 (insens) / 17,5588 (sens)
#call graph edges:            17,3777 (insens) / 110,4409 (sens)
----------------------------------------
pta finishes, elapsed time: 62.27s
cg starts ...
Call graph has 30261 reachable methods and 173777 edges
Dumping call graph to /home/byx/testSpace/javaprjs/batik-1.7/cs1call-output/call-graph.dot
Dumping reachable methods to /home/byx/testSpace/javaprjs/batik-1.7/cs1call-output/reachable-methods.txt
Dumping call edges to /home/byx/testSpace/javaprjs/batik-1.7/cs1call-output/call-edges.txt
cg finishes, elapsed time: 2.43s
Tai-e finishes, elapsed time: 76.01s
[Task Info]
Task Name: cs1call
Java Path: /home/byx/.jdks/corretto-17.0.14/bin/java
JAR Path: /home/byx/projects/Tai-e/build/tai-e-all-0.5.2-SNAPSHOT.jar
Config File: cs1call-config.yml
Project Dir: /home/byx/testSpace/javaprjs/batik-1.7
Work Dir: /home/byx/projects/Tai-e
Log File: /home/byx/testSpace/javaprjs/batik-1.7/cs1call_logs/run_20250523-193031.log

[Command]
/home/byx/.jdks/corretto-17.0.14/bin/java -jar /home/byx/projects/Tai-e/build/tai-e-all-0.5.2-SNAPSHOT.jar --options-file /home/byx/testSpace/javaprjs/batik-1.7/cs1call-config.yml

[Output]

[Performance]
Start Time: 2025-05-23 19:30:31
Duration: 76.49s
Peak Memory: 4433.15 MB
Exit Code: 0
