Tai-e starts ...
Output directory: /home/byx/testSpace/javaprjs/log4j-1.2.16/ci-output
Writing options to /home/byx/testSpace/javaprjs/log4j-1.2.16/ci-output/options.yml
Writing log to /home/byx/testSpace/javaprjs/log4j-1.2.16/ci-output/tai-e.log
java.version: 17.0.14
java.version.date: 2025-01-21
java.runtime.version: 17.0.14+7-LTS
java.vendor: Amazon.com Inc.
java.vendor.version: Corretto-17.0.14.7.1
os.name: Linux
os.version: 5.15.167.4-microsoft-standard-WSL2
os.arch: amd64
Tai-e Version: 0.5.2-SNAPSHOT
Tai-e Commit: f4f1c5d3c96f68ac1bf30f8a35a3b8baefe40761
Writing analysis plan to /home/byx/testSpace/javaprjs/log4j-1.2.16/ci-output/tai-e-plan.yml
WorldBuilder starts ...
Scanning /home/byx/testSpace/javaprjs/log4j-1.2.16/bin ... 308 classes
6252 classes with 59007 methods in the world
WorldBuilder finishes, elapsed time: 3.70s
pta starts ...
[Pointer analysis] elapsed time: 11.21s
Imprecise reflective calls:
[Constructor.newInstance]<java.io.ObjectStreamClass: java.lang.Object newInstance()>[5@L919] $r5 = invokevirtual $r4.newInstance($r3), #targets: 94
[Class.newInstance]<java.security.Provider$Service: java.lang.Object newInstance(java.lang.Object)>[47@L1221] $r24 = invokevirtual $r23.newInstance(), #targets: 94
[Class.newInstance]<java.security.Provider$Service: java.lang.Object newInstanceGeneric(java.lang.Object)>[2@L1283] $r19 = invokevirtual $r1.newInstance(), #targets: 94
-------------- Pointer analysis statistics: --------------
#var pointers:                10,6301 (insens) / 10,6301 (sens)
#objects:                     1,1745 (insens) / 1,1745 (sens)
#var points-to:               981,3430 (insens) / 981,3430 (sens)
#static field points-to:      2,7538 (sens)
#instance field points-to:    169,5176 (sens)
#array points-to:             20,1506 (sens)
#reachable methods:           1,6902 (insens) / 1,6902 (sens)
#call graph edges:            9,2952 (insens) / 9,2952 (sens)
----------------------------------------
pta finishes, elapsed time: 12.23s
cg starts ...
Call graph has 16902 reachable methods and 92952 edges
Dumping call graph to /home/byx/testSpace/javaprjs/log4j-1.2.16/ci-output/call-graph.dot
Dumping reachable methods to /home/byx/testSpace/javaprjs/log4j-1.2.16/ci-output/reachable-methods.txt
Dumping call edges to /home/byx/testSpace/javaprjs/log4j-1.2.16/ci-output/call-edges.txt
cg finishes, elapsed time: 1.28s
Tai-e finishes, elapsed time: 17.38s
[Task Info]
Task Name: ci
Java Path: /home/byx/.jdks/corretto-17.0.14/bin/java
JAR Path: /home/byx/projects/Tai-e/build/tai-e-all-0.5.2-SNAPSHOT.jar
Config File: ci-config.yml
Project Dir: /home/byx/testSpace/javaprjs/log4j-1.2.16
Work Dir: /home/byx/projects/Tai-e
Log File: /home/byx/testSpace/javaprjs/log4j-1.2.16/ci_logs/run_20250522-161235.log

[Command]
/home/byx/.jdks/corretto-17.0.14/bin/java -jar /home/byx/projects/Tai-e/build/tai-e-all-0.5.2-SNAPSHOT.jar --options-file /home/byx/testSpace/javaprjs/log4j-1.2.16/ci-config.yml

[Output]

[Performance]
Start Time: 2025-05-22 16:12:35
Duration: 17.86s
Peak Memory: 1313.25 MB
Exit Code: 0
