Tai-e starts ...
Output directory: /home/byx/testSpace/javaprjs/marauroa-3.8.1/ci-output
Writing options to /home/byx/testSpace/javaprjs/marauroa-3.8.1/ci-output/options.yml
Writing log to /home/byx/testSpace/javaprjs/marauroa-3.8.1/ci-output/tai-e.log
java.version: 17.0.14
java.version.date: 2025-01-21
java.runtime.version: 17.0.14+7-LTS
java.vendor: Amazon.com Inc.
java.vendor.version: Corretto-17.0.14.7.1
os.name: Linux
os.version: 5.15.167.4-microsoft-standard-WSL2
os.arch: amd64
Tai-e Version: 0.5.2-SNAPSHOT
Tai-e Commit: f4f1c5d3c96f68ac1bf30f8a35a3b8baefe40761
Writing analysis plan to /home/byx/testSpace/javaprjs/marauroa-3.8.1/ci-output/tai-e-plan.yml
WorldBuilder starts ...
Scanning /home/byx/testSpace/javaprjs/marauroa-3.8.1/bin ... 227 classes
5298 classes with 51959 methods in the world
WorldBuilder finishes, elapsed time: 5.16s
pta starts ...
[Pointer analysis] elapsed time: 4.84s
Imprecise reflective calls:
[Class.newInstance]<java.security.Provider$Service: java.lang.Object newInstance(java.lang.Object)>[24@L-1] $r20 = invokevirtual $r19.newInstance(), #targets: 54
[Class.newInstance]<java.security.Provider$Service: java.lang.Object newInstanceGeneric(java.lang.Object)>[2@L-1] $r19 = invokevirtual $r1.newInstance(), #targets: 54
[Class.newInstance]<sun.io.Converters: java.lang.Object newConverter(java.lang.String,java.lang.Class)>[0@L-1] $r1 = invokevirtual r0.newInstance(), #targets: 54
-------------- Pointer analysis statistics: --------------
#var pointers:                5,6355 (insens) / 5,6355 (sens)
#objects:                     6271 (insens) / 6271 (sens)
#var points-to:               294,2808 (insens) / 294,2808 (sens)
#static field points-to:      5220 (sens)
#instance field points-to:    51,1838 (sens)
#array points-to:             3,8949 (sens)
#reachable methods:           8382 (insens) / 8382 (sens)
#call graph edges:            5,4044 (insens) / 5,4044 (sens)
----------------------------------------
pta finishes, elapsed time: 5.31s
cg starts ...
Call graph has 8382 reachable methods and 54044 edges
Dumping call graph to /home/byx/testSpace/javaprjs/marauroa-3.8.1/ci-output/call-graph.dot
Dumping reachable methods to /home/byx/testSpace/javaprjs/marauroa-3.8.1/ci-output/reachable-methods.txt
Dumping call edges to /home/byx/testSpace/javaprjs/marauroa-3.8.1/ci-output/call-edges.txt
cg finishes, elapsed time: 0.86s
Tai-e finishes, elapsed time: 11.51s
[Task Info]
Task Name: ci
Java Path: /home/byx/.jdks/corretto-17.0.14/bin/java
JAR Path: /home/byx/projects/Tai-e/build/tai-e-all-0.5.2-SNAPSHOT.jar
Config File: ci-config.yml
Project Dir: /home/byx/testSpace/javaprjs/marauroa-3.8.1
Work Dir: /home/byx/projects/Tai-e
Log File: /home/byx/testSpace/javaprjs/marauroa-3.8.1/ci_logs/run_20250522-165929.log

[Command]
/home/byx/.jdks/corretto-17.0.14/bin/java -jar /home/byx/projects/Tai-e/build/tai-e-all-0.5.2-SNAPSHOT.jar --options-file /home/byx/testSpace/javaprjs/marauroa-3.8.1/ci-config.yml

[Output]

[Performance]
Start Time: 2025-05-22 16:59:29
Duration: 12.05s
Peak Memory: 1130.24 MB
Exit Code: 0
