Writing log to /home/byx/testSpace/javaprjs/xalan-2.7.1/ci-output/tai-e.log
java.version: 17.0.14
java.version.date: 2025-01-21
java.runtime.version: 17.0.14+7-LTS
java.vendor: Amazon.com Inc.
java.vendor.version: Corretto-17.0.14.7.1
os.name: Linux
os.version: 5.15.167.4-microsoft-standard-WSL2
os.arch: amd64
Tai-e Version: 0.5.2-SNAPSHOT
Tai-e Commit: f4f1c5d3c96f68ac1bf30f8a35a3b8baefe40761
Writing analysis plan to /home/byx/testSpace/javaprjs/xalan-2.7.1/ci-output/tai-e-plan.yml
WorldBuilder starts ...
11723 classes with 111646 methods in the world
WorldBuilder finishes, elapsed time: 13.62s
pta starts ...
[Pointer analysis] elapsed time: 13.49s
-------------- Pointer analysis statistics: --------------
#var pointers:                12,8431 (insens) / 12,8431 (sens)
#objects:                     1,2926 (insens) / 1,2926 (sens)
#var points-to:               1888,6838 (insens) / 1888,6838 (sens)
#static field points-to:      4800 (sens)
#instance field points-to:    372,8058 (sens)
#array points-to:             98,8785 (sens)
#reachable methods:           1,6158 (insens) / 1,6158 (sens)
#call graph edges:            10,2789 (insens) / 10,2790 (sens)
----------------------------------------
pta finishes, elapsed time: 14.81s
cg starts ...
Call graph has 16158 reachable methods and 102789 edges
Dumping call graph to /home/byx/testSpace/javaprjs/xalan-2.7.1/ci-output/call-graph.dot
Dumping reachable methods to /home/byx/testSpace/javaprjs/xalan-2.7.1/ci-output/reachable-methods.txt
Dumping call edges to /home/byx/testSpace/javaprjs/xalan-2.7.1/ci-output/call-edges.txt
cg finishes, elapsed time: 1.38s
Tai-e finishes, elapsed time: 29.97s
