Tai-e starts ...
Output directory: /home/byx/testSpace/javaprjs/drawswf-1.2.9/taie-output
Writing options to /home/byx/testSpace/javaprjs/drawswf-1.2.9/taie-output/options.yml
Writing log to /home/byx/testSpace/javaprjs/drawswf-1.2.9/taie-output/tai-e.log
java.version: 17.0.14
java.version.date: 2025-01-21
java.runtime.version: 17.0.14+7-LTS
java.vendor: Amazon.com Inc.
java.vendor.version: Corretto-17.0.14.7.1
os.name: Linux
os.version: 5.15.167.4-microsoft-standard-WSL2
os.arch: amd64
Tai-e Version: 0.5.2-SNAPSHOT
Tai-e Commit: f4f1c5d3c96f68ac1bf30f8a35a3b8baefe40761
Writing analysis plan to /home/byx/testSpace/javaprjs/drawswf-1.2.9/taie-output/tai-e-plan.yml
WorldBuilder starts ...
Scanning /home/byx/testSpace/javaprjs/drawswf-1.2.9/bin ... 322 classes
4689 classes with 46448 methods in the world
WorldBuilder finishes, elapsed time: 5.32s
pta starts ...
[Pointer analysis] elapsed time: 0.14s
-------------- Pointer analysis statistics: --------------
#var pointers:                1378 (insens) / 1966 (sens)
#objects:                     182 (insens) / 182 (sens)
#var points-to:               1021 (insens) / 1384 (sens)
#static field points-to:      23 (sens)
#instance field points-to:    88 (sens)
#array points-to:             3 (sens)
#reachable methods:           322 (insens) / 755 (sens)
#call graph edges:            712 (insens) / 1008 (sens)
----------------------------------------
pta finishes, elapsed time: 0.34s
cg starts ...
Call graph has 322 reachable methods and 712 edges
Dumping call graph to /home/byx/testSpace/javaprjs/drawswf-1.2.9/taie-output/call-graph.dot
Dumping reachable methods to /home/byx/testSpace/javaprjs/drawswf-1.2.9/taie-output/reachable-methods.txt
Dumping call edges to /home/byx/testSpace/javaprjs/drawswf-1.2.9/taie-output/call-edges.txt
cg finishes, elapsed time: 0.07s
Tai-e finishes, elapsed time: 5.90s
[Task Info]
Task Name: taie
Java Path: /home/byx/.jdks/corretto-17.0.14/bin/java
JAR Path: /home/byx/projects/Tai-e/build/tai-e-all-0.5.2-SNAPSHOT.jar
Config File: taie-config.yml
Project Dir: /home/byx/testSpace/javaprjs/drawswf-1.2.9
Work Dir: /home/byx/projects/Tai-e
Log File: /home/byx/testSpace/javaprjs/drawswf-1.2.9/taie_logs/run_20250513-210329.log

[Command]
/home/byx/.jdks/corretto-17.0.14/bin/java -jar /home/byx/projects/Tai-e/build/tai-e-all-0.5.2-SNAPSHOT.jar --options-file /home/byx/testSpace/javaprjs/drawswf-1.2.9/taie-config.yml

[Output]

[Performance]
Start Time: 2025-05-13 21:03:29
Duration: 6.42s
Peak Memory: 1042.65 MB
Exit Code: 0
