Tai-e starts ...
Output directory: /home/byx/testSpace/javaprjs/jspwiki-2.8.4/ci-output
Writing options to /home/byx/testSpace/javaprjs/jspwiki-2.8.4/ci-output/options.yml
Writing log to /home/byx/testSpace/javaprjs/jspwiki-2.8.4/ci-output/tai-e.log
java.version: 17.0.14
java.version.date: 2025-01-21
java.runtime.version: 17.0.14+7-LTS
java.vendor: Amazon.com Inc.
java.vendor.version: Corretto-17.0.14.7.1
os.name: Linux
os.version: 5.15.167.4-microsoft-standard-WSL2
os.arch: amd64
Tai-e Version: 0.5.2-SNAPSHOT
Tai-e Commit: f4f1c5d3c96f68ac1bf30f8a35a3b8baefe40761
Writing analysis plan to /home/byx/testSpace/javaprjs/jspwiki-2.8.4/ci-output/tai-e-plan.yml
WorldBuilder starts ...
Scanning /home/byx/testSpace/javaprjs/jspwiki-2.8.4/bin ... 456 classes
8339 classes with 78336 methods in the world
WorldBuilder finishes, elapsed time: 7.60s
pta starts ...
[Pointer analysis] elapsed time: 6.19s
-------------- Pointer analysis statistics: --------------
#var pointers:                5,7936 (insens) / 5,7936 (sens)
#objects:                     6357 (insens) / 6357 (sens)
#var points-to:               391,8416 (insens) / 391,8416 (sens)
#static field points-to:      8566 (sens)
#instance field points-to:    84,8787 (sens)
#array points-to:             16,0591 (sens)
#reachable methods:           8300 (insens) / 8300 (sens)
#call graph edges:            4,5795 (insens) / 4,5796 (sens)
----------------------------------------
pta finishes, elapsed time: 6.76s
cg starts ...
Call graph has 8300 reachable methods and 45795 edges
Dumping call graph to /home/byx/testSpace/javaprjs/jspwiki-2.8.4/ci-output/call-graph.dot
Dumping reachable methods to /home/byx/testSpace/javaprjs/jspwiki-2.8.4/ci-output/reachable-methods.txt
Dumping call edges to /home/byx/testSpace/javaprjs/jspwiki-2.8.4/ci-output/call-edges.txt
cg finishes, elapsed time: 1.02s
Tai-e finishes, elapsed time: 15.54s
[Task Info]
Task Name: ci
Java Path: /home/byx/.jdks/corretto-17.0.14/bin/java
JAR Path: /home/byx/projects/Tai-e/build/tai-e-all-0.5.2-SNAPSHOT.jar
Config File: ci-config.yml
Project Dir: /home/byx/testSpace/javaprjs/jspwiki-2.8.4
Work Dir: /home/byx/projects/Tai-e
Log File: /home/byx/testSpace/javaprjs/jspwiki-2.8.4/ci_logs/run_20250522-161524.log

[Command]
/home/byx/.jdks/corretto-17.0.14/bin/java -jar /home/byx/projects/Tai-e/build/tai-e-all-0.5.2-SNAPSHOT.jar --options-file /home/byx/testSpace/javaprjs/jspwiki-2.8.4/ci-config.yml

[Output]

[Performance]
Start Time: 2025-05-22 16:15:24
Duration: 16.26s
Peak Memory: 1493.04 MB
Exit Code: 0
