Writing log to /home/byx/testSpace/javaprjs/jspwiki-2.8.4/ci_app-output/tai-e.log
java.version: 17.0.14
java.version.date: 2025-01-21
java.runtime.version: 17.0.14+7-LTS
java.vendor: Amazon.com Inc.
java.vendor.version: Corretto-17.0.14.7.1
os.name: Linux
os.version: 5.15.167.4-microsoft-standard-WSL2
os.arch: amd64
Tai-e Version: 0.5.2-SNAPSHOT
Tai-e Commit: f4f1c5d3c96f68ac1bf30f8a35a3b8baefe40761
Writing analysis plan to /home/byx/testSpace/javaprjs/jspwiki-2.8.4/ci_app-output/tai-e-plan.yml
WorldBuilder starts ...
8339 classes with 78336 methods in the world
WorldBuilder finishes, elapsed time: 5.87s
pta starts ...
[Pointer analysis] elapsed time: 0.02s
-------------- Pointer analysis statistics: --------------
#var pointers:                13 (insens) / 13 (sens)
#objects:                     4 (insens) / 4 (sens)
#var points-to:               10 (insens) / 10 (sens)
#static field points-to:      4 (sens)
#instance field points-to:    0 (sens)
#array points-to:             1 (sens)
#reachable methods:           8 (insens) / 9 (sens)
#call graph edges:            4 (insens) / 4 (sens)
----------------------------------------
pta finishes, elapsed time: 0.18s
cg starts ...
Call graph has 8 reachable methods and 4 edges
Dumping call graph to /home/byx/testSpace/javaprjs/jspwiki-2.8.4/ci_app-output/call-graph.dot
Dumping reachable methods to /home/byx/testSpace/javaprjs/jspwiki-2.8.4/ci_app-output/reachable-methods.txt
Dumping call edges to /home/byx/testSpace/javaprjs/jspwiki-2.8.4/ci_app-output/call-edges.txt
cg finishes, elapsed time: 0.01s
Tai-e finishes, elapsed time: 6.22s
