Writing log to /home/byx/testSpace/javaprjs/jfreechart-1.0.13/ci-output/tai-e.log
java.version: 17.0.14
java.version.date: 2025-01-21
java.runtime.version: 17.0.14+7-LTS
java.vendor: Amazon.com Inc.
java.vendor.version: Corretto-17.0.14.7.1
os.name: Linux
os.version: 5.15.167.4-microsoft-standard-WSL2
os.arch: amd64
Tai-e Version: 0.5.2-SNAPSHOT
Tai-e Commit: f4f1c5d3c96f68ac1bf30f8a35a3b8baefe40761
Writing analysis plan to /home/byx/testSpace/javaprjs/jfreechart-1.0.13/ci-output/tai-e-plan.yml
WorldBuilder starts ...
3011 classes with 24250 methods in the world
WorldBuilder finishes, elapsed time: 2.42s
pta starts ...
[Pointer analysis] elapsed time: 2.58s
-------------- Pointer analysis statistics: --------------
#var pointers:                1,7188 (insens) / 1,7188 (sens)
#objects:                     1831 (insens) / 1831 (sens)
#var points-to:               24,0420 (insens) / 24,0420 (sens)
#static field points-to:      806 (sens)
#instance field points-to:    3,1069 (sens)
#array points-to:             4156 (sens)
#reachable methods:           2366 (insens) / 2366 (sens)
#call graph edges:            1,1054 (insens) / 1,1054 (sens)
----------------------------------------
pta finishes, elapsed time: 2.82s
cg starts ...
Call graph has 2366 reachable methods and 11054 edges
Dumping call graph to /home/byx/testSpace/javaprjs/jfreechart-1.0.13/ci-output/call-graph.dot
Dumping reachable methods to /home/byx/testSpace/javaprjs/jfreechart-1.0.13/ci-output/reachable-methods.txt
Dumping call edges to /home/byx/testSpace/javaprjs/jfreechart-1.0.13/ci-output/call-edges.txt
cg finishes, elapsed time: 0.26s
Tai-e finishes, elapsed time: 5.70s
