Tai-e starts ...
Output directory: /home/byx/testSpace/javaprjs/pooka-3.0-080505/ci_app-output
Writing options to /home/byx/testSpace/javaprjs/pooka-3.0-080505/ci_app-output/options.yml
Writing log to /home/byx/testSpace/javaprjs/pooka-3.0-080505/ci_app-output/tai-e.log
java.version: 17.0.14
java.version.date: 2025-01-21
java.runtime.version: 17.0.14+7-LTS
java.vendor: Amazon.com Inc.
java.vendor.version: Corretto-17.0.14.7.1
os.name: Linux
os.version: 5.15.167.4-microsoft-standard-WSL2
os.arch: amd64
Tai-e Version: 0.5.2-SNAPSHOT
Tai-e Commit: f4f1c5d3c96f68ac1bf30f8a35a3b8baefe40761
Writing analysis plan to /home/byx/testSpace/javaprjs/pooka-3.0-080505/ci_app-output/tai-e-plan.yml
WorldBuilder starts ...
Scanning /home/byx/testSpace/javaprjs/pooka-3.0-080505/bin ... 1626 classes
7924 classes with 72359 methods in the world
WorldBuilder finishes, elapsed time: 7.52s
pta starts ...
[Pointer analysis] elapsed time: 0.38s
-------------- Pointer analysis statistics: --------------
#var pointers:                6649 (insens) / 1,6235 (sens)
#objects:                     725 (insens) / 725 (sens)
#var points-to:               9847 (insens) / 2,5319 (sens)
#static field points-to:      60 (sens)
#instance field points-to:    1584 (sens)
#array points-to:             85 (sens)
#reachable methods:           1114 (insens) / 4668 (sens)
#call graph edges:            4604 (insens) / 9847 (sens)
----------------------------------------
pta finishes, elapsed time: 0.88s
cg starts ...
Call graph has 1114 reachable methods and 4604 edges
Dumping call graph to /home/byx/testSpace/javaprjs/pooka-3.0-080505/ci_app-output/call-graph.dot
Dumping reachable methods to /home/byx/testSpace/javaprjs/pooka-3.0-080505/ci_app-output/reachable-methods.txt
Dumping call edges to /home/byx/testSpace/javaprjs/pooka-3.0-080505/ci_app-output/call-edges.txt
cg finishes, elapsed time: 0.18s
Tai-e finishes, elapsed time: 8.73s
[Task Info]
Task Name: ci_app
Java Path: /home/byx/.jdks/corretto-17.0.14/bin/java
JAR Path: /home/byx/projects/Tai-e/build/tai-e-all-0.5.2-SNAPSHOT.jar
Config File: ci_app-config.yml
Project Dir: /home/byx/testSpace/javaprjs/pooka-3.0-080505
Work Dir: /home/byx/projects/Tai-e
Log File: /home/byx/testSpace/javaprjs/pooka-3.0-080505/ci_app_logs/run_20250523-163427.log

[Command]
/home/byx/.jdks/corretto-17.0.14/bin/java -jar /home/byx/projects/Tai-e/build/tai-e-all-0.5.2-SNAPSHOT.jar --options-file /home/byx/testSpace/javaprjs/pooka-3.0-080505/ci_app-config.yml

[Output]

[Performance]
Start Time: 2025-05-23 16:34:27
Duration: 9.24s
Peak Memory: 1177.56 MB
Exit Code: 0
