Tai-e starts ...
Output directory: /home/byx/testSpace/javaprjs/sunflow-0.07.2/cha-output
Writing options to /home/byx/testSpace/javaprjs/sunflow-0.07.2/cha-output/options.yml
Writing log to /home/byx/testSpace/javaprjs/sunflow-0.07.2/cha-output/tai-e.log
java.version: 17.0.14
java.version.date: 2025-01-21
java.runtime.version: 17.0.14+7-LTS
java.vendor: Amazon.com Inc.
java.vendor.version: Corretto-17.0.14.7.1
os.name: Linux
os.version: 5.15.167.4-microsoft-standard-WSL2
os.arch: amd64
Tai-e Version: 0.5.2-SNAPSHOT
Tai-e Commit: 81110d74e1f50338d0708ed0c2c7572fe2bad54d
Writing analysis plan to /home/byx/testSpace/javaprjs/sunflow-0.07.2/cha-output/tai-e-plan.yml
WorldBuilder starts ...
Scanning /home/byx/testSpace/javaprjs/sunflow-0.07.2/bin ... 255 classes
6971 classes with 66163 methods in the world
WorldBuilder finishes, elapsed time: 6.68s
cg starts ...
Building call graph by CHA
Ignore methods of java.lang.Object
Call graph has 34764 reachable methods and 358563 edges
Dumping call graph to /home/byx/testSpace/javaprjs/sunflow-0.07.2/cha-output/call-graph.dot
Dumping reachable methods to /home/byx/testSpace/javaprjs/sunflow-0.07.2/cha-output/reachable-methods.txt
Dumping call edges to /home/byx/testSpace/javaprjs/sunflow-0.07.2/cha-output/call-edges.txt
cg finishes, elapsed time: 26.87s
Tai-e finishes, elapsed time: 33.76s
[Task Info]
Task Name: cha
Java Path: /home/byx/.jdks/corretto-17.0.14/bin/java
JAR Path: /home/byx/projects/Tai-e/build/tai-e-all-0.5.2-SNAPSHOT.jar
Config File: cha-config.yml
Project Dir: /home/byx/testSpace/javaprjs/sunflow-0.07.2
Work Dir: /home/byx/projects/Tai-e
Log File: /home/byx/testSpace/javaprjs/sunflow-0.07.2/cha_logs/run_20250526-212155.log

[Command]
/home/byx/.jdks/corretto-17.0.14/bin/java -jar /home/byx/projects/Tai-e/build/tai-e-all-0.5.2-SNAPSHOT.jar --options-file /home/byx/testSpace/javaprjs/sunflow-0.07.2/cha-config.yml

[Output]

[Performance]
Start Time: 2025-05-26 21:21:55
Duration: 34.46s
Peak Memory: 2306.34 MB
Exit Code: 0
