Task Summary (2025-05-23 16:38:43)
==================================================
Total Tasks: 40
Success Tasks: 38

Details:
--------------------------------------------------
Project: aoi-2.8.1
Task: ci_app
Duration: 10.04s
Status: SUCCESS (Code: 0)
Log: /home/byx/testSpace/javaprjs/aoi-2.8.1/ci_app_logs/run_20250523-163356.log
------------------------------
Project: jedit-4.3.2
Task: ci_app
Duration: 8.63s
Status: SUCCESS (Code: 0)
Log: /home/byx/testSpace/javaprjs/jedit-4.3.2/ci_app_logs/run_20250523-163406.log
------------------------------
Project: itext-5.0.3
Task: ci_app
Duration: 7.93s
Status: SUCCESS (Code: 0)
Log: /home/byx/testSpace/javaprjs/itext-5.0.3/ci_app_logs/run_20250523-163414.log
------------------------------
Project: emma-2.0.5312
Task: ci_app
Duration: 4.61s
Status: SUCCESS (Code: 0)
Log: /home/byx/testSpace/javaprjs/emma-2.0.5312/ci_app_logs/run_20250523-163422.log
------------------------------
Project: pooka-3.0-080505
Task: ci_app
Duration: 9.24s
Status: SUCCESS (Code: 0)
Log: /home/byx/testSpace/javaprjs/pooka-3.0-080505/ci_app_logs/run_20250523-163427.log
------------------------------
Project: jag-6.1
Task: ci_app
Duration: 5.22s
Status: SUCCESS (Code: 0)
Log: /home/byx/testSpace/javaprjs/jag-6.1/ci_app_logs/run_20250523-163436.log
------------------------------
Project: proguard-4.5.1
Task: ci_app
Duration: 7.12s
Status: SUCCESS (Code: 0)
Log: /home/byx/testSpace/javaprjs/proguard-4.5.1/ci_app_logs/run_20250523-163441.log
------------------------------
Project: openjms-0.7.7-beta-1
Task: ci_app
Duration: 8.33s
Status: SUCCESS (Code: 0)
Log: /home/byx/testSpace/javaprjs/openjms-0.7.7-beta-1/ci_app_logs/run_20250523-163449.log
------------------------------
Project: xalan-2.7.1
Task: ci_app
Duration: 14.84s
Status: SUCCESS (Code: 0)
Log: /home/byx/testSpace/javaprjs/xalan-2.7.1/ci_app_logs/run_20250523-163457.log
------------------------------
Project: jgroups-2.10.0
Task: ci_app
Duration: 8.83s
Status: SUCCESS (Code: 0)
Log: /home/byx/testSpace/javaprjs/jgroups-2.10.0/ci_app_logs/run_20250523-163512.log
------------------------------
Project: megamek-0.35.18
Task: ci_app
Duration: 15.66s
Status: SUCCESS (Code: 0)
Log: /home/byx/testSpace/javaprjs/megamek-0.35.18/ci_app_logs/run_20250523-163521.log
------------------------------
Project: jext-5.0
Task: ci_app
Duration: 8.83s
Status: SUCCESS (Code: 0)
Log: /home/byx/testSpace/javaprjs/jext-5.0/ci_app_logs/run_20250523-163536.log
------------------------------
Project: jasml-0.10
Task: ci_app
Duration: 4.52s
Status: SUCCESS (Code: 0)
Log: /home/byx/testSpace/javaprjs/jasml-0.10/ci_app_logs/run_20250523-163545.log
------------------------------
Project: batik-1.7
Task: ci_app
Duration: 12.93s
Status: SUCCESS (Code: 0)
Log: /home/byx/testSpace/javaprjs/batik-1.7/ci_app_logs/run_20250523-163550.log
------------------------------
Project: jhotdraw-7.5.1
Task: ci_app
Duration: 6.92s
Status: SUCCESS (Code: 0)
Log: /home/byx/testSpace/javaprjs/jhotdraw-7.5.1/ci_app_logs/run_20250523-163603.log
------------------------------
Project: freecs-1.3.20100406
Task: ci_app
Duration: 6.03s
Status: SUCCESS (Code: 0)
Log: /home/byx/testSpace/javaprjs/freecs-1.3.20100406/ci_app_logs/run_20250523-163609.log
------------------------------
Project: quartz-1.8.3
Task: ci_app
Duration: 6.03s
Status: SUCCESS (Code: 0)
Log: /home/byx/testSpace/javaprjs/quartz-1.8.3/ci_app_logs/run_20250523-163616.log
------------------------------
Project: javacc-5.0
Task: ci_app
Duration: 6.62s
Status: SUCCESS (Code: 0)
Log: /home/byx/testSpace/javaprjs/javacc-5.0/ci_app_logs/run_20250523-163622.log
------------------------------
Project: jfreechart-1.0.13
Task: ci_app
Duration: 3.31s
Status: SUCCESS (Code: 0)
Log: /home/byx/testSpace/javaprjs/jfreechart-1.0.13/ci_app_logs/run_20250523-163628.log
------------------------------
Project: nekohtml-1.9.14
Task: ci_app
Duration: 6.12s
Status: FAILED (Code: 1)
Log: /home/byx/testSpace/javaprjs/nekohtml-1.9.14/ci_app_logs/run_20250523-163631.log
------------------------------
Project: marauroa-3.8.1
Task: ci_app
Duration: 5.82s
Status: SUCCESS (Code: 0)
Log: /home/byx/testSpace/javaprjs/marauroa-3.8.1/ci_app_logs/run_20250523-163638.log
------------------------------
Project: weka-3-7-9
Task: ci_app
Duration: 13.74s
Status: SUCCESS (Code: 0)
Log: /home/byx/testSpace/javaprjs/weka-3-7-9/ci_app_logs/run_20250523-163643.log
------------------------------
Project: axion-1.0-M2
Task: ci_app
Duration: 4.51s
Status: SUCCESS (Code: 0)
Log: /home/byx/testSpace/javaprjs/axion-1.0-M2/ci_app_logs/run_20250523-163657.log
------------------------------
Project: log4j-1.2.16
Task: ci_app
Duration: 4.61s
Status: SUCCESS (Code: 0)
Log: /home/byx/testSpace/javaprjs/log4j-1.2.16/ci_app_logs/run_20250523-163702.log
------------------------------
Project: sandmark-3.4
Task: ci_app
Duration: 8.23s
Status: SUCCESS (Code: 0)
Log: /home/byx/testSpace/javaprjs/sandmark-3.4/ci_app_logs/run_20250523-163706.log
------------------------------
Project: fitjava-1.1
Task: ci_app
Duration: 3.01s
Status: SUCCESS (Code: 0)
Log: /home/byx/testSpace/javaprjs/fitjava-1.1/ci_app_logs/run_20250523-163715.log
------------------------------
Project: checkstyle-5.1
Task: ci_app
Duration: 5.22s
Status: SUCCESS (Code: 0)
Log: /home/byx/testSpace/javaprjs/checkstyle-5.1/ci_app_logs/run_20250523-163718.log
------------------------------
Project: jasperreports-1.1.0
Task: ci_app
Duration: 2.81s
Status: FAILED (Code: 1)
Log: /home/byx/testSpace/javaprjs/jasperreports-1.1.0/ci_app_logs/run_20250523-163723.log
------------------------------
Project: quilt-0.6-a-5
Task: ci_app
Duration: 4.91s
Status: SUCCESS (Code: 0)
Log: /home/byx/testSpace/javaprjs/quilt-0.6-a-5/ci_app_logs/run_20250523-163726.log
------------------------------
Project: jmoney-0.4.4
Task: ci_app
Duration: 3.81s
Status: SUCCESS (Code: 0)
Log: /home/byx/testSpace/javaprjs/jmoney-0.4.4/ci_app_logs/run_20250523-163730.log
------------------------------
Project: fitlibraryforfitnesse-20100806
Task: ci_app
Duration: 7.02s
Status: SUCCESS (Code: 0)
Log: /home/byx/testSpace/javaprjs/fitlibraryforfitnesse-20100806/ci_app_logs/run_20250523-163734.log
------------------------------
Project: drawswf-1.2.9
Task: ci_app
Duration: 5.62s
Status: SUCCESS (Code: 0)
Log: /home/byx/testSpace/javaprjs/drawswf-1.2.9/ci_app_logs/run_20250523-163741.log
------------------------------
Project: jgrapht-0.8.1
Task: ci_app
Duration: 5.22s
Status: SUCCESS (Code: 0)
Log: /home/byx/testSpace/javaprjs/jgrapht-0.8.1/ci_app_logs/run_20250523-163747.log
------------------------------
Project: jspwiki-2.8.4
Task: ci_app
Duration: 6.72s
Status: SUCCESS (Code: 0)
Log: /home/byx/testSpace/javaprjs/jspwiki-2.8.4/ci_app_logs/run_20250523-163752.log
------------------------------
Project: sunflow-0.07.2
Task: ci_app
Duration: 5.92s
Status: SUCCESS (Code: 0)
Log: /home/byx/testSpace/javaprjs/sunflow-0.07.2/ci_app_logs/run_20250523-163759.log
------------------------------
Project: jrefactory-2.9.19
Task: ci_app
Duration: 12.65s
Status: SUCCESS (Code: 0)
Log: /home/byx/testSpace/javaprjs/jrefactory-2.9.19/ci_app_logs/run_20250523-163805.log
------------------------------
Project: freecol-0.10.7
Task: ci_app
Duration: 9.85s
Status: SUCCESS (Code: 0)
Log: /home/byx/testSpace/javaprjs/freecol-0.10.7/ci_app_logs/run_20250523-163817.log
------------------------------
Project: jrat-0.6
Task: ci_app
Duration: 4.92s
Status: SUCCESS (Code: 0)
Log: /home/byx/testSpace/javaprjs/jrat-0.6/ci_app_logs/run_20250523-163827.log
------------------------------
Project: james-2.2.0
Task: ci_app
Duration: 5.02s
Status: SUCCESS (Code: 0)
Log: /home/byx/testSpace/javaprjs/james-2.2.0/ci_app_logs/run_20250523-163832.log
------------------------------
Project: sablecc-3.2
Task: ci_app
Duration: 5.82s
Status: SUCCESS (Code: 0)
Log: /home/byx/testSpace/javaprjs/sablecc-3.2/ci_app_logs/run_20250523-163837.log
------------------------------
