Writing log to /home/byx/testSpace/javaprjs/sandmark-3.4/ci-output/tai-e.log
java.version: 17.0.14
java.version.date: 2025-01-21
java.runtime.version: 17.0.14+7-LTS
java.vendor: Amazon.com Inc.
java.vendor.version: Corretto-17.0.14.7.1
os.name: Linux
os.version: 5.15.167.4-microsoft-standard-WSL2
os.arch: amd64
Tai-e Version: 0.5.2-SNAPSHOT
Tai-e Commit: f4f1c5d3c96f68ac1bf30f8a35a3b8baefe40761
Writing analysis plan to /home/byx/testSpace/javaprjs/sandmark-3.4/ci-output/tai-e-plan.yml
WorldBuilder starts ...
5432 classes with 49887 methods in the world
WorldBuilder finishes, elapsed time: 7.22s
pta starts ...
[Pointer analysis] elapsed time: 4.14s
-------------- Pointer analysis statistics: --------------
#var pointers:                4,4669 (insens) / 4,4669 (sens)
#objects:                     4335 (insens) / 4335 (sens)
#var points-to:               129,1446 (insens) / 129,1446 (sens)
#static field points-to:      2250 (sens)
#instance field points-to:    16,7711 (sens)
#array points-to:             1,7479 (sens)
#reachable methods:           6934 (insens) / 6934 (sens)
#call graph edges:            3,4723 (insens) / 3,4723 (sens)
----------------------------------------
pta finishes, elapsed time: 4.51s
cg starts ...
Call graph has 6934 reachable methods and 34723 edges
Dumping call graph to /home/byx/testSpace/javaprjs/sandmark-3.4/ci-output/call-graph.dot
Dumping reachable methods to /home/byx/testSpace/javaprjs/sandmark-3.4/ci-output/reachable-methods.txt
Dumping call edges to /home/byx/testSpace/javaprjs/sandmark-3.4/ci-output/call-edges.txt
cg finishes, elapsed time: 0.59s
Tai-e finishes, elapsed time: 12.48s
