Writing log to /home/byx/testSpace/javaprjs/fitjava-1.1/ci_app-output/tai-e.log
java.version: 17.0.14
java.version.date: 2025-01-21
java.runtime.version: 17.0.14+7-LTS
java.vendor: Amazon.com Inc.
java.vendor.version: Corretto-17.0.14.7.1
os.name: Linux
os.version: 5.15.167.4-microsoft-standard-WSL2
os.arch: amd64
Tai-e Version: 0.5.2-SNAPSHOT
Tai-e Commit: f4f1c5d3c96f68ac1bf30f8a35a3b8baefe40761
Writing analysis plan to /home/byx/testSpace/javaprjs/fitjava-1.1/ci_app-output/tai-e-plan.yml
WorldBuilder starts ...
3598 classes with 35711 methods in the world
WorldBuilder finishes, elapsed time: 2.15s
pta starts ...
[Pointer analysis] elapsed time: 0.09s
-------------- Pointer analysis statistics: --------------
#var pointers:                310 (insens) / 499 (sens)
#objects:                     42 (insens) / 42 (sens)
#var points-to:               378 (insens) / 591 (sens)
#static field points-to:      6 (sens)
#instance field points-to:    32 (sens)
#array points-to:             11 (sens)
#reachable methods:           82 (insens) / 156 (sens)
#call graph edges:            150 (insens) / 256 (sens)
----------------------------------------
pta finishes, elapsed time: 0.24s
cg starts ...
Call graph has 82 reachable methods and 150 edges
Dumping call graph to /home/byx/testSpace/javaprjs/fitjava-1.1/ci_app-output/call-graph.dot
Dumping reachable methods to /home/byx/testSpace/javaprjs/fitjava-1.1/ci_app-output/reachable-methods.txt
Dumping call edges to /home/byx/testSpace/javaprjs/fitjava-1.1/ci_app-output/call-edges.txt
cg finishes, elapsed time: 0.03s
Tai-e finishes, elapsed time: 2.60s
