Tai-e starts ...
Output directory: /home/byx/testSpace/javaprjs/xalan-2.7.1/ci_app-output
Writing options to /home/byx/testSpace/javaprjs/xalan-2.7.1/ci_app-output/options.yml
Writing log to /home/byx/testSpace/javaprjs/xalan-2.7.1/ci_app-output/tai-e.log
java.version: 17.0.14
java.version.date: 2025-01-21
java.runtime.version: 17.0.14+7-LTS
java.vendor: Amazon.com Inc.
java.vendor.version: Corretto-17.0.14.7.1
os.name: Linux
os.version: 5.15.167.4-microsoft-standard-WSL2
os.arch: amd64
Tai-e Version: 0.5.2-SNAPSHOT
Tai-e Commit: f4f1c5d3c96f68ac1bf30f8a35a3b8baefe40761
Writing analysis plan to /home/byx/testSpace/javaprjs/xalan-2.7.1/ci_app-output/tai-e-plan.yml
WorldBuilder starts ...
Scanning /home/byx/testSpace/javaprjs/xalan-2.7.1/bin ... 1620 classes
11723 classes with 111646 methods in the world
WorldBuilder finishes, elapsed time: 13.96s
pta starts ...
[Pointer analysis] elapsed time: 0.08s
-------------- Pointer analysis statistics: --------------
#var pointers:                357 (insens) / 550 (sens)
#objects:                     73 (insens) / 73 (sens)
#var points-to:               322 (insens) / 373 (sens)
#static field points-to:      6 (sens)
#instance field points-to:    4 (sens)
#array points-to:             20 (sens)
#reachable methods:           86 (insens) / 196 (sens)
#call graph edges:            188 (insens) / 245 (sens)
----------------------------------------
pta finishes, elapsed time: 0.27s
cg starts ...
Call graph has 86 reachable methods and 188 edges
Dumping call graph to /home/byx/testSpace/javaprjs/xalan-2.7.1/ci_app-output/call-graph.dot
Dumping reachable methods to /home/byx/testSpace/javaprjs/xalan-2.7.1/ci_app-output/reachable-methods.txt
Dumping call edges to /home/byx/testSpace/javaprjs/xalan-2.7.1/ci_app-output/call-edges.txt
cg finishes, elapsed time: 0.04s
Tai-e finishes, elapsed time: 14.42s
[Task Info]
Task Name: ci_app
Java Path: /home/byx/.jdks/corretto-17.0.14/bin/java
JAR Path: /home/byx/projects/Tai-e/build/tai-e-all-0.5.2-SNAPSHOT.jar
Config File: ci_app-config.yml
Project Dir: /home/byx/testSpace/javaprjs/xalan-2.7.1
Work Dir: /home/byx/projects/Tai-e
Log File: /home/byx/testSpace/javaprjs/xalan-2.7.1/ci_app_logs/run_20250523-163457.log

[Command]
/home/byx/.jdks/corretto-17.0.14/bin/java -jar /home/byx/projects/Tai-e/build/tai-e-all-0.5.2-SNAPSHOT.jar --options-file /home/byx/testSpace/javaprjs/xalan-2.7.1/ci_app-config.yml

[Output]

[Performance]
Start Time: 2025-05-23 16:34:57
Duration: 14.84s
Peak Memory: 1823.46 MB
Exit Code: 0
