Tai-e starts ...
Output directory: /home/byx/testSpace/javaprjs/xalan-2.7.1/taie-output
Writing options to /home/byx/testSpace/javaprjs/xalan-2.7.1/taie-output/options.yml
Writing log to /home/byx/testSpace/javaprjs/xalan-2.7.1/taie-output/tai-e.log
java.version: 17.0.14
java.version.date: 2025-01-21
java.runtime.version: 17.0.14+7-LTS
java.vendor: Amazon.com Inc.
java.vendor.version: Corretto-17.0.14.7.1
os.name: Linux
os.version: 5.15.167.4-microsoft-standard-WSL2
os.arch: amd64
Tai-e Version: 0.5.2-SNAPSHOT
Tai-e Commit: f4f1c5d3c96f68ac1bf30f8a35a3b8baefe40761
Writing analysis plan to /home/byx/testSpace/javaprjs/xalan-2.7.1/taie-output/tai-e-plan.yml
WorldBuilder starts ...
Scanning /home/byx/testSpace/javaprjs/xalan-2.7.1/bin/serializer ... 108 classes
Scanning /home/byx/testSpace/javaprjs/xalan-2.7.1/bin/xalan ... 1512 classes
10138 classes with 97686 methods in the world
WorldBuilder finishes, elapsed time: 10.69s
pta starts ...
[Pointer analysis] elapsed time: 0.13s
-------------- Pointer analysis statistics: --------------
#var pointers:                615 (insens) / 1068 (sens)
#objects:                     113 (insens) / 113 (sens)
#var points-to:               567 (insens) / 777 (sens)
#static field points-to:      11 (sens)
#instance field points-to:    7 (sens)
#array points-to:             28 (sens)
#reachable methods:           151 (insens) / 349 (sens)
#call graph edges:            323 (insens) / 475 (sens)
----------------------------------------
pta finishes, elapsed time: 0.36s
cg starts ...
Call graph has 151 reachable methods and 323 edges
Dumping call graph to /home/byx/testSpace/javaprjs/xalan-2.7.1/taie-output/call-graph.dot
Dumping reachable methods to /home/byx/testSpace/javaprjs/xalan-2.7.1/taie-output/reachable-methods.txt
Dumping call edges to /home/byx/testSpace/javaprjs/xalan-2.7.1/taie-output/call-edges.txt
cg finishes, elapsed time: 0.06s
Tai-e finishes, elapsed time: 11.26s
[Task Info]
Task Name: taie
Java Path: /home/byx/.jdks/corretto-17.0.14/bin/java
JAR Path: /home/byx/projects/Tai-e/build/tai-e-all-0.5.2-SNAPSHOT.jar
Config File: taie-config.yml
Project Dir: /home/byx/testSpace/javaprjs/xalan-2.7.1
Work Dir: /home/byx/projects/Tai-e
Log File: /home/byx/testSpace/javaprjs/xalan-2.7.1/taie_logs/run_20250513-205855.log

[Command]
/home/byx/.jdks/corretto-17.0.14/bin/java -jar /home/byx/projects/Tai-e/build/tai-e-all-0.5.2-SNAPSHOT.jar --options-file /home/byx/testSpace/javaprjs/xalan-2.7.1/taie-config.yml

[Output]

[Performance]
Start Time: 2025-05-13 20:58:55
Duration: 11.73s
Peak Memory: 1846.28 MB
Exit Code: 0
