Tai-e starts ...
Output directory: /home/byx/testSpace/javaprjs/axion-1.0-M2/taie-output
Writing options to /home/byx/testSpace/javaprjs/axion-1.0-M2/taie-output/options.yml
Writing log to /home/byx/testSpace/javaprjs/axion-1.0-M2/taie-output/tai-e.log
java.version: 17.0.14
java.version.date: 2025-01-21
java.runtime.version: 17.0.14+7-LTS
java.vendor: Amazon.com Inc.
java.vendor.version: Corretto-17.0.14.7.1
os.name: Linux
os.version: 5.15.167.4-microsoft-standard-WSL2
os.arch: amd64
Tai-e Version: 0.5.2-SNAPSHOT
Tai-e Commit: f4f1c5d3c96f68ac1bf30f8a35a3b8baefe40761
Writing analysis plan to /home/byx/testSpace/javaprjs/axion-1.0-M2/taie-output/tai-e-plan.yml
WorldBuilder starts ...
Scanning /home/byx/testSpace/javaprjs/axion-1.0-M2/bin ... 261 classes
3856 classes with 39489 methods in the world
WorldBuilder finishes, elapsed time: 3.54s
pta starts ...
[Pointer analysis] elapsed time: 0.16s
-------------- Pointer analysis statistics: --------------
#var pointers:                616 (insens) / 1224 (sens)
#objects:                     55 (insens) / 55 (sens)
#var points-to:               448 (insens) / 880 (sens)
#static field points-to:      16 (sens)
#instance field points-to:    11 (sens)
#array points-to:             2 (sens)
#reachable methods:           148 (insens) / 451 (sens)
#call graph edges:            428 (insens) / 768 (sens)
----------------------------------------
pta finishes, elapsed time: 0.39s
cg starts ...
Call graph has 148 reachable methods and 428 edges
Dumping call graph to /home/byx/testSpace/javaprjs/axion-1.0-M2/taie-output/call-graph.dot
Dumping reachable methods to /home/byx/testSpace/javaprjs/axion-1.0-M2/taie-output/reachable-methods.txt
Dumping call edges to /home/byx/testSpace/javaprjs/axion-1.0-M2/taie-output/call-edges.txt
cg finishes, elapsed time: 0.09s
Tai-e finishes, elapsed time: 4.18s
[Task Info]
Task Name: taie
Java Path: /home/byx/.jdks/corretto-17.0.14/bin/java
JAR Path: /home/byx/projects/Tai-e/build/tai-e-all-0.5.2-SNAPSHOT.jar
Config File: taie-config.yml
Project Dir: /home/byx/testSpace/javaprjs/axion-1.0-M2
Work Dir: /home/byx/projects/Tai-e
Log File: /home/byx/testSpace/javaprjs/axion-1.0-M2/taie_logs/run_20250513-210215.log

[Command]
/home/byx/.jdks/corretto-17.0.14/bin/java -jar /home/byx/projects/Tai-e/build/tai-e-all-0.5.2-SNAPSHOT.jar --options-file /home/byx/testSpace/javaprjs/axion-1.0-M2/taie-config.yml

[Output]

[Performance]
Start Time: 2025-05-13 21:02:15
Duration: 4.72s
Peak Memory: 736.16 MB
Exit Code: 0
