Tai-e starts ...
Output directory: /home/byx/testSpace/javaprjs/javacc-5.0/ci-output
Writing options to /home/byx/testSpace/javaprjs/javacc-5.0/ci-output/options.yml
Writing log to /home/byx/testSpace/javaprjs/javacc-5.0/ci-output/tai-e.log
java.version: 17.0.14
java.version.date: 2025-01-21
java.runtime.version: 17.0.14+7-LTS
java.vendor: Amazon.com Inc.
java.vendor.version: Corretto-17.0.14.7.1
os.name: Linux
os.version: 5.15.167.4-microsoft-standard-WSL2
os.arch: amd64
Tai-e Version: 0.5.2-SNAPSHOT
Tai-e Commit: f4f1c5d3c96f68ac1bf30f8a35a3b8baefe40761
Writing analysis plan to /home/byx/testSpace/javaprjs/javacc-5.0/ci-output/tai-e-plan.yml
WorldBuilder starts ...
Scanning /home/byx/testSpace/javaprjs/javacc-5.0/bin ... 154 classes
6857 classes with 66428 methods in the world
WorldBuilder finishes, elapsed time: 5.03s
pta starts ...
[Pointer analysis] elapsed time: 7.13s
-------------- Pointer analysis statistics: --------------
#var pointers:                7,2206 (insens) / 7,2206 (sens)
#objects:                     7251 (insens) / 7251 (sens)
#var points-to:               498,2935 (insens) / 498,2935 (sens)
#static field points-to:      1,1313 (sens)
#instance field points-to:    90,8132 (sens)
#array points-to:             16,7206 (sens)
#reachable methods:           9402 (insens) / 9402 (sens)
#call graph edges:            5,8463 (insens) / 5,8464 (sens)
----------------------------------------
pta finishes, elapsed time: 7.72s
cg starts ...
Call graph has 9402 reachable methods and 58463 edges
Dumping call graph to /home/byx/testSpace/javaprjs/javacc-5.0/ci-output/call-graph.dot
Dumping reachable methods to /home/byx/testSpace/javaprjs/javacc-5.0/ci-output/reachable-methods.txt
Dumping call edges to /home/byx/testSpace/javaprjs/javacc-5.0/ci-output/call-edges.txt
cg finishes, elapsed time: 0.96s
Tai-e finishes, elapsed time: 13.87s
[Task Info]
Task Name: ci
Java Path: /home/byx/.jdks/corretto-17.0.14/bin/java
JAR Path: /home/byx/projects/Tai-e/build/tai-e-all-0.5.2-SNAPSHOT.jar
Config File: ci-config.yml
Project Dir: /home/byx/testSpace/javaprjs/javacc-5.0
Work Dir: /home/byx/projects/Tai-e
Log File: /home/byx/testSpace/javaprjs/javacc-5.0/ci_logs/run_20250522-161019.log

[Command]
/home/byx/.jdks/corretto-17.0.14/bin/java -jar /home/byx/projects/Tai-e/build/tai-e-all-0.5.2-SNAPSHOT.jar --options-file /home/byx/testSpace/javaprjs/javacc-5.0/ci-config.yml

[Output]

[Performance]
Start Time: 2025-05-22 16:10:19
Duration: 14.35s
Peak Memory: 1226.28 MB
Exit Code: 0
