Tai-e starts ...
Output directory: /home/byx/testSpace/javaprjs/javacc-5.0/ci-output
Writing options to /home/byx/testSpace/javaprjs/javacc-5.0/ci-output/options.yml
Writing log to /home/byx/testSpace/javaprjs/javacc-5.0/ci-output/tai-e.log
java.version: 17.0.14
java.version.date: 2025-01-21
java.runtime.version: 17.0.14+7-LTS
java.vendor: Amazon.com Inc.
java.vendor.version: Corretto-17.0.14.7.1
os.name: Linux
os.version: 5.15.167.4-microsoft-standard-WSL2
os.arch: amd64
Tai-e Version: 0.5.2-SNAPSHOT
Tai-e Commit: f4f1c5d3c96f68ac1bf30f8a35a3b8baefe40761
Writing analysis plan to /home/byx/testSpace/javaprjs/javacc-5.0/ci-output/tai-e-plan.yml
WorldBuilder starts ...
Scanning /home/byx/testSpace/javaprjs/javacc-5.0/bin ... 154 classes
6857 classes with 66428 methods in the world
WorldBuilder finishes, elapsed time: 6.19s
pta starts ...
[Pointer analysis] elapsed time: 6.95s
-------------- Pointer analysis statistics: --------------
#var pointers:                7,1897 (insens) / 7,1897 (sens)
#objects:                     7208 (insens) / 7208 (sens)
#var points-to:               467,6397 (insens) / 467,6397 (sens)
#static field points-to:      5166 (sens)
#instance field points-to:    88,9350 (sens)
#array points-to:             16,6539 (sens)
#reachable methods:           9326 (insens) / 9326 (sens)
#call graph edges:            5,7227 (insens) / 5,7228 (sens)
----------------------------------------
pta finishes, elapsed time: 7.64s
cg starts ...
Call graph has 9326 reachable methods and 57227 edges
Dumping call graph to /home/byx/testSpace/javaprjs/javacc-5.0/ci-output/call-graph.dot
Dumping reachable methods to /home/byx/testSpace/javaprjs/javacc-5.0/ci-output/reachable-methods.txt
Dumping call edges to /home/byx/testSpace/javaprjs/javacc-5.0/ci-output/call-edges.txt
cg finishes, elapsed time: 1.07s
Tai-e finishes, elapsed time: 15.10s
[Task Info]
Task Name: ci
Java Path: /home/byx/.jdks/corretto-17.0.14/bin/java
JAR Path: /home/byx/projects/Tai-e/build/tai-e-all-0.5.2-SNAPSHOT.jar
Config File: ci-config.yml
Project Dir: /home/byx/testSpace/javaprjs/javacc-5.0
Work Dir: /home/byx/projects/Tai-e
Log File: /home/byx/testSpace/javaprjs/javacc-5.0/ci_logs/run_20250523-134951.log

[Command]
/home/byx/.jdks/corretto-17.0.14/bin/java -jar /home/byx/projects/Tai-e/build/tai-e-all-0.5.2-SNAPSHOT.jar --options-file /home/byx/testSpace/javaprjs/javacc-5.0/ci-config.yml

[Output]

[Performance]
Start Time: 2025-05-23 13:49:51
Duration: 15.70s
Peak Memory: 1169.54 MB
Exit Code: 0
