Writing log to /home/byx/testSpace/javaprjs/log4j-1.2.16/ci-output/tai-e.log
java.version: 17.0.14
java.version.date: 2025-01-21
java.runtime.version: 17.0.14+7-LTS
java.vendor: Amazon.com Inc.
java.vendor.version: Corretto-17.0.14.7.1
os.name: Linux
os.version: 5.15.167.4-microsoft-standard-WSL2
os.arch: amd64
Tai-e Version: 0.5.2-SNAPSHOT
Tai-e Commit: f4f1c5d3c96f68ac1bf30f8a35a3b8baefe40761
Writing analysis plan to /home/byx/testSpace/javaprjs/log4j-1.2.16/ci-output/tai-e-plan.yml
WorldBuilder starts ...
6252 classes with 59007 methods in the world
WorldBuilder finishes, elapsed time: 3.52s
pta starts ...
[Pointer analysis] elapsed time: 10.94s
Imprecise reflective calls:
[Constructor.newInstance]<java.io.ObjectStreamClass: java.lang.Object newInstance()>[5@L919] $r5 = invokevirtual $r4.newInstance($r3), #targets: 94
[Class.newInstance]<java.security.Provider$Service: java.lang.Object newInstance(java.lang.Object)>[47@L1221] $r24 = invokevirtual $r23.newInstance(), #targets: 94
[Class.newInstance]<java.security.Provider$Service: java.lang.Object newInstanceGeneric(java.lang.Object)>[2@L1283] $r19 = invokevirtual $r1.newInstance(), #targets: 94
-------------- Pointer analysis statistics: --------------
#var pointers:                10,6057 (insens) / 10,6057 (sens)
#objects:                     1,1708 (insens) / 1,1708 (sens)
#var points-to:               976,3841 (insens) / 976,3841 (sens)
#static field points-to:      2,6968 (sens)
#instance field points-to:    168,9355 (sens)
#array points-to:             20,1016 (sens)
#reachable methods:           1,6843 (insens) / 1,6843 (sens)
#call graph edges:            9,2406 (insens) / 9,2406 (sens)
----------------------------------------
pta finishes, elapsed time: 11.89s
cg starts ...
Call graph has 16843 reachable methods and 92406 edges
Dumping call graph to /home/byx/testSpace/javaprjs/log4j-1.2.16/ci-output/call-graph.dot
Dumping reachable methods to /home/byx/testSpace/javaprjs/log4j-1.2.16/ci-output/reachable-methods.txt
Dumping call edges to /home/byx/testSpace/javaprjs/log4j-1.2.16/ci-output/call-edges.txt
cg finishes, elapsed time: 1.26s
Tai-e finishes, elapsed time: 16.83s
