Task Summary (2025-05-20 21:23:23)
==================================================
Total Tasks: 76
Success Tasks: 18

Details:
--------------------------------------------------
Project: aoi-2.8.1
Task: cha
Duration: 17.95s
Status: FAILED (Code: 1)
Log: /home/byx/testSpace/javaprjs/aoi-2.8.1/cha_logs/run_20250520-211058.log
------------------------------
Project: oscache-2.4.1
Task: cha
Duration: 6.62s
Status: FAILED (Code: 1)
Log: /home/byx/testSpace/javaprjs/oscache-2.4.1/cha_logs/run_20250520-211116.log
------------------------------
Project: pmd-4.2.5
Task: cha
Duration: 5.62s
Status: FAILED (Code: 1)
Log: /home/byx/testSpace/javaprjs/pmd-4.2.5/cha_logs/run_20250520-211123.log
------------------------------
Project: wct-1.5.2
Task: cha
Duration: 7.72s
Status: FAILED (Code: 1)
Log: /home/byx/testSpace/javaprjs/wct-1.5.2/cha_logs/run_20250520-211128.log
------------------------------
Project: tomcat-7.0.2
Task: cha
Duration: 3.91s
Status: FAILED (Code: 1)
Log: /home/byx/testSpace/javaprjs/tomcat-7.0.2/cha_logs/run_20250520-211136.log
------------------------------
Project: velocity-1.6.4
Task: cha
Duration: 5.52s
Status: FAILED (Code: 1)
Log: /home/byx/testSpace/javaprjs/velocity-1.6.4/cha_logs/run_20250520-211140.log
------------------------------
Project: castor-1.3.1
Task: cha
Duration: 2.41s
Status: FAILED (Code: 1)
Log: /home/byx/testSpace/javaprjs/castor-1.3.1/cha_logs/run_20250520-211146.log
------------------------------
Project: jedit-4.3.2
Task: cha
Duration: 21.78s
Status: SUCCESS (Code: 0)
Log: /home/byx/testSpace/javaprjs/jedit-4.3.2/cha_logs/run_20250520-211148.log
------------------------------
Project: itext-5.0.3
Task: cha
Duration: 20.69s
Status: SUCCESS (Code: 0)
Log: /home/byx/testSpace/javaprjs/itext-5.0.3/cha_logs/run_20250520-211210.log
------------------------------
Project: emma-2.0.5312
Task: cha
Duration: 9.03s
Status: SUCCESS (Code: 0)
Log: /home/byx/testSpace/javaprjs/emma-2.0.5312/cha_logs/run_20250520-211231.log
------------------------------
Project: picocontainer-2.10.2
Task: cha
Duration: 3.71s
Status: FAILED (Code: 1)
Log: /home/byx/testSpace/javaprjs/picocontainer-2.10.2/cha_logs/run_20250520-211240.log
------------------------------
Project: pooka-3.0-080505
Task: cha
Duration: 24.89s
Status: SUCCESS (Code: 0)
Log: /home/byx/testSpace/javaprjs/pooka-3.0-080505/cha_logs/run_20250520-211243.log
------------------------------
Project: jag-6.1
Task: cha
Duration: 9.73s
Status: FAILED (Code: 1)
Log: /home/byx/testSpace/javaprjs/jag-6.1/cha_logs/run_20250520-211308.log
------------------------------
Project: proguard-4.5.1
Task: cha
Duration: 7.22s
Status: FAILED (Code: 1)
Log: /home/byx/testSpace/javaprjs/proguard-4.5.1/cha_logs/run_20250520-211318.log
------------------------------
Project: commons-collections-3.2.1
Task: cha
Duration: 4.31s
Status: FAILED (Code: 1)
Log: /home/byx/testSpace/javaprjs/commons-collections-3.2.1/cha_logs/run_20250520-211325.log
------------------------------
Project: openjms-0.7.7-beta-1
Task: cha
Duration: 8.13s
Status: FAILED (Code: 1)
Log: /home/byx/testSpace/javaprjs/openjms-0.7.7-beta-1/cha_logs/run_20250520-211329.log
------------------------------
Project: xalan-2.7.1
Task: cha
Duration: 15.06s
Status: FAILED (Code: 1)
Log: /home/byx/testSpace/javaprjs/xalan-2.7.1/cha_logs/run_20250520-211338.log
------------------------------
Project: jgroups-2.10.0
Task: cha
Duration: 10.74s
Status: FAILED (Code: 1)
Log: /home/byx/testSpace/javaprjs/jgroups-2.10.0/cha_logs/run_20250520-211353.log
------------------------------
Project: megamek-0.35.18
Task: cha
Duration: 13.86s
Status: FAILED (Code: 1)
Log: /home/byx/testSpace/javaprjs/megamek-0.35.18/cha_logs/run_20250520-211403.log
------------------------------
Project: colt-1.2.0
Task: cha
Duration: 5.42s
Status: FAILED (Code: 1)
Log: /home/byx/testSpace/javaprjs/colt-1.2.0/cha_logs/run_20250520-211417.log
------------------------------
Project: jext-5.0
Task: cha
Duration: 17.98s
Status: SUCCESS (Code: 0)
Log: /home/byx/testSpace/javaprjs/jext-5.0/cha_logs/run_20250520-211423.log
------------------------------
Project: jasml-0.10
Task: cha
Duration: 10.33s
Status: SUCCESS (Code: 0)
Log: /home/byx/testSpace/javaprjs/jasml-0.10/cha_logs/run_20250520-211441.log
------------------------------
Project: batik-1.7
Task: cha
Duration: 12.94s
Status: FAILED (Code: 1)
Log: /home/byx/testSpace/javaprjs/batik-1.7/cha_logs/run_20250520-211451.log
------------------------------
Project: jhotdraw-7.5.1
Task: cha
Duration: 21.89s
Status: SUCCESS (Code: 0)
Log: /home/byx/testSpace/javaprjs/jhotdraw-7.5.1/cha_logs/run_20250520-211504.log
------------------------------
Project: trove-2.1.0
Task: cha
Duration: 5.12s
Status: FAILED (Code: 1)
Log: /home/byx/testSpace/javaprjs/trove-2.1.0/cha_logs/run_20250520-211526.log
------------------------------
Project: freecs-1.3.20100406
Task: cha
Duration: 5.42s
Status: FAILED (Code: 1)
Log: /home/byx/testSpace/javaprjs/freecs-1.3.20100406/cha_logs/run_20250520-211531.log
------------------------------
Project: displaytag-1.2
Task: cha
Duration: 2.41s
Status: FAILED (Code: 1)
Log: /home/byx/testSpace/javaprjs/displaytag-1.2/cha_logs/run_20250520-211536.log
------------------------------
Project: quartz-1.8.3
Task: cha
Duration: 8.32s
Status: FAILED (Code: 1)
Log: /home/byx/testSpace/javaprjs/quartz-1.8.3/cha_logs/run_20250520-211539.log
------------------------------
Project: ivatagroupware-0.11.3
Task: cha
Duration: 6.93s
Status: FAILED (Code: 1)
Log: /home/byx/testSpace/javaprjs/ivatagroupware-0.11.3/cha_logs/run_20250520-211547.log
------------------------------
Project: squirrel_sql-3.1.2
Task: cha
Duration: 10.13s
Status: FAILED (Code: 1)
Log: /home/byx/testSpace/javaprjs/squirrel_sql-3.1.2/cha_logs/run_20250520-211554.log
------------------------------
Project: javacc-5.0
Task: cha
Duration: 19.38s
Status: SUCCESS (Code: 0)
Log: /home/byx/testSpace/javaprjs/javacc-5.0/cha_logs/run_20250520-211604.log
------------------------------
Project: jfreechart-1.0.13
Task: cha
Duration: 8.63s
Status: SUCCESS (Code: 0)
Log: /home/byx/testSpace/javaprjs/jfreechart-1.0.13/cha_logs/run_20250520-211623.log
------------------------------
Project: webmail-0.7.10
Task: cha
Duration: 6.42s
Status: FAILED (Code: 1)
Log: /home/byx/testSpace/javaprjs/webmail-0.7.10/cha_logs/run_20250520-211632.log
------------------------------
Project: nekohtml-1.9.14
Task: cha
Duration: 10.44s
Status: SUCCESS (Code: 0)
Log: /home/byx/testSpace/javaprjs/nekohtml-1.9.14/cha_logs/run_20250520-211639.log
------------------------------
Project: ApacheJMeter_core-3.1
Task: cha
Duration: 10.03s
Status: FAILED (Code: 1)
Log: /home/byx/testSpace/javaprjs/ApacheJMeter_core-3.1/cha_logs/run_20250520-211649.log
------------------------------
Project: marauroa-3.8.1
Task: cha
Duration: 16.57s
Status: SUCCESS (Code: 0)
Log: /home/byx/testSpace/javaprjs/marauroa-3.8.1/cha_logs/run_20250520-211659.log
------------------------------
Project: mockito-core-2.7.17
Task: cha
Duration: 3.71s
Status: FAILED (Code: 1)
Log: /home/byx/testSpace/javaprjs/mockito-core-2.7.17/cha_logs/run_20250520-211716.log
------------------------------
Project: jsXe-04_beta
Task: cha
Duration: 7.32s
Status: FAILED (Code: 1)
Log: /home/byx/testSpace/javaprjs/jsXe-04_beta/cha_logs/run_20250520-211719.log
------------------------------
Project: htmlunit-2.8
Task: cha
Duration: 6.93s
Status: FAILED (Code: 1)
Log: /home/byx/testSpace/javaprjs/htmlunit-2.8/cha_logs/run_20250520-211727.log
------------------------------
Project: weka-3-7-9
Task: cha
Duration: 28.5s
Status: SUCCESS (Code: 0)
Log: /home/byx/testSpace/javaprjs/weka-3-7-9/cha_logs/run_20250520-211734.log
------------------------------
Project: axion-1.0-M2
Task: cha
Duration: 5.82s
Status: FAILED (Code: 1)
Log: /home/byx/testSpace/javaprjs/axion-1.0-M2/cha_logs/run_20250520-211802.log
------------------------------
Project: log4j-1.2.16
Task: cha
Duration: 17.75s
Status: SUCCESS (Code: 0)
Log: /home/byx/testSpace/javaprjs/log4j-1.2.16/cha_logs/run_20250520-211808.log
------------------------------
Project: sandmark-3.4
Task: cha
Duration: 10.53s
Status: FAILED (Code: 1)
Log: /home/byx/testSpace/javaprjs/sandmark-3.4/cha_logs/run_20250520-211826.log
------------------------------
Project: fitjava-1.1
Task: cha
Duration: 10.53s
Status: SUCCESS (Code: 0)
Log: /home/byx/testSpace/javaprjs/fitjava-1.1/cha_logs/run_20250520-211836.log
------------------------------
Project: lucene-4.3.0
Task: cha
Duration: 3.21s
Status: FAILED (Code: 1)
Log: /home/byx/testSpace/javaprjs/lucene-4.3.0/cha_logs/run_20250520-211847.log
------------------------------
Project: checkstyle-5.1
Task: cha
Duration: 5.32s
Status: FAILED (Code: 1)
Log: /home/byx/testSpace/javaprjs/checkstyle-5.1/cha_logs/run_20250520-211850.log
------------------------------
Project: jasperreports-1.1.0
Task: cha
Duration: 3.21s
Status: FAILED (Code: 1)
Log: /home/byx/testSpace/javaprjs/jasperreports-1.1.0/cha_logs/run_20250520-211855.log
------------------------------
Project: quilt-0.6-a-5
Task: cha
Duration: 4.72s
Status: FAILED (Code: 1)
Log: /home/byx/testSpace/javaprjs/quilt-0.6-a-5/cha_logs/run_20250520-211858.log
------------------------------
Project: jmoney-0.4.4
Task: cha
Duration: 7.73s
Status: FAILED (Code: 1)
Log: /home/byx/testSpace/javaprjs/jmoney-0.4.4/cha_logs/run_20250520-211903.log
------------------------------
Project: mvnforum-1.2.2-ga
Task: cha
Duration: 9.53s
Status: FAILED (Code: 1)
Log: /home/byx/testSpace/javaprjs/mvnforum-1.2.2-ga/cha_logs/run_20250520-211911.log
------------------------------
Project: guava-21.0
Task: cha
Duration: 6.92s
Status: FAILED (Code: 1)
Log: /home/byx/testSpace/javaprjs/guava-21.0/cha_logs/run_20250520-211920.log
------------------------------
Project: fitlibraryforfitnesse-20100806
Task: cha
Duration: 7.92s
Status: FAILED (Code: 1)
Log: /home/byx/testSpace/javaprjs/fitlibraryforfitnesse-20100806/cha_logs/run_20250520-211927.log
------------------------------
Project: asm-5.2
Task: cha
Duration: 3.41s
Status: FAILED (Code: 1)
Log: /home/byx/testSpace/javaprjs/asm-5.2/cha_logs/run_20250520-211935.log
------------------------------
Project: drawswf-1.2.9
Task: cha
Duration: 13.84s
Status: SUCCESS (Code: 0)
Log: /home/byx/testSpace/javaprjs/drawswf-1.2.9/cha_logs/run_20250520-211939.log
------------------------------
Project: jgrapht-0.8.1
Task: cha
Duration: 17.46s
Status: SUCCESS (Code: 0)
Log: /home/byx/testSpace/javaprjs/jgrapht-0.8.1/cha_logs/run_20250520-211952.log
------------------------------
Project: jspwiki-2.8.4
Task: cha
Duration: 11.84s
Status: FAILED (Code: 1)
Log: /home/byx/testSpace/javaprjs/jspwiki-2.8.4/cha_logs/run_20250520-212010.log
------------------------------
Project: drools-7.0.0.Beta6
Task: cha
Duration: 20.68s
Status: FAILED (Code: 1)
Log: /home/byx/testSpace/javaprjs/drools-7.0.0.Beta6/cha_logs/run_20250520-212022.log
------------------------------
Project: jgraphpad-5.10.0.2
Task: cha
Duration: 5.11s
Status: FAILED (Code: 1)
Log: /home/byx/testSpace/javaprjs/jgraphpad-5.10.0.2/cha_logs/run_20250520-212042.log
------------------------------
Project: jparse-0.96
Task: cha
Duration: 4.31s
Status: FAILED (Code: 1)
Log: /home/byx/testSpace/javaprjs/jparse-0.96/cha_logs/run_20250520-212048.log
------------------------------
Project: sunflow-0.07.2
Task: cha
Duration: 5.12s
Status: FAILED (Code: 1)
Log: /home/byx/testSpace/javaprjs/sunflow-0.07.2/cha_logs/run_20250520-212052.log
------------------------------
Project: galleon-2.3.0
Task: cha
Duration: 11.95s
Status: FAILED (Code: 1)
Log: /home/byx/testSpace/javaprjs/galleon-2.3.0/cha_logs/run_20250520-212057.log
------------------------------
Project: jrefactory-2.9.19
Task: cha
Duration: 13.05s
Status: FAILED (Code: 1)
Log: /home/byx/testSpace/javaprjs/jrefactory-2.9.19/cha_logs/run_20250520-212109.log
------------------------------
Project: freecol-0.10.7
Task: cha
Duration: 13.74s
Status: FAILED (Code: 1)
Log: /home/byx/testSpace/javaprjs/freecol-0.10.7/cha_logs/run_20250520-212122.log
------------------------------
Project: findbugs-1.3.9
Task: cha
Duration: 7.92s
Status: FAILED (Code: 1)
Log: /home/byx/testSpace/javaprjs/findbugs-1.3.9/cha_logs/run_20250520-212136.log
------------------------------
Project: jpf-1.5.1
Task: cha
Duration: 4.62s
Status: FAILED (Code: 1)
Log: /home/byx/testSpace/javaprjs/jpf-1.5.1/cha_logs/run_20250520-212144.log
------------------------------
Project: jrat-0.6
Task: cha
Duration: 11.34s
Status: SUCCESS (Code: 0)
Log: /home/byx/testSpace/javaprjs/jrat-0.6/cha_logs/run_20250520-212148.log
------------------------------
Project: jgraph-5.13.0.0
Task: cha
Duration: 3.91s
Status: FAILED (Code: 1)
Log: /home/byx/testSpace/javaprjs/jgraph-5.13.0.0/cha_logs/run_20250520-212200.log
------------------------------
Project: informa-0.7.0-alpha2
Task: cha
Duration: 7.02s
Status: FAILED (Code: 1)
Log: /home/byx/testSpace/javaprjs/informa-0.7.0-alpha2/cha_logs/run_20250520-212204.log
------------------------------
Project: c_jdbc-2.0.2
Task: cha
Duration: 14.85s
Status: FAILED (Code: 1)
Log: /home/byx/testSpace/javaprjs/c_jdbc-2.0.2/cha_logs/run_20250520-212211.log
------------------------------
Project: tapestry-5.1.0.5
Task: cha
Duration: 8.63s
Status: FAILED (Code: 1)
Log: /home/byx/testSpace/javaprjs/tapestry-5.1.0.5/cha_logs/run_20250520-212225.log
------------------------------
Project: aspectj-1.6.9
Task: cha
Duration: 2.91s
Status: FAILED (Code: 1)
Log: /home/byx/testSpace/javaprjs/aspectj-1.6.9/cha_logs/run_20250520-212234.log
------------------------------
Project: jena-2.6.3
Task: cha
Duration: 9.03s
Status: FAILED (Code: 1)
Log: /home/byx/testSpace/javaprjs/jena-2.6.3/cha_logs/run_20250520-212237.log
------------------------------
Project: james-2.2.0
Task: cha
Duration: 5.11s
Status: FAILED (Code: 1)
Log: /home/byx/testSpace/javaprjs/james-2.2.0/cha_logs/run_20250520-212246.log
------------------------------
Project: jFin_DateMath-R1.0.1
Task: cha
Duration: 2.81s
Status: FAILED (Code: 1)
Log: /home/byx/testSpace/javaprjs/jFin_DateMath-R1.0.1/cha_logs/run_20250520-212251.log
------------------------------
Project: xerces-2.10.0
Task: cha
Duration: 11.24s
Status: FAILED (Code: 1)
Log: /home/byx/testSpace/javaprjs/xerces-2.10.0/cha_logs/run_20250520-212254.log
------------------------------
Project: sablecc-3.2
Task: cha
Duration: 18.26s
Status: SUCCESS (Code: 0)
Log: /home/byx/testSpace/javaprjs/sablecc-3.2/cha_logs/run_20250520-212305.log
------------------------------
