Task Summary (2025-05-23 19:02:56)
==================================================
Total Tasks: 40
Success Tasks: 39

Details:
--------------------------------------------------
Project: aoi-2.8.1
Task: cha
Duration: 25.38s
Status: SUCCESS (Code: 0)
Log: /home/byx/testSpace/javaprjs/aoi-2.8.1/cha_logs/run_20250523-181951.log
------------------------------
Project: jedit-4.3.2
Task: cha
Duration: 25.58s
Status: SUCCESS (Code: 0)
Log: /home/byx/testSpace/javaprjs/jedit-4.3.2/cha_logs/run_20250523-182017.log
------------------------------
Project: itext-5.0.3
Task: cha
Duration: 22.87s
Status: SUCCESS (Code: 0)
Log: /home/byx/testSpace/javaprjs/itext-5.0.3/cha_logs/run_20250523-182042.log
------------------------------
Project: emma-2.0.5312
Task: cha
Duration: 10.23s
Status: SUCCESS (Code: 0)
Log: /home/byx/testSpace/javaprjs/emma-2.0.5312/cha_logs/run_20250523-182105.log
------------------------------
Project: pooka-3.0-080505
Task: cha
Duration: 29.31s
Status: SUCCESS (Code: 0)
Log: /home/byx/testSpace/javaprjs/pooka-3.0-080505/cha_logs/run_20250523-182116.log
------------------------------
Project: jag-6.1
Task: cha
Duration: 14.04s
Status: SUCCESS (Code: 0)
Log: /home/byx/testSpace/javaprjs/jag-6.1/cha_logs/run_20250523-182145.log
------------------------------
Project: proguard-4.5.1
Task: cha
Duration: 15.45s
Status: SUCCESS (Code: 0)
Log: /home/byx/testSpace/javaprjs/proguard-4.5.1/cha_logs/run_20250523-182159.log
------------------------------
Project: openjms-0.7.7-beta-1
Task: cha
Duration: 15.16s
Status: SUCCESS (Code: 0)
Log: /home/byx/testSpace/javaprjs/openjms-0.7.7-beta-1/cha_logs/run_20250523-182214.log
------------------------------
Project: xalan-2.7.1
Task: cha
Duration: 41.37s
Status: SUCCESS (Code: 0)
Log: /home/byx/testSpace/javaprjs/xalan-2.7.1/cha_logs/run_20250523-182229.log
------------------------------
Project: jgroups-2.10.0
Task: cha
Duration: 31.61s
Status: SUCCESS (Code: 0)
Log: /home/byx/testSpace/javaprjs/jgroups-2.10.0/cha_logs/run_20250523-182311.log
------------------------------
Project: megamek-0.35.18
Task: cha
Duration: 35.44s
Status: SUCCESS (Code: 0)
Log: /home/byx/testSpace/javaprjs/megamek-0.35.18/cha_logs/run_20250523-182342.log
------------------------------
Project: jext-5.0
Task: cha
Duration: 20.77s
Status: SUCCESS (Code: 0)
Log: /home/byx/testSpace/javaprjs/jext-5.0/cha_logs/run_20250523-182418.log
------------------------------
Project: jasml-0.10
Task: cha
Duration: 12.43s
Status: SUCCESS (Code: 0)
Log: /home/byx/testSpace/javaprjs/jasml-0.10/cha_logs/run_20250523-182439.log
------------------------------
Project: batik-1.7
Task: cha
Duration: 34.11s
Status: SUCCESS (Code: 0)
Log: /home/byx/testSpace/javaprjs/batik-1.7/cha_logs/run_20250523-182451.log
------------------------------
Project: jhotdraw-7.5.1
Task: cha
Duration: 27.81s
Status: SUCCESS (Code: 0)
Log: /home/byx/testSpace/javaprjs/jhotdraw-7.5.1/cha_logs/run_20250523-182525.log
------------------------------
Project: freecs-1.3.20100406
Task: cha
Duration: 23.09s
Status: SUCCESS (Code: 0)
Log: /home/byx/testSpace/javaprjs/freecs-1.3.20100406/cha_logs/run_20250523-182553.log
------------------------------
Project: quartz-1.8.3
Task: cha
Duration: 23.48s
Status: SUCCESS (Code: 0)
Log: /home/byx/testSpace/javaprjs/quartz-1.8.3/cha_logs/run_20250523-182616.log
------------------------------
Project: javacc-5.0
Task: cha
Duration: 24.17s
Status: SUCCESS (Code: 0)
Log: /home/byx/testSpace/javaprjs/javacc-5.0/cha_logs/run_20250523-182640.log
------------------------------
Project: jfreechart-1.0.13
Task: cha
Duration: 9.63s
Status: SUCCESS (Code: 0)
Log: /home/byx/testSpace/javaprjs/jfreechart-1.0.13/cha_logs/run_20250523-182704.log
------------------------------
Project: nekohtml-1.9.14
Task: cha
Duration: 12.13s
Status: SUCCESS (Code: 0)
Log: /home/byx/testSpace/javaprjs/nekohtml-1.9.14/cha_logs/run_20250523-182713.log
------------------------------
Project: marauroa-3.8.1
Task: cha
Duration: 19.46s
Status: SUCCESS (Code: 0)
Log: /home/byx/testSpace/javaprjs/marauroa-3.8.1/cha_logs/run_20250523-182726.log
------------------------------
Project: weka-3-7-9
Task: cha
Duration: 36.91s
Status: SUCCESS (Code: 0)
Log: /home/byx/testSpace/javaprjs/weka-3-7-9/cha_logs/run_20250523-182745.log
------------------------------
Project: axion-1.0-M2
Task: cha
Duration: 13.64s
Status: SUCCESS (Code: 0)
Log: /home/byx/testSpace/javaprjs/axion-1.0-M2/cha_logs/run_20250523-182822.log
------------------------------
Project: log4j-1.2.16
Task: cha
Duration: 20.99s
Status: SUCCESS (Code: 0)
Log: /home/byx/testSpace/javaprjs/log4j-1.2.16/cha_logs/run_20250523-182836.log
------------------------------
Project: sandmark-3.4
Task: cha
Duration: 21.18s
Status: SUCCESS (Code: 0)
Log: /home/byx/testSpace/javaprjs/sandmark-3.4/cha_logs/run_20250523-182857.log
------------------------------
Project: fitjava-1.1
Task: cha
Duration: 11.83s
Status: SUCCESS (Code: 0)
Log: /home/byx/testSpace/javaprjs/fitjava-1.1/cha_logs/run_20250523-182918.log
------------------------------
Project: checkstyle-5.1
Task: cha
Duration: 18.76s
Status: SUCCESS (Code: 0)
Log: /home/byx/testSpace/javaprjs/checkstyle-5.1/cha_logs/run_20250523-182930.log
------------------------------
Project: jasperreports-1.1.0
Task: cha
Duration: 3.42s
Status: FAILED (Code: 1)
Log: /home/byx/testSpace/javaprjs/jasperreports-1.1.0/cha_logs/run_20250523-182948.log
------------------------------
Project: quilt-0.6-a-5
Task: cha
Duration: 22.79s
Status: SUCCESS (Code: 0)
Log: /home/byx/testSpace/javaprjs/quilt-0.6-a-5/cha_logs/run_20250523-182952.log
------------------------------
Project: jmoney-0.4.4
Task: cha
Duration: 3.21s
Status: SUCCESS (Code: 0)
Log: /home/byx/testSpace/javaprjs/jmoney-0.4.4/cha_logs/run_20250523-183015.log
------------------------------
Project: fitlibraryforfitnesse-20100806
Task: cha
Duration: 23.48s
Status: SUCCESS (Code: 0)
Log: /home/byx/testSpace/javaprjs/fitlibraryforfitnesse-20100806/cha_logs/run_20250523-183018.log
------------------------------
Project: drawswf-1.2.9
Task: cha
Duration: 16.56s
Status: SUCCESS (Code: 0)
Log: /home/byx/testSpace/javaprjs/drawswf-1.2.9/cha_logs/run_20250523-183041.log
------------------------------
Project: jgrapht-0.8.1
Task: cha
Duration: 21.56s
Status: SUCCESS (Code: 0)
Log: /home/byx/testSpace/javaprjs/jgrapht-0.8.1/cha_logs/run_20250523-183058.log
------------------------------
Project: jspwiki-2.8.4
Task: cha
Duration: 27.39s
Status: SUCCESS (Code: 0)
Log: /home/byx/testSpace/javaprjs/jspwiki-2.8.4/cha_logs/run_20250523-183119.log
------------------------------
Project: sunflow-0.07.2
Task: cha
Duration: 24.18s
Status: SUCCESS (Code: 0)
Log: /home/byx/testSpace/javaprjs/sunflow-0.07.2/cha_logs/run_20250523-183147.log
------------------------------
Project: jrefactory-2.9.19
Task: cha
Duration: 27.69s
Status: SUCCESS (Code: 0)
Log: /home/byx/testSpace/javaprjs/jrefactory-2.9.19/cha_logs/run_20250523-183211.log
------------------------------
Project: freecol-0.10.7
Task: cha
Duration: 1762.98s
Status: SUCCESS (Code: 0)
Log: /home/byx/testSpace/javaprjs/freecol-0.10.7/cha_logs/run_20250523-183239.log
------------------------------
Project: jrat-0.6
Task: cha
Duration: 15.36s
Status: SUCCESS (Code: 0)
Log: /home/byx/testSpace/javaprjs/jrat-0.6/cha_logs/run_20250523-190202.log
------------------------------
Project: james-2.2.0
Task: cha
Duration: 12.07s
Status: SUCCESS (Code: 0)
Log: /home/byx/testSpace/javaprjs/james-2.2.0/cha_logs/run_20250523-190217.log
------------------------------
Project: sablecc-3.2
Task: cha
Duration: 26.59s
Status: SUCCESS (Code: 0)
Log: /home/byx/testSpace/javaprjs/sablecc-3.2/cha_logs/run_20250523-190229.log
------------------------------
