Task Summary (2025-06-04 21:49:56)
==================================================
Total Tasks: 40
Success Tasks: 7

Details:
--------------------------------------------------
Project: aoi-2.8.1
Task: cha
Duration: 1.81s
Status: FAILED (Code: 1)
Log: /home/byx/testSpace/javaprjs/aoi-2.8.1/cha_logs/run_20250604-214635.log
------------------------------
Project: jedit-4.3.2
Task: cha
Duration: 2.21s
Status: FAILED (Code: 1)
Log: /home/byx/testSpace/javaprjs/jedit-4.3.2/cha_logs/run_20250604-214637.log
------------------------------
Project: itext-5.0.3
Task: cha
Duration: 1.91s
Status: FAILED (Code: 1)
Log: /home/byx/testSpace/javaprjs/itext-5.0.3/cha_logs/run_20250604-214639.log
------------------------------
Project: emma-2.0.5312
Task: cha
Duration: 1.3s
Status: FAILED (Code: 1)
Log: /home/byx/testSpace/javaprjs/emma-2.0.5312/cha_logs/run_20250604-214641.log
------------------------------
Project: pooka-3.0-080505
Task: cha
Duration: 2.01s
Status: FAILED (Code: 1)
Log: /home/byx/testSpace/javaprjs/pooka-3.0-080505/cha_logs/run_20250604-214643.log
------------------------------
Project: jag-6.1
Task: cha
Duration: 1.7s
Status: FAILED (Code: 1)
Log: /home/byx/testSpace/javaprjs/jag-6.1/cha_logs/run_20250604-214645.log
------------------------------
Project: proguard-4.5.1
Task: cha
Duration: 1.6s
Status: FAILED (Code: 1)
Log: /home/byx/testSpace/javaprjs/proguard-4.5.1/cha_logs/run_20250604-214646.log
------------------------------
Project: openjms-0.7.7-beta-1
Task: cha
Duration: 1.3s
Status: FAILED (Code: 1)
Log: /home/byx/testSpace/javaprjs/openjms-0.7.7-beta-1/cha_logs/run_20250604-214648.log
------------------------------
Project: xalan-2.7.1
Task: cha
Duration: 2.01s
Status: FAILED (Code: 1)
Log: /home/byx/testSpace/javaprjs/xalan-2.7.1/cha_logs/run_20250604-214649.log
------------------------------
Project: jgroups-2.10.0
Task: cha
Duration: 2.21s
Status: FAILED (Code: 1)
Log: /home/byx/testSpace/javaprjs/jgroups-2.10.0/cha_logs/run_20250604-214651.log
------------------------------
Project: megamek-0.35.18
Task: cha
Duration: 2.01s
Status: FAILED (Code: 1)
Log: /home/byx/testSpace/javaprjs/megamek-0.35.18/cha_logs/run_20250604-214653.log
------------------------------
Project: jext-5.0
Task: cha
Duration: 20.97s
Status: SUCCESS (Code: 0)
Log: /home/byx/testSpace/javaprjs/jext-5.0/cha_logs/run_20250604-214655.log
------------------------------
Project: jasml-0.10
Task: cha
Duration: 11.94s
Status: SUCCESS (Code: 0)
Log: /home/byx/testSpace/javaprjs/jasml-0.10/cha_logs/run_20250604-214716.log
------------------------------
Project: batik-1.7
Task: cha
Duration: 2.51s
Status: FAILED (Code: 1)
Log: /home/byx/testSpace/javaprjs/batik-1.7/cha_logs/run_20250604-214728.log
------------------------------
Project: jhotdraw-7.5.1
Task: cha
Duration: 27.93s
Status: SUCCESS (Code: 0)
Log: /home/byx/testSpace/javaprjs/jhotdraw-7.5.1/cha_logs/run_20250604-214731.log
------------------------------
Project: freecs-1.3.20100406
Task: cha
Duration: 1.81s
Status: FAILED (Code: 1)
Log: /home/byx/testSpace/javaprjs/freecs-1.3.20100406/cha_logs/run_20250604-214759.log
------------------------------
Project: quartz-1.8.3
Task: cha
Duration: 1.91s
Status: FAILED (Code: 1)
Log: /home/byx/testSpace/javaprjs/quartz-1.8.3/cha_logs/run_20250604-214801.log
------------------------------
Project: javacc-5.0
Task: cha
Duration: 1.81s
Status: FAILED (Code: 1)
Log: /home/byx/testSpace/javaprjs/javacc-5.0/cha_logs/run_20250604-214802.log
------------------------------
Project: jfreechart-1.0.13
Task: cha
Duration: 1.4s
Status: FAILED (Code: 1)
Log: /home/byx/testSpace/javaprjs/jfreechart-1.0.13/cha_logs/run_20250604-214804.log
------------------------------
Project: nekohtml-1.9.14
Task: cha
Duration: 1.3s
Status: FAILED (Code: 1)
Log: /home/byx/testSpace/javaprjs/nekohtml-1.9.14/cha_logs/run_20250604-214806.log
------------------------------
Project: marauroa-3.8.1
Task: cha
Duration: 19.06s
Status: SUCCESS (Code: 0)
Log: /home/byx/testSpace/javaprjs/marauroa-3.8.1/cha_logs/run_20250604-214807.log
------------------------------
Project: weka-3-7-9
Task: cha
Duration: 2.11s
Status: FAILED (Code: 1)
Log: /home/byx/testSpace/javaprjs/weka-3-7-9/cha_logs/run_20250604-214826.log
------------------------------
Project: axion-1.0-M2
Task: cha
Duration: 1.5s
Status: FAILED (Code: 1)
Log: /home/byx/testSpace/javaprjs/axion-1.0-M2/cha_logs/run_20250604-214828.log
------------------------------
Project: log4j-1.2.16
Task: cha
Duration: 1.8s
Status: FAILED (Code: 1)
Log: /home/byx/testSpace/javaprjs/log4j-1.2.16/cha_logs/run_20250604-214830.log
------------------------------
Project: sandmark-3.4
Task: cha
Duration: 1.91s
Status: FAILED (Code: 1)
Log: /home/byx/testSpace/javaprjs/sandmark-3.4/cha_logs/run_20250604-214831.log
------------------------------
Project: fitjava-1.1
Task: cha
Duration: 1.51s
Status: FAILED (Code: 1)
Log: /home/byx/testSpace/javaprjs/fitjava-1.1/cha_logs/run_20250604-214833.log
------------------------------
Project: checkstyle-5.1
Task: cha
Duration: 1.71s
Status: FAILED (Code: 1)
Log: /home/byx/testSpace/javaprjs/checkstyle-5.1/cha_logs/run_20250604-214835.log
------------------------------
Project: jasperreports-1.1.0
Task: cha
Duration: 2.71s
Status: FAILED (Code: 1)
Log: /home/byx/testSpace/javaprjs/jasperreports-1.1.0/cha_logs/run_20250604-214837.log
------------------------------
Project: quilt-0.6-a-5
Task: cha
Duration: 1.81s
Status: FAILED (Code: 1)
Log: /home/byx/testSpace/javaprjs/quilt-0.6-a-5/cha_logs/run_20250604-214839.log
------------------------------
Project: jmoney-0.4.4
Task: cha
Duration: 1.5s
Status: FAILED (Code: 1)
Log: /home/byx/testSpace/javaprjs/jmoney-0.4.4/cha_logs/run_20250604-214841.log
------------------------------
Project: fitlibraryforfitnesse-20100806
Task: cha
Duration: 1.7s
Status: FAILED (Code: 1)
Log: /home/byx/testSpace/javaprjs/fitlibraryforfitnesse-20100806/cha_logs/run_20250604-214843.log
------------------------------
Project: drawswf-1.2.9
Task: cha
Duration: 16.57s
Status: SUCCESS (Code: 0)
Log: /home/byx/testSpace/javaprjs/drawswf-1.2.9/cha_logs/run_20250604-214844.log
------------------------------
Project: jgrapht-0.8.1
Task: cha
Duration: 22.16s
Status: SUCCESS (Code: 0)
Log: /home/byx/testSpace/javaprjs/jgrapht-0.8.1/cha_logs/run_20250604-214901.log
------------------------------
Project: jspwiki-2.8.4
Task: cha
Duration: 1.91s
Status: FAILED (Code: 1)
Log: /home/byx/testSpace/javaprjs/jspwiki-2.8.4/cha_logs/run_20250604-214923.log
------------------------------
Project: sunflow-0.07.2
Task: cha
Duration: 2.01s
Status: FAILED (Code: 1)
Log: /home/byx/testSpace/javaprjs/sunflow-0.07.2/cha_logs/run_20250604-214925.log
------------------------------
Project: jrefactory-2.9.19
Task: cha
Duration: 1.71s
Status: FAILED (Code: 1)
Log: /home/byx/testSpace/javaprjs/jrefactory-2.9.19/cha_logs/run_20250604-214927.log
------------------------------
Project: freecol-0.10.7
Task: cha
Duration: 2.01s
Status: FAILED (Code: 1)
Log: /home/byx/testSpace/javaprjs/freecol-0.10.7/cha_logs/run_20250604-214929.log
------------------------------
Project: jrat-0.6
Task: cha
Duration: 1.5s
Status: FAILED (Code: 1)
Log: /home/byx/testSpace/javaprjs/jrat-0.6/cha_logs/run_20250604-214931.log
------------------------------
Project: james-2.2.0
Task: cha
Duration: 1.31s
Status: FAILED (Code: 1)
Log: /home/byx/testSpace/javaprjs/james-2.2.0/cha_logs/run_20250604-214932.log
------------------------------
Project: sablecc-3.2
Task: cha
Duration: 22.58s
Status: SUCCESS (Code: 0)
Log: /home/byx/testSpace/javaprjs/sablecc-3.2/cha_logs/run_20250604-214933.log
------------------------------
