Task Summary (2025-06-06 17:47:16)
==================================================
Total Tasks: 26
Success Tasks: 23

Details:
--------------------------------------------------
Project: luindex
Task: cha
Duration: 17.56s
Status: SUCCESS (Code: 0)
Log: /home/byx/testSpace/javaprjs/luindex/cha_logs/run_20250606-173922.log
------------------------------
Project: log4j
Task: cha
Duration: 6.62s
Status: FAILED (Code: 1)
Log: /home/byx/testSpace/javaprjs/log4j/cha_logs/run_20250606-173939.log
------------------------------
Project: eclipse
Task: cha
Duration: 17.96s
Status: SUCCESS (Code: 0)
Log: /home/byx/testSpace/javaprjs/eclipse/cha_logs/run_20250606-173946.log
------------------------------
Project: xalan
Task: cha
Duration: 18.46s
Status: SUCCESS (Code: 0)
Log: /home/byx/testSpace/javaprjs/xalan/cha_logs/run_20250606-174004.log
------------------------------
Project: gruntspud
Task: cha
Duration: 7.12s
Status: FAILED (Code: 1)
Log: /home/byx/testSpace/javaprjs/gruntspud/cha_logs/run_20250606-174022.log
------------------------------
Project: jext-5.0
Task: cha
Duration: 17.69s
Status: SUCCESS (Code: 0)
Log: /home/byx/testSpace/javaprjs/jext-5.0/cha_logs/run_20250606-174029.log
------------------------------
Project: jasml-0.10
Task: cha
Duration: 10.43s
Status: SUCCESS (Code: 0)
Log: /home/byx/testSpace/javaprjs/jasml-0.10/cha_logs/run_20250606-174047.log
------------------------------
Project: jhotdraw-7.5.1
Task: cha
Duration: 21.28s
Status: SUCCESS (Code: 0)
Log: /home/byx/testSpace/javaprjs/jhotdraw-7.5.1/cha_logs/run_20250606-174058.log
------------------------------
Project: marauroa-3.8.1
Task: cha
Duration: 16.16s
Status: SUCCESS (Code: 0)
Log: /home/byx/testSpace/javaprjs/marauroa-3.8.1/cha_logs/run_20250606-174119.log
------------------------------
Project: columba
Task: cha
Duration: 15.44s
Status: FAILED (Code: 1)
Log: /home/byx/testSpace/javaprjs/columba/cha_logs/run_20250606-174135.log
------------------------------
Project: jedit
Task: cha
Duration: 18.05s
Status: SUCCESS (Code: 0)
Log: /home/byx/testSpace/javaprjs/jedit/cha_logs/run_20250606-174151.log
------------------------------
Project: freecol
Task: cha
Duration: 23.19s
Status: SUCCESS (Code: 0)
Log: /home/byx/testSpace/javaprjs/freecol/cha_logs/run_20250606-174209.log
------------------------------
Project: findbugs
Task: cha
Duration: 21.31s
Status: SUCCESS (Code: 0)
Log: /home/byx/testSpace/javaprjs/findbugs/cha_logs/run_20250606-174232.log
------------------------------
Project: jython
Task: cha
Duration: 20.17s
Status: SUCCESS (Code: 0)
Log: /home/byx/testSpace/javaprjs/jython/cha_logs/run_20250606-174253.log
------------------------------
Project: hsqldb
Task: cha
Duration: 19.96s
Status: SUCCESS (Code: 0)
Log: /home/byx/testSpace/javaprjs/hsqldb/cha_logs/run_20250606-174313.log
------------------------------
Project: fop
Task: cha
Duration: 22.2s
Status: SUCCESS (Code: 0)
Log: /home/byx/testSpace/javaprjs/fop/cha_logs/run_20250606-174333.log
------------------------------
Project: lusearch
Task: cha
Duration: 17.88s
Status: SUCCESS (Code: 0)
Log: /home/byx/testSpace/javaprjs/lusearch/cha_logs/run_20250606-174355.log
------------------------------
Project: drawswf-1.2.9
Task: cha
Duration: 13.65s
Status: SUCCESS (Code: 0)
Log: /home/byx/testSpace/javaprjs/drawswf-1.2.9/cha_logs/run_20250606-174413.log
------------------------------
Project: jgrapht-0.8.1
Task: cha
Duration: 18.15s
Status: SUCCESS (Code: 0)
Log: /home/byx/testSpace/javaprjs/jgrapht-0.8.1/cha_logs/run_20250606-174427.log
------------------------------
Project: soot
Task: cha
Duration: 26.78s
Status: SUCCESS (Code: 0)
Log: /home/byx/testSpace/javaprjs/soot/cha_logs/run_20250606-174445.log
------------------------------
Project: bloat
Task: cha
Duration: 18.68s
Status: SUCCESS (Code: 0)
Log: /home/byx/testSpace/javaprjs/bloat/cha_logs/run_20250606-174512.log
------------------------------
Project: pmd
Task: cha
Duration: 20.97s
Status: SUCCESS (Code: 0)
Log: /home/byx/testSpace/javaprjs/pmd/cha_logs/run_20250606-174531.log
------------------------------
Project: briss
Task: cha
Duration: 27.89s
Status: SUCCESS (Code: 0)
Log: /home/byx/testSpace/javaprjs/briss/cha_logs/run_20250606-174551.log
------------------------------
Project: chart
Task: cha
Duration: 20.36s
Status: SUCCESS (Code: 0)
Log: /home/byx/testSpace/javaprjs/chart/cha_logs/run_20250606-174619.log
------------------------------
Project: antlr
Task: cha
Duration: 17.05s
Status: SUCCESS (Code: 0)
Log: /home/byx/testSpace/javaprjs/antlr/cha_logs/run_20250606-174640.log
------------------------------
Project: sablecc-3.2
Task: cha
Duration: 18.77s
Status: SUCCESS (Code: 0)
Log: /home/byx/testSpace/javaprjs/sablecc-3.2/cha_logs/run_20250606-174657.log
------------------------------
