Task Summary (2025-05-23 13:38:45)
==================================================
Total Tasks: 76
Success Tasks: 39

Details:
--------------------------------------------------
Project: aoi-2.8.1
Task: cha
Duration: 25.58s
Status: SUCCESS (Code: 0)
Log: /home/byx/testSpace/javaprjs/aoi-2.8.1/cha_logs/run_20250523-131908.log
------------------------------
Project: oscache-2.4.1
Task: cha
Duration: 8.66s
Status: FAILED (Code: 1)
Log: /home/byx/testSpace/javaprjs/oscache-2.4.1/cha_logs/run_20250523-131934.log
------------------------------
Project: pmd-4.2.5
Task: cha
Duration: 5.52s
Status: FAILED (Code: 1)
Log: /home/byx/testSpace/javaprjs/pmd-4.2.5/cha_logs/run_20250523-131943.log
------------------------------
Project: wct-1.5.2
Task: cha
Duration: 7.53s
Status: FAILED (Code: 1)
Log: /home/byx/testSpace/javaprjs/wct-1.5.2/cha_logs/run_20250523-131948.log
------------------------------
Project: tomcat-7.0.2
Task: cha
Duration: 3.81s
Status: FAILED (Code: 1)
Log: /home/byx/testSpace/javaprjs/tomcat-7.0.2/cha_logs/run_20250523-131956.log
------------------------------
Project: velocity-1.6.4
Task: cha
Duration: 5.52s
Status: FAILED (Code: 1)
Log: /home/byx/testSpace/javaprjs/velocity-1.6.4/cha_logs/run_20250523-132000.log
------------------------------
Project: castor-1.3.1
Task: cha
Duration: 2.51s
Status: FAILED (Code: 1)
Log: /home/byx/testSpace/javaprjs/castor-1.3.1/cha_logs/run_20250523-132005.log
------------------------------
Project: jedit-4.3.2
Task: cha
Duration: 28.2s
Status: SUCCESS (Code: 0)
Log: /home/byx/testSpace/javaprjs/jedit-4.3.2/cha_logs/run_20250523-132008.log
------------------------------
Project: itext-5.0.3
Task: cha
Duration: 26.02s
Status: SUCCESS (Code: 0)
Log: /home/byx/testSpace/javaprjs/itext-5.0.3/cha_logs/run_20250523-132036.log
------------------------------
Project: emma-2.0.5312
Task: cha
Duration: 11.57s
Status: SUCCESS (Code: 0)
Log: /home/byx/testSpace/javaprjs/emma-2.0.5312/cha_logs/run_20250523-132102.log
------------------------------
Project: picocontainer-2.10.2
Task: cha
Duration: 4.12s
Status: FAILED (Code: 1)
Log: /home/byx/testSpace/javaprjs/picocontainer-2.10.2/cha_logs/run_20250523-132113.log
------------------------------
Project: pooka-3.0-080505
Task: cha
Duration: 33.28s
Status: SUCCESS (Code: 0)
Log: /home/byx/testSpace/javaprjs/pooka-3.0-080505/cha_logs/run_20250523-132117.log
------------------------------
Project: jag-6.1
Task: cha
Duration: 15.86s
Status: SUCCESS (Code: 0)
Log: /home/byx/testSpace/javaprjs/jag-6.1/cha_logs/run_20250523-132151.log
------------------------------
Project: proguard-4.5.1
Task: cha
Duration: 16.89s
Status: SUCCESS (Code: 0)
Log: /home/byx/testSpace/javaprjs/proguard-4.5.1/cha_logs/run_20250523-132207.log
------------------------------
Project: commons-collections-3.2.1
Task: cha
Duration: 4.21s
Status: FAILED (Code: 1)
Log: /home/byx/testSpace/javaprjs/commons-collections-3.2.1/cha_logs/run_20250523-132223.log
------------------------------
Project: openjms-0.7.7-beta-1
Task: cha
Duration: 15.85s
Status: SUCCESS (Code: 0)
Log: /home/byx/testSpace/javaprjs/openjms-0.7.7-beta-1/cha_logs/run_20250523-132228.log
------------------------------
Project: xalan-2.7.1
Task: cha
Duration: 46.07s
Status: SUCCESS (Code: 0)
Log: /home/byx/testSpace/javaprjs/xalan-2.7.1/cha_logs/run_20250523-132244.log
------------------------------
Project: jgroups-2.10.0
Task: cha
Duration: 34.71s
Status: SUCCESS (Code: 0)
Log: /home/byx/testSpace/javaprjs/jgroups-2.10.0/cha_logs/run_20250523-132330.log
------------------------------
Project: megamek-0.35.18
Task: cha
Duration: 37.63s
Status: SUCCESS (Code: 0)
Log: /home/byx/testSpace/javaprjs/megamek-0.35.18/cha_logs/run_20250523-132404.log
------------------------------
Project: colt-1.2.0
Task: cha
Duration: 6.93s
Status: FAILED (Code: 1)
Log: /home/byx/testSpace/javaprjs/colt-1.2.0/cha_logs/run_20250523-132442.log
------------------------------
Project: jext-5.0
Task: cha
Duration: 23.19s
Status: SUCCESS (Code: 0)
Log: /home/byx/testSpace/javaprjs/jext-5.0/cha_logs/run_20250523-132449.log
------------------------------
Project: jasml-0.10
Task: cha
Duration: 13.96s
Status: SUCCESS (Code: 0)
Log: /home/byx/testSpace/javaprjs/jasml-0.10/cha_logs/run_20250523-132512.log
------------------------------
Project: batik-1.7
Task: cha
Duration: 39.14s
Status: SUCCESS (Code: 0)
Log: /home/byx/testSpace/javaprjs/batik-1.7/cha_logs/run_20250523-132526.log
------------------------------
Project: jhotdraw-7.5.1
Task: cha
Duration: 30.49s
Status: SUCCESS (Code: 0)
Log: /home/byx/testSpace/javaprjs/jhotdraw-7.5.1/cha_logs/run_20250523-132605.log
------------------------------
Project: trove-2.1.0
Task: cha
Duration: 4.72s
Status: FAILED (Code: 1)
Log: /home/byx/testSpace/javaprjs/trove-2.1.0/cha_logs/run_20250523-132636.log
------------------------------
Project: freecs-1.3.20100406
Task: cha
Duration: 24.07s
Status: SUCCESS (Code: 0)
Log: /home/byx/testSpace/javaprjs/freecs-1.3.20100406/cha_logs/run_20250523-132640.log
------------------------------
Project: displaytag-1.2
Task: cha
Duration: 2.41s
Status: FAILED (Code: 1)
Log: /home/byx/testSpace/javaprjs/displaytag-1.2/cha_logs/run_20250523-132704.log
------------------------------
Project: quartz-1.8.3
Task: cha
Duration: 23.99s
Status: SUCCESS (Code: 0)
Log: /home/byx/testSpace/javaprjs/quartz-1.8.3/cha_logs/run_20250523-132707.log
------------------------------
Project: ivatagroupware-0.11.3
Task: cha
Duration: 7.33s
Status: FAILED (Code: 1)
Log: /home/byx/testSpace/javaprjs/ivatagroupware-0.11.3/cha_logs/run_20250523-132731.log
------------------------------
Project: squirrel_sql-3.1.2
Task: cha
Duration: 11.04s
Status: FAILED (Code: 1)
Log: /home/byx/testSpace/javaprjs/squirrel_sql-3.1.2/cha_logs/run_20250523-132738.log
------------------------------
Project: javacc-5.0
Task: cha
Duration: 24.4s
Status: SUCCESS (Code: 0)
Log: /home/byx/testSpace/javaprjs/javacc-5.0/cha_logs/run_20250523-132749.log
------------------------------
Project: jfreechart-1.0.13
Task: cha
Duration: 10.16s
Status: SUCCESS (Code: 0)
Log: /home/byx/testSpace/javaprjs/jfreechart-1.0.13/cha_logs/run_20250523-132814.log
------------------------------
Project: webmail-0.7.10
Task: cha
Duration: 6.52s
Status: FAILED (Code: 1)
Log: /home/byx/testSpace/javaprjs/webmail-0.7.10/cha_logs/run_20250523-132824.log
------------------------------
Project: nekohtml-1.9.14
Task: cha
Duration: 12.44s
Status: SUCCESS (Code: 0)
Log: /home/byx/testSpace/javaprjs/nekohtml-1.9.14/cha_logs/run_20250523-132830.log
------------------------------
Project: ApacheJMeter_core-3.1
Task: cha
Duration: 9.93s
Status: FAILED (Code: 1)
Log: /home/byx/testSpace/javaprjs/ApacheJMeter_core-3.1/cha_logs/run_20250523-132843.log
------------------------------
Project: marauroa-3.8.1
Task: cha
Duration: 21.17s
Status: SUCCESS (Code: 0)
Log: /home/byx/testSpace/javaprjs/marauroa-3.8.1/cha_logs/run_20250523-132853.log
------------------------------
Project: mockito-core-2.7.17
Task: cha
Duration: 5.02s
Status: FAILED (Code: 1)
Log: /home/byx/testSpace/javaprjs/mockito-core-2.7.17/cha_logs/run_20250523-132914.log
------------------------------
Project: jsXe-04_beta
Task: cha
Duration: 7.73s
Status: FAILED (Code: 1)
Log: /home/byx/testSpace/javaprjs/jsXe-04_beta/cha_logs/run_20250523-132919.log
------------------------------
Project: htmlunit-2.8
Task: cha
Duration: 7.53s
Status: FAILED (Code: 1)
Log: /home/byx/testSpace/javaprjs/htmlunit-2.8/cha_logs/run_20250523-132927.log
------------------------------
Project: weka-3-7-9
Task: cha
Duration: 43.03s
Status: SUCCESS (Code: 0)
Log: /home/byx/testSpace/javaprjs/weka-3-7-9/cha_logs/run_20250523-132934.log
------------------------------
Project: axion-1.0-M2
Task: cha
Duration: 14.85s
Status: SUCCESS (Code: 0)
Log: /home/byx/testSpace/javaprjs/axion-1.0-M2/cha_logs/run_20250523-133017.log
------------------------------
Project: log4j-1.2.16
Task: cha
Duration: 23.89s
Status: SUCCESS (Code: 0)
Log: /home/byx/testSpace/javaprjs/log4j-1.2.16/cha_logs/run_20250523-133032.log
------------------------------
Project: sandmark-3.4
Task: cha
Duration: 23.0s
Status: SUCCESS (Code: 0)
Log: /home/byx/testSpace/javaprjs/sandmark-3.4/cha_logs/run_20250523-133056.log
------------------------------
Project: fitjava-1.1
Task: cha
Duration: 12.44s
Status: SUCCESS (Code: 0)
Log: /home/byx/testSpace/javaprjs/fitjava-1.1/cha_logs/run_20250523-133119.log
------------------------------
Project: lucene-4.3.0
Task: cha
Duration: 3.21s
Status: FAILED (Code: 1)
Log: /home/byx/testSpace/javaprjs/lucene-4.3.0/cha_logs/run_20250523-133131.log
------------------------------
Project: checkstyle-5.1
Task: cha
Duration: 21.57s
Status: SUCCESS (Code: 0)
Log: /home/byx/testSpace/javaprjs/checkstyle-5.1/cha_logs/run_20250523-133135.log
------------------------------
Project: jasperreports-1.1.0
Task: cha
Duration: 3.72s
Status: FAILED (Code: 1)
Log: /home/byx/testSpace/javaprjs/jasperreports-1.1.0/cha_logs/run_20250523-133156.log
------------------------------
Project: quilt-0.6-a-5
Task: cha
Duration: 24.59s
Status: SUCCESS (Code: 0)
Log: /home/byx/testSpace/javaprjs/quilt-0.6-a-5/cha_logs/run_20250523-133200.log
------------------------------
Project: jmoney-0.4.4
Task: cha
Duration: 3.52s
Status: SUCCESS (Code: 0)
Log: /home/byx/testSpace/javaprjs/jmoney-0.4.4/cha_logs/run_20250523-133224.log
------------------------------
Project: mvnforum-1.2.2-ga
Task: cha
Duration: 9.83s
Status: FAILED (Code: 1)
Log: /home/byx/testSpace/javaprjs/mvnforum-1.2.2-ga/cha_logs/run_20250523-133228.log
------------------------------
Project: guava-21.0
Task: cha
Duration: 7.52s
Status: FAILED (Code: 1)
Log: /home/byx/testSpace/javaprjs/guava-21.0/cha_logs/run_20250523-133238.log
------------------------------
Project: fitlibraryforfitnesse-20100806
Task: cha
Duration: 26.2s
Status: SUCCESS (Code: 0)
Log: /home/byx/testSpace/javaprjs/fitlibraryforfitnesse-20100806/cha_logs/run_20250523-133245.log
------------------------------
Project: asm-5.2
Task: cha
Duration: 3.91s
Status: FAILED (Code: 1)
Log: /home/byx/testSpace/javaprjs/asm-5.2/cha_logs/run_20250523-133312.log
------------------------------
Project: drawswf-1.2.9
Task: cha
Duration: 18.16s
Status: SUCCESS (Code: 0)
Log: /home/byx/testSpace/javaprjs/drawswf-1.2.9/cha_logs/run_20250523-133315.log
------------------------------
Project: jgrapht-0.8.1
Task: cha
Duration: 24.98s
Status: SUCCESS (Code: 0)
Log: /home/byx/testSpace/javaprjs/jgrapht-0.8.1/cha_logs/run_20250523-133334.log
------------------------------
Project: jspwiki-2.8.4
Task: cha
Duration: 29.2s
Status: SUCCESS (Code: 0)
Log: /home/byx/testSpace/javaprjs/jspwiki-2.8.4/cha_logs/run_20250523-133359.log
------------------------------
Project: drools-7.0.0.Beta6
Task: cha
Duration: 22.89s
Status: FAILED (Code: 1)
Log: /home/byx/testSpace/javaprjs/drools-7.0.0.Beta6/cha_logs/run_20250523-133428.log
------------------------------
Project: jgraphpad-5.10.0.2
Task: cha
Duration: 5.82s
Status: FAILED (Code: 1)
Log: /home/byx/testSpace/javaprjs/jgraphpad-5.10.0.2/cha_logs/run_20250523-133451.log
------------------------------
Project: jparse-0.96
Task: cha
Duration: 4.82s
Status: FAILED (Code: 1)
Log: /home/byx/testSpace/javaprjs/jparse-0.96/cha_logs/run_20250523-133456.log
------------------------------
Project: sunflow-0.07.2
Task: cha
Duration: 27.62s
Status: SUCCESS (Code: 0)
Log: /home/byx/testSpace/javaprjs/sunflow-0.07.2/cha_logs/run_20250523-133501.log
------------------------------
Project: galleon-2.3.0
Task: cha
Duration: 13.75s
Status: FAILED (Code: 1)
Log: /home/byx/testSpace/javaprjs/galleon-2.3.0/cha_logs/run_20250523-133529.log
------------------------------
Project: jrefactory-2.9.19
Task: cha
Duration: 29.39s
Status: SUCCESS (Code: 0)
Log: /home/byx/testSpace/javaprjs/jrefactory-2.9.19/cha_logs/run_20250523-133543.log
------------------------------
Project: freecol-0.10.7
Task: cha
Duration: 28.98s
Status: SUCCESS (Code: 0)
Log: /home/byx/testSpace/javaprjs/freecol-0.10.7/cha_logs/run_20250523-133612.log
------------------------------
Project: findbugs-1.3.9
Task: cha
Duration: 7.83s
Status: FAILED (Code: 1)
Log: /home/byx/testSpace/javaprjs/findbugs-1.3.9/cha_logs/run_20250523-133641.log
------------------------------
Project: jpf-1.5.1
Task: cha
Duration: 4.52s
Status: FAILED (Code: 1)
Log: /home/byx/testSpace/javaprjs/jpf-1.5.1/cha_logs/run_20250523-133649.log
------------------------------
Project: jrat-0.6
Task: cha
Duration: 13.55s
Status: SUCCESS (Code: 0)
Log: /home/byx/testSpace/javaprjs/jrat-0.6/cha_logs/run_20250523-133653.log
------------------------------
Project: jgraph-5.13.0.0
Task: cha
Duration: 4.11s
Status: FAILED (Code: 1)
Log: /home/byx/testSpace/javaprjs/jgraph-5.13.0.0/cha_logs/run_20250523-133707.log
------------------------------
Project: informa-0.7.0-alpha2
Task: cha
Duration: 7.52s
Status: FAILED (Code: 1)
Log: /home/byx/testSpace/javaprjs/informa-0.7.0-alpha2/cha_logs/run_20250523-133711.log
------------------------------
Project: c_jdbc-2.0.2
Task: cha
Duration: 14.86s
Status: FAILED (Code: 1)
Log: /home/byx/testSpace/javaprjs/c_jdbc-2.0.2/cha_logs/run_20250523-133719.log
------------------------------
Project: tapestry-5.1.0.5
Task: cha
Duration: 8.53s
Status: FAILED (Code: 1)
Log: /home/byx/testSpace/javaprjs/tapestry-5.1.0.5/cha_logs/run_20250523-133733.log
------------------------------
Project: aspectj-1.6.9
Task: cha
Duration: 3.01s
Status: FAILED (Code: 1)
Log: /home/byx/testSpace/javaprjs/aspectj-1.6.9/cha_logs/run_20250523-133742.log
------------------------------
Project: jena-2.6.3
Task: cha
Duration: 9.03s
Status: FAILED (Code: 1)
Log: /home/byx/testSpace/javaprjs/jena-2.6.3/cha_logs/run_20250523-133745.log
------------------------------
Project: james-2.2.0
Task: cha
Duration: 11.65s
Status: SUCCESS (Code: 0)
Log: /home/byx/testSpace/javaprjs/james-2.2.0/cha_logs/run_20250523-133754.log
------------------------------
Project: jFin_DateMath-R1.0.1
Task: cha
Duration: 3.02s
Status: FAILED (Code: 1)
Log: /home/byx/testSpace/javaprjs/jFin_DateMath-R1.0.1/cha_logs/run_20250523-133806.log
------------------------------
Project: xerces-2.10.0
Task: cha
Duration: 11.74s
Status: FAILED (Code: 1)
Log: /home/byx/testSpace/javaprjs/xerces-2.10.0/cha_logs/run_20250523-133809.log
------------------------------
Project: sablecc-3.2
Task: cha
Duration: 24.79s
Status: SUCCESS (Code: 0)
Log: /home/byx/testSpace/javaprjs/sablecc-3.2/cha_logs/run_20250523-133820.log
------------------------------
