Task Summary (2025-06-06 18:03:25)
==================================================
Total Tasks: 26
Success Tasks: 23

Details:
--------------------------------------------------
Project: luindex
Task: cha
Duration: 17.25s
Status: SUCCESS (Code: 0)
Log: /home/byx/testSpace/javaprjs/luindex/cha_logs/run_20250606-175538.log
------------------------------
Project: log4j
Task: cha
Duration: 7.23s
Status: FAILED (Code: 1)
Log: /home/byx/testSpace/javaprjs/log4j/cha_logs/run_20250606-175555.log
------------------------------
Project: eclipse
Task: cha
Duration: 17.45s
Status: SUCCESS (Code: 0)
Log: /home/byx/testSpace/javaprjs/eclipse/cha_logs/run_20250606-175602.log
------------------------------
Project: xalan
Task: cha
Duration: 17.77s
Status: SUCCESS (Code: 0)
Log: /home/byx/testSpace/javaprjs/xalan/cha_logs/run_20250606-175620.log
------------------------------
Project: gruntspud
Task: cha
Duration: 10.74s
Status: FAILED (Code: 1)
Log: /home/byx/testSpace/javaprjs/gruntspud/cha_logs/run_20250606-175637.log
------------------------------
Project: jext-5.0
Task: cha
Duration: 17.66s
Status: SUCCESS (Code: 0)
Log: /home/byx/testSpace/javaprjs/jext-5.0/cha_logs/run_20250606-175648.log
------------------------------
Project: jasml-0.10
Task: cha
Duration: 10.43s
Status: SUCCESS (Code: 0)
Log: /home/byx/testSpace/javaprjs/jasml-0.10/cha_logs/run_20250606-175706.log
------------------------------
Project: jhotdraw-7.5.1
Task: cha
Duration: 21.36s
Status: SUCCESS (Code: 0)
Log: /home/byx/testSpace/javaprjs/jhotdraw-7.5.1/cha_logs/run_20250606-175716.log
------------------------------
Project: marauroa-3.8.1
Task: cha
Duration: 16.06s
Status: SUCCESS (Code: 0)
Log: /home/byx/testSpace/javaprjs/marauroa-3.8.1/cha_logs/run_20250606-175738.log
------------------------------
Project: columba
Task: cha
Duration: 15.25s
Status: FAILED (Code: 1)
Log: /home/byx/testSpace/javaprjs/columba/cha_logs/run_20250606-175754.log
------------------------------
Project: jedit
Task: cha
Duration: 17.26s
Status: SUCCESS (Code: 0)
Log: /home/byx/testSpace/javaprjs/jedit/cha_logs/run_20250606-175809.log
------------------------------
Project: freecol
Task: cha
Duration: 22.67s
Status: SUCCESS (Code: 0)
Log: /home/byx/testSpace/javaprjs/freecol/cha_logs/run_20250606-175826.log
------------------------------
Project: findbugs
Task: cha
Duration: 19.46s
Status: SUCCESS (Code: 0)
Log: /home/byx/testSpace/javaprjs/findbugs/cha_logs/run_20250606-175849.log
------------------------------
Project: jython
Task: cha
Duration: 19.47s
Status: SUCCESS (Code: 0)
Log: /home/byx/testSpace/javaprjs/jython/cha_logs/run_20250606-175908.log
------------------------------
Project: hsqldb
Task: cha
Duration: 18.77s
Status: SUCCESS (Code: 0)
Log: /home/byx/testSpace/javaprjs/hsqldb/cha_logs/run_20250606-175928.log
------------------------------
Project: fop
Task: cha
Duration: 20.77s
Status: SUCCESS (Code: 0)
Log: /home/byx/testSpace/javaprjs/fop/cha_logs/run_20250606-175947.log
------------------------------
Project: lusearch
Task: cha
Duration: 16.85s
Status: SUCCESS (Code: 0)
Log: /home/byx/testSpace/javaprjs/lusearch/cha_logs/run_20250606-180007.log
------------------------------
Project: drawswf-1.2.9
Task: cha
Duration: 13.66s
Status: SUCCESS (Code: 0)
Log: /home/byx/testSpace/javaprjs/drawswf-1.2.9/cha_logs/run_20250606-180024.log
------------------------------
Project: jgrapht-0.8.1
Task: cha
Duration: 17.06s
Status: SUCCESS (Code: 0)
Log: /home/byx/testSpace/javaprjs/jgrapht-0.8.1/cha_logs/run_20250606-180038.log
------------------------------
Project: soot
Task: cha
Duration: 25.99s
Status: SUCCESS (Code: 0)
Log: /home/byx/testSpace/javaprjs/soot/cha_logs/run_20250606-180055.log
------------------------------
Project: bloat
Task: cha
Duration: 18.37s
Status: SUCCESS (Code: 0)
Log: /home/byx/testSpace/javaprjs/bloat/cha_logs/run_20250606-180121.log
------------------------------
Project: pmd
Task: cha
Duration: 20.97s
Status: SUCCESS (Code: 0)
Log: /home/byx/testSpace/javaprjs/pmd/cha_logs/run_20250606-180139.log
------------------------------
Project: briss
Task: cha
Duration: 27.98s
Status: SUCCESS (Code: 0)
Log: /home/byx/testSpace/javaprjs/briss/cha_logs/run_20250606-180200.log
------------------------------
Project: chart
Task: cha
Duration: 20.36s
Status: SUCCESS (Code: 0)
Log: /home/byx/testSpace/javaprjs/chart/cha_logs/run_20250606-180228.log
------------------------------
Project: antlr
Task: cha
Duration: 17.76s
Status: SUCCESS (Code: 0)
Log: /home/byx/testSpace/javaprjs/antlr/cha_logs/run_20250606-180249.log
------------------------------
Project: sablecc-3.2
Task: cha
Duration: 18.56s
Status: SUCCESS (Code: 0)
Log: /home/byx/testSpace/javaprjs/sablecc-3.2/cha_logs/run_20250606-180306.log
------------------------------
