Task Summary (2025-06-06 17:17:15)
==================================================
Total Tasks: 26
Success Tasks: 15

Details:
--------------------------------------------------
Project: luindex
Task: cha
Duration: 18.15s
Status: SUCCESS (Code: 0)
Log: /home/byx/testSpace/javaprjs/luindex/cha_logs/run_20250606-171141.log
------------------------------
Project: log4j
Task: cha
Duration: 7.42s
Status: FAILED (Code: 1)
Log: /home/byx/testSpace/javaprjs/log4j/cha_logs/run_20250606-171159.log
------------------------------
Project: eclipse
Task: cha
Duration: 17.75s
Status: SUCCESS (Code: 0)
Log: /home/byx/testSpace/javaprjs/eclipse/cha_logs/run_20250606-171207.log
------------------------------
Project: xalan
Task: cha
Duration: 18.57s
Status: SUCCESS (Code: 0)
Log: /home/byx/testSpace/javaprjs/xalan/cha_logs/run_20250606-171224.log
------------------------------
Project: gruntspud
Task: cha
Duration: 0.6s
Status: FAILED (Code: 1)
Log: /home/byx/testSpace/javaprjs/gruntspud/cha_logs/run_20250606-171243.log
------------------------------
Project: jext-5.0
Task: cha
Duration: 4.61s
Status: FAILED (Code: 1)
Log: /home/byx/testSpace/javaprjs/jext-5.0/cha_logs/run_20250606-171243.log
------------------------------
Project: jasml-0.10
Task: cha
Duration: 10.64s
Status: SUCCESS (Code: 0)
Log: /home/byx/testSpace/javaprjs/jasml-0.10/cha_logs/run_20250606-171248.log
------------------------------
Project: jhotdraw-7.5.1
Task: cha
Duration: 7.22s
Status: FAILED (Code: 1)
Log: /home/byx/testSpace/javaprjs/jhotdraw-7.5.1/cha_logs/run_20250606-171259.log
------------------------------
Project: marauroa-3.8.1
Task: cha
Duration: 3.62s
Status: FAILED (Code: 1)
Log: /home/byx/testSpace/javaprjs/marauroa-3.8.1/cha_logs/run_20250606-171306.log
------------------------------
Project: columba
Task: cha
Duration: 6.32s
Status: FAILED (Code: 1)
Log: /home/byx/testSpace/javaprjs/columba/cha_logs/run_20250606-171310.log
------------------------------
Project: jedit
Task: cha
Duration: 18.37s
Status: SUCCESS (Code: 0)
Log: /home/byx/testSpace/javaprjs/jedit/cha_logs/run_20250606-171316.log
------------------------------
Project: freecol
Task: cha
Duration: 6.72s
Status: FAILED (Code: 1)
Log: /home/byx/testSpace/javaprjs/freecol/cha_logs/run_20250606-171334.log
------------------------------
Project: findbugs
Task: cha
Duration: 5.02s
Status: FAILED (Code: 1)
Log: /home/byx/testSpace/javaprjs/findbugs/cha_logs/run_20250606-171341.log
------------------------------
Project: jython
Task: cha
Duration: 20.28s
Status: SUCCESS (Code: 0)
Log: /home/byx/testSpace/javaprjs/jython/cha_logs/run_20250606-171346.log
------------------------------
Project: hsqldb
Task: cha
Duration: 20.27s
Status: SUCCESS (Code: 0)
Log: /home/byx/testSpace/javaprjs/hsqldb/cha_logs/run_20250606-171406.log
------------------------------
Project: fop
Task: cha
Duration: 22.18s
Status: SUCCESS (Code: 0)
Log: /home/byx/testSpace/javaprjs/fop/cha_logs/run_20250606-171427.log
------------------------------
Project: lusearch
Task: cha
Duration: 17.46s
Status: SUCCESS (Code: 0)
Log: /home/byx/testSpace/javaprjs/lusearch/cha_logs/run_20250606-171449.log
------------------------------
Project: drawswf-1.2.9
Task: cha
Duration: 14.04s
Status: SUCCESS (Code: 0)
Log: /home/byx/testSpace/javaprjs/drawswf-1.2.9/cha_logs/run_20250606-171506.log
------------------------------
Project: jgrapht-0.8.1
Task: cha
Duration: 3.11s
Status: FAILED (Code: 1)
Log: /home/byx/testSpace/javaprjs/jgrapht-0.8.1/cha_logs/run_20250606-171520.log
------------------------------
Project: soot
Task: cha
Duration: 11.13s
Status: FAILED (Code: 1)
Log: /home/byx/testSpace/javaprjs/soot/cha_logs/run_20250606-171523.log
------------------------------
Project: bloat
Task: cha
Duration: 18.68s
Status: SUCCESS (Code: 0)
Log: /home/byx/testSpace/javaprjs/bloat/cha_logs/run_20250606-171534.log
------------------------------
Project: pmd
Task: cha
Duration: 21.27s
Status: SUCCESS (Code: 0)
Log: /home/byx/testSpace/javaprjs/pmd/cha_logs/run_20250606-171553.log
------------------------------
Project: briss
Task: cha
Duration: 2.71s
Status: FAILED (Code: 1)
Log: /home/byx/testSpace/javaprjs/briss/cha_logs/run_20250606-171614.log
------------------------------
Project: chart
Task: cha
Duration: 20.37s
Status: SUCCESS (Code: 0)
Log: /home/byx/testSpace/javaprjs/chart/cha_logs/run_20250606-171617.log
------------------------------
Project: antlr
Task: cha
Duration: 18.87s
Status: SUCCESS (Code: 0)
Log: /home/byx/testSpace/javaprjs/antlr/cha_logs/run_20250606-171637.log
------------------------------
Project: sablecc-3.2
Task: cha
Duration: 19.07s
Status: SUCCESS (Code: 0)
Log: /home/byx/testSpace/javaprjs/sablecc-3.2/cha_logs/run_20250606-171656.log
------------------------------
