Writing log to /home/byx/testSpace/javaprjs/jext-5.0/ci_app-output/tai-e.log
java.version: 17.0.14
java.version.date: 2025-01-21
java.runtime.version: 17.0.14+7-LTS
java.vendor: Amazon.com Inc.
java.vendor.version: Corretto-17.0.14.7.1
os.name: Linux
os.version: 5.15.167.4-microsoft-standard-WSL2
os.arch: amd64
Tai-e Version: 0.5.2-SNAPSHOT
Tai-e Commit: f4f1c5d3c96f68ac1bf30f8a35a3b8baefe40761
Writing analysis plan to /home/byx/testSpace/javaprjs/jext-5.0/ci_app-output/tai-e-plan.yml
WorldBuilder starts ...
5600 classes with 53245 methods in the world
WorldBuilder finishes, elapsed time: 5.89s
pta starts ...
[Pointer analysis] elapsed time: 1.20s
-------------- Pointer analysis statistics: --------------
#var pointers:                1,9858 (insens) / 8,1128 (sens)
#objects:                     2175 (insens) / 2175 (sens)
#var points-to:               23,8445 (insens) / 80,4456 (sens)
#static field points-to:      9161 (sens)
#instance field points-to:    1,3766 (sens)
#array points-to:             9776 (sens)
#reachable methods:           3367 (insens) / 1,5002 (sens)
#call graph edges:            1,4855 (insens) / 5,7269 (sens)
----------------------------------------
pta finishes, elapsed time: 1.98s
cg starts ...
Call graph has 3367 reachable methods and 14855 edges
Dumping call graph to /home/byx/testSpace/javaprjs/jext-5.0/ci_app-output/call-graph.dot
Dumping reachable methods to /home/byx/testSpace/javaprjs/jext-5.0/ci_app-output/reachable-methods.txt
Dumping call edges to /home/byx/testSpace/javaprjs/jext-5.0/ci_app-output/call-edges.txt
cg finishes, elapsed time: 0.31s
Tai-e finishes, elapsed time: 8.36s
