Tai-e starts ...
Output directory: /home/byx/testSpace/javaprjs/jrat-0.6/cha-output
Writing options to /home/byx/testSpace/javaprjs/jrat-0.6/cha-output/options.yml
Writing log to /home/byx/testSpace/javaprjs/jrat-0.6/cha-output/tai-e.log
java.version: 17.0.14
java.version.date: 2025-01-21
java.runtime.version: 17.0.14+7-LTS
java.vendor: Amazon.com Inc.
java.vendor.version: Corretto-17.0.14.7.1
os.name: Linux
os.version: 5.15.167.4-microsoft-standard-WSL2
os.arch: amd64
Tai-e Version: 0.5.2-SNAPSHOT
Tai-e Commit: 1c57ad8c75bb0b434e1bc525f6efb74d571459d1
Writing analysis plan to /home/byx/testSpace/javaprjs/jrat-0.6/cha-output/tai-e-plan.yml
WorldBuilder starts ...
Scanning /home/byx/testSpace/javaprjs/jrat-0.6/bin ... 250 classes
4282 classes with 41603 methods in the world
WorldBuilder finishes, elapsed time: 5.90s
cg starts ...
Building call graph by CHA
Ignore methods of java.lang.Object
Call graph has 17314 reachable methods and 145596 edges
Dumping call graph to /home/byx/testSpace/javaprjs/jrat-0.6/cha-output/call-graph.dot
Dumping reachable methods to /home/byx/testSpace/javaprjs/jrat-0.6/cha-output/reachable-methods.txt
Dumping call edges to /home/byx/testSpace/javaprjs/jrat-0.6/cha-output/call-edges.txt
cg finishes, elapsed time: 10.81s
Tai-e finishes, elapsed time: 16.90s
[Task Info]
Task Name: cha
Java Path: /home/byx/.jdks/corretto-17.0.14/bin/java
JAR Path: /home/byx/projects/Tai-e/build/tai-e-all-0.5.2-SNAPSHOT.jar
Config File: cha-config.yml
Project Dir: /home/byx/testSpace/javaprjs/jrat-0.6
Work Dir: /home/byx/projects/Tai-e
Log File: /home/byx/testSpace/javaprjs/jrat-0.6/cha_logs/run_20250526-192854.log

[Command]
/home/byx/.jdks/corretto-17.0.14/bin/java -jar /home/byx/projects/Tai-e/build/tai-e-all-0.5.2-SNAPSHOT.jar --options-file /home/byx/testSpace/javaprjs/jrat-0.6/cha-config.yml

[Output]

[Performance]
Start Time: 2025-05-26 19:28:54
Duration: 17.47s
Peak Memory: 1176.10 MB
Exit Code: 0
