Tai-e starts ...
Output directory: /home/byx/testSpace/javaprjs/jgroups-2.10.0/taie-output
Writing options to /home/byx/testSpace/javaprjs/jgroups-2.10.0/taie-output/options.yml
Writing log to /home/byx/testSpace/javaprjs/jgroups-2.10.0/taie-output/tai-e.log
java.version: 17.0.14
java.version.date: 2025-01-21
java.runtime.version: 17.0.14+7-LTS
java.vendor: Amazon.com Inc.
java.vendor.version: Corretto-17.0.14.7.1
os.name: Linux
os.version: 5.15.167.4-microsoft-standard-WSL2
os.arch: amd64
Tai-e Version: 0.5.2-SNAPSHOT
Tai-e Commit: f4f1c5d3c96f68ac1bf30f8a35a3b8baefe40761
Writing analysis plan to /home/byx/testSpace/javaprjs/jgroups-2.10.0/taie-output/tai-e-plan.yml
WorldBuilder starts ...
Scanning /home/byx/testSpace/javaprjs/jgroups-2.10.0/bin ... 1211 classes
8650 classes with 80386 methods in the world
WorldBuilder finishes, elapsed time: 8.93s
pta starts ...
[Pointer analysis] elapsed time: 0.20s
-------------- Pointer analysis statistics: --------------
#var pointers:                2626 (insens) / 4261 (sens)
#objects:                     351 (insens) / 351 (sens)
#var points-to:               2392 (insens) / 3514 (sens)
#static field points-to:      99 (sens)
#instance field points-to:    270 (sens)
#array points-to:             32 (sens)
#reachable methods:           573 (insens) / 1481 (sens)
#call graph edges:            1414 (insens) / 2209 (sens)
----------------------------------------
pta finishes, elapsed time: 0.45s
cg starts ...
Call graph has 573 reachable methods and 1414 edges
Dumping call graph to /home/byx/testSpace/javaprjs/jgroups-2.10.0/taie-output/call-graph.dot
Dumping reachable methods to /home/byx/testSpace/javaprjs/jgroups-2.10.0/taie-output/reachable-methods.txt
Dumping call edges to /home/byx/testSpace/javaprjs/jgroups-2.10.0/taie-output/call-edges.txt
cg finishes, elapsed time: 0.11s
Tai-e finishes, elapsed time: 9.67s
[Task Info]
Task Name: taie
Java Path: /home/byx/.jdks/corretto-17.0.14/bin/java
JAR Path: /home/byx/projects/Tai-e/build/tai-e-all-0.5.2-SNAPSHOT.jar
Config File: taie-config.yml
Project Dir: /home/byx/testSpace/javaprjs/jgroups-2.10.0
Work Dir: /home/byx/projects/Tai-e
Log File: /home/byx/testSpace/javaprjs/jgroups-2.10.0/taie_logs/run_20250513-205907.log

[Command]
/home/byx/.jdks/corretto-17.0.14/bin/java -jar /home/byx/projects/Tai-e/build/tai-e-all-0.5.2-SNAPSHOT.jar --options-file /home/byx/testSpace/javaprjs/jgroups-2.10.0/taie-config.yml

[Output]

[Performance]
Start Time: 2025-05-13 20:59:07
Duration: 10.23s
Peak Memory: 1187.83 MB
Exit Code: 0
