Tai-e starts ...
Output directory: /home/byx/testSpace/javaprjs/jgroups-2.10.0/ci-output
Writing options to /home/byx/testSpace/javaprjs/jgroups-2.10.0/ci-output/options.yml
Writing log to /home/byx/testSpace/javaprjs/jgroups-2.10.0/ci-output/tai-e.log
java.version: 17.0.14
java.version.date: 2025-01-21
java.runtime.version: 17.0.14+7-LTS
java.vendor: Amazon.com Inc.
java.vendor.version: Corretto-17.0.14.7.1
os.name: Linux
os.version: 5.15.167.4-microsoft-standard-WSL2
os.arch: amd64
Tai-e Version: 0.5.2-SNAPSHOT
Tai-e Commit: f4f1c5d3c96f68ac1bf30f8a35a3b8baefe40761
Writing analysis plan to /home/byx/testSpace/javaprjs/jgroups-2.10.0/ci-output/tai-e-plan.yml
WorldBuilder starts ...
Scanning /home/byx/testSpace/javaprjs/jgroups-2.10.0/bin ... 1211 classes
8650 classes with 80386 methods in the world
WorldBuilder finishes, elapsed time: 7.97s
pta starts ...
[Pointer analysis] elapsed time: 15.35s
Imprecise reflective calls:
[Array.newInstance]<com.sun.beans.TypeResolver: java.lang.reflect.Type resolve(java.lang.reflect.Type,java.lang.reflect.Type)>[12@L164] $r31 = invokestatic java.lang.reflect.Array.newInstance($r30, %intconst0), #targets: 157
[Array.newInstance]<com.sun.beans.TypeResolver: java.lang.Class erase(java.lang.reflect.Type)>[38@L256] $r9 = invokestatic java.lang.reflect.Array.newInstance($r8, %intconst0), #targets: 157
[Array.newInstance]<com.sun.beans.TypeResolver: java.lang.reflect.Type fixGenericArray(java.lang.reflect.Type)>[9@L347] $r5 = invokestatic java.lang.reflect.Array.newInstance($r4, %intconst0), #targets: 157
[Array.newInstance]<java.lang.Class: java.lang.Class toClass(java.lang.reflect.Type)>[6@L1126] $r5 = invokestatic java.lang.reflect.Array.newInstance($r4, %intconst0), #targets: 157
[Array.newInstance]<sun.reflect.annotation.AnnotationParser: java.lang.Class toClass(java.lang.reflect.Type)>[6@L445] $r5 = invokestatic java.lang.reflect.Array.newInstance($r4, %intconst0), #targets: 157
[Constructor.newInstance]<java.security.Provider$Service: java.lang.Object newInstance(java.lang.Object)>[50@L1595] $r26 = invokevirtual $r24.newInstance($r25), #targets: 67
[Constructor.newInstance]<java.security.Provider$Service: java.lang.Object newInstanceGeneric(java.lang.Object)>[6@L1666] $r21 = invokevirtual $r19.newInstance($r20), #targets: 67
[Class.forName]<java.security.Policy: java.security.Policy getPolicyNoCheck()>[23@L184] $r9 = invokestatic java.lang.Class.forName(r28), #targets: 65
[Class.forName]<java.security.Policy$2: java.security.Policy run()>[9@L213] $r2 = invokestatic java.lang.Class.forName($r1, %intconst0, r14), #targets: 65
[Class.forName]<sun.security.provider.PolicyFile: void addPermissions(java.security.Permissions,java.security.CodeSource,java.security.Principal[],sun.security.provider.PolicyFile$PolicyEntry)>[107@L1357] $r26 = invokestatic java.lang.Class.forName($r25, %intconst2, $r24), #targets: 65
[Class.forName]<java.awt.Toolkit: void loadAssistiveTechnologies()>[14@L803] r31 = invokestatic java.lang.Class.forName($r4), #targets: 64
[Class.forName]<java.security.Provider$Service: java.lang.Class getImplClass()>[13@L1634] r33 = invokestatic java.lang.Class.forName($r18), #targets: 64
[Class.forName]<java.security.Provider$Service: java.lang.Class getKeyClass(java.lang.String)>[0@L1786] $r1 = invokestatic java.lang.Class.forName(r0), #targets: 64
[Class.forName]<java.util.ResourceBundle$RBClassLoader: java.lang.Class loadClass(java.lang.String)>[5@L514] $r2 = invokestatic java.lang.Class.forName(r1), #targets: 64
[Class.forName]<java.util.ServiceLoader$LazyIterator: java.lang.Object nextService()>[10@L370] r31 = invokestatic java.lang.Class.forName(r1, %intconst0, $r2), #targets: 64
[Class.forName]<javax.crypto.CryptoPolicyParser: java.security.spec.AlgorithmParameterSpec getInstance(java.lang.String,java.lang.Integer[])>[0@L288] $r1 = invokestatic java.lang.Class.forName(r0), #targets: 64
[Class.forName]<javax.swing.SwingUtilities: java.lang.Class loadSystemClass(java.lang.String)>[4@L1879] $r3 = invokestatic java.lang.Class.forName(r0, %intconst0, $r2), #targets: 64
[Class.forName]<javax.xml.parsers.FactoryFinder: java.lang.Class getProviderClass(java.lang.String,java.lang.ClassLoader,boolean,boolean)>[5@L106] $r8 = invokestatic java.lang.Class.forName(r0, %intconst0, $r7), #targets: 64
[Class.forName]<javax.xml.parsers.FactoryFinder: java.lang.Class getProviderClass(java.lang.String,java.lang.ClassLoader,boolean,boolean)>[13@L113] $r4 = invokestatic java.lang.Class.forName(r0, %intconst0, $r3), #targets: 64
[Class.forName]<javax.xml.parsers.FactoryFinder: java.lang.Class getProviderClass(java.lang.String,java.lang.ClassLoader,boolean,boolean)>[15@L118] $r1 = invokestatic java.lang.Class.forName(r0, %intconst0, cl), #targets: 64
[Class.forName]<javax.xml.parsers.FactoryFinder: java.lang.Class getProviderClass(java.lang.String,java.lang.ClassLoader,boolean,boolean)>[21@L124] $r12 = invokestatic java.lang.Class.forName(r0, %intconst0, $r11), #targets: 64
[Class.forName]<org.apache.log4j.helpers.Loader: java.lang.Class loadClass(java.lang.String)>[5@L171] $r1 = invokestatic java.lang.Class.forName(r0), #targets: 64
[Class.forName]<org.apache.log4j.helpers.Loader: java.lang.Class loadClass(java.lang.String)>[11@L179] $r5 = invokestatic java.lang.Class.forName(r0), #targets: 64
[Class.forName]<sun.awt.shell.ShellFolder: void <clinit>()>[6@L215] $r3 = invokestatic java.lang.Class.forName(r2, %intconst1, %nullconst), #targets: 64
[Class.forName]<sun.reflect.generics.factory.CoreReflectionFactory: java.lang.reflect.Type makeNamedType(java.lang.String)>[2@L114] $r3 = invokestatic java.lang.Class.forName(r0, %intconst0, $r2), #targets: 64
[Array.newInstance]<sun.reflect.generics.factory.CoreReflectionFactory: java.lang.reflect.Type makeArrayType(java.lang.reflect.Type)>[4@L123] $r3 = invokestatic java.lang.reflect.Array.newInstance($r2, %intconst0), #targets: 64
[Class.forName]<sun.security.jca.ProviderConfig$2: java.security.Provider run()>[19@L217] r55 = invokestatic java.lang.Class.forName($r4), #targets: 64
[Class.forName]<sun.security.provider.PolicyFile: java.security.Permission getInstance(java.lang.String,java.lang.String,java.lang.String)>[1@L939] $r1 = invokestatic java.lang.Class.forName(r0, %intconst0, %nullconst), #targets: 64
-------------- Pointer analysis statistics: --------------
#var pointers:                10,0124 (insens) / 10,0124 (sens)
#objects:                     1,2847 (insens) / 1,2847 (sens)
#var points-to:               1341,6420 (insens) / 1341,6420 (sens)
#static field points-to:      7692 (sens)
#instance field points-to:    313,2101 (sens)
#array points-to:             52,8824 (sens)
#reachable methods:           1,4943 (insens) / 1,4943 (sens)
#call graph edges:            8,2363 (insens) / 8,2364 (sens)
----------------------------------------
pta finishes, elapsed time: 16.43s
cg starts ...
Call graph has 14943 reachable methods and 82363 edges
Dumping call graph to /home/byx/testSpace/javaprjs/jgroups-2.10.0/ci-output/call-graph.dot
Dumping reachable methods to /home/byx/testSpace/javaprjs/jgroups-2.10.0/ci-output/reachable-methods.txt
Dumping call edges to /home/byx/testSpace/javaprjs/jgroups-2.10.0/ci-output/call-edges.txt
cg finishes, elapsed time: 1.12s
Tai-e finishes, elapsed time: 25.68s
[Task Info]
Task Name: ci
Java Path: /home/byx/.jdks/corretto-17.0.14/bin/java
JAR Path: /home/byx/projects/Tai-e/build/tai-e-all-0.5.2-SNAPSHOT.jar
Config File: ci-config.yml
Project Dir: /home/byx/testSpace/javaprjs/jgroups-2.10.0
Work Dir: /home/byx/projects/Tai-e
Log File: /home/byx/testSpace/javaprjs/jgroups-2.10.0/ci_logs/run_20250523-190904.log

[Command]
/home/byx/.jdks/corretto-17.0.14/bin/java -jar /home/byx/projects/Tai-e/build/tai-e-all-0.5.2-SNAPSHOT.jar --options-file /home/byx/testSpace/javaprjs/jgroups-2.10.0/ci-config.yml

[Output]

[Performance]
Start Time: 2025-05-23 19:09:04
Duration: 26.20s
Peak Memory: 2624.25 MB
Exit Code: 0
