Tai-e starts ...
Output directory: /home/byx/testSpace/javaprjs/javacc-5.0/cs1call-output
Writing options to /home/byx/testSpace/javaprjs/javacc-5.0/cs1call-output/options.yml
Writing log to /home/byx/testSpace/javaprjs/javacc-5.0/cs1call-output/tai-e.log
java.version: 17.0.14
java.version.date: 2025-01-21
java.runtime.version: 17.0.14+7-LTS
java.vendor: Amazon.com Inc.
java.vendor.version: Corretto-17.0.14.7.1
os.name: Linux
os.version: 5.15.167.4-microsoft-standard-WSL2
os.arch: amd64
Tai-e Version: 0.5.2-SNAPSHOT
Tai-e Commit: f4f1c5d3c96f68ac1bf30f8a35a3b8baefe40761
Writing analysis plan to /home/byx/testSpace/javaprjs/javacc-5.0/cs1call-output/tai-e-plan.yml
WorldBuilder starts ...
Scanning /home/byx/testSpace/javaprjs/javacc-5.0/bin ... 154 classes
6857 classes with 66428 methods in the world
WorldBuilder finishes, elapsed time: 4.48s
pta starts ...
[Pointer analysis] elapsed time: 9.68s
-------------- Pointer analysis statistics: --------------
#var pointers:                7,1712 (insens) / 28,7473 (sens)
#objects:                     7196 (insens) / 7201 (sens)
#var points-to:               376,8171 (insens) / 2141,4191 (sens)
#static field points-to:      9064 (sens)
#instance field points-to:    57,1123 (sens)
#array points-to:             13,4513 (sens)
#reachable methods:           9293 (insens) / 5,6916 (sens)
#call graph edges:            5,6234 (insens) / 39,1437 (sens)
----------------------------------------
pta finishes, elapsed time: 11.06s
cg starts ...
Call graph has 9293 reachable methods and 56234 edges
Dumping call graph to /home/byx/testSpace/javaprjs/javacc-5.0/cs1call-output/call-graph.dot
Dumping reachable methods to /home/byx/testSpace/javaprjs/javacc-5.0/cs1call-output/reachable-methods.txt
Dumping call edges to /home/byx/testSpace/javaprjs/javacc-5.0/cs1call-output/call-edges.txt
cg finishes, elapsed time: 0.87s
Tai-e finishes, elapsed time: 16.57s
[Task Info]
Task Name: cs1call
Java Path: /home/byx/.jdks/corretto-17.0.14/bin/java
JAR Path: /home/byx/projects/Tai-e/build/tai-e-all-0.5.2-SNAPSHOT.jar
Config File: cs1call-config.yml
Project Dir: /home/byx/testSpace/javaprjs/javacc-5.0
Work Dir: /home/byx/projects/Tai-e
Log File: /home/byx/testSpace/javaprjs/javacc-5.0/cs1call_logs/run_20250521-114508.log

[Command]
/home/byx/.jdks/corretto-17.0.14/bin/java -jar /home/byx/projects/Tai-e/build/tai-e-all-0.5.2-SNAPSHOT.jar --options-file /home/byx/testSpace/javaprjs/javacc-5.0/cs1call-config.yml

[Output]

[Performance]
Start Time: 2025-05-21 11:45:08
Duration: 17.07s
Peak Memory: 1962.72 MB
Exit Code: 0
