Tai-e starts ...
Output directory: /home/byx/testSpace/javaprjs/jext-5.0/taie-output
Writing options to /home/byx/testSpace/javaprjs/jext-5.0/taie-output/options.yml
Writing log to /home/byx/testSpace/javaprjs/jext-5.0/taie-output/tai-e.log
java.version: 17.0.14
java.version.date: 2025-01-21
java.runtime.version: 17.0.14+7-LTS
java.vendor: Amazon.com Inc.
java.vendor.version: Corretto-17.0.14.7.1
os.name: Linux
os.version: 5.15.167.4-microsoft-standard-WSL2
os.arch: amd64
Tai-e Version: 0.5.2-SNAPSHOT
Tai-e Commit: f4f1c5d3c96f68ac1bf30f8a35a3b8baefe40761
Writing analysis plan to /home/byx/testSpace/javaprjs/jext-5.0/taie-output/tai-e-plan.yml
WorldBuilder starts ...
Scanning /home/byx/testSpace/javaprjs/jext-5.0/bin ... 466 classes
5600 classes with 53245 methods in the world
WorldBuilder finishes, elapsed time: 6.56s
pta starts ...
[Pointer analysis] elapsed time: 1.44s
-------------- Pointer analysis statistics: --------------
#var pointers:                1,9867 (insens) / 8,1137 (sens)
#objects:                     2178 (insens) / 2178 (sens)
#var points-to:               23,8452 (insens) / 80,4463 (sens)
#static field points-to:      9161 (sens)
#instance field points-to:    1,3768 (sens)
#array points-to:             9776 (sens)
#reachable methods:           3382 (insens) / 1,5021 (sens)
#call graph edges:            1,4861 (insens) / 5,7275 (sens)
----------------------------------------
pta finishes, elapsed time: 2.22s
cg starts ...
Call graph has 3382 reachable methods and 14861 edges
Dumping call graph to /home/byx/testSpace/javaprjs/jext-5.0/taie-output/call-graph.dot
Dumping reachable methods to /home/byx/testSpace/javaprjs/jext-5.0/taie-output/reachable-methods.txt
Dumping call edges to /home/byx/testSpace/javaprjs/jext-5.0/taie-output/call-edges.txt
cg finishes, elapsed time: 0.41s
Tai-e finishes, elapsed time: 9.41s
[Task Info]
Task Name: taie
Java Path: /home/byx/.jdks/corretto-17.0.14/bin/java
JAR Path: /home/byx/projects/Tai-e/build/tai-e-all-0.5.2-SNAPSHOT.jar
Config File: taie-config.yml
Project Dir: /home/byx/testSpace/javaprjs/jext-5.0
Work Dir: /home/byx/projects/Tai-e
Log File: /home/byx/testSpace/javaprjs/jext-5.0/taie_logs/run_20250513-205939.log

[Command]
/home/byx/.jdks/corretto-17.0.14/bin/java -jar /home/byx/projects/Tai-e/build/tai-e-all-0.5.2-SNAPSHOT.jar --options-file /home/byx/testSpace/javaprjs/jext-5.0/taie-config.yml

[Output]

[Performance]
Start Time: 2025-05-13 20:59:39
Duration: 9.93s
Peak Memory: 1160.85 MB
Exit Code: 0
