Tai-e starts ...
Output directory: /home/byx/testSpace/javaprjs/emma-2.0.5312/cha-output
Writing options to /home/byx/testSpace/javaprjs/emma-2.0.5312/cha-output/options.yml
Writing log to /home/byx/testSpace/javaprjs/emma-2.0.5312/cha-output/tai-e.log
java.version: 17.0.14
java.version.date: 2025-01-21
java.runtime.version: 17.0.14+7-LTS
java.vendor: Amazon.com Inc.
java.vendor.version: Corretto-17.0.14.7.1
os.name: Linux
os.version: 5.15.167.4-microsoft-standard-WSL2
os.arch: amd64
Tai-e Version: 0.5.2-SNAPSHOT
Tai-e Commit: c7be5bc7169859d534212a5d557c34b177e43d7c
Writing analysis plan to /home/byx/testSpace/javaprjs/emma-2.0.5312/cha-output/tai-e-plan.yml
WorldBuilder starts ...
Scanning /home/byx/testSpace/javaprjs/emma-2.0.5312/bin ... 332 classes
2640 classes with 25404 methods in the world
WorldBuilder finishes, elapsed time: 3.44s
cg starts ...
Building call graph by CHA
Ignore methods of java.lang.Object
Call graph has 11835 reachable methods and 82737 edges
Dumping call graph to /home/byx/testSpace/javaprjs/emma-2.0.5312/cha-output/call-graph.dot
Dumping reachable methods to /home/byx/testSpace/javaprjs/emma-2.0.5312/cha-output/reachable-methods.txt
Dumping call edges to /home/byx/testSpace/javaprjs/emma-2.0.5312/cha-output/call-edges.txt
cg finishes, elapsed time: 5.97s
Tai-e finishes, elapsed time: 9.57s
[Task Info]
Task Name: cha
Java Path: /home/byx/.jdks/corretto-17.0.14/bin/java
JAR Path: /home/byx/projects/Tai-e/build/tai-e-all-0.5.2-SNAPSHOT.jar
Config File: cha-config.yml
Project Dir: /home/byx/testSpace/javaprjs/emma-2.0.5312
Work Dir: /home/byx/projects/Tai-e
Log File: /home/byx/testSpace/javaprjs/emma-2.0.5312/cha_logs/run_20250604-213738.log

[Command]
/home/byx/.jdks/corretto-17.0.14/bin/java -jar /home/byx/projects/Tai-e/build/tai-e-all-0.5.2-SNAPSHOT.jar --options-file /home/byx/testSpace/javaprjs/emma-2.0.5312/cha-config.yml

[Output]

[Performance]
Start Time: 2025-06-04 21:37:38
Duration: 10.03s
Peak Memory: 1062.21 MB
Exit Code: 0
