Writing log to /home/byx/testSpace/javaprjs/megamek-0.35.18/cs1call-output/tai-e.log
java.version: 17.0.14
java.version.date: 2025-01-21
java.runtime.version: 17.0.14+7-LTS
java.vendor: Amazon.com Inc.
java.vendor.version: Corretto-17.0.14.7.1
os.name: Linux
os.version: 5.15.167.4-microsoft-standard-WSL2
os.arch: amd64
Tai-e Version: 0.5.2-SNAPSHOT
Tai-e Commit: f4f1c5d3c96f68ac1bf30f8a35a3b8baefe40761
Writing analysis plan to /home/byx/testSpace/javaprjs/megamek-0.35.18/cs1call-output/tai-e-plan.yml
WorldBuilder starts ...
7687 classes with 70450 methods in the world
WorldBuilder finishes, elapsed time: 11.39s
pta starts ...
[Pointer analysis] elapsed time: 29.82s
-------------- Pointer analysis statistics: --------------
#var pointers:                14,0157 (insens) / 63,3471 (sens)
#objects:                     1,6343 (insens) / 1,6589 (sens)
#var points-to:               2210,4483 (insens) / 1,6613,1158 (sens)
#static field points-to:      8898 (sens)
#instance field points-to:    121,9910 (sens)
#array points-to:             16,7194 (sens)
#reachable methods:           1,8030 (insens) / 13,5132 (sens)
#call graph edges:            13,4458 (insens) / 122,6226 (sens)
----------------------------------------
pta finishes, elapsed time: 35.77s
cg starts ...
Call graph has 18030 reachable methods and 134458 edges
Dumping call graph to /home/byx/testSpace/javaprjs/megamek-0.35.18/cs1call-output/call-graph.dot
Dumping reachable methods to /home/byx/testSpace/javaprjs/megamek-0.35.18/cs1call-output/reachable-methods.txt
Dumping call edges to /home/byx/testSpace/javaprjs/megamek-0.35.18/cs1call-output/call-edges.txt
cg finishes, elapsed time: 1.76s
Tai-e finishes, elapsed time: 49.08s
