Writing log to /home/byx/testSpace/javaprjs/jgroups-2.10.0/ci_app-output/tai-e.log
java.version: 17.0.14
java.version.date: 2025-01-21
java.runtime.version: 17.0.14+7-LTS
java.vendor: Amazon.com Inc.
java.vendor.version: Corretto-17.0.14.7.1
os.name: Linux
os.version: 5.15.167.4-microsoft-standard-WSL2
os.arch: amd64
Tai-e Version: 0.5.2-SNAPSHOT
Tai-e Commit: f4f1c5d3c96f68ac1bf30f8a35a3b8baefe40761
Writing analysis plan to /home/byx/testSpace/javaprjs/jgroups-2.10.0/ci_app-output/tai-e-plan.yml
WorldBuilder starts ...
8650 classes with 80386 methods in the world
WorldBuilder finishes, elapsed time: 7.78s
pta starts ...
[Pointer analysis] elapsed time: 0.16s
-------------- Pointer analysis statistics: --------------
#var pointers:                2617 (insens) / 4252 (sens)
#objects:                     347 (insens) / 347 (sens)
#var points-to:               2385 (insens) / 3507 (sens)
#static field points-to:      99 (sens)
#instance field points-to:    270 (sens)
#array points-to:             32 (sens)
#reachable methods:           558 (insens) / 1464 (sens)
#call graph edges:            1410 (insens) / 2205 (sens)
----------------------------------------
pta finishes, elapsed time: 0.38s
cg starts ...
Call graph has 558 reachable methods and 1410 edges
Dumping call graph to /home/byx/testSpace/javaprjs/jgroups-2.10.0/ci_app-output/call-graph.dot
Dumping reachable methods to /home/byx/testSpace/javaprjs/jgroups-2.10.0/ci_app-output/reachable-methods.txt
Dumping call edges to /home/byx/testSpace/javaprjs/jgroups-2.10.0/ci_app-output/call-edges.txt
cg finishes, elapsed time: 0.10s
Tai-e finishes, elapsed time: 8.41s
