Tai-e starts ...
Output directory: /home/byx/testSpace/javaprjs/jgrapht-0.8.1/ci-output
Writing options to /home/byx/testSpace/javaprjs/jgrapht-0.8.1/ci-output/options.yml
Writing log to /home/byx/testSpace/javaprjs/jgrapht-0.8.1/ci-output/tai-e.log
java.version: 17.0.14
java.version.date: 2025-01-21
java.runtime.version: 17.0.14+7-LTS
java.vendor: Amazon.com Inc.
java.vendor.version: Corretto-17.0.14.7.1
os.name: Linux
os.version: 5.15.167.4-microsoft-standard-WSL2
os.arch: amd64
Tai-e Version: 0.5.2-SNAPSHOT
Tai-e Commit: f4f1c5d3c96f68ac1bf30f8a35a3b8baefe40761
Writing analysis plan to /home/byx/testSpace/javaprjs/jgrapht-0.8.1/ci-output/tai-e-plan.yml
WorldBuilder starts ...
Scanning /home/byx/testSpace/javaprjs/jgrapht-0.8.1/bin ... 255 classes
5959 classes with 55703 methods in the world
WorldBuilder finishes, elapsed time: 4.24s
pta starts ...
[Pointer analysis] elapsed time: 9.98s
Imprecise reflective calls:
[Class.newInstance]<java.security.Provider$Service: java.lang.Object newInstance(java.lang.Object)>[47@L1221] $r24 = invokevirtual $r23.newInstance(), #targets: 60
[Class.newInstance]<java.security.Provider$Service: java.lang.Object newInstanceGeneric(java.lang.Object)>[2@L1283] $r19 = invokevirtual $r1.newInstance(), #targets: 60
-------------- Pointer analysis statistics: --------------
#var pointers:                9,3170 (insens) / 9,3170 (sens)
#objects:                     9764 (insens) / 9764 (sens)
#var points-to:               727,0966 (insens) / 727,0966 (sens)
#static field points-to:      1,9628 (sens)
#instance field points-to:    107,3730 (sens)
#array points-to:             17,5119 (sens)
#reachable methods:           1,4708 (insens) / 1,4708 (sens)
#call graph edges:            8,0389 (insens) / 8,0389 (sens)
----------------------------------------
pta finishes, elapsed time: 10.93s
cg starts ...
Call graph has 14708 reachable methods and 80389 edges
Dumping call graph to /home/byx/testSpace/javaprjs/jgrapht-0.8.1/ci-output/call-graph.dot
Dumping reachable methods to /home/byx/testSpace/javaprjs/jgrapht-0.8.1/ci-output/reachable-methods.txt
Dumping call edges to /home/byx/testSpace/javaprjs/jgrapht-0.8.1/ci-output/call-edges.txt
cg finishes, elapsed time: 1.33s
Tai-e finishes, elapsed time: 16.70s
[Task Info]
Task Name: ci
Java Path: /home/byx/.jdks/corretto-17.0.14/bin/java
JAR Path: /home/byx/projects/Tai-e/build/tai-e-all-0.5.2-SNAPSHOT.jar
Config File: ci-config.yml
Project Dir: /home/byx/testSpace/javaprjs/jgrapht-0.8.1
Work Dir: /home/byx/projects/Tai-e
Log File: /home/byx/testSpace/javaprjs/jgrapht-0.8.1/ci_logs/run_20250522-161506.log

[Command]
/home/byx/.jdks/corretto-17.0.14/bin/java -jar /home/byx/projects/Tai-e/build/tai-e-all-0.5.2-SNAPSHOT.jar --options-file /home/byx/testSpace/javaprjs/jgrapht-0.8.1/ci-config.yml

[Output]

[Performance]
Start Time: 2025-05-22 16:15:06
Duration: 17.17s
Peak Memory: 1610.55 MB
Exit Code: 0
