Writing log to /home/byx/testSpace/javaprjs/javacc-5.0/ci_app-output/tai-e.log
java.version: 17.0.14
java.version.date: 2025-01-21
java.runtime.version: 17.0.14+7-LTS
java.vendor: Amazon.com Inc.
java.vendor.version: Corretto-17.0.14.7.1
os.name: Linux
os.version: 5.15.167.4-microsoft-standard-WSL2
os.arch: amd64
Tai-e Version: 0.5.2-SNAPSHOT
Tai-e Commit: f4f1c5d3c96f68ac1bf30f8a35a3b8baefe40761
Writing analysis plan to /home/byx/testSpace/javaprjs/javacc-5.0/ci_app-output/tai-e-plan.yml
WorldBuilder starts ...
6857 classes with 66428 methods in the world
WorldBuilder finishes, elapsed time: 4.78s
pta starts ...
[Pointer analysis] elapsed time: 0.52s
-------------- Pointer analysis statistics: --------------
#var pointers:                9131 (insens) / 3,4361 (sens)
#objects:                     549 (insens) / 549 (sens)
#var points-to:               1,1024 (insens) / 5,3249 (sens)
#static field points-to:      230 (sens)
#instance field points-to:    848 (sens)
#array points-to:             50 (sens)
#reachable methods:           1087 (insens) / 7674 (sens)
#call graph edges:            7649 (insens) / 2,3096 (sens)
----------------------------------------
pta finishes, elapsed time: 1.00s
cg starts ...
Call graph has 1087 reachable methods and 7649 edges
Dumping call graph to /home/byx/testSpace/javaprjs/javacc-5.0/ci_app-output/call-graph.dot
Dumping reachable methods to /home/byx/testSpace/javaprjs/javacc-5.0/ci_app-output/reachable-methods.txt
Dumping call edges to /home/byx/testSpace/javaprjs/javacc-5.0/ci_app-output/call-edges.txt
cg finishes, elapsed time: 0.21s
Tai-e finishes, elapsed time: 6.15s
