Writing log to /home/byx/testSpace/javaprjs/megamek-0.35.18/ci_app-output/tai-e.log
java.version: 17.0.14
java.version.date: 2025-01-21
java.runtime.version: 17.0.14+7-LTS
java.vendor: Amazon.com Inc.
java.vendor.version: Corretto-17.0.14.7.1
os.name: Linux
os.version: 5.15.167.4-microsoft-standard-WSL2
os.arch: amd64
Tai-e Version: 0.5.2-SNAPSHOT
Tai-e Commit: f4f1c5d3c96f68ac1bf30f8a35a3b8baefe40761
Writing analysis plan to /home/byx/testSpace/javaprjs/megamek-0.35.18/ci_app-output/tai-e-plan.yml
WorldBuilder starts ...
7687 classes with 70450 methods in the world
WorldBuilder finishes, elapsed time: 11.59s
pta starts ...
[Pointer analysis] elapsed time: 1.79s
-------------- Pointer analysis statistics: --------------
#var pointers:                3,9053 (insens) / 12,2218 (sens)
#objects:                     5596 (insens) / 5596 (sens)
#var points-to:               6,9538 (insens) / 29,8997 (sens)
#static field points-to:      461 (sens)
#instance field points-to:    1,3963 (sens)
#array points-to:             658 (sens)
#reachable methods:           4372 (insens) / 3,3082 (sens)
#call graph edges:            3,2976 (insens) / 9,0506 (sens)
----------------------------------------
pta finishes, elapsed time: 2.82s
cg starts ...
Call graph has 4372 reachable methods and 32976 edges
Dumping call graph to /home/byx/testSpace/javaprjs/megamek-0.35.18/ci_app-output/call-graph.dot
Dumping reachable methods to /home/byx/testSpace/javaprjs/megamek-0.35.18/ci_app-output/reachable-methods.txt
Dumping call edges to /home/byx/testSpace/javaprjs/megamek-0.35.18/ci_app-output/call-edges.txt
cg finishes, elapsed time: 0.63s
Tai-e finishes, elapsed time: 15.20s
