Tai-e starts ...
Output directory: /home/byx/testSpace/javaprjs/openjms-0.7.7-beta-1/cs1call-output
Writing options to /home/byx/testSpace/javaprjs/openjms-0.7.7-beta-1/cs1call-output/options.yml
Writing log to /home/byx/testSpace/javaprjs/openjms-0.7.7-beta-1/cs1call-output/tai-e.log
java.version: 17.0.14
java.version.date: 2025-01-21
java.runtime.version: 17.0.14+7-LTS
java.vendor: Amazon.com Inc.
java.vendor.version: Corretto-17.0.14.7.1
os.name: Linux
os.version: 5.15.167.4-microsoft-standard-WSL2
os.arch: amd64
Tai-e Version: 0.5.2-SNAPSHOT
Tai-e Commit: f4f1c5d3c96f68ac1bf30f8a35a3b8baefe40761
Writing analysis plan to /home/byx/testSpace/javaprjs/openjms-0.7.7-beta-1/cs1call-output/tai-e-plan.yml
WorldBuilder starts ...
Scanning /home/byx/testSpace/javaprjs/openjms-0.7.7-beta-1/bin ... 808 classes
4271 classes with 43130 methods in the world
WorldBuilder finishes, elapsed time: 7.46s
pta starts ...
[Pointer analysis] elapsed time: 2.21s
-------------- Pointer analysis statistics: --------------
#var pointers:                2,1546 (insens) / 7,1347 (sens)
#objects:                     2236 (insens) / 2304 (sens)
#var points-to:               24,4736 (insens) / 116,0616 (sens)
#static field points-to:      1096 (sens)
#instance field points-to:    2,0761 (sens)
#array points-to:             4764 (sens)
#reachable methods:           2817 (insens) / 1,3926 (sens)
#call graph edges:            1,3789 (insens) / 5,4288 (sens)
----------------------------------------
pta finishes, elapsed time: 2.50s
cg starts ...
Call graph has 2817 reachable methods and 13789 edges
Dumping call graph to /home/byx/testSpace/javaprjs/openjms-0.7.7-beta-1/cs1call-output/call-graph.dot
Dumping reachable methods to /home/byx/testSpace/javaprjs/openjms-0.7.7-beta-1/cs1call-output/reachable-methods.txt
Dumping call edges to /home/byx/testSpace/javaprjs/openjms-0.7.7-beta-1/cs1call-output/call-edges.txt
cg finishes, elapsed time: 0.31s
Tai-e finishes, elapsed time: 10.45s
[Task Info]
Task Name: cs1call
Java Path: /home/byx/.jdks/corretto-17.0.14/bin/java
JAR Path: /home/byx/projects/Tai-e/build/tai-e-all-0.5.2-SNAPSHOT.jar
Config File: cs1call-config.yml
Project Dir: /home/byx/testSpace/javaprjs/openjms-0.7.7-beta-1
Work Dir: /home/byx/projects/Tai-e
Log File: /home/byx/testSpace/javaprjs/openjms-0.7.7-beta-1/cs1call_logs/run_20250523-122648.log

[Command]
/home/byx/.jdks/corretto-17.0.14/bin/java -jar /home/byx/projects/Tai-e/build/tai-e-all-0.5.2-SNAPSHOT.jar --options-file /home/byx/testSpace/javaprjs/openjms-0.7.7-beta-1/cs1call-config.yml

[Output]

[Performance]
Start Time: 2025-05-23 12:26:48
Duration: 10.94s
Peak Memory: 1179.65 MB
Exit Code: 0
