Tai-e starts ...
Output directory: /home/byx/testSpace/javaprjs/proguard-4.5.1/cs1call-output
Writing options to /home/byx/testSpace/javaprjs/proguard-4.5.1/cs1call-output/options.yml
Writing log to /home/byx/testSpace/javaprjs/proguard-4.5.1/cs1call-output/tai-e.log
java.version: 17.0.14
java.version.date: 2025-01-21
java.runtime.version: 17.0.14+7-LTS
java.vendor: Amazon.com Inc.
java.vendor.version: Corretto-17.0.14.7.1
os.name: Linux
os.version: 5.15.167.4-microsoft-standard-WSL2
os.arch: amd64
Tai-e Version: 0.5.2-SNAPSHOT
Tai-e Commit: f4f1c5d3c96f68ac1bf30f8a35a3b8baefe40761
Writing analysis plan to /home/byx/testSpace/javaprjs/proguard-4.5.1/cs1call-output/tai-e-plan.yml
WorldBuilder starts ...
Scanning /home/byx/testSpace/javaprjs/proguard-4.5.1/bin ... 645 classes
4398 classes with 42761 methods in the world
WorldBuilder finishes, elapsed time: 5.66s
pta starts ...
[Pointer analysis] elapsed time: 0.54s
-------------- Pointer analysis statistics: --------------
#var pointers:                9501 (insens) / 2,0344 (sens)
#objects:                     3101 (insens) / 3101 (sens)
#var points-to:               1,9932 (insens) / 3,6048 (sens)
#static field points-to:      154 (sens)
#instance field points-to:    4221 (sens)
#array points-to:             2317 (sens)
#reachable methods:           1369 (insens) / 6057 (sens)
#call graph edges:            6012 (insens) / 1,3883 (sens)
----------------------------------------
pta finishes, elapsed time: 0.96s
cg starts ...
Call graph has 1369 reachable methods and 6012 edges
Dumping call graph to /home/byx/testSpace/javaprjs/proguard-4.5.1/cs1call-output/call-graph.dot
Dumping reachable methods to /home/byx/testSpace/javaprjs/proguard-4.5.1/cs1call-output/reachable-methods.txt
Dumping call edges to /home/byx/testSpace/javaprjs/proguard-4.5.1/cs1call-output/call-edges.txt
cg finishes, elapsed time: 0.33s
Tai-e finishes, elapsed time: 7.12s
[Task Info]
Task Name: cs1call
Java Path: /home/byx/.jdks/corretto-17.0.14/bin/java
JAR Path: /home/byx/projects/Tai-e/build/tai-e-all-0.5.2-SNAPSHOT.jar
Config File: cs1call-config.yml
Project Dir: /home/byx/testSpace/javaprjs/proguard-4.5.1
Work Dir: /home/byx/projects/Tai-e
Log File: /home/byx/testSpace/javaprjs/proguard-4.5.1/cs1call_logs/run_20250520-215021.log

[Command]
/home/byx/.jdks/corretto-17.0.14/bin/java -jar /home/byx/projects/Tai-e/build/tai-e-all-0.5.2-SNAPSHOT.jar --options-file /home/byx/testSpace/javaprjs/proguard-4.5.1/cs1call-config.yml

[Output]

[Performance]
Start Time: 2025-05-20 21:50:21
Duration: 7.63s
Peak Memory: 1441.85 MB
Exit Code: 0
