Tai-e starts ...
Output directory: /home/byx/testSpace/javaprjs/proguard-4.5.1/cs1call-output
Writing options to /home/byx/testSpace/javaprjs/proguard-4.5.1/cs1call-output/options.yml
Writing log to /home/byx/testSpace/javaprjs/proguard-4.5.1/cs1call-output/tai-e.log
java.version: 17.0.14
java.version.date: 2025-01-21
java.runtime.version: 17.0.14+7-LTS
java.vendor: Amazon.com Inc.
java.vendor.version: Corretto-17.0.14.7.1
os.name: Linux
os.version: 5.15.167.4-microsoft-standard-WSL2
os.arch: amd64
Tai-e Version: 0.5.2-SNAPSHOT
Tai-e Commit: f4f1c5d3c96f68ac1bf30f8a35a3b8baefe40761
Writing analysis plan to /home/byx/testSpace/javaprjs/proguard-4.5.1/cs1call-output/tai-e-plan.yml
WorldBuilder starts ...
Scanning /home/byx/testSpace/javaprjs/proguard-4.5.1/bin ... 645 classes
4398 classes with 42761 methods in the world
WorldBuilder finishes, elapsed time: 5.13s
pta starts ...
[Pointer analysis] elapsed time: 4.59s
-------------- Pointer analysis statistics: --------------
#var pointers:                5,5138 (insens) / 19,6471 (sens)
#objects:                     6821 (insens) / 6826 (sens)
#var points-to:               65,7545 (insens) / 410,4056 (sens)
#static field points-to:      1181 (sens)
#instance field points-to:    5,9878 (sens)
#array points-to:             9819 (sens)
#reachable methods:           8278 (insens) / 4,1688 (sens)
#call graph edges:            4,1448 (insens) / 15,9177 (sens)
----------------------------------------
pta finishes, elapsed time: 5.24s
cg starts ...
Call graph has 8278 reachable methods and 41448 edges
Dumping call graph to /home/byx/testSpace/javaprjs/proguard-4.5.1/cs1call-output/call-graph.dot
Dumping reachable methods to /home/byx/testSpace/javaprjs/proguard-4.5.1/cs1call-output/reachable-methods.txt
Dumping call edges to /home/byx/testSpace/javaprjs/proguard-4.5.1/cs1call-output/call-edges.txt
cg finishes, elapsed time: 0.66s
Tai-e finishes, elapsed time: 11.20s
[Task Info]
Task Name: cs1call
Java Path: /home/byx/.jdks/corretto-17.0.14/bin/java
JAR Path: /home/byx/projects/Tai-e/build/tai-e-all-0.5.2-SNAPSHOT.jar
Config File: cs1call-config.yml
Project Dir: /home/byx/testSpace/javaprjs/proguard-4.5.1
Work Dir: /home/byx/projects/Tai-e
Log File: /home/byx/testSpace/javaprjs/proguard-4.5.1/cs1call_logs/run_20250521-113805.log

[Command]
/home/byx/.jdks/corretto-17.0.14/bin/java -jar /home/byx/projects/Tai-e/build/tai-e-all-0.5.2-SNAPSHOT.jar --options-file /home/byx/testSpace/javaprjs/proguard-4.5.1/cs1call-config.yml

[Output]

[Performance]
Start Time: 2025-05-21 11:38:05
Duration: 11.63s
Peak Memory: 1337.03 MB
Exit Code: 0
