Writing log to /home/byx/testSpace/javaprjs/james-2.2.0/taie-output/tai-e.log
java.version: 17.0.14
java.version.date: 2025-01-21
java.runtime.version: 17.0.14+7-LTS
java.vendor: Amazon.com Inc.
java.vendor.version: Corretto-17.0.14.7.1
os.name: Linux
os.version: 5.15.167.4-microsoft-standard-WSL2
os.arch: amd64
Tai-e Version: 0.5.2-SNAPSHOT
Tai-e Commit: f4f1c5d3c96f68ac1bf30f8a35a3b8baefe40761
Writing analysis plan to /home/byx/testSpace/javaprjs/james-2.2.0/taie-output/tai-e-plan.yml
WorldBuilder starts ...
3038 classes with 29727 methods in the world
WorldBuilder finishes, elapsed time: 4.04s
pta starts ...
[Pointer analysis] elapsed time: 1.92s
-------------- Pointer analysis statistics: --------------
#var pointers:                1,6867 (insens) / 5,4544 (sens)
#objects:                     1780 (insens) / 1797 (sens)
#var points-to:               17,0806 (insens) / 79,0964 (sens)
#static field points-to:      857 (sens)
#instance field points-to:    1,6603 (sens)
#array points-to:             3570 (sens)
#reachable methods:           2346 (insens) / 1,0908 (sens)
#call graph edges:            1,0786 (insens) / 4,2723 (sens)
----------------------------------------
pta finishes, elapsed time: 2.16s
cg starts ...
Call graph has 2346 reachable methods and 10786 edges
Dumping call graph to /home/byx/testSpace/javaprjs/james-2.2.0/taie-output/call-graph.dot
Dumping reachable methods to /home/byx/testSpace/javaprjs/james-2.2.0/taie-output/reachable-methods.txt
Dumping call edges to /home/byx/testSpace/javaprjs/james-2.2.0/taie-output/call-edges.txt
cg finishes, elapsed time: 0.24s
Tai-e finishes, elapsed time: 6.60s
