Tai-e starts ...
Output directory: /home/byx/testSpace/javaprjs/drawswf-1.2.9/ci-output
Writing options to /home/byx/testSpace/javaprjs/drawswf-1.2.9/ci-output/options.yml
Writing log to /home/byx/testSpace/javaprjs/drawswf-1.2.9/ci-output/tai-e.log
java.version: 17.0.14
java.version.date: 2025-01-21
java.runtime.version: 17.0.14+7-LTS
java.vendor: Amazon.com Inc.
java.vendor.version: Corretto-17.0.14.7.1
os.name: Linux
os.version: 5.15.167.4-microsoft-standard-WSL2
os.arch: amd64
Tai-e Version: 0.5.2-SNAPSHOT
Tai-e Commit: f4f1c5d3c96f68ac1bf30f8a35a3b8baefe40761
Writing analysis plan to /home/byx/testSpace/javaprjs/drawswf-1.2.9/ci-output/tai-e-plan.yml
WorldBuilder starts ...
Scanning /home/byx/testSpace/javaprjs/drawswf-1.2.9/bin ... 322 classes
4689 classes with 46448 methods in the world
WorldBuilder finishes, elapsed time: 5.75s
pta starts ...
[Pointer analysis] elapsed time: 6.07s
-------------- Pointer analysis statistics: --------------
#var pointers:                6,1635 (insens) / 6,1635 (sens)
#objects:                     6560 (insens) / 6560 (sens)
#var points-to:               350,6905 (insens) / 350,6905 (sens)
#static field points-to:      5796 (sens)
#instance field points-to:    47,4024 (sens)
#array points-to:             7,7206 (sens)
#reachable methods:           9735 (insens) / 9735 (sens)
#call graph edges:            5,5492 (insens) / 5,5492 (sens)
----------------------------------------
pta finishes, elapsed time: 6.70s
cg starts ...
Call graph has 9735 reachable methods and 55492 edges
Dumping call graph to /home/byx/testSpace/javaprjs/drawswf-1.2.9/ci-output/call-graph.dot
Dumping reachable methods to /home/byx/testSpace/javaprjs/drawswf-1.2.9/ci-output/reachable-methods.txt
Dumping call edges to /home/byx/testSpace/javaprjs/drawswf-1.2.9/ci-output/call-edges.txt
cg finishes, elapsed time: 0.94s
Tai-e finishes, elapsed time: 13.58s
[Task Info]
Task Name: ci
Java Path: /home/byx/.jdks/corretto-17.0.14/bin/java
JAR Path: /home/byx/projects/Tai-e/build/tai-e-all-0.5.2-SNAPSHOT.jar
Config File: ci-config.yml
Project Dir: /home/byx/testSpace/javaprjs/drawswf-1.2.9
Work Dir: /home/byx/projects/Tai-e
Log File: /home/byx/testSpace/javaprjs/drawswf-1.2.9/ci_logs/run_20250522-161452.log

[Command]
/home/byx/.jdks/corretto-17.0.14/bin/java -jar /home/byx/projects/Tai-e/build/tai-e-all-0.5.2-SNAPSHOT.jar --options-file /home/byx/testSpace/javaprjs/drawswf-1.2.9/ci-config.yml

[Output]

[Performance]
Start Time: 2025-05-22 16:14:52
Duration: 14.05s
Peak Memory: 1169.89 MB
Exit Code: 0
