Writing log to /home/byx/testSpace/javaprjs/emma-2.0.5312/ci_app-output/tai-e.log
java.version: 17.0.14
java.version.date: 2025-01-21
java.runtime.version: 17.0.14+7-LTS
java.vendor: Amazon.com Inc.
java.vendor.version: Corretto-17.0.14.7.1
os.name: Linux
os.version: 5.15.167.4-microsoft-standard-WSL2
os.arch: amd64
Tai-e Version: 0.5.2-SNAPSHOT
Tai-e Commit: f4f1c5d3c96f68ac1bf30f8a35a3b8baefe40761
Writing analysis plan to /home/byx/testSpace/javaprjs/emma-2.0.5312/ci_app-output/tai-e-plan.yml
WorldBuilder starts ...
2640 classes with 25404 methods in the world
WorldBuilder finishes, elapsed time: 3.21s
pta starts ...
[Pointer analysis] elapsed time: 0.31s
-------------- Pointer analysis statistics: --------------
#var pointers:                5677 (insens) / 1,1506 (sens)
#objects:                     666 (insens) / 666 (sens)
#var points-to:               6554 (insens) / 1,2481 (sens)
#static field points-to:      165 (sens)
#instance field points-to:    536 (sens)
#array points-to:             106 (sens)
#reachable methods:           1107 (insens) / 3826 (sens)
#call graph edges:            3753 (insens) / 7102 (sens)
----------------------------------------
pta finishes, elapsed time: 0.62s
cg starts ...
Call graph has 1107 reachable methods and 3753 edges
Dumping call graph to /home/byx/testSpace/javaprjs/emma-2.0.5312/ci_app-output/call-graph.dot
Dumping reachable methods to /home/byx/testSpace/javaprjs/emma-2.0.5312/ci_app-output/reachable-methods.txt
Dumping call edges to /home/byx/testSpace/javaprjs/emma-2.0.5312/ci_app-output/call-edges.txt
cg finishes, elapsed time: 0.15s
Tai-e finishes, elapsed time: 4.14s
