Writing log to /home/byx/testSpace/javaprjs/batik-1.7/ci_app-output/tai-e.log
java.version: 17.0.14
java.version.date: 2025-01-21
java.runtime.version: 17.0.14+7-LTS
java.vendor: Amazon.com Inc.
java.vendor.version: Corretto-17.0.14.7.1
os.name: Linux
os.version: 5.15.167.4-microsoft-standard-WSL2
os.arch: amd64
Tai-e Version: 0.5.2-SNAPSHOT
Tai-e Commit: f4f1c5d3c96f68ac1bf30f8a35a3b8baefe40761
Writing analysis plan to /home/byx/testSpace/javaprjs/batik-1.7/ci_app-output/tai-e-plan.yml
WorldBuilder starts ...
10002 classes with 88506 methods in the world
WorldBuilder finishes, elapsed time: 11.80s
pta starts ...
[Pointer analysis] elapsed time: 0.18s
-------------- Pointer analysis statistics: --------------
#var pointers:                2532 (insens) / 4907 (sens)
#objects:                     444 (insens) / 444 (sens)
#var points-to:               2629 (insens) / 1,7289 (sens)
#static field points-to:      125 (sens)
#instance field points-to:    354 (sens)
#array points-to:             14 (sens)
#reachable methods:           666 (insens) / 1640 (sens)
#call graph edges:            1595 (insens) / 2431 (sens)
----------------------------------------
pta finishes, elapsed time: 0.44s
cg starts ...
Call graph has 666 reachable methods and 1595 edges
Dumping call graph to /home/byx/testSpace/javaprjs/batik-1.7/ci_app-output/call-graph.dot
Dumping reachable methods to /home/byx/testSpace/javaprjs/batik-1.7/ci_app-output/reachable-methods.txt
Dumping call edges to /home/byx/testSpace/javaprjs/batik-1.7/ci_app-output/call-edges.txt
cg finishes, elapsed time: 0.09s
Tai-e finishes, elapsed time: 12.48s
