Tai-e starts ...
Output directory: /home/byx/testSpace/javaprjs/marauroa-3.8.1/taie-output
Writing options to /home/byx/testSpace/javaprjs/marauroa-3.8.1/taie-output/options.yml
Writing log to /home/byx/testSpace/javaprjs/marauroa-3.8.1/taie-output/tai-e.log
java.version: 17.0.14
java.version.date: 2025-01-21
java.runtime.version: 17.0.14+7-LTS
java.vendor: Amazon.com Inc.
java.vendor.version: Corretto-17.0.14.7.1
os.name: Linux
os.version: 5.15.167.4-microsoft-standard-WSL2
os.arch: amd64
Tai-e Version: 0.5.2-SNAPSHOT
Tai-e Commit: f4f1c5d3c96f68ac1bf30f8a35a3b8baefe40761
Writing analysis plan to /home/byx/testSpace/javaprjs/marauroa-3.8.1/taie-output/tai-e-plan.yml
WorldBuilder starts ...
Scanning /home/byx/testSpace/javaprjs/marauroa-3.8.1/bin ... 227 classes
5298 classes with 51959 methods in the world
WorldBuilder finishes, elapsed time: 4.68s
pta starts ...
[Pointer analysis] elapsed time: 0.15s
-------------- Pointer analysis statistics: --------------
#var pointers:                1624 (insens) / 2773 (sens)
#objects:                     197 (insens) / 197 (sens)
#var points-to:               1621 (insens) / 2497 (sens)
#static field points-to:      80 (sens)
#instance field points-to:    192 (sens)
#array points-to:             16 (sens)
#reachable methods:           368 (insens) / 910 (sens)
#call graph edges:            852 (insens) / 1454 (sens)
----------------------------------------
pta finishes, elapsed time: 0.37s
cg starts ...
Call graph has 368 reachable methods and 852 edges
Dumping call graph to /home/byx/testSpace/javaprjs/marauroa-3.8.1/taie-output/call-graph.dot
Dumping reachable methods to /home/byx/testSpace/javaprjs/marauroa-3.8.1/taie-output/reachable-methods.txt
Dumping call edges to /home/byx/testSpace/javaprjs/marauroa-3.8.1/taie-output/call-edges.txt
cg finishes, elapsed time: 0.07s
Tai-e finishes, elapsed time: 5.26s
[Task Info]
Task Name: taie
Java Path: /home/byx/.jdks/corretto-17.0.14/bin/java
JAR Path: /home/byx/projects/Tai-e/build/tai-e-all-0.5.2-SNAPSHOT.jar
Config File: taie-config.yml
Project Dir: /home/byx/testSpace/javaprjs/marauroa-3.8.1
Work Dir: /home/byx/projects/Tai-e
Log File: /home/byx/testSpace/javaprjs/marauroa-3.8.1/taie_logs/run_20250514-105258.log

[Command]
/home/byx/.jdks/corretto-17.0.14/bin/java -jar /home/byx/projects/Tai-e/build/tai-e-all-0.5.2-SNAPSHOT.jar --options-file /home/byx/testSpace/javaprjs/marauroa-3.8.1/taie-config.yml

[Output]

[Performance]
Start Time: 2025-05-14 10:52:58
Duration: 5.72s
Peak Memory: 1055.56 MB
Exit Code: 0
