Writing log to /home/byx/testSpace/javaprjs/quilt-0.6-a-5/cs1call-output/tai-e.log
java.version: 17.0.14
java.version.date: 2025-01-21
java.runtime.version: 17.0.14+7-LTS
java.vendor: Amazon.com Inc.
java.vendor.version: Corretto-17.0.14.7.1
os.name: Linux
os.version: 5.15.167.4-microsoft-standard-WSL2
os.arch: amd64
Tai-e Version: 0.5.2-SNAPSHOT
Tai-e Commit: f4f1c5d3c96f68ac1bf30f8a35a3b8baefe40761
Writing analysis plan to /home/byx/testSpace/javaprjs/quilt-0.6-a-5/cs1call-output/tai-e-plan.yml
WorldBuilder starts ...
7154 classes with 67626 methods in the world
WorldBuilder finishes, elapsed time: 3.69s
pta starts ...
[Pointer analysis] elapsed time: 8.61s
-------------- Pointer analysis statistics: --------------
#var pointers:                6,5448 (insens) / 23,0689 (sens)
#objects:                     7421 (insens) / 7468 (sens)
#var points-to:               318,0349 (insens) / 1688,1064 (sens)
#static field points-to:      2503 (sens)
#instance field points-to:    59,0583 (sens)
#array points-to:             13,9075 (sens)
#reachable methods:           9259 (insens) / 4,8788 (sens)
#call graph edges:            4,8120 (insens) / 33,3695 (sens)
----------------------------------------
pta finishes, elapsed time: 9.79s
cg starts ...
Call graph has 9259 reachable methods and 48120 edges
Dumping call graph to /home/byx/testSpace/javaprjs/quilt-0.6-a-5/cs1call-output/call-graph.dot
Dumping reachable methods to /home/byx/testSpace/javaprjs/quilt-0.6-a-5/cs1call-output/reachable-methods.txt
Dumping call edges to /home/byx/testSpace/javaprjs/quilt-0.6-a-5/cs1call-output/call-edges.txt
cg finishes, elapsed time: 0.86s
Tai-e finishes, elapsed time: 14.50s
