Writing log to /home/byx/testSpace/javaprjs/axion-1.0-M2/cs1call-output/tai-e.log
java.version: 17.0.14
java.version.date: 2025-01-21
java.runtime.version: 17.0.14+7-LTS
java.vendor: Amazon.com Inc.
java.vendor.version: Corretto-17.0.14.7.1
os.name: Linux
os.version: 5.15.167.4-microsoft-standard-WSL2
os.arch: amd64
Tai-e Version: 0.5.2-SNAPSHOT
Tai-e Commit: f4f1c5d3c96f68ac1bf30f8a35a3b8baefe40761
Writing analysis plan to /home/byx/testSpace/javaprjs/axion-1.0-M2/cs1call-output/tai-e-plan.yml
WorldBuilder starts ...
3856 classes with 39489 methods in the world
WorldBuilder finishes, elapsed time: 3.74s
pta starts ...
[Pointer analysis] elapsed time: 4.63s
-------------- Pointer analysis statistics: --------------
#var pointers:                3,8901 (insens) / 15,2457 (sens)
#objects:                     3767 (insens) / 3784 (sens)
#var points-to:               83,0613 (insens) / 572,4725 (sens)
#static field points-to:      1279 (sens)
#instance field points-to:    8,0965 (sens)
#array points-to:             1,0188 (sens)
#reachable methods:           5733 (insens) / 3,0103 (sens)
#call graph edges:            2,9859 (insens) / 13,6217 (sens)
----------------------------------------
pta finishes, elapsed time: 5.27s
cg starts ...
Call graph has 5733 reachable methods and 29859 edges
Dumping call graph to /home/byx/testSpace/javaprjs/axion-1.0-M2/cs1call-output/call-graph.dot
Dumping reachable methods to /home/byx/testSpace/javaprjs/axion-1.0-M2/cs1call-output/reachable-methods.txt
Dumping call edges to /home/byx/testSpace/javaprjs/axion-1.0-M2/cs1call-output/call-edges.txt
cg finishes, elapsed time: 0.54s
Tai-e finishes, elapsed time: 9.74s
