Tai-e starts ...
Output directory: /home/byx/testSpace/javaprjs/emma-2.0.5312/ci-output
Writing options to /home/byx/testSpace/javaprjs/emma-2.0.5312/ci-output/options.yml
Writing log to /home/byx/testSpace/javaprjs/emma-2.0.5312/ci-output/tai-e.log
java.version: 17.0.14
java.version.date: 2025-01-21
java.runtime.version: 17.0.14+7-LTS
java.vendor: Amazon.com Inc.
java.vendor.version: Corretto-17.0.14.7.1
os.name: Linux
os.version: 5.15.167.4-microsoft-standard-WSL2
os.arch: amd64
Tai-e Version: 0.5.2-SNAPSHOT
Tai-e Commit: f4f1c5d3c96f68ac1bf30f8a35a3b8baefe40761
Writing analysis plan to /home/byx/testSpace/javaprjs/emma-2.0.5312/ci-output/tai-e-plan.yml
WorldBuilder starts ...
Scanning /home/byx/testSpace/javaprjs/emma-2.0.5312/bin ... 332 classes
2640 classes with 25404 methods in the world
WorldBuilder finishes, elapsed time: 3.25s
pta starts ...
[Pointer analysis] elapsed time: 2.30s
-------------- Pointer analysis statistics: --------------
#var pointers:                2,8765 (insens) / 2,8765 (sens)
#objects:                     2774 (insens) / 2774 (sens)
#var points-to:               71,2423 (insens) / 71,2423 (sens)
#static field points-to:      1575 (sens)
#instance field points-to:    10,2282 (sens)
#array points-to:             1,2599 (sens)
#reachable methods:           3963 (insens) / 3963 (sens)
#call graph edges:            2,0656 (insens) / 2,0656 (sens)
----------------------------------------
pta finishes, elapsed time: 2.56s
cg starts ...
Call graph has 3963 reachable methods and 20656 edges
Dumping call graph to /home/byx/testSpace/javaprjs/emma-2.0.5312/ci-output/call-graph.dot
Dumping reachable methods to /home/byx/testSpace/javaprjs/emma-2.0.5312/ci-output/reachable-methods.txt
Dumping call edges to /home/byx/testSpace/javaprjs/emma-2.0.5312/ci-output/call-edges.txt
cg finishes, elapsed time: 0.36s
Tai-e finishes, elapsed time: 6.34s
[Task Info]
Task Name: ci
Java Path: /home/byx/.jdks/corretto-17.0.14/bin/java
JAR Path: /home/byx/projects/Tai-e/build/tai-e-all-0.5.2-SNAPSHOT.jar
Config File: ci-config.yml
Project Dir: /home/byx/testSpace/javaprjs/emma-2.0.5312
Work Dir: /home/byx/projects/Tai-e
Log File: /home/byx/testSpace/javaprjs/emma-2.0.5312/ci_logs/run_20250523-190723.log

[Command]
/home/byx/.jdks/corretto-17.0.14/bin/java -jar /home/byx/projects/Tai-e/build/tai-e-all-0.5.2-SNAPSHOT.jar --options-file /home/byx/testSpace/javaprjs/emma-2.0.5312/ci-config.yml

[Output]

[Performance]
Start Time: 2025-05-23 19:07:23
Duration: 6.82s
Peak Memory: 1043.24 MB
Exit Code: 0
