Writing log to /home/byx/testSpace/javaprjs/checkstyle-5.1/taie-output/tai-e.log
java.version: 17.0.14
java.version.date: 2025-01-21
java.runtime.version: 17.0.14+7-LTS
java.vendor: Amazon.com Inc.
java.vendor.version: Corretto-17.0.14.7.1
os.name: Linux
os.version: 5.15.167.4-microsoft-standard-WSL2
os.arch: amd64
Tai-e Version: 0.5.2-SNAPSHOT
Tai-e Commit: f4f1c5d3c96f68ac1bf30f8a35a3b8baefe40761
Writing analysis plan to /home/byx/testSpace/javaprjs/checkstyle-5.1/taie-output/tai-e-plan.yml
WorldBuilder starts ...
5426 classes with 50747 methods in the world
WorldBuilder finishes, elapsed time: 4.26s
pta starts ...
[Pointer analysis] elapsed time: 7.79s
-------------- Pointer analysis statistics: --------------
#var pointers:                4,4579 (insens) / 20,8308 (sens)
#objects:                     4921 (insens) / 4988 (sens)
#var points-to:               144,4660 (insens) / 1153,9544 (sens)
#static field points-to:      2874 (sens)
#instance field points-to:    20,9238 (sens)
#array points-to:             2,4260 (sens)
#reachable methods:           6564 (insens) / 4,1776 (sens)
#call graph edges:            4,1474 (insens) / 69,7724 (sens)
----------------------------------------
pta finishes, elapsed time: 8.81s
cg starts ...
Call graph has 6564 reachable methods and 41474 edges
Dumping call graph to /home/byx/testSpace/javaprjs/checkstyle-5.1/taie-output/call-graph.dot
Dumping reachable methods to /home/byx/testSpace/javaprjs/checkstyle-5.1/taie-output/reachable-methods.txt
Dumping call edges to /home/byx/testSpace/javaprjs/checkstyle-5.1/taie-output/call-edges.txt
cg finishes, elapsed time: 0.69s
Tai-e finishes, elapsed time: 13.95s
