Writing log to /home/byx/testSpace/javaprjs/log4j-1.2.16/ci_app-output/tai-e.log
java.version: 17.0.14
java.version.date: 2025-01-21
java.runtime.version: 17.0.14+7-LTS
java.vendor: Amazon.com Inc.
java.vendor.version: Corretto-17.0.14.7.1
os.name: Linux
os.version: 5.15.167.4-microsoft-standard-WSL2
os.arch: amd64
Tai-e Version: 0.5.2-SNAPSHOT
Tai-e Commit: f4f1c5d3c96f68ac1bf30f8a35a3b8baefe40761
Writing analysis plan to /home/byx/testSpace/javaprjs/log4j-1.2.16/ci_app-output/tai-e-plan.yml
WorldBuilder starts ...
6252 classes with 59007 methods in the world
WorldBuilder finishes, elapsed time: 3.43s
pta starts ...
[Pointer analysis] elapsed time: 0.17s
-------------- Pointer analysis statistics: --------------
#var pointers:                1936 (insens) / 4263 (sens)
#objects:                     239 (insens) / 247 (sens)
#var points-to:               1989 (insens) / 3513 (sens)
#static field points-to:      115 (sens)
#instance field points-to:    251 (sens)
#array points-to:             25 (sens)
#reachable methods:           380 (insens) / 1216 (sens)
#call graph edges:            1182 (insens) / 2513 (sens)
----------------------------------------
pta finishes, elapsed time: 0.45s
cg starts ...
Call graph has 380 reachable methods and 1182 edges
Dumping call graph to /home/byx/testSpace/javaprjs/log4j-1.2.16/ci_app-output/call-graph.dot
Dumping reachable methods to /home/byx/testSpace/javaprjs/log4j-1.2.16/ci_app-output/reachable-methods.txt
Dumping call edges to /home/byx/testSpace/javaprjs/log4j-1.2.16/ci_app-output/call-edges.txt
cg finishes, elapsed time: 0.09s
Tai-e finishes, elapsed time: 4.12s
