Tai-e starts ...
Output directory: /home/byx/testSpace/javaprjs/jgrapht-0.8.1/taie-output
Writing options to /home/byx/testSpace/javaprjs/jgrapht-0.8.1/taie-output/options.yml
Writing log to /home/byx/testSpace/javaprjs/jgrapht-0.8.1/taie-output/tai-e.log
java.version: 17.0.14
java.version.date: 2025-01-21
java.runtime.version: 17.0.14+7-LTS
java.vendor: Amazon.com Inc.
java.vendor.version: Corretto-17.0.14.7.1
os.name: Linux
os.version: 5.15.167.4-microsoft-standard-WSL2
os.arch: amd64
Tai-e Version: 0.5.2-SNAPSHOT
Tai-e Commit: f4f1c5d3c96f68ac1bf30f8a35a3b8baefe40761
Writing analysis plan to /home/byx/testSpace/javaprjs/jgrapht-0.8.1/taie-output/tai-e-plan.yml
WorldBuilder starts ...
Scanning /home/byx/testSpace/javaprjs/jgrapht-0.8.1/bin ... 255 classes
5959 classes with 55703 methods in the world
WorldBuilder finishes, elapsed time: 3.92s
pta starts ...
[Pointer analysis] elapsed time: 14.88s
-------------- Pointer analysis statistics: --------------
#var pointers:                8,9582 (insens) / 36,5963 (sens)
#objects:                     9038 (insens) / 9264 (sens)
#var points-to:               544,3442 (insens) / 3860,2296 (sens)
#static field points-to:      1,0025 (sens)
#instance field points-to:    65,1694 (sens)
#array points-to:             10,0129 (sens)
#reachable methods:           1,4335 (insens) / 7,5979 (sens)
#call graph edges:            7,5158 (insens) / 54,2672 (sens)
----------------------------------------
pta finishes, elapsed time: 16.85s
cg starts ...
Call graph has 14335 reachable methods and 75158 edges
Dumping call graph to /home/byx/testSpace/javaprjs/jgrapht-0.8.1/taie-output/call-graph.dot
Dumping reachable methods to /home/byx/testSpace/javaprjs/jgrapht-0.8.1/taie-output/reachable-methods.txt
Dumping call edges to /home/byx/testSpace/javaprjs/jgrapht-0.8.1/taie-output/call-edges.txt
cg finishes, elapsed time: 1.11s
Tai-e finishes, elapsed time: 22.05s
[Task Info]
Task Name: taie
Java Path: /home/byx/.jdks/corretto-17.0.14/bin/java
JAR Path: /home/byx/projects/Tai-e/build/tai-e-all-0.5.2-SNAPSHOT.jar
Config File: taie-config.yml
Project Dir: /home/byx/testSpace/javaprjs/jgrapht-0.8.1
Work Dir: /home/byx/projects/Tai-e
Log File: /home/byx/testSpace/javaprjs/jgrapht-0.8.1/taie_logs/run_20250521-124811.log

[Command]
/home/byx/.jdks/corretto-17.0.14/bin/java -jar /home/byx/projects/Tai-e/build/tai-e-all-0.5.2-SNAPSHOT.jar --options-file /home/byx/testSpace/javaprjs/jgrapht-0.8.1/taie-config.yml

[Output]

[Performance]
Start Time: 2025-05-21 12:48:11
Duration: 22.47s
Peak Memory: 2266.86 MB
Exit Code: 0
