Writing log to /home/byx/testSpace/javaprjs/proguard-4.5.1/taie-output/tai-e.log
java.version: 17.0.14
java.version.date: 2025-01-21
java.runtime.version: 17.0.14+7-LTS
java.vendor: Amazon.com Inc.
java.vendor.version: Corretto-17.0.14.7.1
os.name: Linux
os.version: 5.15.167.4-microsoft-standard-WSL2
os.arch: amd64
Tai-e Version: 0.5.2-SNAPSHOT
Tai-e Commit: f4f1c5d3c96f68ac1bf30f8a35a3b8baefe40761
Writing analysis plan to /home/byx/testSpace/javaprjs/proguard-4.5.1/taie-output/tai-e-plan.yml
WorldBuilder starts ...
4398 classes with 42761 methods in the world
WorldBuilder finishes, elapsed time: 5.57s
pta starts ...
[Pointer analysis] elapsed time: 4.25s
-------------- Pointer analysis statistics: --------------
#var pointers:                5,5138 (insens) / 19,6471 (sens)
#objects:                     6821 (insens) / 6826 (sens)
#var points-to:               65,7545 (insens) / 410,4056 (sens)
#static field points-to:      1181 (sens)
#instance field points-to:    5,9878 (sens)
#array points-to:             9819 (sens)
#reachable methods:           8278 (insens) / 4,1688 (sens)
#call graph edges:            4,1448 (insens) / 15,9177 (sens)
----------------------------------------
pta finishes, elapsed time: 4.88s
cg starts ...
Call graph has 8278 reachable methods and 41448 edges
Dumping call graph to /home/byx/testSpace/javaprjs/proguard-4.5.1/taie-output/call-graph.dot
Dumping reachable methods to /home/byx/testSpace/javaprjs/proguard-4.5.1/taie-output/reachable-methods.txt
Dumping call edges to /home/byx/testSpace/javaprjs/proguard-4.5.1/taie-output/call-edges.txt
cg finishes, elapsed time: 0.71s
Tai-e finishes, elapsed time: 11.36s
