Tai-e starts ...
Output directory: /home/byx/testSpace/javaprjs/fitjava-1.1/taie-output
Writing options to /home/byx/testSpace/javaprjs/fitjava-1.1/taie-output/options.yml
Writing log to /home/byx/testSpace/javaprjs/fitjava-1.1/taie-output/tai-e.log
java.version: 17.0.14
java.version.date: 2025-01-21
java.runtime.version: 17.0.14+7-LTS
java.vendor: Amazon.com Inc.
java.vendor.version: Corretto-17.0.14.7.1
os.name: Linux
os.version: 5.15.167.4-microsoft-standard-WSL2
os.arch: amd64
Tai-e Version: 0.5.2-SNAPSHOT
Tai-e Commit: f4f1c5d3c96f68ac1bf30f8a35a3b8baefe40761
Writing analysis plan to /home/byx/testSpace/javaprjs/fitjava-1.1/taie-output/tai-e-plan.yml
WorldBuilder starts ...
Scanning /home/byx/testSpace/javaprjs/fitjava-1.1/bin ... 97 classes
3598 classes with 35711 methods in the world
WorldBuilder finishes, elapsed time: 2.78s
pta starts ...
[Pointer analysis] elapsed time: 0.14s
-------------- Pointer analysis statistics: --------------
#var pointers:                318 (insens) / 507 (sens)
#objects:                     46 (insens) / 46 (sens)
#var points-to:               385 (insens) / 598 (sens)
#static field points-to:      6 (sens)
#instance field points-to:    34 (sens)
#array points-to:             11 (sens)
#reachable methods:           98 (insens) / 175 (sens)
#call graph edges:            156 (insens) / 262 (sens)
----------------------------------------
pta finishes, elapsed time: 0.37s
cg starts ...
Call graph has 98 reachable methods and 156 edges
Dumping call graph to /home/byx/testSpace/javaprjs/fitjava-1.1/taie-output/call-graph.dot
Dumping reachable methods to /home/byx/testSpace/javaprjs/fitjava-1.1/taie-output/reachable-methods.txt
Dumping call edges to /home/byx/testSpace/javaprjs/fitjava-1.1/taie-output/call-edges.txt
cg finishes, elapsed time: 0.06s
Tai-e finishes, elapsed time: 3.35s
[Task Info]
Task Name: taie
Java Path: /home/byx/.jdks/corretto-17.0.14/bin/java
JAR Path: /home/byx/projects/Tai-e/build/tai-e-all-0.5.2-SNAPSHOT.jar
Config File: taie-config.yml
Project Dir: /home/byx/testSpace/javaprjs/fitjava-1.1
Work Dir: /home/byx/projects/Tai-e
Log File: /home/byx/testSpace/javaprjs/fitjava-1.1/taie_logs/run_20250514-105359.log

[Command]
/home/byx/.jdks/corretto-17.0.14/bin/java -jar /home/byx/projects/Tai-e/build/tai-e-all-0.5.2-SNAPSHOT.jar --options-file /home/byx/testSpace/javaprjs/fitjava-1.1/taie-config.yml

[Output]

[Performance]
Start Time: 2025-05-14 10:53:59
Duration: 3.91s
Peak Memory: 710.99 MB
Exit Code: 0
