Tai-e starts ...
Output directory: /home/byx/testSpace/javaprjs/jfreechart-1.0.13/taie-output
Writing options to /home/byx/testSpace/javaprjs/jfreechart-1.0.13/taie-output/options.yml
Writing log to /home/byx/testSpace/javaprjs/jfreechart-1.0.13/taie-output/tai-e.log
java.version: 17.0.14
java.version.date: 2025-01-21
java.runtime.version: 17.0.14+7-LTS
java.vendor: Amazon.com Inc.
java.vendor.version: Corretto-17.0.14.7.1
os.name: Linux
os.version: 5.15.167.4-microsoft-standard-WSL2
os.arch: amd64
Tai-e Version: 0.5.2-SNAPSHOT
Tai-e Commit: f4f1c5d3c96f68ac1bf30f8a35a3b8baefe40761
Writing analysis plan to /home/byx/testSpace/javaprjs/jfreechart-1.0.13/taie-output/tai-e-plan.yml
WorldBuilder starts ...
Scanning /home/byx/testSpace/javaprjs/jfreechart-1.0.13/bin/jfreechart-1.0.13 ... 611 classes
3039 classes with 33454 methods in the world
WorldBuilder finishes, elapsed time: 4.82s
pta starts ...
[Pointer analysis] elapsed time: 0.10s
-------------- Pointer analysis statistics: --------------
#var pointers:                394 (insens) / 752 (sens)
#objects:                     135 (insens) / 135 (sens)
#var points-to:               473 (insens) / 704 (sens)
#static field points-to:      6 (sens)
#instance field points-to:    236 (sens)
#array points-to:             112 (sens)
#reachable methods:           76 (insens) / 241 (sens)
#call graph edges:            221 (insens) / 339 (sens)
----------------------------------------
pta finishes, elapsed time: 0.21s
cg starts ...
Call graph has 76 reachable methods and 221 edges
Dumping call graph to /home/byx/testSpace/javaprjs/jfreechart-1.0.13/taie-output/call-graph.dot
Dumping reachable methods to /home/byx/testSpace/javaprjs/jfreechart-1.0.13/taie-output/reachable-methods.txt
Dumping call edges to /home/byx/testSpace/javaprjs/jfreechart-1.0.13/taie-output/call-edges.txt
cg finishes, elapsed time: 0.04s
Tai-e finishes, elapsed time: 5.22s
[Task Info]
Task Name: taie
Java Path: /home/byx/.jdks/corretto-17.0.14/bin/java
JAR Path: /home/byx/projects/Tai-e/build/tai-e-all-0.5.2-SNAPSHOT.jar
Config File: taie-config.yml
Project Dir: /home/byx/testSpace/javaprjs/jfreechart-1.0.13
Work Dir: /home/byx/projects/Tai-e
Log File: /home/byx/testSpace/javaprjs/jfreechart-1.0.13/taie_logs/run_20250514-105230.log

[Command]
/home/byx/.jdks/corretto-17.0.14/bin/java -jar /home/byx/projects/Tai-e/build/tai-e-all-0.5.2-SNAPSHOT.jar --options-file /home/byx/testSpace/javaprjs/jfreechart-1.0.13/taie-config.yml

[Output]

[Performance]
Start Time: 2025-05-14 10:52:30
Duration: 5.72s
Peak Memory: 856.20 MB
Exit Code: 0
