Tai-e starts ...
Output directory: /home/byx/testSpace/javaprjs/jfreechart-1.0.13/taie-output
Writing options to /home/byx/testSpace/javaprjs/jfreechart-1.0.13/taie-output/options.yml
Writing log to /home/byx/testSpace/javaprjs/jfreechart-1.0.13/taie-output/tai-e.log
java.version: 17.0.14
java.version.date: 2025-01-21
java.runtime.version: 17.0.14+7-LTS
java.vendor: Amazon.com Inc.
java.vendor.version: Corretto-17.0.14.7.1
os.name: Linux
os.version: 5.15.167.4-microsoft-standard-WSL2
os.arch: amd64
Tai-e Version: 0.5.2-SNAPSHOT
Tai-e Commit: f4f1c5d3c96f68ac1bf30f8a35a3b8baefe40761
Writing analysis plan to /home/byx/testSpace/javaprjs/jfreechart-1.0.13/taie-output/tai-e-plan.yml
WorldBuilder starts ...
Scanning /home/byx/testSpace/javaprjs/jfreechart-1.0.13/bin/jfreechart-1.0.13 ... 611 classes
3039 classes with 33454 methods in the world
WorldBuilder finishes, elapsed time: 4.79s
pta starts ...
[Pointer analysis] elapsed time: 2.28s
-------------- Pointer analysis statistics: --------------
#var pointers:                1,8055 (insens) / 5,8163 (sens)
#objects:                     2053 (insens) / 2080 (sens)
#var points-to:               20,9592 (insens) / 97,8834 (sens)
#static field points-to:      997 (sens)
#instance field points-to:    2,2158 (sens)
#array points-to:             4304 (sens)
#reachable methods:           2528 (insens) / 1,1696 (sens)
#call graph edges:            1,1557 (insens) / 4,6706 (sens)
----------------------------------------
pta finishes, elapsed time: 2.58s
cg starts ...
Call graph has 2528 reachable methods and 11557 edges
Dumping call graph to /home/byx/testSpace/javaprjs/jfreechart-1.0.13/taie-output/call-graph.dot
Dumping reachable methods to /home/byx/testSpace/javaprjs/jfreechart-1.0.13/taie-output/reachable-methods.txt
Dumping call edges to /home/byx/testSpace/javaprjs/jfreechart-1.0.13/taie-output/call-edges.txt
cg finishes, elapsed time: 0.29s
Tai-e finishes, elapsed time: 7.82s
[Task Info]
Task Name: taie
Java Path: /home/byx/.jdks/corretto-17.0.14/bin/java
JAR Path: /home/byx/projects/Tai-e/build/tai-e-all-0.5.2-SNAPSHOT.jar
Config File: taie-config.yml
Project Dir: /home/byx/testSpace/javaprjs/jfreechart-1.0.13
Work Dir: /home/byx/projects/Tai-e
Log File: /home/byx/testSpace/javaprjs/jfreechart-1.0.13/taie_logs/run_20250423-221329.log

[Command]
/home/byx/.jdks/corretto-17.0.14/bin/java -jar /home/byx/projects/Tai-e/build/tai-e-all-0.5.2-SNAPSHOT.jar --options-file /home/byx/testSpace/javaprjs/jfreechart-1.0.13/taie-config.yml

[Output]

[Performance]
Start Time: 2025-04-23 22:13:29
Duration: 8.33s
Peak Memory: 1063.74 MB
Exit Code: 0
