Tai-e starts ...
Output directory: /home/byx/testSpace/javaprjs/javacc-5.0/taie-output
Writing options to /home/byx/testSpace/javaprjs/javacc-5.0/taie-output/options.yml
Writing log to /home/byx/testSpace/javaprjs/javacc-5.0/taie-output/tai-e.log
java.version: 17.0.14
java.version.date: 2025-01-21
java.runtime.version: 17.0.14+7-LTS
java.vendor: Amazon.com Inc.
java.vendor.version: Corretto-17.0.14.7.1
os.name: Linux
os.version: 5.15.167.4-microsoft-standard-WSL2
os.arch: amd64
Tai-e Version: 0.5.2-SNAPSHOT
Tai-e Commit: f4f1c5d3c96f68ac1bf30f8a35a3b8baefe40761
Writing analysis plan to /home/byx/testSpace/javaprjs/javacc-5.0/taie-output/tai-e-plan.yml
WorldBuilder starts ...
Scanning /home/byx/testSpace/javaprjs/javacc-5.0/bin ... 154 classes
6857 classes with 66428 methods in the world
WorldBuilder finishes, elapsed time: 6.97s
pta starts ...
[Pointer analysis] elapsed time: 0.68s
-------------- Pointer analysis statistics: --------------
#var pointers:                9140 (insens) / 3,4370 (sens)
#objects:                     553 (insens) / 553 (sens)
#var points-to:               1,1031 (insens) / 5,3256 (sens)
#static field points-to:      230 (sens)
#instance field points-to:    848 (sens)
#array points-to:             50 (sens)
#reachable methods:           1102 (insens) / 7691 (sens)
#call graph edges:            7653 (insens) / 2,3100 (sens)
----------------------------------------
pta finishes, elapsed time: 1.29s
cg starts ...
Call graph has 1102 reachable methods and 7653 edges
Dumping call graph to /home/byx/testSpace/javaprjs/javacc-5.0/taie-output/call-graph.dot
Dumping reachable methods to /home/byx/testSpace/javaprjs/javacc-5.0/taie-output/reachable-methods.txt
Dumping call edges to /home/byx/testSpace/javaprjs/javacc-5.0/taie-output/call-edges.txt
cg finishes, elapsed time: 0.28s
Tai-e finishes, elapsed time: 8.73s
[Task Info]
Task Name: taie
Java Path: /home/byx/.jdks/corretto-17.0.14/bin/java
JAR Path: /home/byx/projects/Tai-e/build/tai-e-all-0.5.2-SNAPSHOT.jar
Config File: taie-config.yml
Project Dir: /home/byx/testSpace/javaprjs/javacc-5.0
Work Dir: /home/byx/projects/Tai-e
Log File: /home/byx/testSpace/javaprjs/javacc-5.0/taie_logs/run_20250513-210052.log

[Command]
/home/byx/.jdks/corretto-17.0.14/bin/java -jar /home/byx/projects/Tai-e/build/tai-e-all-0.5.2-SNAPSHOT.jar --options-file /home/byx/testSpace/javaprjs/javacc-5.0/taie-config.yml

[Output]

[Performance]
Start Time: 2025-05-13 21:00:52
Duration: 9.26s
Peak Memory: 1102.32 MB
Exit Code: 0
