Writing log to /home/byx/testSpace/javaprjs/axion-1.0-M2/ci-output/tai-e.log
java.version: 17.0.14
java.version.date: 2025-01-21
java.runtime.version: 17.0.14+7-LTS
java.vendor: Amazon.com Inc.
java.vendor.version: Corretto-17.0.14.7.1
os.name: Linux
os.version: 5.15.167.4-microsoft-standard-WSL2
os.arch: amd64
Tai-e Version: 0.5.2-SNAPSHOT
Tai-e Commit: f4f1c5d3c96f68ac1bf30f8a35a3b8baefe40761
Writing analysis plan to /home/byx/testSpace/javaprjs/axion-1.0-M2/ci-output/tai-e-plan.yml
WorldBuilder starts ...
3856 classes with 39489 methods in the world
WorldBuilder finishes, elapsed time: 3.59s
pta starts ...
[Pointer analysis] elapsed time: 3.58s
-------------- Pointer analysis statistics: --------------
#var pointers:                3,9249 (insens) / 3,9249 (sens)
#objects:                     3786 (insens) / 3786 (sens)
#var points-to:               99,5346 (insens) / 99,5346 (sens)
#static field points-to:      1428 (sens)
#instance field points-to:    13,3371 (sens)
#array points-to:             1,1893 (sens)
#reachable methods:           5801 (insens) / 5801 (sens)
#call graph edges:            3,0439 (insens) / 3,0439 (sens)
----------------------------------------
pta finishes, elapsed time: 3.91s
cg starts ...
Call graph has 5801 reachable methods and 30439 edges
Dumping call graph to /home/byx/testSpace/javaprjs/axion-1.0-M2/ci-output/call-graph.dot
Dumping reachable methods to /home/byx/testSpace/javaprjs/axion-1.0-M2/ci-output/reachable-methods.txt
Dumping call edges to /home/byx/testSpace/javaprjs/axion-1.0-M2/ci-output/call-edges.txt
cg finishes, elapsed time: 0.61s
Tai-e finishes, elapsed time: 8.27s
