Writing log to /home/byx/testSpace/javaprjs/quilt-0.6-a-5/ci-output/tai-e.log
java.version: 17.0.14
java.version.date: 2025-01-21
java.runtime.version: 17.0.14+7-LTS
java.vendor: Amazon.com Inc.
java.vendor.version: Corretto-17.0.14.7.1
os.name: Linux
os.version: 5.15.167.4-microsoft-standard-WSL2
os.arch: amd64
Tai-e Version: 0.5.2-SNAPSHOT
Tai-e Commit: f4f1c5d3c96f68ac1bf30f8a35a3b8baefe40761
Writing analysis plan to /home/byx/testSpace/javaprjs/quilt-0.6-a-5/ci-output/tai-e-plan.yml
WorldBuilder starts ...
7154 classes with 67626 methods in the world
WorldBuilder finishes, elapsed time: 3.63s
pta starts ...
[Pointer analysis] elapsed time: 5.95s
-------------- Pointer analysis statistics: --------------
#var pointers:                6,5988 (insens) / 6,5988 (sens)
#objects:                     7479 (insens) / 7479 (sens)
#var points-to:               450,0206 (insens) / 450,0206 (sens)
#static field points-to:      3378 (sens)
#instance field points-to:    98,1682 (sens)
#array points-to:             18,1779 (sens)
#reachable methods:           9376 (insens) / 9376 (sens)
#call graph edges:            5,0590 (insens) / 5,0591 (sens)
----------------------------------------
pta finishes, elapsed time: 6.54s
cg starts ...
Call graph has 9376 reachable methods and 50590 edges
Dumping call graph to /home/byx/testSpace/javaprjs/quilt-0.6-a-5/ci-output/call-graph.dot
Dumping reachable methods to /home/byx/testSpace/javaprjs/quilt-0.6-a-5/ci-output/reachable-methods.txt
Dumping call edges to /home/byx/testSpace/javaprjs/quilt-0.6-a-5/ci-output/call-edges.txt
cg finishes, elapsed time: 0.79s
Tai-e finishes, elapsed time: 11.15s
