Writing log to /home/byx/testSpace/javaprjs/itext-5.0.3/cs1call-output/tai-e.log
java.version: 17.0.14
java.version.date: 2025-01-21
java.runtime.version: 17.0.14+7-LTS
java.vendor: Amazon.com Inc.
java.vendor.version: Corretto-17.0.14.7.1
os.name: Linux
os.version: 5.15.167.4-microsoft-standard-WSL2
os.arch: amd64
Tai-e Version: 0.5.2-SNAPSHOT
Tai-e Commit: f4f1c5d3c96f68ac1bf30f8a35a3b8baefe40761
Writing analysis plan to /home/byx/testSpace/javaprjs/itext-5.0.3/cs1call-output/tai-e-plan.yml
WorldBuilder starts ...
6145 classes with 58243 methods in the world
WorldBuilder finishes, elapsed time: 7.43s
pta starts ...
[Pointer analysis] elapsed time: 16.46s
-------------- Pointer analysis statistics: --------------
#var pointers:                8,6430 (insens) / 38,0719 (sens)
#objects:                     1,0305 (insens) / 1,0678 (sens)
#var points-to:               486,3904 (insens) / 3733,2005 (sens)
#static field points-to:      1,0184 (sens)
#instance field points-to:    49,6430 (sens)
#array points-to:             7,6879 (sens)
#reachable methods:           1,3631 (insens) / 7,7435 (sens)
#call graph edges:            7,6826 (insens) / 90,1791 (sens)
----------------------------------------
pta finishes, elapsed time: 18.70s
cg starts ...
Call graph has 13631 reachable methods and 76826 edges
Dumping call graph to /home/byx/testSpace/javaprjs/itext-5.0.3/cs1call-output/call-graph.dot
Dumping reachable methods to /home/byx/testSpace/javaprjs/itext-5.0.3/cs1call-output/reachable-methods.txt
Dumping call edges to /home/byx/testSpace/javaprjs/itext-5.0.3/cs1call-output/call-edges.txt
cg finishes, elapsed time: 1.07s
Tai-e finishes, elapsed time: 27.37s
