Task Summary (2025-05-23 16:26:00)
==================================================
Total Tasks: 51
Success Tasks: 38

Details:
--------------------------------------------------
Project: aoi-2.8.1
Task: cs1call
Duration: 47.49s
Status: SUCCESS (Code: 0)
Log: /home/byx/testSpace/javaprjs/aoi-2.8.1/cs1call_logs/run_20250523-160544.log
------------------------------
Project: oscache-2.4.1
Task: cs1call
Duration: 6.52s
Status: FAILED (Code: 1)
Log: /home/byx/testSpace/javaprjs/oscache-2.4.1/cs1call_logs/run_20250523-160632.log
------------------------------
Project: pmd-4.2.5
Task: cs1call
Duration: 5.12s
Status: FAILED (Code: 1)
Log: /home/byx/testSpace/javaprjs/pmd-4.2.5/cs1call_logs/run_20250523-160638.log
------------------------------
Project: wct-1.5.2
Task: cs1call
Duration: 6.52s
Status: FAILED (Code: 1)
Log: /home/byx/testSpace/javaprjs/wct-1.5.2/cs1call_logs/run_20250523-160643.log
------------------------------
Project: tomcat-7.0.2
Task: cs1call
Duration: 3.31s
Status: FAILED (Code: 1)
Log: /home/byx/testSpace/javaprjs/tomcat-7.0.2/cs1call_logs/run_20250523-160650.log
------------------------------
Project: jedit-4.3.2
Task: cs1call
Duration: 48.81s
Status: SUCCESS (Code: 0)
Log: /home/byx/testSpace/javaprjs/jedit-4.3.2/cs1call_logs/run_20250523-160653.log
------------------------------
Project: itext-5.0.3
Task: cs1call
Duration: 29.2s
Status: SUCCESS (Code: 0)
Log: /home/byx/testSpace/javaprjs/itext-5.0.3/cs1call_logs/run_20250523-160742.log
------------------------------
Project: emma-2.0.5312
Task: cs1call
Duration: 7.82s
Status: SUCCESS (Code: 0)
Log: /home/byx/testSpace/javaprjs/emma-2.0.5312/cs1call_logs/run_20250523-160811.log
------------------------------
Project: pooka-3.0-080505
Task: cs1call
Duration: 62.81s
Status: SUCCESS (Code: 0)
Log: /home/byx/testSpace/javaprjs/pooka-3.0-080505/cs1call_logs/run_20250523-160819.log
------------------------------
Project: jag-6.1
Task: cs1call
Duration: 20.58s
Status: SUCCESS (Code: 0)
Log: /home/byx/testSpace/javaprjs/jag-6.1/cs1call_logs/run_20250523-160922.log
------------------------------
Project: proguard-4.5.1
Task: cs1call
Duration: 12.54s
Status: SUCCESS (Code: 0)
Log: /home/byx/testSpace/javaprjs/proguard-4.5.1/cs1call_logs/run_20250523-160943.log
------------------------------
Project: openjms-0.7.7-beta-1
Task: cs1call
Duration: 11.74s
Status: SUCCESS (Code: 0)
Log: /home/byx/testSpace/javaprjs/openjms-0.7.7-beta-1/cs1call_logs/run_20250523-160955.log
------------------------------
Project: xalan-2.7.1
Task: cs1call
Duration: 53.73s
Status: SUCCESS (Code: 0)
Log: /home/byx/testSpace/javaprjs/xalan-2.7.1/cs1call_logs/run_20250523-161007.log
------------------------------
Project: jgroups-2.10.0
Task: cs1call
Duration: 35.73s
Status: SUCCESS (Code: 0)
Log: /home/byx/testSpace/javaprjs/jgroups-2.10.0/cs1call_logs/run_20250523-161101.log
------------------------------
Project: megamek-0.35.18
Task: cs1call
Duration: 51.38s
Status: SUCCESS (Code: 0)
Log: /home/byx/testSpace/javaprjs/megamek-0.35.18/cs1call_logs/run_20250523-161136.log
------------------------------
Project: jext-5.0
Task: cs1call
Duration: 42.56s
Status: SUCCESS (Code: 0)
Log: /home/byx/testSpace/javaprjs/jext-5.0/cs1call_logs/run_20250523-161228.log
------------------------------
Project: jasml-0.10
Task: cs1call
Duration: 8.93s
Status: SUCCESS (Code: 0)
Log: /home/byx/testSpace/javaprjs/jasml-0.10/cs1call_logs/run_20250523-161310.log
------------------------------
Project: batik-1.7
Task: cs1call
Duration: 80.16s
Status: SUCCESS (Code: 0)
Log: /home/byx/testSpace/javaprjs/batik-1.7/cs1call_logs/run_20250523-161319.log
------------------------------
Project: jhotdraw-7.5.1
Task: cs1call
Duration: 53.51s
Status: SUCCESS (Code: 0)
Log: /home/byx/testSpace/javaprjs/jhotdraw-7.5.1/cs1call_logs/run_20250523-161439.log
------------------------------
Project: freecs-1.3.20100406
Task: cs1call
Duration: 19.17s
Status: SUCCESS (Code: 0)
Log: /home/byx/testSpace/javaprjs/freecs-1.3.20100406/cs1call_logs/run_20250523-161533.log
------------------------------
Project: displaytag-1.2
Task: cs1call
Duration: 2.41s
Status: FAILED (Code: 1)
Log: /home/byx/testSpace/javaprjs/displaytag-1.2/cs1call_logs/run_20250523-161552.log
------------------------------
Project: quartz-1.8.3
Task: cs1call
Duration: 19.56s
Status: SUCCESS (Code: 0)
Log: /home/byx/testSpace/javaprjs/quartz-1.8.3/cs1call_logs/run_20250523-161554.log
------------------------------
Project: ivatagroupware-0.11.3
Task: cs1call
Duration: 7.63s
Status: FAILED (Code: 1)
Log: /home/byx/testSpace/javaprjs/ivatagroupware-0.11.3/cs1call_logs/run_20250523-161614.log
------------------------------
Project: squirrel_sql-3.1.2
Task: cs1call
Duration: 11.25s
Status: FAILED (Code: 1)
Log: /home/byx/testSpace/javaprjs/squirrel_sql-3.1.2/cs1call_logs/run_20250523-161622.log
------------------------------
Project: javacc-5.0
Task: cs1call
Duration: 17.88s
Status: SUCCESS (Code: 0)
Log: /home/byx/testSpace/javaprjs/javacc-5.0/cs1call_logs/run_20250523-161633.log
------------------------------
Project: jfreechart-1.0.13
Task: cs1call
Duration: 6.32s
Status: SUCCESS (Code: 0)
Log: /home/byx/testSpace/javaprjs/jfreechart-1.0.13/cs1call_logs/run_20250523-161651.log
------------------------------
Project: nekohtml-1.9.14
Task: cs1call
Duration: 6.72s
Status: FAILED (Code: 1)
Log: /home/byx/testSpace/javaprjs/nekohtml-1.9.14/cs1call_logs/run_20250523-161657.log
------------------------------
Project: marauroa-3.8.1
Task: cs1call
Duration: 17.35s
Status: SUCCESS (Code: 0)
Log: /home/byx/testSpace/javaprjs/marauroa-3.8.1/cs1call_logs/run_20250523-161704.log
------------------------------
Project: weka-3-7-9
Task: cs1call
Duration: 124.9s
Status: SUCCESS (Code: 0)
Log: /home/byx/testSpace/javaprjs/weka-3-7-9/cs1call_logs/run_20250523-161721.log
------------------------------
Project: axion-1.0-M2
Task: cs1call
Duration: 9.93s
Status: SUCCESS (Code: 0)
Log: /home/byx/testSpace/javaprjs/axion-1.0-M2/cs1call_logs/run_20250523-161926.log
------------------------------
Project: log4j-1.2.16
Task: cs1call
Duration: 27.11s
Status: SUCCESS (Code: 0)
Log: /home/byx/testSpace/javaprjs/log4j-1.2.16/cs1call_logs/run_20250523-161936.log
------------------------------
Project: sandmark-3.4
Task: cs1call
Duration: 14.75s
Status: SUCCESS (Code: 0)
Log: /home/byx/testSpace/javaprjs/sandmark-3.4/cs1call_logs/run_20250523-162003.log
------------------------------
Project: fitjava-1.1
Task: cs1call
Duration: 9.33s
Status: SUCCESS (Code: 0)
Log: /home/byx/testSpace/javaprjs/fitjava-1.1/cs1call_logs/run_20250523-162018.log
------------------------------
Project: checkstyle-5.1
Task: cs1call
Duration: 14.05s
Status: SUCCESS (Code: 0)
Log: /home/byx/testSpace/javaprjs/checkstyle-5.1/cs1call_logs/run_20250523-162027.log
------------------------------
Project: jasperreports-1.1.0
Task: cs1call
Duration: 3.31s
Status: FAILED (Code: 1)
Log: /home/byx/testSpace/javaprjs/jasperreports-1.1.0/cs1call_logs/run_20250523-162041.log
------------------------------
Project: quilt-0.6-a-5
Task: cs1call
Duration: 14.96s
Status: SUCCESS (Code: 0)
Log: /home/byx/testSpace/javaprjs/quilt-0.6-a-5/cs1call_logs/run_20250523-162044.log
------------------------------
Project: jmoney-0.4.4
Task: cs1call
Duration: 15.85s
Status: SUCCESS (Code: 0)
Log: /home/byx/testSpace/javaprjs/jmoney-0.4.4/cs1call_logs/run_20250523-162059.log
------------------------------
Project: fitlibraryforfitnesse-20100806
Task: cs1call
Duration: 15.04s
Status: SUCCESS (Code: 0)
Log: /home/byx/testSpace/javaprjs/fitlibraryforfitnesse-20100806/cs1call_logs/run_20250523-162115.log
------------------------------
Project: drawswf-1.2.9
Task: cs1call
Duration: 18.16s
Status: SUCCESS (Code: 0)
Log: /home/byx/testSpace/javaprjs/drawswf-1.2.9/cs1call_logs/run_20250523-162130.log
------------------------------
Project: jgrapht-0.8.1
Task: cs1call
Duration: 22.67s
Status: SUCCESS (Code: 0)
Log: /home/byx/testSpace/javaprjs/jgrapht-0.8.1/cs1call_logs/run_20250523-162149.log
------------------------------
Project: jspwiki-2.8.4
Task: cs1call
Duration: 16.15s
Status: SUCCESS (Code: 0)
Log: /home/byx/testSpace/javaprjs/jspwiki-2.8.4/cs1call_logs/run_20250523-162211.log
------------------------------
Project: sunflow-0.07.2
Task: cs1call
Duration: 34.51s
Status: SUCCESS (Code: 0)
Log: /home/byx/testSpace/javaprjs/sunflow-0.07.2/cs1call_logs/run_20250523-162227.log
------------------------------
Project: galleon-2.3.0
Task: cs1call
Duration: 12.15s
Status: FAILED (Code: 1)
Log: /home/byx/testSpace/javaprjs/galleon-2.3.0/cs1call_logs/run_20250523-162302.log
------------------------------
Project: jrefactory-2.9.19
Task: cs1call
Duration: 26.5s
Status: SUCCESS (Code: 0)
Log: /home/byx/testSpace/javaprjs/jrefactory-2.9.19/cs1call_logs/run_20250523-162314.log
------------------------------
Project: freecol-0.10.7
Task: cs1call
Duration: 85.12s
Status: SUCCESS (Code: 0)
Log: /home/byx/testSpace/javaprjs/freecol-0.10.7/cs1call_logs/run_20250523-162340.log
------------------------------
Project: findbugs-1.3.9
Task: cs1call
Duration: 7.93s
Status: FAILED (Code: 1)
Log: /home/byx/testSpace/javaprjs/findbugs-1.3.9/cs1call_logs/run_20250523-162506.log
------------------------------
Project: jrat-0.6
Task: cs1call
Duration: 8.87s
Status: SUCCESS (Code: 0)
Log: /home/byx/testSpace/javaprjs/jrat-0.6/cs1call_logs/run_20250523-162514.log
------------------------------
Project: informa-0.7.0-alpha2
Task: cs1call
Duration: 7.12s
Status: FAILED (Code: 1)
Log: /home/byx/testSpace/javaprjs/informa-0.7.0-alpha2/cs1call_logs/run_20250523-162522.log
------------------------------
Project: tapestry-5.1.0.5
Task: cs1call
Duration: 8.42s
Status: FAILED (Code: 1)
Log: /home/byx/testSpace/javaprjs/tapestry-5.1.0.5/cs1call_logs/run_20250523-162530.log
------------------------------
Project: james-2.2.0
Task: cs1call
Duration: 4.91s
Status: SUCCESS (Code: 0)
Log: /home/byx/testSpace/javaprjs/james-2.2.0/cs1call_logs/run_20250523-162538.log
------------------------------
Project: sablecc-3.2
Task: cs1call
Duration: 17.06s
Status: SUCCESS (Code: 0)
Log: /home/byx/testSpace/javaprjs/sablecc-3.2/cs1call_logs/run_20250523-162543.log
------------------------------
