Tai-e starts ...
Output directory: /home/byx/testSpace/javaprjs/sunflow-0.07.2/cs1call-output
Writing options to /home/byx/testSpace/javaprjs/sunflow-0.07.2/cs1call-output/options.yml
Writing log to /home/byx/testSpace/javaprjs/sunflow-0.07.2/cs1call-output/tai-e.log
java.version: 17.0.14
java.version.date: 2025-01-21
java.runtime.version: 17.0.14+7-LTS
java.vendor: Amazon.com Inc.
java.vendor.version: Corretto-17.0.14.7.1
os.name: Linux
os.version: 5.15.167.4-microsoft-standard-WSL2
os.arch: amd64
Tai-e Version: 0.5.2-SNAPSHOT
Tai-e Commit: f4f1c5d3c96f68ac1bf30f8a35a3b8baefe40761
Writing analysis plan to /home/byx/testSpace/javaprjs/sunflow-0.07.2/cs1call-output/tai-e-plan.yml
WorldBuilder starts ...
Scanning /home/byx/testSpace/javaprjs/sunflow-0.07.2/bin ... 255 classes
6971 classes with 66163 methods in the world
WorldBuilder finishes, elapsed time: 4.28s
pta starts ...
[Pointer analysis] elapsed time: 25.30s
-------------- Pointer analysis statistics: --------------
#var pointers:                12,2453 (insens) / 46,1083 (sens)
#objects:                     1,3962 (insens) / 1,4182 (sens)
#var points-to:               1051,2682 (insens) / 6492,1370 (sens)
#static field points-to:      2,0085 (sens)
#instance field points-to:    194,0069 (sens)
#array points-to:             41,4119 (sens)
#reachable methods:           1,8167 (insens) / 9,4279 (sens)
#call graph edges:            9,2788 (insens) / 54,9804 (sens)
----------------------------------------
pta finishes, elapsed time: 28.61s
cg starts ...
Call graph has 18167 reachable methods and 92788 edges
Dumping call graph to /home/byx/testSpace/javaprjs/sunflow-0.07.2/cs1call-output/call-graph.dot
Dumping reachable methods to /home/byx/testSpace/javaprjs/sunflow-0.07.2/cs1call-output/reachable-methods.txt
Dumping call edges to /home/byx/testSpace/javaprjs/sunflow-0.07.2/cs1call-output/call-edges.txt
cg finishes, elapsed time: 1.35s
Tai-e finishes, elapsed time: 34.39s
[Task Info]
Task Name: cs1call
Java Path: /home/byx/.jdks/corretto-17.0.14/bin/java
JAR Path: /home/byx/projects/Tai-e/build/tai-e-all-0.5.2-SNAPSHOT.jar
Config File: cs1call-config.yml
Project Dir: /home/byx/testSpace/javaprjs/sunflow-0.07.2
Work Dir: /home/byx/projects/Tai-e
Log File: /home/byx/testSpace/javaprjs/sunflow-0.07.2/cs1call_logs/run_20250521-115258.log

[Command]
/home/byx/.jdks/corretto-17.0.14/bin/java -jar /home/byx/projects/Tai-e/build/tai-e-all-0.5.2-SNAPSHOT.jar --options-file /home/byx/testSpace/javaprjs/sunflow-0.07.2/cs1call-config.yml

[Output]

[Performance]
Start Time: 2025-05-21 11:52:58
Duration: 34.81s
Peak Memory: 2778.84 MB
Exit Code: 0
