Tai-e starts ...
Output directory: /home/byx/testSpace/javaprjs/freecol-0.10.7/ci_app-output
Writing options to /home/byx/testSpace/javaprjs/freecol-0.10.7/ci_app-output/options.yml
Writing log to /home/byx/testSpace/javaprjs/freecol-0.10.7/ci_app-output/tai-e.log
java.version: 17.0.14
java.version.date: 2025-01-21
java.runtime.version: 17.0.14+7-LTS
java.vendor: Amazon.com Inc.
java.vendor.version: Corretto-17.0.14.7.1
os.name: Linux
os.version: 5.15.167.4-microsoft-standard-WSL2
os.arch: amd64
Tai-e Version: 0.5.2-SNAPSHOT
Tai-e Commit: f4f1c5d3c96f68ac1bf30f8a35a3b8baefe40761
Writing analysis plan to /home/byx/testSpace/javaprjs/freecol-0.10.7/ci_app-output/tai-e-plan.yml
WorldBuilder starts ...
Scanning /home/byx/testSpace/javaprjs/freecol-0.10.7/bin ... 1310 classes
6706 classes with 61808 methods in the world
WorldBuilder finishes, elapsed time: 7.97s
pta starts ...
[Pointer analysis] elapsed time: 0.46s
-------------- Pointer analysis statistics: --------------
#var pointers:                1,1038 (insens) / 2,3889 (sens)
#objects:                     2057 (insens) / 2081 (sens)
#var points-to:               1,3853 (insens) / 2,4620 (sens)
#static field points-to:      521 (sens)
#instance field points-to:    3146 (sens)
#array points-to:             250 (sens)
#reachable methods:           2017 (insens) / 6694 (sens)
#call graph edges:            6491 (insens) / 1,3111 (sens)
----------------------------------------
pta finishes, elapsed time: 0.89s
cg starts ...
Call graph has 2017 reachable methods and 6491 edges
Dumping call graph to /home/byx/testSpace/javaprjs/freecol-0.10.7/ci_app-output/call-graph.dot
Dumping reachable methods to /home/byx/testSpace/javaprjs/freecol-0.10.7/ci_app-output/reachable-methods.txt
Dumping call edges to /home/byx/testSpace/javaprjs/freecol-0.10.7/ci_app-output/call-edges.txt
cg finishes, elapsed time: 0.25s
Tai-e finishes, elapsed time: 9.30s
[Task Info]
Task Name: ci_app
Java Path: /home/byx/.jdks/corretto-17.0.14/bin/java
JAR Path: /home/byx/projects/Tai-e/build/tai-e-all-0.5.2-SNAPSHOT.jar
Config File: ci_app-config.yml
Project Dir: /home/byx/testSpace/javaprjs/freecol-0.10.7
Work Dir: /home/byx/projects/Tai-e
Log File: /home/byx/testSpace/javaprjs/freecol-0.10.7/ci_app_logs/run_20250523-163817.log

[Command]
/home/byx/.jdks/corretto-17.0.14/bin/java -jar /home/byx/projects/Tai-e/build/tai-e-all-0.5.2-SNAPSHOT.jar --options-file /home/byx/testSpace/javaprjs/freecol-0.10.7/ci_app-config.yml

[Output]

[Performance]
Start Time: 2025-05-23 16:38:17
Duration: 9.85s
Peak Memory: 1329.77 MB
Exit Code: 0
