Tai-e starts ...
Output directory: /home/byx/testSpace/javaprjs/freecs-1.3.20100406/cs1call-output
Writing options to /home/byx/testSpace/javaprjs/freecs-1.3.20100406/cs1call-output/options.yml
Writing log to /home/byx/testSpace/javaprjs/freecs-1.3.20100406/cs1call-output/tai-e.log
java.version: 17.0.14
java.version.date: 2025-01-21
java.runtime.version: 17.0.14+7-LTS
java.vendor: Amazon.com Inc.
java.vendor.version: Corretto-17.0.14.7.1
os.name: Linux
os.version: 5.15.167.4-microsoft-standard-WSL2
os.arch: amd64
Tai-e Version: 0.5.2-SNAPSHOT
Tai-e Commit: f4f1c5d3c96f68ac1bf30f8a35a3b8baefe40761
Writing analysis plan to /home/byx/testSpace/javaprjs/freecs-1.3.20100406/cs1call-output/tai-e-plan.yml
WorldBuilder starts ...
Scanning /home/byx/testSpace/javaprjs/freecs-1.3.20100406/bin ... 149 classes
6934 classes with 66965 methods in the world
WorldBuilder finishes, elapsed time: 4.08s
pta starts ...
[Pointer analysis] elapsed time: 10.52s
-------------- Pointer analysis statistics: --------------
#var pointers:                7,0509 (insens) / 28,0386 (sens)
#objects:                     7118 (insens) / 7124 (sens)
#var points-to:               426,9496 (insens) / 2644,3481 (sens)
#static field points-to:      1,0468 (sens)
#instance field points-to:    70,0110 (sens)
#array points-to:             15,9988 (sens)
#reachable methods:           9659 (insens) / 5,6121 (sens)
#call graph edges:            5,5309 (insens) / 40,0117 (sens)
----------------------------------------
pta finishes, elapsed time: 11.88s
cg starts ...
Call graph has 9659 reachable methods and 55309 edges
Dumping call graph to /home/byx/testSpace/javaprjs/freecs-1.3.20100406/cs1call-output/call-graph.dot
Dumping reachable methods to /home/byx/testSpace/javaprjs/freecs-1.3.20100406/cs1call-output/reachable-methods.txt
Dumping call edges to /home/byx/testSpace/javaprjs/freecs-1.3.20100406/cs1call-output/call-edges.txt
cg finishes, elapsed time: 1.21s
Tai-e finishes, elapsed time: 17.34s
[Task Info]
Task Name: cs1call
Java Path: /home/byx/.jdks/corretto-17.0.14/bin/java
JAR Path: /home/byx/projects/Tai-e/build/tai-e-all-0.5.2-SNAPSHOT.jar
Config File: cs1call-config.yml
Project Dir: /home/byx/testSpace/javaprjs/freecs-1.3.20100406
Work Dir: /home/byx/projects/Tai-e
Log File: /home/byx/testSpace/javaprjs/freecs-1.3.20100406/cs1call_logs/run_20250521-114413.log

[Command]
/home/byx/.jdks/corretto-17.0.14/bin/java -jar /home/byx/projects/Tai-e/build/tai-e-all-0.5.2-SNAPSHOT.jar --options-file /home/byx/testSpace/javaprjs/freecs-1.3.20100406/cs1call-config.yml

[Output]

[Performance]
Start Time: 2025-05-21 11:44:13
Duration: 17.77s
Peak Memory: 2069.45 MB
Exit Code: 0
