Writing log to /home/byx/testSpace/javaprjs/proguard-4.5.1/ci_app-output/tai-e.log
java.version: 17.0.14
java.version.date: 2025-01-21
java.runtime.version: 17.0.14+7-LTS
java.vendor: Amazon.com Inc.
java.vendor.version: Corretto-17.0.14.7.1
os.name: Linux
os.version: 5.15.167.4-microsoft-standard-WSL2
os.arch: amd64
Tai-e Version: 0.5.2-SNAPSHOT
Tai-e Commit: f4f1c5d3c96f68ac1bf30f8a35a3b8baefe40761
Writing analysis plan to /home/byx/testSpace/javaprjs/proguard-4.5.1/ci_app-output/tai-e-plan.yml
WorldBuilder starts ...
4398 classes with 42761 methods in the world
WorldBuilder finishes, elapsed time: 5.46s
pta starts ...
[Pointer analysis] elapsed time: 0.44s
-------------- Pointer analysis statistics: --------------
#var pointers:                9493 (insens) / 2,0336 (sens)
#objects:                     3097 (insens) / 3097 (sens)
#var points-to:               1,9925 (insens) / 3,6041 (sens)
#static field points-to:      154 (sens)
#instance field points-to:    4219 (sens)
#array points-to:             2317 (sens)
#reachable methods:           1353 (insens) / 6038 (sens)
#call graph edges:            6006 (insens) / 1,3877 (sens)
----------------------------------------
pta finishes, elapsed time: 0.78s
cg starts ...
Call graph has 1353 reachable methods and 6006 edges
Dumping call graph to /home/byx/testSpace/javaprjs/proguard-4.5.1/ci_app-output/call-graph.dot
Dumping reachable methods to /home/byx/testSpace/javaprjs/proguard-4.5.1/ci_app-output/reachable-methods.txt
Dumping call edges to /home/byx/testSpace/javaprjs/proguard-4.5.1/ci_app-output/call-edges.txt
cg finishes, elapsed time: 0.22s
Tai-e finishes, elapsed time: 6.62s
