Writing log to /home/byx/testSpace/javaprjs/sunflow-0.07.2/ci_app-output/tai-e.log
java.version: 17.0.14
java.version.date: 2025-01-21
java.runtime.version: 17.0.14+7-LTS
java.vendor: Amazon.com Inc.
java.vendor.version: Corretto-17.0.14.7.1
os.name: Linux
os.version: 5.15.167.4-microsoft-standard-WSL2
os.arch: amd64
Tai-e Version: 0.5.2-SNAPSHOT
Tai-e Commit: f4f1c5d3c96f68ac1bf30f8a35a3b8baefe40761
Writing analysis plan to /home/byx/testSpace/javaprjs/sunflow-0.07.2/ci_app-output/tai-e-plan.yml
WorldBuilder starts ...
6971 classes with 66163 methods in the world
WorldBuilder finishes, elapsed time: 4.17s
pta starts ...
[Pointer analysis] elapsed time: 0.47s
-------------- Pointer analysis statistics: --------------
#var pointers:                8662 (insens) / 2,8325 (sens)
#objects:                     1518 (insens) / 1518 (sens)
#var points-to:               2,2385 (insens) / 5,9427 (sens)
#static field points-to:      117 (sens)
#instance field points-to:    2537 (sens)
#array points-to:             1292 (sens)
#reachable methods:           1144 (insens) / 5520 (sens)
#call graph edges:            5421 (insens) / 1,6238 (sens)
----------------------------------------
pta finishes, elapsed time: 0.94s
cg starts ...
Call graph has 1144 reachable methods and 5421 edges
Dumping call graph to /home/byx/testSpace/javaprjs/sunflow-0.07.2/ci_app-output/call-graph.dot
Dumping reachable methods to /home/byx/testSpace/javaprjs/sunflow-0.07.2/ci_app-output/reachable-methods.txt
Dumping call edges to /home/byx/testSpace/javaprjs/sunflow-0.07.2/ci_app-output/call-edges.txt
cg finishes, elapsed time: 0.20s
Tai-e finishes, elapsed time: 5.47s
