Tai-e starts ...
Output directory: /home/byx/testSpace/javaprjs/jspwiki-2.8.4/cha-output
Writing options to /home/byx/testSpace/javaprjs/jspwiki-2.8.4/cha-output/options.yml
Writing log to /home/byx/testSpace/javaprjs/jspwiki-2.8.4/cha-output/tai-e.log
java.version: 17.0.14
java.version.date: 2025-01-21
java.runtime.version: 17.0.14+7-LTS
java.vendor: Amazon.com Inc.
java.vendor.version: Corretto-17.0.14.7.1
os.name: Linux
os.version: 5.15.167.4-microsoft-standard-WSL2
os.arch: amd64
Tai-e Version: 0.5.2-SNAPSHOT
Tai-e Commit: c7be5bc7169859d534212a5d557c34b177e43d7c
Writing analysis plan to /home/byx/testSpace/javaprjs/jspwiki-2.8.4/cha-output/tai-e-plan.yml
WorldBuilder starts ...
Scanning /home/byx/testSpace/javaprjs/jspwiki-2.8.4/bin ... 456 classes
Exception in thread "main" java.lang.RuntimeException: couldn't find class: org.freshcookies.security.policy.LocalPolicy (are your class path and class name given properly?)
	at pascal.taie.frontend.soot.SootWorldBuilder.runSoot(SootWorldBuilder.java:256)
	at pascal.taie.frontend.soot.SootWorldBuilder.build(SootWorldBuilder.java:83)
	at pascal.taie.Main.lambda$buildWorld$3(Main.java:134)
	at pascal.taie.util.Timer.lambda$runAndCount$0(Timer.java:112)
	at pascal.taie.util.Timer.runAndCount(Timer.java:93)
	at pascal.taie.util.Timer.runAndCount(Timer.java:111)
	at pascal.taie.util.Timer.runAndCount(Timer.java:107)
	at pascal.taie.Main.buildWorld(Main.java:126)
	at pascal.taie.Main.lambda$main$0(Main.java:61)
	at pascal.taie.util.Timer.lambda$runAndCount$0(Timer.java:112)
	at pascal.taie.util.Timer.runAndCount(Timer.java:93)
	at pascal.taie.util.Timer.runAndCount(Timer.java:111)
	at pascal.taie.util.Timer.runAndCount(Timer.java:107)
	at pascal.taie.Main.main(Main.java:52)
[Task Info]
Task Name: cha
Java Path: /home/byx/.jdks/corretto-17.0.14/bin/java
JAR Path: /home/byx/projects/Tai-e/build/tai-e-all-0.5.2-SNAPSHOT.jar
Config File: cha-config.yml
Project Dir: /home/byx/testSpace/javaprjs/jspwiki-2.8.4
Work Dir: /home/byx/projects/Tai-e
Log File: /home/byx/testSpace/javaprjs/jspwiki-2.8.4/cha_logs/run_20250604-214923.log

[Command]
/home/byx/.jdks/corretto-17.0.14/bin/java -jar /home/byx/projects/Tai-e/build/tai-e-all-0.5.2-SNAPSHOT.jar --options-file /home/byx/testSpace/javaprjs/jspwiki-2.8.4/cha-config.yml

[Output]

[Performance]
Start Time: 2025-06-04 21:49:23
Duration: 1.91s
Peak Memory: 609.68 MB
Exit Code: 1
