Tai-e starts ...
Output directory: /home/byx/testSpace/javaprjs/antlr/cha-output
Writing options to /home/byx/testSpace/javaprjs/antlr/cha-output/options.yml
Writing log to /home/byx/testSpace/javaprjs/antlr/cha-output/tai-e.log
java.version: 17.0.14
java.version.date: 2025-01-21
java.runtime.version: 17.0.14+7-LTS
java.vendor: Amazon.com Inc.
java.vendor.version: Corretto-17.0.14.7.1
os.name: Linux
os.version: 5.15.167.4-microsoft-standard-WSL2
os.arch: amd64
Tai-e Version: 0.5.2-SNAPSHOT
Tai-e Commit: c7be5bc7169859d534212a5d557c34b177e43d7c
Writing analysis plan to /home/byx/testSpace/javaprjs/antlr/cha-output/tai-e-plan.yml
WorldBuilder starts ...
Scanning /home/byx/testSpace/javaprjs/antlr/antlr.jar ... 228 classes
5726 classes with 54985 methods in the world
WorldBuilder finishes, elapsed time: 4.10s
cg starts ...
Building call graph by CHA
Ignore methods of java.lang.Object
Call graph has 29340 reachable methods and 288179 edges
Dumping reachable methods to /home/byx/testSpace/javaprjs/antlr/cha-output/reachable-methods.txt
cg finishes, elapsed time: 13.03s
Tai-e finishes, elapsed time: 17.28s
[Task Info]
Task Name: cha
Java Path: /home/byx/.jdks/corretto-17.0.14/bin/java
JAR Path: /home/byx/projects/Tai-e/build/tai-e-all-0.5.2-SNAPSHOT.jar
Config File: cha-config.yml
Project Dir: /home/byx/testSpace/javaprjs/antlr
Work Dir: /home/byx/projects/Tai-e
Log File: /home/byx/testSpace/javaprjs/antlr/cha_logs/run_20250606-180249.log

[Command]
/home/byx/.jdks/corretto-17.0.14/bin/java -jar /home/byx/projects/Tai-e/build/tai-e-all-0.5.2-SNAPSHOT.jar --options-file /home/byx/testSpace/javaprjs/antlr/cha-config.yml

[Output]

[Performance]
Start Time: 2025-06-06 18:02:49
Duration: 17.76s
Peak Memory: 2793.63 MB
Exit Code: 0
