Tai-e starts ...
Output directory: /home/byx/testSpace/javaprjs/sunflow-0.07.2/ci-output
Writing options to /home/byx/testSpace/javaprjs/sunflow-0.07.2/ci-output/options.yml
Writing log to /home/byx/testSpace/javaprjs/sunflow-0.07.2/ci-output/tai-e.log
java.version: 17.0.14
java.version.date: 2025-01-21
java.runtime.version: 17.0.14+7-LTS
java.vendor: Amazon.com Inc.
java.vendor.version: Corretto-17.0.14.7.1
os.name: Linux
os.version: 5.15.167.4-microsoft-standard-WSL2
os.arch: amd64
Tai-e Version: 0.5.2-SNAPSHOT
Tai-e Commit: f4f1c5d3c96f68ac1bf30f8a35a3b8baefe40761
Writing analysis plan to /home/byx/testSpace/javaprjs/sunflow-0.07.2/ci-output/tai-e-plan.yml
WorldBuilder starts ...
Scanning /home/byx/testSpace/javaprjs/sunflow-0.07.2/bin ... 255 classes
6971 classes with 66163 methods in the world
WorldBuilder finishes, elapsed time: 4.51s
pta starts ...
[Pointer analysis] elapsed time: 18.91s
Imprecise reflective calls:
[Class.forName]<java.security.Policy: java.security.Policy getPolicyNoCheck()>[23@L184] $r9 = invokestatic java.lang.Class.forName(r28), #targets: 75
[Class.forName]<java.security.Policy$2: java.security.Policy run()>[9@L213] $r2 = invokestatic java.lang.Class.forName($r1, %intconst0, r14), #targets: 75
[Class.forName]<sun.security.provider.PolicyFile: void addPermissions(java.security.Permissions,java.security.CodeSource,java.security.Principal[],sun.security.provider.PolicyFile$PolicyEntry)>[107@L1357] $r26 = invokestatic java.lang.Class.forName($r25, %intconst2, $r24), #targets: 75
[Class.forName]<java.awt.GraphicsEnvironment: java.awt.GraphicsEnvironment createGE()>[5@L103] r26 = invokestatic java.lang.Class.forName(r2), #targets: 74
[Class.forName]<java.awt.GraphicsEnvironment: java.awt.GraphicsEnvironment createGE()>[10@L108] r26 = invokestatic java.lang.Class.forName(r2, %intconst1, $r24), #targets: 74
[Class.forName]<java.awt.Toolkit: void loadAssistiveTechnologies()>[14@L803] r31 = invokestatic java.lang.Class.forName($r4), #targets: 74
[Class.forName]<java.awt.Toolkit$2: java.lang.Void run()>[3@L860] r26 = invokestatic java.lang.Class.forName($r0), #targets: 74
[Class.forName]<java.awt.datatransfer.DataFlavor: java.lang.Class tryToLoadClass(java.lang.String,java.lang.ClassLoader)>[7@L146] $r3 = invokestatic java.lang.Class.forName(r0, %intconst0, $r2), #targets: 74
[Class.forName]<java.awt.datatransfer.DataFlavor: java.lang.Class tryToLoadClass(java.lang.String,java.lang.ClassLoader)>[13@L153] $r12 = invokestatic java.lang.Class.forName(r0, %intconst0, $r11), #targets: 74
[Class.forName]<java.awt.datatransfer.DataFlavor: java.lang.Class tryToLoadClass(java.lang.String,java.lang.ClassLoader)>[18@L163] $r7 = invokestatic java.lang.Class.forName(r0, %intconst0, r6), #targets: 74
[Class.forName]<java.lang.SystemClassLoaderAction: java.lang.ClassLoader run()>[7@L2202] $r3 = invokestatic java.lang.Class.forName($r0, %intconst1, $r2), #targets: 74
[Class.forName]<java.nio.file.FileSystems$DefaultFileSystemHolder: java.nio.file.spi.FileSystemProvider getDefaultProvider()>[12@L118] $r4 = invokestatic java.lang.Class.forName(r2, %intconst2, $r3), #targets: 74
[Class.forName]<java.security.Provider$Service: java.lang.Class getImplClass()>[13@L1634] r33 = invokestatic java.lang.Class.forName($r18), #targets: 74
[Class.forName]<java.security.Provider$Service: java.lang.Class getKeyClass(java.lang.String)>[0@L1786] $r1 = invokestatic java.lang.Class.forName(r0), #targets: 74
[Class.forName]<java.util.ResourceBundle$RBClassLoader: java.lang.Class loadClass(java.lang.String)>[5@L514] $r2 = invokestatic java.lang.Class.forName(r1), #targets: 74
[Class.forName]<java.util.ServiceLoader$LazyIterator: java.lang.Object nextService()>[10@L370] r31 = invokestatic java.lang.Class.forName(r1, %intconst0, $r2), #targets: 74
[Class.forName]<java.util.prefs.Preferences: java.util.prefs.PreferencesFactory factory()>[7@L242] $r7 = invokestatic java.lang.Class.forName(r2, %intconst0, $r6), #targets: 74
[Class.forName]<java.util.prefs.Preferences: java.util.prefs.PreferencesFactory factory()>[19@L254] $r20 = invokestatic java.lang.Class.forName(r2, %intconst0, $r19), #targets: 74
[Class.forName]<javax.crypto.CryptoPolicyParser: java.security.spec.AlgorithmParameterSpec getInstance(java.lang.String,java.lang.Integer[])>[0@L288] $r1 = invokestatic java.lang.Class.forName(r0), #targets: 74
[Class.forName]<javax.swing.SwingUtilities: java.lang.Class loadSystemClass(java.lang.String)>[4@L1879] $r3 = invokestatic java.lang.Class.forName(r0, %intconst0, $r2), #targets: 74
[Class.forName]<sun.awt.SunToolkit: void initEQ(sun.awt.AppContext)>[3@L123] $r1 = invokestatic java.lang.Class.forName($r0), #targets: 74
[Class.forName]<sun.awt.shell.ShellFolder: void <clinit>()>[6@L215] $r3 = invokestatic java.lang.Class.forName(r2, %intconst1, %nullconst), #targets: 74
[Class.forName]<sun.font.FontManagerFactory$1: java.lang.Object run()>[5@L82] $r3 = invokestatic java.lang.Class.forName($r1, %intconst1, $r2), #targets: 74
[Class.forName]<sun.security.jca.ProviderConfig$2: java.security.Provider run()>[19@L217] r55 = invokestatic java.lang.Class.forName($r4), #targets: 74
[Class.forName]<sun.security.provider.PolicyFile: java.security.Permission getInstance(java.lang.String,java.lang.String,java.lang.String)>[1@L939] $r1 = invokestatic java.lang.Class.forName(r0, %intconst0, %nullconst), #targets: 74
[Constructor.newInstance]<java.security.Provider$Service: java.lang.Object newInstance(java.lang.Object)>[50@L1595] $r26 = invokevirtual $r24.newInstance($r25), #targets: 61
[Constructor.newInstance]<java.security.Provider$Service: java.lang.Object newInstanceGeneric(java.lang.Object)>[6@L1666] $r21 = invokevirtual $r19.newInstance($r20), #targets: 61
[Class.newInstance]<java.awt.Toolkit: void loadAssistiveTechnologies()>[15@L805] invokevirtual r31.newInstance(), #targets: 60
[Class.newInstance]<java.util.ServiceLoader$LazyIterator: java.lang.Object nextService()>[36@L380] $r5 = invokevirtual r31.newInstance(), #targets: 60
-------------- Pointer analysis statistics: --------------
#var pointers:                12,3142 (insens) / 12,3142 (sens)
#objects:                     1,4108 (insens) / 1,4108 (sens)
#var points-to:               1529,3222 (insens) / 1529,3222 (sens)
#static field points-to:      2,7223 (sens)
#instance field points-to:    385,9732 (sens)
#array points-to:             81,5355 (sens)
#reachable methods:           1,8297 (insens) / 1,8297 (sens)
#call graph edges:            9,7261 (insens) / 9,7262 (sens)
----------------------------------------
pta finishes, elapsed time: 20.25s
cg starts ...
Call graph has 18297 reachable methods and 97261 edges
Dumping call graph to /home/byx/testSpace/javaprjs/sunflow-0.07.2/ci-output/call-graph.dot
Dumping reachable methods to /home/byx/testSpace/javaprjs/sunflow-0.07.2/ci-output/reachable-methods.txt
Dumping call edges to /home/byx/testSpace/javaprjs/sunflow-0.07.2/ci-output/call-edges.txt
cg finishes, elapsed time: 1.37s
Tai-e finishes, elapsed time: 26.31s
[Task Info]
Task Name: ci
Java Path: /home/byx/.jdks/corretto-17.0.14/bin/java
JAR Path: /home/byx/projects/Tai-e/build/tai-e-all-0.5.2-SNAPSHOT.jar
Config File: ci-config.yml
Project Dir: /home/byx/testSpace/javaprjs/sunflow-0.07.2
Work Dir: /home/byx/projects/Tai-e
Log File: /home/byx/testSpace/javaprjs/sunflow-0.07.2/ci_logs/run_20250522-161619.log

[Command]
/home/byx/.jdks/corretto-17.0.14/bin/java -jar /home/byx/projects/Tai-e/build/tai-e-all-0.5.2-SNAPSHOT.jar --options-file /home/byx/testSpace/javaprjs/sunflow-0.07.2/ci-config.yml

[Output]

[Performance]
Start Time: 2025-05-22 16:16:19
Duration: 26.99s
Peak Memory: 2542.98 MB
Exit Code: 0
