Tai-e starts ...
Output directory: /home/byx/testSpace/javaprjs/freecs-1.3.20100406/ci-output
Writing options to /home/byx/testSpace/javaprjs/freecs-1.3.20100406/ci-output/options.yml
Writing log to /home/byx/testSpace/javaprjs/freecs-1.3.20100406/ci-output/tai-e.log
java.version: 17.0.14
java.version.date: 2025-01-21
java.runtime.version: 17.0.14+7-LTS
java.vendor: Amazon.com Inc.
java.vendor.version: Corretto-17.0.14.7.1
os.name: Linux
os.version: 5.15.167.4-microsoft-standard-WSL2
os.arch: amd64
Tai-e Version: 0.5.2-SNAPSHOT
Tai-e Commit: f4f1c5d3c96f68ac1bf30f8a35a3b8baefe40761
Writing analysis plan to /home/byx/testSpace/javaprjs/freecs-1.3.20100406/ci-output/tai-e-plan.yml
WorldBuilder starts ...
Scanning /home/byx/testSpace/javaprjs/freecs-1.3.20100406/bin ... 149 classes
6934 classes with 66965 methods in the world
WorldBuilder finishes, elapsed time: 4.84s
pta starts ...
[Pointer analysis] elapsed time: 6.40s
-------------- Pointer analysis statistics: --------------
#var pointers:                7,0981 (insens) / 7,0981 (sens)
#objects:                     7134 (insens) / 7134 (sens)
#var points-to:               566,0238 (insens) / 566,0238 (sens)
#static field points-to:      1,3769 (sens)
#instance field points-to:    110,5336 (sens)
#array points-to:             19,6746 (sens)
#reachable methods:           9756 (insens) / 9756 (sens)
#call graph edges:            5,7698 (insens) / 5,7699 (sens)
----------------------------------------
pta finishes, elapsed time: 6.99s
cg starts ...
Call graph has 9756 reachable methods and 57698 edges
Dumping call graph to /home/byx/testSpace/javaprjs/freecs-1.3.20100406/ci-output/call-graph.dot
Dumping reachable methods to /home/byx/testSpace/javaprjs/freecs-1.3.20100406/ci-output/reachable-methods.txt
Dumping call edges to /home/byx/testSpace/javaprjs/freecs-1.3.20100406/ci-output/call-edges.txt
cg finishes, elapsed time: 0.91s
Tai-e finishes, elapsed time: 12.90s
[Task Info]
Task Name: ci
Java Path: /home/byx/.jdks/corretto-17.0.14/bin/java
JAR Path: /home/byx/projects/Tai-e/build/tai-e-all-0.5.2-SNAPSHOT.jar
Config File: ci-config.yml
Project Dir: /home/byx/testSpace/javaprjs/freecs-1.3.20100406
Work Dir: /home/byx/projects/Tai-e
Log File: /home/byx/testSpace/javaprjs/freecs-1.3.20100406/ci_logs/run_20250522-160931.log

[Command]
/home/byx/.jdks/corretto-17.0.14/bin/java -jar /home/byx/projects/Tai-e/build/tai-e-all-0.5.2-SNAPSHOT.jar --options-file /home/byx/testSpace/javaprjs/freecs-1.3.20100406/ci-config.yml

[Output]

[Performance]
Start Time: 2025-05-22 16:09:31
Duration: 13.45s
Peak Memory: 1321.72 MB
Exit Code: 0
