Tai-e starts ...
Output directory: /home/byx/testSpace/javaprjs/freecs-1.3.20100406/ci-output
Writing options to /home/byx/testSpace/javaprjs/freecs-1.3.20100406/ci-output/options.yml
Writing log to /home/byx/testSpace/javaprjs/freecs-1.3.20100406/ci-output/tai-e.log
java.version: 17.0.14
java.version.date: 2025-01-21
java.runtime.version: 17.0.14+7-LTS
java.vendor: Amazon.com Inc.
java.vendor.version: Corretto-17.0.14.7.1
os.name: Linux
os.version: 5.15.167.4-microsoft-standard-WSL2
os.arch: amd64
Tai-e Version: 0.5.2-SNAPSHOT
Tai-e Commit: f4f1c5d3c96f68ac1bf30f8a35a3b8baefe40761
Writing analysis plan to /home/byx/testSpace/javaprjs/freecs-1.3.20100406/ci-output/tai-e-plan.yml
WorldBuilder starts ...
Scanning /home/byx/testSpace/javaprjs/freecs-1.3.20100406/bin ... 149 classes
6934 classes with 66965 methods in the world
WorldBuilder finishes, elapsed time: 4.17s
pta starts ...
[Pointer analysis] elapsed time: 6.36s
-------------- Pointer analysis statistics: --------------
#var pointers:                7,0600 (insens) / 7,0600 (sens)
#objects:                     7089 (insens) / 7089 (sens)
#var points-to:               532,2190 (insens) / 532,2190 (sens)
#static field points-to:      4940 (sens)
#instance field points-to:    108,9234 (sens)
#array points-to:             19,5715 (sens)
#reachable methods:           9654 (insens) / 9654 (sens)
#call graph edges:            5,6047 (insens) / 5,6048 (sens)
----------------------------------------
pta finishes, elapsed time: 6.94s
cg starts ...
Call graph has 9654 reachable methods and 56047 edges
Dumping call graph to /home/byx/testSpace/javaprjs/freecs-1.3.20100406/ci-output/call-graph.dot
Dumping reachable methods to /home/byx/testSpace/javaprjs/freecs-1.3.20100406/ci-output/reachable-methods.txt
Dumping call edges to /home/byx/testSpace/javaprjs/freecs-1.3.20100406/ci-output/call-edges.txt
cg finishes, elapsed time: 0.85s
Tai-e finishes, elapsed time: 12.12s
[Task Info]
Task Name: ci
Java Path: /home/byx/.jdks/corretto-17.0.14/bin/java
JAR Path: /home/byx/projects/Tai-e/build/tai-e-all-0.5.2-SNAPSHOT.jar
Config File: ci-config.yml
Project Dir: /home/byx/testSpace/javaprjs/freecs-1.3.20100406
Work Dir: /home/byx/projects/Tai-e
Log File: /home/byx/testSpace/javaprjs/freecs-1.3.20100406/ci_logs/run_20250522-165803.log

[Command]
/home/byx/.jdks/corretto-17.0.14/bin/java -jar /home/byx/projects/Tai-e/build/tai-e-all-0.5.2-SNAPSHOT.jar --options-file /home/byx/testSpace/javaprjs/freecs-1.3.20100406/ci-config.yml

[Output]

[Performance]
Start Time: 2025-05-22 16:58:03
Duration: 12.64s
Peak Memory: 1187.22 MB
Exit Code: 0
