Writing log to /home/byx/testSpace/javaprjs/jmoney-0.4.4/ci_app-output/tai-e.log
java.version: 17.0.14
java.version.date: 2025-01-21
java.runtime.version: 17.0.14+7-LTS
java.vendor: Amazon.com Inc.
java.vendor.version: Corretto-17.0.14.7.1
os.name: Linux
os.version: 5.15.167.4-microsoft-standard-WSL2
os.arch: amd64
Tai-e Version: 0.5.2-SNAPSHOT
Tai-e Commit: f4f1c5d3c96f68ac1bf30f8a35a3b8baefe40761
Writing analysis plan to /home/byx/testSpace/javaprjs/jmoney-0.4.4/ci_app-output/tai-e-plan.yml
WorldBuilder starts ...
3919 classes with 37894 methods in the world
WorldBuilder finishes, elapsed time: 2.54s
pta starts ...
[Pointer analysis] elapsed time: 0.15s
-------------- Pointer analysis statistics: --------------
#var pointers:                2729 (insens) / 2971 (sens)
#objects:                     692 (insens) / 692 (sens)
#var points-to:               2542 (insens) / 2746 (sens)
#static field points-to:      38 (sens)
#instance field points-to:    463 (sens)
#array points-to:             3 (sens)
#reachable methods:           494 (insens) / 1897 (sens)
#call graph edges:            1863 (insens) / 2062 (sens)
----------------------------------------
pta finishes, elapsed time: 0.47s
cg starts ...
Call graph has 494 reachable methods and 1863 edges
Dumping call graph to /home/byx/testSpace/javaprjs/jmoney-0.4.4/ci_app-output/call-graph.dot
Dumping reachable methods to /home/byx/testSpace/javaprjs/jmoney-0.4.4/ci_app-output/reachable-methods.txt
Dumping call edges to /home/byx/testSpace/javaprjs/jmoney-0.4.4/ci_app-output/call-edges.txt
cg finishes, elapsed time: 0.14s
Tai-e finishes, elapsed time: 3.30s
