Tai-e starts ...
Output directory: /home/byx/testSpace/javaprjs/jrefactory-2.9.19/ci-output
Writing options to /home/byx/testSpace/javaprjs/jrefactory-2.9.19/ci-output/options.yml
Writing log to /home/byx/testSpace/javaprjs/jrefactory-2.9.19/ci-output/tai-e.log
java.version: 17.0.14
java.version.date: 2025-01-21
java.runtime.version: 17.0.14+7-LTS
java.vendor: Amazon.com Inc.
java.vendor.version: Corretto-17.0.14.7.1
os.name: Linux
os.version: 5.15.167.4-microsoft-standard-WSL2
os.arch: amd64
Tai-e Version: 0.5.2-SNAPSHOT
Tai-e Commit: f4f1c5d3c96f68ac1bf30f8a35a3b8baefe40761
Writing analysis plan to /home/byx/testSpace/javaprjs/jrefactory-2.9.19/ci-output/tai-e-plan.yml
WorldBuilder starts ...
Scanning /home/byx/testSpace/javaprjs/jrefactory-2.9.19/bin ... 2776 classes
7565 classes with 68259 methods in the world
WorldBuilder finishes, elapsed time: 12.24s
pta starts ...
[Pointer analysis] elapsed time: 7.40s
-------------- Pointer analysis statistics: --------------
#var pointers:                7,6052 (insens) / 7,6052 (sens)
#objects:                     7804 (insens) / 7804 (sens)
#var points-to:               645,6631 (insens) / 645,6631 (sens)
#static field points-to:      7016 (sens)
#instance field points-to:    134,0669 (sens)
#array points-to:             12,2361 (sens)
#reachable methods:           1,1587 (insens) / 1,1587 (sens)
#call graph edges:            5,9847 (insens) / 5,9847 (sens)
----------------------------------------
pta finishes, elapsed time: 8.21s
cg starts ...
Call graph has 11587 reachable methods and 59847 edges
Dumping call graph to /home/byx/testSpace/javaprjs/jrefactory-2.9.19/ci-output/call-graph.dot
Dumping reachable methods to /home/byx/testSpace/javaprjs/jrefactory-2.9.19/ci-output/reachable-methods.txt
Dumping call edges to /home/byx/testSpace/javaprjs/jrefactory-2.9.19/ci-output/call-edges.txt
cg finishes, elapsed time: 0.93s
Tai-e finishes, elapsed time: 21.61s
[Task Info]
Task Name: ci
Java Path: /home/byx/.jdks/corretto-17.0.14/bin/java
JAR Path: /home/byx/projects/Tai-e/build/tai-e-all-0.5.2-SNAPSHOT.jar
Config File: ci-config.yml
Project Dir: /home/byx/testSpace/javaprjs/jrefactory-2.9.19
Work Dir: /home/byx/projects/Tai-e
Log File: /home/byx/testSpace/javaprjs/jrefactory-2.9.19/ci_logs/run_20250523-135607.log

[Command]
/home/byx/.jdks/corretto-17.0.14/bin/java -jar /home/byx/projects/Tai-e/build/tai-e-all-0.5.2-SNAPSHOT.jar --options-file /home/byx/testSpace/javaprjs/jrefactory-2.9.19/ci-config.yml

[Output]

[Performance]
Start Time: 2025-05-23 13:56:07
Duration: 22.18s
Peak Memory: 2095.86 MB
Exit Code: 0
