Writing log to /home/byx/testSpace/javaprjs/jext-5.0/cs1call-output/tai-e.log
java.version: 17.0.14
java.version.date: 2025-01-21
java.runtime.version: 17.0.14+7-LTS
java.vendor: Amazon.com Inc.
java.vendor.version: Corretto-17.0.14.7.1
os.name: Linux
os.version: 5.15.167.4-microsoft-standard-WSL2
os.arch: amd64
Tai-e Version: 0.5.2-SNAPSHOT
Tai-e Commit: f4f1c5d3c96f68ac1bf30f8a35a3b8baefe40761
Writing analysis plan to /home/byx/testSpace/javaprjs/jext-5.0/cs1call-output/tai-e-plan.yml
WorldBuilder starts ...
5600 classes with 53245 methods in the world
WorldBuilder finishes, elapsed time: 5.60s
pta starts ...
[Pointer analysis] elapsed time: 26.80s
-------------- Pointer analysis statistics: --------------
#var pointers:                11,9633 (insens) / 57,9082 (sens)
#objects:                     1,2985 (insens) / 1,3592 (sens)
#var points-to:               1201,5438 (insens) / 9133,6639 (sens)
#static field points-to:      4,2790 (sens)
#instance field points-to:    175,8103 (sens)
#array points-to:             19,7925 (sens)
#reachable methods:           1,8255 (insens) / 10,8692 (sens)
#call graph edges:            10,7885 (insens) / 110,7674 (sens)
----------------------------------------
pta finishes, elapsed time: 31.28s
cg starts ...
Call graph has 18255 reachable methods and 107885 edges
Dumping call graph to /home/byx/testSpace/javaprjs/jext-5.0/cs1call-output/call-graph.dot
Dumping reachable methods to /home/byx/testSpace/javaprjs/jext-5.0/cs1call-output/reachable-methods.txt
Dumping call edges to /home/byx/testSpace/javaprjs/jext-5.0/cs1call-output/call-edges.txt
cg finishes, elapsed time: 1.57s
Tai-e finishes, elapsed time: 38.61s
