Task Summary (2025-05-23 18:08:03)
==================================================
Total Tasks: 40
Success Tasks: 0

Details:
--------------------------------------------------
Project: aoi-2.8.1
Task: ci
Duration: 1.61s
Status: FAILED (Code: 1)
Log: /home/byx/testSpace/javaprjs/aoi-2.8.1/ci_logs/run_20250523-180710.log
------------------------------
Project: jedit-4.3.2
Task: ci
Duration: 1.4s
Status: FAILED (Code: 1)
Log: /home/byx/testSpace/javaprjs/jedit-4.3.2/ci_logs/run_20250523-180712.log
------------------------------
Project: itext-5.0.3
Task: ci
Duration: 1.2s
Status: FAILED (Code: 1)
Log: /home/byx/testSpace/javaprjs/itext-5.0.3/ci_logs/run_20250523-180713.log
------------------------------
Project: emma-2.0.5312
Task: ci
Duration: 0.9s
Status: FAILED (Code: 1)
Log: /home/byx/testSpace/javaprjs/emma-2.0.5312/ci_logs/run_20250523-180715.log
------------------------------
Project: pooka-3.0-080505
Task: ci
Duration: 1.31s
Status: FAILED (Code: 1)
Log: /home/byx/testSpace/javaprjs/pooka-3.0-080505/ci_logs/run_20250523-180716.log
------------------------------
Project: jag-6.1
Task: ci
Duration: 1.11s
Status: FAILED (Code: 1)
Log: /home/byx/testSpace/javaprjs/jag-6.1/ci_logs/run_20250523-180717.log
------------------------------
Project: proguard-4.5.1
Task: ci
Duration: 1.1s
Status: FAILED (Code: 1)
Log: /home/byx/testSpace/javaprjs/proguard-4.5.1/ci_logs/run_20250523-180718.log
------------------------------
Project: openjms-0.7.7-beta-1
Task: ci
Duration: 0.9s
Status: FAILED (Code: 1)
Log: /home/byx/testSpace/javaprjs/openjms-0.7.7-beta-1/ci_logs/run_20250523-180719.log
------------------------------
Project: xalan-2.7.1
Task: ci
Duration: 1.61s
Status: FAILED (Code: 1)
Log: /home/byx/testSpace/javaprjs/xalan-2.7.1/ci_logs/run_20250523-180720.log
------------------------------
Project: jgroups-2.10.0
Task: ci
Duration: 1.51s
Status: FAILED (Code: 1)
Log: /home/byx/testSpace/javaprjs/jgroups-2.10.0/ci_logs/run_20250523-180722.log
------------------------------
Project: megamek-0.35.18
Task: ci
Duration: 1.31s
Status: FAILED (Code: 1)
Log: /home/byx/testSpace/javaprjs/megamek-0.35.18/ci_logs/run_20250523-180723.log
------------------------------
Project: jext-5.0
Task: ci
Duration: 1.21s
Status: FAILED (Code: 1)
Log: /home/byx/testSpace/javaprjs/jext-5.0/ci_logs/run_20250523-180724.log
------------------------------
Project: jasml-0.10
Task: ci
Duration: 1.1s
Status: FAILED (Code: 1)
Log: /home/byx/testSpace/javaprjs/jasml-0.10/ci_logs/run_20250523-180726.log
------------------------------
Project: batik-1.7
Task: ci
Duration: 1.51s
Status: FAILED (Code: 1)
Log: /home/byx/testSpace/javaprjs/batik-1.7/ci_logs/run_20250523-180727.log
------------------------------
Project: jhotdraw-7.5.1
Task: ci
Duration: 1.3s
Status: FAILED (Code: 1)
Log: /home/byx/testSpace/javaprjs/jhotdraw-7.5.1/ci_logs/run_20250523-180728.log
------------------------------
Project: freecs-1.3.20100406
Task: ci
Duration: 2.72s
Status: FAILED (Code: 1)
Log: /home/byx/testSpace/javaprjs/freecs-1.3.20100406/ci_logs/run_20250523-180730.log
------------------------------
Project: quartz-1.8.3
Task: ci
Duration: 1.71s
Status: FAILED (Code: 1)
Log: /home/byx/testSpace/javaprjs/quartz-1.8.3/ci_logs/run_20250523-180732.log
------------------------------
Project: javacc-5.0
Task: ci
Duration: 1.51s
Status: FAILED (Code: 1)
Log: /home/byx/testSpace/javaprjs/javacc-5.0/ci_logs/run_20250523-180734.log
------------------------------
Project: jfreechart-1.0.13
Task: ci
Duration: 1.11s
Status: FAILED (Code: 1)
Log: /home/byx/testSpace/javaprjs/jfreechart-1.0.13/ci_logs/run_20250523-180736.log
------------------------------
Project: nekohtml-1.9.14
Task: ci
Duration: 1.0s
Status: FAILED (Code: 1)
Log: /home/byx/testSpace/javaprjs/nekohtml-1.9.14/ci_logs/run_20250523-180737.log
------------------------------
Project: marauroa-3.8.1
Task: ci
Duration: 1.51s
Status: FAILED (Code: 1)
Log: /home/byx/testSpace/javaprjs/marauroa-3.8.1/ci_logs/run_20250523-180738.log
------------------------------
Project: weka-3-7-9
Task: ci
Duration: 1.41s
Status: FAILED (Code: 1)
Log: /home/byx/testSpace/javaprjs/weka-3-7-9/ci_logs/run_20250523-180739.log
------------------------------
Project: axion-1.0-M2
Task: ci
Duration: 1.2s
Status: FAILED (Code: 1)
Log: /home/byx/testSpace/javaprjs/axion-1.0-M2/ci_logs/run_20250523-180741.log
------------------------------
Project: log4j-1.2.16
Task: ci
Duration: 1.3s
Status: FAILED (Code: 1)
Log: /home/byx/testSpace/javaprjs/log4j-1.2.16/ci_logs/run_20250523-180742.log
------------------------------
Project: sandmark-3.4
Task: ci
Duration: 1.11s
Status: FAILED (Code: 1)
Log: /home/byx/testSpace/javaprjs/sandmark-3.4/ci_logs/run_20250523-180743.log
------------------------------
Project: fitjava-1.1
Task: ci
Duration: 1.0s
Status: FAILED (Code: 1)
Log: /home/byx/testSpace/javaprjs/fitjava-1.1/ci_logs/run_20250523-180744.log
------------------------------
Project: checkstyle-5.1
Task: ci
Duration: 1.41s
Status: FAILED (Code: 1)
Log: /home/byx/testSpace/javaprjs/checkstyle-5.1/ci_logs/run_20250523-180745.log
------------------------------
Project: jasperreports-1.1.0
Task: ci
Duration: 1.51s
Status: FAILED (Code: 1)
Log: /home/byx/testSpace/javaprjs/jasperreports-1.1.0/ci_logs/run_20250523-180747.log
------------------------------
Project: quilt-0.6-a-5
Task: ci
Duration: 1.51s
Status: FAILED (Code: 1)
Log: /home/byx/testSpace/javaprjs/quilt-0.6-a-5/ci_logs/run_20250523-180748.log
------------------------------
Project: jmoney-0.4.4
Task: ci
Duration: 1.1s
Status: FAILED (Code: 1)
Log: /home/byx/testSpace/javaprjs/jmoney-0.4.4/ci_logs/run_20250523-180750.log
------------------------------
Project: fitlibraryforfitnesse-20100806
Task: ci
Duration: 1.2s
Status: FAILED (Code: 1)
Log: /home/byx/testSpace/javaprjs/fitlibraryforfitnesse-20100806/ci_logs/run_20250523-180751.log
------------------------------
Project: drawswf-1.2.9
Task: ci
Duration: 1.1s
Status: FAILED (Code: 1)
Log: /home/byx/testSpace/javaprjs/drawswf-1.2.9/ci_logs/run_20250523-180752.log
------------------------------
Project: jgrapht-0.8.1
Task: ci
Duration: 1.31s
Status: FAILED (Code: 1)
Log: /home/byx/testSpace/javaprjs/jgrapht-0.8.1/ci_logs/run_20250523-180753.log
------------------------------
Project: jspwiki-2.8.4
Task: ci
Duration: 1.31s
Status: FAILED (Code: 1)
Log: /home/byx/testSpace/javaprjs/jspwiki-2.8.4/ci_logs/run_20250523-180754.log
------------------------------
Project: sunflow-0.07.2
Task: ci
Duration: 1.41s
Status: FAILED (Code: 1)
Log: /home/byx/testSpace/javaprjs/sunflow-0.07.2/ci_logs/run_20250523-180756.log
------------------------------
Project: jrefactory-2.9.19
Task: ci
Duration: 1.11s
Status: FAILED (Code: 1)
Log: /home/byx/testSpace/javaprjs/jrefactory-2.9.19/ci_logs/run_20250523-180757.log
------------------------------
Project: freecol-0.10.7
Task: ci
Duration: 1.11s
Status: FAILED (Code: 1)
Log: /home/byx/testSpace/javaprjs/freecol-0.10.7/ci_logs/run_20250523-180758.log
------------------------------
Project: jrat-0.6
Task: ci
Duration: 1.0s
Status: FAILED (Code: 1)
Log: /home/byx/testSpace/javaprjs/jrat-0.6/ci_logs/run_20250523-180759.log
------------------------------
Project: james-2.2.0
Task: ci
Duration: 1.1s
Status: FAILED (Code: 1)
Log: /home/byx/testSpace/javaprjs/james-2.2.0/ci_logs/run_20250523-180800.log
------------------------------
Project: sablecc-3.2
Task: ci
Duration: 1.61s
Status: FAILED (Code: 1)
Log: /home/byx/testSpace/javaprjs/sablecc-3.2/ci_logs/run_20250523-180801.log
------------------------------
