Tai-e starts ...
Output directory: /home/byx/testSpace/javaprjs/jspwiki-2.8.4/taie-output
Writing options to /home/byx/testSpace/javaprjs/jspwiki-2.8.4/taie-output/options.yml
Writing log to /home/byx/testSpace/javaprjs/jspwiki-2.8.4/taie-output/tai-e.log
java.version: 17.0.14
java.version.date: 2025-01-21
java.runtime.version: 17.0.14+7-LTS
java.vendor: Amazon.com Inc.
java.vendor.version: Corretto-17.0.14.7.1
os.name: Linux
os.version: 5.15.167.4-microsoft-standard-WSL2
os.arch: amd64
Tai-e Version: 0.5.2-SNAPSHOT
Tai-e Commit: f4f1c5d3c96f68ac1bf30f8a35a3b8baefe40761
Writing analysis plan to /home/byx/testSpace/javaprjs/jspwiki-2.8.4/taie-output/tai-e-plan.yml
WorldBuilder starts ...
Scanning /home/byx/testSpace/javaprjs/jspwiki-2.8.4/bin ... 456 classes
8339 classes with 78336 methods in the world
WorldBuilder finishes, elapsed time: 6.93s
pta starts ...
[Pointer analysis] elapsed time: 0.04s
-------------- Pointer analysis statistics: --------------
#var pointers:                22 (insens) / 22 (sens)
#objects:                     8 (insens) / 8 (sens)
#var points-to:               17 (insens) / 17 (sens)
#static field points-to:      4 (sens)
#instance field points-to:    0 (sens)
#array points-to:             1 (sens)
#reachable methods:           24 (insens) / 26 (sens)
#call graph edges:            8 (insens) / 8 (sens)
----------------------------------------
pta finishes, elapsed time: 0.21s
cg starts ...
Call graph has 24 reachable methods and 8 edges
Dumping call graph to /home/byx/testSpace/javaprjs/jspwiki-2.8.4/taie-output/call-graph.dot
Dumping reachable methods to /home/byx/testSpace/javaprjs/jspwiki-2.8.4/taie-output/reachable-methods.txt
Dumping call edges to /home/byx/testSpace/javaprjs/jspwiki-2.8.4/taie-output/call-edges.txt
cg finishes, elapsed time: 0.02s
Tai-e finishes, elapsed time: 7.34s
[Task Info]
Task Name: taie
Java Path: /home/byx/.jdks/corretto-17.0.14/bin/java
JAR Path: /home/byx/projects/Tai-e/build/tai-e-all-0.5.2-SNAPSHOT.jar
Config File: taie-config.yml
Project Dir: /home/byx/testSpace/javaprjs/jspwiki-2.8.4
Work Dir: /home/byx/projects/Tai-e
Log File: /home/byx/testSpace/javaprjs/jspwiki-2.8.4/taie_logs/run_20250513-210341.log

[Command]
/home/byx/.jdks/corretto-17.0.14/bin/java -jar /home/byx/projects/Tai-e/build/tai-e-all-0.5.2-SNAPSHOT.jar --options-file /home/byx/testSpace/javaprjs/jspwiki-2.8.4/taie-config.yml

[Output]

[Performance]
Start Time: 2025-05-13 21:03:41
Duration: 7.83s
Peak Memory: 1124.86 MB
Exit Code: 0
