Tai-e starts ...
Output directory: /home/byx/testSpace/javaprjs/freecol-0.10.7/cs1call-output
Writing options to /home/byx/testSpace/javaprjs/freecol-0.10.7/cs1call-output/options.yml
Writing log to /home/byx/testSpace/javaprjs/freecol-0.10.7/cs1call-output/tai-e.log
java.version: 17.0.14
java.version.date: 2025-01-21
java.runtime.version: 17.0.14+7-LTS
java.vendor: Amazon.com Inc.
java.vendor.version: Corretto-17.0.14.7.1
os.name: Linux
os.version: 5.15.167.4-microsoft-standard-WSL2
os.arch: amd64
Tai-e Version: 0.5.2-SNAPSHOT
Tai-e Commit: f4f1c5d3c96f68ac1bf30f8a35a3b8baefe40761
Writing analysis plan to /home/byx/testSpace/javaprjs/freecol-0.10.7/cs1call-output/tai-e-plan.yml
WorldBuilder starts ...
Scanning /home/byx/testSpace/javaprjs/freecol-0.10.7/bin ... 1310 classes
6706 classes with 61808 methods in the world
WorldBuilder finishes, elapsed time: 7.97s
pta starts ...
[Pointer analysis] elapsed time: 0.46s
-------------- Pointer analysis statistics: --------------
#var pointers:                1,1047 (insens) / 2,3898 (sens)
#objects:                     2061 (insens) / 2085 (sens)
#var points-to:               1,3860 (insens) / 2,4627 (sens)
#static field points-to:      521 (sens)
#instance field points-to:    3148 (sens)
#array points-to:             250 (sens)
#reachable methods:           2033 (insens) / 6713 (sens)
#call graph edges:            6497 (insens) / 1,3117 (sens)
----------------------------------------
pta finishes, elapsed time: 0.89s
cg starts ...
Call graph has 2033 reachable methods and 6497 edges
Dumping call graph to /home/byx/testSpace/javaprjs/freecol-0.10.7/cs1call-output/call-graph.dot
Dumping reachable methods to /home/byx/testSpace/javaprjs/freecol-0.10.7/cs1call-output/reachable-methods.txt
Dumping call edges to /home/byx/testSpace/javaprjs/freecol-0.10.7/cs1call-output/call-edges.txt
cg finishes, elapsed time: 0.25s
Tai-e finishes, elapsed time: 9.28s
[Task Info]
Task Name: cs1call
Java Path: /home/byx/.jdks/corretto-17.0.14/bin/java
JAR Path: /home/byx/projects/Tai-e/build/tai-e-all-0.5.2-SNAPSHOT.jar
Config File: cs1call-config.yml
Project Dir: /home/byx/testSpace/javaprjs/freecol-0.10.7
Work Dir: /home/byx/projects/Tai-e
Log File: /home/byx/testSpace/javaprjs/freecol-0.10.7/cs1call_logs/run_20250520-215616.log

[Command]
/home/byx/.jdks/corretto-17.0.14/bin/java -jar /home/byx/projects/Tai-e/build/tai-e-all-0.5.2-SNAPSHOT.jar --options-file /home/byx/testSpace/javaprjs/freecol-0.10.7/cs1call-config.yml

[Output]

[Performance]
Start Time: 2025-05-20 21:56:16
Duration: 9.83s
Peak Memory: 1207.18 MB
Exit Code: 0
