Tai-e starts ...
Output directory: /home/byx/testSpace/javaprjs/freecol-0.10.7/cs1call-output
Writing options to /home/byx/testSpace/javaprjs/freecol-0.10.7/cs1call-output/options.yml
Writing log to /home/byx/testSpace/javaprjs/freecol-0.10.7/cs1call-output/tai-e.log
java.version: 17.0.14
java.version.date: 2025-01-21
java.runtime.version: 17.0.14+7-LTS
java.vendor: Amazon.com Inc.
java.vendor.version: Corretto-17.0.14.7.1
os.name: Linux
os.version: 5.15.167.4-microsoft-standard-WSL2
os.arch: amd64
Tai-e Version: 0.5.2-SNAPSHOT
Tai-e Commit: f4f1c5d3c96f68ac1bf30f8a35a3b8baefe40761
Writing analysis plan to /home/byx/testSpace/javaprjs/freecol-0.10.7/cs1call-output/tai-e-plan.yml
WorldBuilder starts ...
Scanning /home/byx/testSpace/javaprjs/freecol-0.10.7/bin ... 1310 classes
6706 classes with 61808 methods in the world
WorldBuilder finishes, elapsed time: 7.84s
pta starts ...
[Pointer analysis] elapsed time: 65.38s
Imprecise reflective calls:
[Constructor.newInstance]<java.io.ObjectStreamClass: java.lang.Object newInstance()>[3@L-1] $r4 = invokevirtual $r3.newInstance(%nullconst), #targets: 91
[Class.newInstance]<java.security.Provider$Service: java.lang.Object newInstance(java.lang.Object)>[24@L-1] $r20 = invokevirtual $r19.newInstance(), #targets: 91
[Class.newInstance]<java.security.Provider$Service: java.lang.Object newInstanceGeneric(java.lang.Object)>[2@L-1] $r19 = invokevirtual $r1.newInstance(), #targets: 91
[Method.invoke]<sun.swing.SwingLazyValue: java.lang.Object createValue(javax.swing.UIDefaults)>[10@L-1] $r14 = invokevirtual $r12.invoke($r2, $r13), #targets: 68
[Method.invoke]<sun.swing.AccessibleMethod: java.lang.Object invoke(java.lang.Object,java.lang.Object[])>[1@L-1] $r4 = invokevirtual $r3.invoke(r1, r2), #targets: 54
[Class.forName]<java.security.Policy: java.security.Policy getPolicyNoCheck()>[12@L-1] $r4 = invokestatic java.lang.Class.forName(r19), #targets: 51
[Class.forName]<java.security.Policy$2: java.lang.Object run()>[9@L-1] $r2 = invokestatic java.lang.Class.forName($r1, %intconst0, r5), #targets: 51
[Class.forName]<javax.swing.SwingUtilities: java.lang.Class loadSystemClass(java.lang.String)>[3@L-1] $r3 = invokestatic java.lang.Class.forName(r0, %intconst0, $r2), #targets: 51
[Class.forName]<sun.awt.SunToolkit$1: void run()>[3@L-1] $r1 = invokestatic java.lang.Class.forName($r0), #targets: 51
[Class.forName]<sun.security.provider.PolicyFile: void addPermissions(java.security.Permissions,java.security.CodeSource,java.security.Principal[],sun.security.provider.PolicyFile$PolicyEntry)>[79@L-1] $r28 = invokestatic java.lang.Class.forName($r25, %intconst5, $r27), #targets: 51
-------------- Pointer analysis statistics: --------------
#var pointers:                20,3479 (insens) / 103,2270 (sens)
#objects:                     2,0600 (insens) / 2,1585 (sens)
#var points-to:               4137,8064 (insens) / 3,0392,1506 (sens)
#static field points-to:      4,4697 (sens)
#instance field points-to:    707,8629 (sens)
#array points-to:             36,8143 (sens)
#reachable methods:           2,7349 (insens) / 18,8051 (sens)
#call graph edges:            18,6804 (insens) / 155,8751 (sens)
----------------------------------------
pta finishes, elapsed time: 78.14s
cg starts ...
Call graph has 27349 reachable methods and 186804 edges
Dumping call graph to /home/byx/testSpace/javaprjs/freecol-0.10.7/cs1call-output/call-graph.dot
Dumping reachable methods to /home/byx/testSpace/javaprjs/freecol-0.10.7/cs1call-output/reachable-methods.txt
Dumping call edges to /home/byx/testSpace/javaprjs/freecol-0.10.7/cs1call-output/call-edges.txt
cg finishes, elapsed time: 2.98s
Tai-e finishes, elapsed time: 89.14s
[Task Info]
Task Name: cs1call
Java Path: /home/byx/.jdks/corretto-17.0.14/bin/java
JAR Path: /home/byx/projects/Tai-e/build/tai-e-all-0.5.2-SNAPSHOT.jar
Config File: cs1call-config.yml
Project Dir: /home/byx/testSpace/javaprjs/freecol-0.10.7
Work Dir: /home/byx/projects/Tai-e
Log File: /home/byx/testSpace/javaprjs/freecol-0.10.7/cs1call_logs/run_20250523-124206.log

[Command]
/home/byx/.jdks/corretto-17.0.14/bin/java -jar /home/byx/projects/Tai-e/build/tai-e-all-0.5.2-SNAPSHOT.jar --options-file /home/byx/testSpace/javaprjs/freecol-0.10.7/cs1call-config.yml

[Output]

[Performance]
Start Time: 2025-05-23 12:42:06
Duration: 89.71s
Peak Memory: 4463.12 MB
Exit Code: 0
