Tai-e starts ...
Output directory: /home/byx/testSpace/javaprjs/aoi-2.8.1/taie-output
Writing options to /home/byx/testSpace/javaprjs/aoi-2.8.1/taie-output/options.yml
Writing log to /home/byx/testSpace/javaprjs/aoi-2.8.1/taie-output/tai-e.log
java.version: 17.0.14
java.version.date: 2025-01-21
java.runtime.version: 17.0.14+7-LTS
java.vendor: Amazon.com Inc.
java.vendor.version: Corretto-17.0.14.7.1
os.name: Linux
os.version: 5.15.167.4-microsoft-standard-WSL2
os.arch: amd64
Tai-e Version: 0.5.2-SNAPSHOT
Tai-e Commit: f4f1c5d3c96f68ac1bf30f8a35a3b8baefe40761
Writing analysis plan to /home/byx/testSpace/javaprjs/aoi-2.8.1/taie-output/tai-e-plan.yml
WorldBuilder starts ...
Scanning /home/byx/testSpace/javaprjs/aoi-2.8.1/bin ... 842 classes
5970 classes with 56204 methods in the world
WorldBuilder finishes, elapsed time: 9.72s
pta starts ...
[Pointer analysis] elapsed time: 0.24s
-------------- Pointer analysis statistics: --------------
#var pointers:                2665 (insens) / 4829 (sens)
#objects:                     752 (insens) / 752 (sens)
#var points-to:               3344 (insens) / 4841 (sens)
#static field points-to:      75 (sens)
#instance field points-to:    735 (sens)
#array points-to:             161 (sens)
#reachable methods:           624 (insens) / 1755 (sens)
#call graph edges:            1698 (insens) / 2854 (sens)
----------------------------------------
pta finishes, elapsed time: 0.56s
cg starts ...
Call graph has 624 reachable methods and 1698 edges
Dumping call graph to /home/byx/testSpace/javaprjs/aoi-2.8.1/taie-output/call-graph.dot
Dumping reachable methods to /home/byx/testSpace/javaprjs/aoi-2.8.1/taie-output/reachable-methods.txt
Dumping call edges to /home/byx/testSpace/javaprjs/aoi-2.8.1/taie-output/call-edges.txt
cg finishes, elapsed time: 0.10s
Tai-e finishes, elapsed time: 10.59s
[Task Info]
Task Name: taie
Java Path: /home/byx/.jdks/corretto-17.0.14/bin/java
JAR Path: /home/byx/projects/Tai-e/build/tai-e-all-0.5.2-SNAPSHOT.jar
Config File: taie-config.yml
Project Dir: /home/byx/testSpace/javaprjs/aoi-2.8.1
Work Dir: /home/byx/projects/Tai-e
Log File: /home/byx/testSpace/javaprjs/aoi-2.8.1/taie_logs/run_20250513-205642.log

[Command]
/home/byx/.jdks/corretto-17.0.14/bin/java -jar /home/byx/projects/Tai-e/build/tai-e-all-0.5.2-SNAPSHOT.jar --options-file /home/byx/testSpace/javaprjs/aoi-2.8.1/taie-config.yml

[Output]

[Performance]
Start Time: 2025-05-13 20:56:42
Duration: 11.43s
Peak Memory: 1339.11 MB
Exit Code: 0
