Tai-e starts ...
Output directory: /home/byx/testSpace/javaprjs/aoi-2.8.1/taie-output
Writing options to /home/byx/testSpace/javaprjs/aoi-2.8.1/taie-output/options.yml
Writing log to /home/byx/testSpace/javaprjs/aoi-2.8.1/taie-output/tai-e.log
java.version: 17.0.14
java.version.date: 2025-01-21
java.runtime.version: 17.0.14+7-LTS
java.vendor: Amazon.com Inc.
java.vendor.version: Corretto-17.0.14.7.1
os.name: Linux
os.version: 5.15.167.4-microsoft-standard-WSL2
os.arch: amd64
Tai-e Version: 0.5.2-SNAPSHOT
Tai-e Commit: f4f1c5d3c96f68ac1bf30f8a35a3b8baefe40761
Writing analysis plan to /home/byx/testSpace/javaprjs/aoi-2.8.1/taie-output/tai-e-plan.yml
WorldBuilder starts ...
The world cache mode is enabled.
Loading the world cache from /home/byx/projects/Tai-e/cache/world-cache-1452335243.bin
[Load the world cache] elapsed time: 1.70s
5970 classes with 56204 methods in the world
WorldBuilder finishes, elapsed time: 1.71s
pta starts ...
[Task Info]
Task Name: taie
Java Path: /home/byx/.jdks/corretto-17.0.14/bin/java
JAR Path: /home/byx/projects/Tai-e/build/tai-e-all-0.5.2-SNAPSHOT.jar
Config File: taie-config.yml
Project Dir: /home/byx/testSpace/javaprjs/aoi-2.8.1
Work Dir: /home/byx/projects/Tai-e
Log File: /home/byx/testSpace/javaprjs/aoi-2.8.1/taie_logs/run_20250423-220057.log

[Command]
/home/byx/.jdks/corretto-17.0.14/bin/java -jar /home/byx/projects/Tai-e/build/tai-e-all-0.5.2-SNAPSHOT.jar --options-file /home/byx/testSpace/javaprjs/aoi-2.8.1/taie-config.yml

[Output]
