Writing log to /home/byx/testSpace/javaprjs/freecol/cha-output/tai-e.log
java.version: 17.0.14
java.version.date: 2025-01-21
java.runtime.version: 17.0.14+7-LTS
java.vendor: Amazon.com Inc.
java.vendor.version: Corretto-17.0.14.7.1
os.name: Linux
os.version: 5.15.167.4-microsoft-standard-WSL2
os.arch: amd64
Tai-e Version: 0.5.2-SNAPSHOT
Tai-e Commit: c7be5bc7169859d534212a5d557c34b177e43d7c
Writing analysis plan to /home/byx/testSpace/javaprjs/freecol/cha-output/tai-e-plan.yml
WorldBuilder starts ...
7416 classes with 68601 methods in the world
WorldBuilder finishes, elapsed time: 6.67s
cg starts ...
Building call graph by CHA
Ignore methods of java.lang.Object
Call graph has 42408 reachable methods and 673117 edges
Dumping reachable methods to /home/byx/testSpace/javaprjs/freecol/cha-output/reachable-methods.txt
cg finishes, elapsed time: 15.35s
Tai-e finishes, elapsed time: 22.15s
