Tai-e starts ...
Output directory: /home/byx/testSpace/javaprjs/jrat-0.6/cs1call-output
Writing options to /home/byx/testSpace/javaprjs/jrat-0.6/cs1call-output/options.yml
Writing log to /home/byx/testSpace/javaprjs/jrat-0.6/cs1call-output/tai-e.log
java.version: 17.0.14
java.version.date: 2025-01-21
java.runtime.version: 17.0.14+7-LTS
java.vendor: Amazon.com Inc.
java.vendor.version: Corretto-17.0.14.7.1
os.name: Linux
os.version: 5.15.167.4-microsoft-standard-WSL2
os.arch: amd64
Tai-e Version: 0.5.2-SNAPSHOT
Tai-e Commit: f4f1c5d3c96f68ac1bf30f8a35a3b8baefe40761
Writing analysis plan to /home/byx/testSpace/javaprjs/jrat-0.6/cs1call-output/tai-e-plan.yml
WorldBuilder starts ...
Scanning /home/byx/testSpace/javaprjs/jrat-0.6/bin ... 250 classes
4282 classes with 41603 methods in the world
WorldBuilder finishes, elapsed time: 3.87s
pta starts ...
[Pointer analysis] elapsed time: 3.41s
-------------- Pointer analysis statistics: --------------
#var pointers:                2,8582 (insens) / 10,5841 (sens)
#objects:                     2833 (insens) / 2838 (sens)
#var points-to:               34,9980 (insens) / 248,0329 (sens)
#static field points-to:      968 (sens)
#instance field points-to:    3,9938 (sens)
#array points-to:             5239 (sens)
#reachable methods:           4049 (insens) / 2,0746 (sens)
#call graph edges:            2,0559 (insens) / 8,8763 (sens)
----------------------------------------
pta finishes, elapsed time: 3.90s
cg starts ...
Call graph has 4049 reachable methods and 20559 edges
Dumping call graph to /home/byx/testSpace/javaprjs/jrat-0.6/cs1call-output/call-graph.dot
Dumping reachable methods to /home/byx/testSpace/javaprjs/jrat-0.6/cs1call-output/reachable-methods.txt
Dumping call edges to /home/byx/testSpace/javaprjs/jrat-0.6/cs1call-output/call-edges.txt
cg finishes, elapsed time: 0.43s
Tai-e finishes, elapsed time: 8.38s
[Task Info]
Task Name: cs1call
Java Path: /home/byx/.jdks/corretto-17.0.14/bin/java
JAR Path: /home/byx/projects/Tai-e/build/tai-e-all-0.5.2-SNAPSHOT.jar
Config File: cs1call-config.yml
Project Dir: /home/byx/testSpace/javaprjs/jrat-0.6
Work Dir: /home/byx/projects/Tai-e
Log File: /home/byx/testSpace/javaprjs/jrat-0.6/cs1call_logs/run_20250523-162514.log

[Command]
/home/byx/.jdks/corretto-17.0.14/bin/java -jar /home/byx/projects/Tai-e/build/tai-e-all-0.5.2-SNAPSHOT.jar --options-file /home/byx/testSpace/javaprjs/jrat-0.6/cs1call-config.yml

[Output]

[Performance]
Start Time: 2025-05-23 16:25:14
Duration: 8.87s
Peak Memory: 1112.27 MB
Exit Code: 0
